2022-10-13 21:56:00	PARSER: Configured single Deidentification
2022-10-13 21:56:00	PARSER: Configured single ToPNG
2022-10-13 21:56:00	PARSER: Configured single DetectorPulmon
2022-10-13 21:56:00	PARSER: Configured pattern Deidentificationpattern
2022-10-13 21:56:00	PARSER: Configured pattern ToPNGpattern
2022-10-13 21:56:00	PARSER: Configured pattern DetectorPulmonpattern
2022-10-13 21:56:00	PARSER: Configured stage stage_Deidentification
2022-10-13 21:56:00	PARSER: Configured stage stage_ToPNG
2022-10-13 21:56:00	PARSER: Configured stage stage_DetectorPulmon
2022-10-13 21:56:00	PARSER: Configured workflow DeteccionPulmon1
2022-10-13 21:56:00	LAUCHER: Coupling stages and building blocks
2022-10-13 21:56:00	DeteccionPulmon1: Workdir DeteccionPulmon1
2022-10-13 21:56:00	DeteccionPulmon1: Workdir created
2022-10-13 21:56:00	DeteccionPulmon1: Stage stage_Deidentification added
2022-10-13 21:56:00	stage_Deidentification: Workdir stage_Deidentification
2022-10-13 21:56:00	stage_Deidentification: Workdir created
2022-10-13 21:56:00	stage_Deidentification: Added sink stage_ToPNG
2022-10-13 21:56:00	stage_Deidentification: Added building block Deidentificationpattern
2022-10-13 21:56:00	Deidentificationpattern: Workdir Deidentificationpattern
2022-10-13 21:56:00	Deidentificationpattern: Workdir created
2022-10-13 21:56:00	Deidentification: Workdir Deidentification
2022-10-13 21:56:00	Deidentification: Workdir created
2022-10-13 21:56:00	DeteccionPulmon1: Stage stage_ToPNG added
2022-10-13 21:56:00	stage_ToPNG: Workdir stage_ToPNG
2022-10-13 21:56:00	stage_ToPNG: Workdir created
2022-10-13 21:56:00	stage_ToPNG: Added source stage_Deidentification
2022-10-13 21:56:00	stage_ToPNG: Added sink stage_DetectorPulmon
2022-10-13 21:56:00	stage_ToPNG: Added building block ToPNGpattern
2022-10-13 21:56:00	ToPNGpattern: Workdir ToPNGpattern
2022-10-13 21:56:00	ToPNGpattern: Workdir created
2022-10-13 21:56:00	ToPNG: Workdir ToPNG
2022-10-13 21:56:00	ToPNG: Workdir created
2022-10-13 21:56:00	DeteccionPulmon1: Stage stage_DetectorPulmon added
2022-10-13 21:56:00	stage_DetectorPulmon: Workdir stage_DetectorPulmon
2022-10-13 21:56:00	stage_DetectorPulmon: Workdir created
2022-10-13 21:56:00	stage_DetectorPulmon: Added source stage_ToPNG
2022-10-13 21:56:00	stage_DetectorPulmon: Added building block DetectorPulmonpattern
2022-10-13 21:56:00	DetectorPulmonpattern: Workdir DetectorPulmonpattern
2022-10-13 21:56:00	DetectorPulmonpattern: Workdir created
2022-10-13 21:56:00	DetectorPulmon: Workdir DetectorPulmon
2022-10-13 21:56:00	DetectorPulmon: Workdir created
2022-10-13 21:56:00	LAUNCHER: Creating YML file at DeteccionPulmon1/docker-compose.yml
DetectorPulmon
ToPNG
Deidentification
docker-compose --log-level ERROR -p /home/domizzi/Documents/PRONACES/puzzle/deployer/app//results/DeteccionPulmon1 -f /home/domizzi/Documents/PRONACES/puzzle/deployer/app//results/DeteccionPulmon1/docker-compose.yml  up -d --build --scale ToPNG=2  --scale DetectorPulmon=2  --scale Deidentification=2  2> /dev/null
2022-10-13 21:56:00	LAUCHER: deploying virtual containers of workflow DeteccionPulmon1
2022-10-13 21:56:04	LAUCHER: to shutdown the containers execute  

docker-compose --log-level ERROR -p /home/domizzi/Documents/PRONACES/puzzle/deployer/app//results/DeteccionPulmon1 -f /home/domizzi/Documents/PRONACES/puzzle/deployer/app//results/DeteccionPulmon1/docker-compose.yml  down


/home/domizzi/Documents/PRONACES/puzzle/deployer/app//results/DeteccionPulmon1/stages.json
