2021-08-26 14:00:52	PARSER: Configured single cleaning
2021-08-26 14:00:52	PARSER: Configured single Meshin256
2021-08-26 14:00:52	PARSER: Configured pattern cleaningpattern
2021-08-26 14:00:52	PARSER: Configured pattern Meshin256pattern
2021-08-26 14:00:52	PARSER: Configured stage stage_cleaning
2021-08-26 14:00:52	PARSER: Configured stage stage_Meshin256
2021-08-26 14:00:52	PARSER: Configured workflow DosServicios
Your PATH is: /home/domizzi/Documents/GitHub/PuzzleMesh/deployer/app/
2021-08-26 14:00:52	LAUCHER: Coupling stages and building blocks
2021-08-26 14:00:52	DosServicios: Workdir DosServicios
2021-08-26 14:00:52	DosServicios: Workdir created
2021-08-26 14:00:52	DosServicios: Stage stage_cleaning added
2021-08-26 14:00:52	stage_cleaning: Workdir stage_cleaning
2021-08-26 14:00:52	stage_cleaning: Workdir created
2021-08-26 14:00:52	stage_cleaning: Added sink stage_Meshin256
2021-08-26 14:00:52	stage_cleaning: Added building block cleaningpattern
2021-08-26 14:00:52	cleaningpattern: Workdir cleaningpattern
2021-08-26 14:00:52	cleaningpattern: Workdir created
2021-08-26 14:00:52	cleaning: Workdir cleaning
2021-08-26 14:00:52	cleaning: Workdir created
2021-08-26 14:00:52	DosServicios: Stage stage_Meshin256 added
2021-08-26 14:00:52	stage_Meshin256: Workdir stage_Meshin256
2021-08-26 14:00:52	stage_Meshin256: Workdir created
2021-08-26 14:00:52	stage_Meshin256: Added source stage_cleaning
2021-08-26 14:00:52	stage_Meshin256: Added building block Meshin256pattern
2021-08-26 14:00:52	Meshin256pattern: Workdir Meshin256pattern
2021-08-26 14:00:52	Meshin256pattern: Workdir created
2021-08-26 14:00:52	Meshin256: Workdir Meshin256
2021-08-26 14:00:52	Meshin256: Workdir created
2021-08-26 14:00:52	LAUNCHER: Creating YML file at DosServicios/docker-compose.yml
Meshin256
cleaning
docker-compose --log-level ERROR -p /home/domizzi/Documents/GitHub/PuzzleMesh/deployer/app//results/DosServicios -f /home/domizzi/Documents/GitHub/PuzzleMesh/deployer/app//results/DosServicios/docker-compose.yml  up -d --build --scale Meshin256=4  --scale cleaning=4  2> /dev/null
2021-08-26 14:00:52	LAUCHER: deploying virtual containers of workflow DosServicios
2021-08-26 14:01:02	LAUCHER: to shutdown the containers execute  

docker-compose --log-level ERROR -p /home/domizzi/Documents/GitHub/PuzzleMesh/deployer/app//results/DosServicios -f /home/domizzi/Documents/GitHub/PuzzleMesh/deployer/app//results/DosServicios/docker-compose.yml  down


