2021-08-26 02:46:41	PARSER: Configured single cleaning
2021-08-26 02:46:41	PARSER: Configured single meshing
2021-08-26 02:46:41	PARSER: Configured single dicomtojpg
2021-08-26 02:46:41	PARSER: Configured pattern cleaningpattern
2021-08-26 02:46:41	PARSER: Configured pattern meshingpattern
2021-08-26 02:46:41	PARSER: Configured pattern dicomtojpgpattern
2021-08-26 02:46:41	PARSER: Configured stage stage_cleaning
2021-08-26 02:46:41	PARSER: Configured stage stage_meshing
2021-08-26 02:46:41	PARSER: Configured stage stage_dicomtojpg
2021-08-26 02:46:41	PARSER: Configured workflow INRProcessing
2021-08-26 02:46:41	LAUCHER: Coupling stages and building blocks
2021-08-26 02:46:41	INRProcessing: Workdir INRProcessing
2021-08-26 02:46:41	INRProcessing: Workdir created
2021-08-26 02:46:41	INRProcessing: Stage stage_cleaning added
2021-08-26 02:46:41	stage_cleaning: Workdir stage_cleaning
2021-08-26 02:46:41	stage_cleaning: Workdir created
2021-08-26 02:46:41	stage_cleaning: Added sink stage_meshing
2021-08-26 02:46:41	stage_cleaning: Added building block cleaningpattern
2021-08-26 02:46:41	cleaningpattern: Workdir cleaningpattern
2021-08-26 02:46:41	cleaningpattern: Workdir created
2021-08-26 02:46:41	cleaning: Workdir cleaning
2021-08-26 02:46:41	cleaning: Workdir created
2021-08-26 02:46:41	INRProcessing: Stage stage_meshing added
2021-08-26 02:46:41	stage_meshing: Workdir stage_meshing
2021-08-26 02:46:41	stage_meshing: Workdir created
2021-08-26 02:46:41	stage_meshing: Added source stage_cleaning
2021-08-26 02:46:41	stage_meshing: Added sink stage_dicomtojpg
2021-08-26 02:46:41	stage_meshing: Added building block meshingpattern
2021-08-26 02:46:41	meshingpattern: Workdir meshingpattern
2021-08-26 02:46:41	meshingpattern: Workdir created
2021-08-26 02:46:41	meshing: Workdir meshing
2021-08-26 02:46:41	meshing: Workdir created
2021-08-26 02:46:41	INRProcessing: Stage stage_dicomtojpg added
2021-08-26 02:46:41	stage_dicomtojpg: Workdir stage_dicomtojpg
2021-08-26 02:46:41	stage_dicomtojpg: Workdir created
2021-08-26 02:46:41	stage_dicomtojpg: Added source stage_meshing
2021-08-26 02:46:41	stage_dicomtojpg: Added building block dicomtojpgpattern
2021-08-26 02:46:41	dicomtojpgpattern: Workdir dicomtojpgpattern
2021-08-26 02:46:41	dicomtojpgpattern: Workdir created
2021-08-26 02:46:41	dicomtojpg: Workdir dicomtojpg
2021-08-26 02:46:41	dicomtojpg: Workdir created
2021-08-26 02:46:41	LAUNCHER: Creating YML file at INRProcessing/docker-compose.yml
dicomtojpg
meshing
cleaning
docker-compose --log-level ERROR -p /home/app/results/INRProcessing -f /home/app/results/INRProcessing/docker-compose.yml  up -d --build --scale meshing=4  --scale dicomtojpg=4  --scale cleaning=4  2> /dev/null
2021-08-26 02:46:41	LAUCHER: deploying virtual containers of workflow INRProcessing
2021-08-26 02:46:57	LAUCHER: to shutdown the containers execute  

docker-compose --log-level ERROR -p /home/app/results/INRProcessing -f /home/app/results/INRProcessing/docker-compose.yml  down


