2022-08-23 21:24:53	PARSER: Configured single MeshingDemo
2022-08-23 21:24:53	PARSER: Configured single Deidentification
2022-08-23 21:24:53	PARSER: Configured pattern MeshingDemopattern
2022-08-23 21:24:53	PARSER: Configured pattern Deidentificationpattern
2022-08-23 21:24:53	PARSER: Configured stage stage_MeshingDemo
2022-08-23 21:24:53	PARSER: Configured stage stage_Deidentification
2022-08-23 21:24:53	PARSER: Configured workflow MeshingPrueba2
2022-08-23 21:24:53	LAUCHER: Coupling stages and building blocks
2022-08-23 21:24:53	MeshingPrueba2: Workdir MeshingPrueba2
2022-08-23 21:24:53	MeshingPrueba2: Workdir created
2022-08-23 21:24:53	MeshingPrueba2: Stage stage_MeshingDemo added
2022-08-23 21:24:53	stage_MeshingDemo: Workdir stage_MeshingDemo
2022-08-23 21:24:53	stage_MeshingDemo: Workdir created
2022-08-23 21:24:53	stage_MeshingDemo: Added sink stage_Deidentification
2022-08-23 21:24:53	stage_MeshingDemo: Added building block MeshingDemopattern
2022-08-23 21:24:53	MeshingDemopattern: Workdir MeshingDemopattern
2022-08-23 21:24:53	MeshingDemopattern: Workdir created
2022-08-23 21:24:53	MeshingDemo: Workdir MeshingDemo
2022-08-23 21:24:53	MeshingDemo: Workdir created
2022-08-23 21:24:53	MeshingPrueba2: Stage stage_Deidentification added
2022-08-23 21:24:53	stage_Deidentification: Workdir stage_Deidentification
2022-08-23 21:24:53	stage_Deidentification: Workdir created
2022-08-23 21:24:53	stage_Deidentification: Added source stage_MeshingDemo
2022-08-23 21:24:53	stage_Deidentification: Added building block Deidentificationpattern
2022-08-23 21:24:53	Deidentificationpattern: Workdir Deidentificationpattern
2022-08-23 21:24:53	Deidentificationpattern: Workdir created
2022-08-23 21:24:53	Deidentification: Workdir Deidentification
2022-08-23 21:24:53	Deidentification: Workdir created
2022-08-23 21:24:53	LAUNCHER: Creating YML file at MeshingPrueba2/docker-compose.yml
Deidentification
MeshingDemo
docker-compose --log-level ERROR -p /home/domizzi/Documents/PRONACES/puzzle/deployer/app//results/MeshingPrueba2 -f /home/domizzi/Documents/PRONACES/puzzle/deployer/app//results/MeshingPrueba2/docker-compose.yml  up -d --build --scale Deidentification=2  --scale MeshingDemo=2  2> /dev/null
2022-08-23 21:24:53	LAUCHER: deploying virtual containers of workflow MeshingPrueba2
2022-08-23 21:24:56	LAUCHER: to shutdown the containers execute  

docker-compose --log-level ERROR -p /home/domizzi/Documents/PRONACES/puzzle/deployer/app//results/MeshingPrueba2 -f /home/domizzi/Documents/PRONACES/puzzle/deployer/app//results/MeshingPrueba2/docker-compose.yml  down


