2022-04-04 17:20:17	PARSER: Configured single CLEANING
2022-04-04 17:20:17	PARSER: Configured single topng
2022-04-04 17:20:17	PARSER: Configured single meshing
2022-04-04 17:20:17	PARSER: Configured single detector
2022-04-04 17:20:17	PARSER: Configured pattern CLEANINGpattern
2022-04-04 17:20:17	PARSER: Configured pattern topngpattern
2022-04-04 17:20:17	PARSER: Configured pattern meshingpattern
2022-04-04 17:20:17	PARSER: Configured pattern detectorpattern
2022-04-04 17:20:17	PARSER: Configured stage stage_CLEANING
2022-04-04 17:20:17	PARSER: Configured stage stage_topng
2022-04-04 17:20:17	PARSER: Configured stage stage_meshing
2022-04-04 17:20:17	PARSER: Configured stage stage_detector
2022-04-04 17:20:17	PARSER: Configured workflow MiServicio1
2022-04-04 17:20:17	LAUCHER: Coupling stages and building blocks
2022-04-04 17:20:17	MiServicio1: Workdir MiServicio1
2022-04-04 17:20:17	MiServicio1: Workdir created
2022-04-04 17:20:17	MiServicio1: Stage stage_CLEANING added
2022-04-04 17:20:17	stage_CLEANING: Workdir stage_CLEANING
2022-04-04 17:20:17	stage_CLEANING: Workdir created
2022-04-04 17:20:17	stage_CLEANING: Added sink stage_meshing
2022-04-04 17:20:17	stage_CLEANING: Added sink stage_topng
2022-04-04 17:20:17	stage_CLEANING: Added building block CLEANINGpattern
2022-04-04 17:20:17	CLEANINGpattern: Workdir CLEANINGpattern
2022-04-04 17:20:17	CLEANINGpattern: Workdir created
2022-04-04 17:20:17	CLEANING: Workdir CLEANING
2022-04-04 17:20:17	CLEANING: Workdir created
2022-04-04 17:20:17	MiServicio1: Stage stage_topng added
2022-04-04 17:20:17	stage_topng: Workdir stage_topng
2022-04-04 17:20:17	stage_topng: Workdir created
2022-04-04 17:20:17	stage_topng: Added source stage_CLEANING
2022-04-04 17:20:17	stage_topng: Added sink stage_detector
2022-04-04 17:20:17	stage_topng: Added building block topngpattern
2022-04-04 17:20:17	topngpattern: Workdir topngpattern
2022-04-04 17:20:17	topngpattern: Workdir created
2022-04-04 17:20:17	topng: Workdir topng
2022-04-04 17:20:17	topng: Workdir created
2022-04-04 17:20:17	MiServicio1: Stage stage_meshing added
2022-04-04 17:20:17	stage_meshing: Workdir stage_meshing
2022-04-04 17:20:17	stage_meshing: Workdir created
2022-04-04 17:20:17	stage_meshing: Added source stage_CLEANING
2022-04-04 17:20:17	stage_meshing: Added building block meshingpattern
2022-04-04 17:20:17	meshingpattern: Workdir meshingpattern
2022-04-04 17:20:17	meshingpattern: Workdir created
2022-04-04 17:20:17	meshing: Workdir meshing
2022-04-04 17:20:17	meshing: Workdir created
2022-04-04 17:20:17	MiServicio1: Stage stage_detector added
2022-04-04 17:20:17	stage_detector: Workdir stage_detector
2022-04-04 17:20:17	stage_detector: Workdir created
2022-04-04 17:20:17	stage_detector: Added source stage_topng
2022-04-04 17:20:17	stage_detector: Added building block detectorpattern
2022-04-04 17:20:17	detectorpattern: Workdir detectorpattern
2022-04-04 17:20:17	detectorpattern: Workdir created
2022-04-04 17:20:17	detector: Workdir detector
2022-04-04 17:20:17	detector: Workdir created
2022-04-04 17:20:17	LAUNCHER: Creating YML file at MiServicio1/docker-compose.yml
detector
meshing
topng
CLEANING
docker-compose --log-level ERROR -p /home/dsanchez/PuzzleMesh/deployer/app//results/MiServicio1 -f /home/dsanchez/PuzzleMesh/deployer/app//results/MiServicio1/docker-compose.yml  up -d --build --scale topng=2  --scale detector=2  --scale meshing=2  --scale CLEANING=2  2> /dev/null
Traceback (most recent call last):
  File "representation/model_application.py", line 6, in <module>
    import database.db_connector
  File "/home/app/representation/database/db_connector.py", line 1, in <module>
    import mysql.connector
ModuleNotFoundError: No module named 'mysql'
2022-04-04 17:20:17	LAUCHER: deploying virtual containers of workflow MiServicio1
2022-04-04 17:20:25	LAUCHER: to shutdown the containers execute  

docker-compose --log-level ERROR -p /home/dsanchez/PuzzleMesh/deployer/app//results/MiServicio1 -f /home/dsanchez/PuzzleMesh/deployer/app//results/MiServicio1/docker-compose.yml  down


