2022-08-23 14:16:01	PARSER: Configured single Deidentification
2022-08-23 14:16:01	PARSER: Configured single ToPNG
2022-08-23 14:16:01	PARSER: Configured single DetectorPulmon
2022-08-23 14:16:01	PARSER: Configured pattern Deidentificationpattern
2022-08-23 14:16:01	PARSER: Configured pattern ToPNGpattern
2022-08-23 14:16:01	PARSER: Configured pattern DetectorPulmonpattern
2022-08-23 14:16:01	PARSER: Configured stage stage_Deidentification
2022-08-23 14:16:01	PARSER: Configured stage stage_ToPNG
2022-08-23 14:16:01	PARSER: Configured stage stage_DetectorPulmon
2022-08-23 14:16:01	PARSER: Configured workflow PruebaPuebla
2022-08-23 14:16:01	LAUCHER: Coupling stages and building blocks
2022-08-23 14:16:01	PruebaPuebla: Workdir PruebaPuebla
2022-08-23 14:16:01	PruebaPuebla: Workdir exists
2022-08-23 14:16:01	PruebaPuebla: Stage stage_Deidentification added
2022-08-23 14:16:01	stage_Deidentification: Workdir stage_Deidentification
2022-08-23 14:16:01	stage_Deidentification: Workdir exists
2022-08-23 14:16:01	stage_Deidentification: Added sink stage_ToPNG
2022-08-23 14:16:01	stage_Deidentification: Added building block Deidentificationpattern
2022-08-23 14:16:01	Deidentificationpattern: Workdir Deidentificationpattern
2022-08-23 14:16:01	Deidentificationpattern: Workdir exists
2022-08-23 14:16:01	Deidentification: Workdir Deidentification
2022-08-23 14:16:01	Deidentification: Workdir exists
2022-08-23 14:16:01	PruebaPuebla: Stage stage_ToPNG added
2022-08-23 14:16:01	stage_ToPNG: Workdir stage_ToPNG
2022-08-23 14:16:01	stage_ToPNG: Workdir exists
2022-08-23 14:16:01	stage_ToPNG: Added source stage_Deidentification
2022-08-23 14:16:01	stage_ToPNG: Added sink stage_DetectorPulmon
2022-08-23 14:16:01	stage_ToPNG: Added building block ToPNGpattern
2022-08-23 14:16:01	ToPNGpattern: Workdir ToPNGpattern
2022-08-23 14:16:01	ToPNGpattern: Workdir exists
2022-08-23 14:16:01	ToPNG: Workdir ToPNG
2022-08-23 14:16:01	ToPNG: Workdir exists
2022-08-23 14:16:01	PruebaPuebla: Stage stage_DetectorPulmon added
2022-08-23 14:16:01	stage_DetectorPulmon: Workdir stage_DetectorPulmon
2022-08-23 14:16:01	stage_DetectorPulmon: Workdir exists
2022-08-23 14:16:01	stage_DetectorPulmon: Added source stage_ToPNG
2022-08-23 14:16:01	stage_DetectorPulmon: Added building block DetectorPulmonpattern
2022-08-23 14:16:01	DetectorPulmonpattern: Workdir DetectorPulmonpattern
2022-08-23 14:16:01	DetectorPulmonpattern: Workdir exists
2022-08-23 14:16:01	DetectorPulmon: Workdir DetectorPulmon
2022-08-23 14:16:01	DetectorPulmon: Workdir exists
2022-08-23 14:16:01	LAUNCHER: Creating YML file at PruebaPuebla/docker-compose.yml
DetectorPulmon
ToPNG
Deidentification
docker-compose --log-level ERROR -p /home/domizzi/Documents/PRONACES/puzzle/deployer/app//results/PruebaPuebla -f /home/domizzi/Documents/PRONACES/puzzle/deployer/app//results/PruebaPuebla/docker-compose.yml  up -d --build --scale ToPNG=2  --scale DetectorPulmon=2  --scale Deidentification=2  2> /dev/null
2022-08-23 14:16:01	LAUCHER: deploying virtual containers of workflow PruebaPuebla
2022-08-23 14:16:02	LAUCHER: to shutdown the containers execute  

docker-compose --log-level ERROR -p /home/domizzi/Documents/PRONACES/puzzle/deployer/app//results/PruebaPuebla -f /home/domizzi/Documents/PRONACES/puzzle/deployer/app//results/PruebaPuebla/docker-compose.yml  down


