2022-10-13 21:04:46	PARSER: Configured single Deidentification
2022-10-13 21:04:46	PARSER: Configured single ToPNG
2022-10-13 21:04:46	PARSER: Configured single DetectorPulmon
2022-10-13 21:04:46	PARSER: Configured stage stage_Deidentification
2022-10-13 21:04:46	PARSER: Configured stage stage_ToPNG
2022-10-13 21:04:46	PARSER: Configured stage stage_DetectorPulmon
2022-10-13 21:04:46	PARSER: Configured workflow PruebaMerida1
2022-10-13 21:04:46	LAUCHER: Coupling stages and building blocks
2022-10-13 21:04:46	PruebaMerida1: Workdir PruebaMerida1
2022-10-13 21:04:46	PruebaMerida1: Workdir exists
2022-10-13 21:04:46	PruebaMerida1: Stage stage_Deidentification added
2022-10-13 21:04:46	stage_Deidentification: Workdir stage_Deidentification
2022-10-13 21:04:46	stage_Deidentification: Workdir exists
2022-10-13 21:04:46	stage_Deidentification: Added sink stage_ToPNG
2022-10-13 21:04:46	stage_Deidentification: Added building block Deidentification
2022-10-13 21:04:46	Deidentification: Workdir Deidentification
2022-10-13 21:04:46	Deidentification: Workdir exists
2022-10-13 21:04:46	PruebaMerida1: Stage stage_ToPNG added
2022-10-13 21:04:46	stage_ToPNG: Workdir stage_ToPNG
2022-10-13 21:04:46	stage_ToPNG: Workdir exists
2022-10-13 21:04:46	stage_ToPNG: Added source stage_Deidentification
2022-10-13 21:04:46	stage_ToPNG: Added sink stage_DetectorPulmon
2022-10-13 21:04:46	stage_ToPNG: Added building block ToPNG
2022-10-13 21:04:46	ToPNG: Workdir ToPNG
2022-10-13 21:04:46	ToPNG: Workdir exists
2022-10-13 21:04:46	PruebaMerida1: Stage stage_DetectorPulmon added
2022-10-13 21:04:46	stage_DetectorPulmon: Workdir stage_DetectorPulmon
2022-10-13 21:04:46	stage_DetectorPulmon: Workdir exists
2022-10-13 21:04:46	stage_DetectorPulmon: Added source stage_ToPNG
2022-10-13 21:04:46	stage_DetectorPulmon: Added building block DetectorPulmon
2022-10-13 21:04:46	DetectorPulmon: Workdir DetectorPulmon
2022-10-13 21:04:46	DetectorPulmon: Workdir exists
2022-10-13 21:04:46	LAUNCHER: Creating YML file at PruebaMerida1/docker-compose.yml
DetectorPulmon
ToPNG
Deidentification
docker-compose --log-level ERROR -p /home/domizzi/Documents/PRONACES/puzzle/deployer/app//results/PruebaMerida1 -f /home/domizzi/Documents/PRONACES/puzzle/deployer/app//results/PruebaMerida1/docker-compose.yml  up -d --build 2> /dev/null
2022-10-13 21:04:46	LAUCHER: deploying virtual containers of workflow PruebaMerida1
2022-10-13 21:04:46	LAUCHER: to shutdown the containers execute  

docker-compose --log-level ERROR -p /home/domizzi/Documents/PRONACES/puzzle/deployer/app//results/PruebaMerida1 -f /home/domizzi/Documents/PRONACES/puzzle/deployer/app//results/PruebaMerida1/docker-compose.yml  down


/home/domizzi/Documents/PRONACES/puzzle/deployer/app//results/PruebaMerida1/stages.json
