[21/Aug/2023:14:56:58] (API) SQLSTATE[23503]: Foreign key violation: 7 ERROR:  insert or update on table "executions" violates foreign key constraint "executions_final_status_fkey"
DETAIL:  Key (final_status)=(0) is not present in table "deployments_status".
[21/Aug/2023:14:56:58] (API) 2023-08-21 14:56:58
[21/Aug/2023:14:56:58] (API) 0
[21/Aug/2023:14:56:58] (API) UPDATE executions SET final_status = :st, executed = :ex where id = :id;
			
[21/Aug/2023:15:03:15] (API) SQLSTATE[23503]: Foreign key violation: 7 ERROR:  insert or update on table "executions" violates foreign key constraint "executions_final_status_fkey"
DETAIL:  Key (final_status)=(0) is not present in table "deployments_status".
[21/Aug/2023:15:03:15] (API) 2023-08-21 15:03:15
[21/Aug/2023:15:03:15] (API) 0
[21/Aug/2023:15:03:15] (API) UPDATE executions SET final_status = :st, executed = :ex where id = :id;
			
[21/Aug/2023:15:06:58] (API) SQLSTATE[23503]: Foreign key violation: 7 ERROR:  insert or update on table "executions" violates foreign key constraint "executions_final_status_fkey"
DETAIL:  Key (final_status)=(0) is not present in table "deployments_status".
[21/Aug/2023:15:06:58] (API) 2023-08-21 15:06:58
[21/Aug/2023:15:06:58] (API) 0
[21/Aug/2023:15:06:58] (API) UPDATE executions SET final_status = :st, executed = :ex where id = :id;
			
[17/Sep/2025:15:38:14] (API) SQLSTATE[57P01]: Admin shutdown: 7 FATAL:  terminating connection due to administrator command
server closed the connection unexpectedly
	This probably means the server terminated abnormally
	before or while processing the request.
[17/Sep/2025:15:38:14] (API) SQLSTATE[57P01]: Admin shutdown: 7 FATAL:  terminating connection due to administrator command
server closed the connection unexpectedly
	This probably means the server terminated abnormally
	before or while processing the request.
[17/Sep/2025:15:38:14] (API) SQLSTATE[57P01]: Admin shutdown: 7 FATAL:  terminating connection due to administrator command
server closed the connection unexpectedly
	This probably means the server terminated abnormally
	before or while processing the request.
[17/Sep/2025:15:38:14] (API) 2025-09-17 15:38:14
[17/Sep/2025:15:38:14] (API) SQLSTATE[57P01]: Admin shutdown: 7 FATAL:  terminating connection due to administrator command
server closed the connection unexpectedly
	This probably means the server terminated abnormally
	before or while processing the request.
[17/Sep/2025:15:38:14] (API) 2025-09-17 15:38:14
[17/Sep/2025:15:38:14] (API) 2025-09-17 15:38:14
[17/Sep/2025:15:38:14] (API) 0
[17/Sep/2025:15:38:14] (API) 0
[17/Sep/2025:15:38:14] (API) 0
[17/Sep/2025:15:38:14] (API) UPDATE executions SET final_status = :st, executed = :ex where id = :id;
			
[17/Sep/2025:15:38:14] (API) 2025-09-17 15:38:14
[17/Sep/2025:15:38:14] (API) UPDATE executions SET final_status = :st, executed = :ex where id = :id;
			
[17/Sep/2025:15:38:14] (API) UPDATE executions SET final_status = :st, executed = :ex where id = :id;
			
[17/Sep/2025:15:38:14] (API) SQLSTATE[57P01]: Admin shutdown: 7 FATAL:  terminating connection due to administrator command
server closed the connection unexpectedly
	This probably means the server terminated abnormally
	before or while processing the request.
[17/Sep/2025:15:38:14] (API) 0
[17/Sep/2025:15:38:14] (API) 2025-09-17 15:38:14
[17/Sep/2025:15:38:14] (API) UPDATE executions SET final_status = :st, executed = :ex where id = :id;
			
[17/Sep/2025:15:38:14] (API) 0
[17/Sep/2025:15:38:14] (API) UPDATE executions SET final_status = :st, executed = :ex where id = :id;
			
[17/Sep/2025:15:38:14] (API) SQLSTATE[08006] [7] FATAL:  the database system is shutting down
[17/Sep/2025:15:38:14] (API) SQLSTATE[08006] [7] FATAL:  the database system is shutting down
[17/Sep/2025:15:38:14] (API) SQLSTATE[08006] [7] FATAL:  the database system is shutting down
[17/Sep/2025:15:38:14] (API) SQLSTATE[08006] [7] FATAL:  the database system is shutting down
[17/Sep/2025:15:38:14] (API) SQLSTATE[08006] [7] FATAL:  the database system is shutting down
[17/Sep/2025:15:38:14] (API) SQLSTATE[08006] [7] FATAL:  the database system is shutting down
[17/Sep/2025:15:38:14] (API) SQLSTATE[08006] [7] FATAL:  the database system is shutting down
[17/Sep/2025:15:38:14] (API) SQLSTATE[08006] [7] FATAL:  the database system is shutting down
[17/Sep/2025:15:38:14] (API) SQLSTATE[08006] [7] FATAL:  the database system is shutting down
[17/Sep/2025:15:38:14] (API) SQLSTATE[08006] [7] FATAL:  the database system is shutting down
[17/Sep/2025:16:26:23] (API) SQLSTATE[57P01]: Admin shutdown: 7 FATAL:  terminating connection due to administrator command
server closed the connection unexpectedly
	This probably means the server terminated abnormally
	before or while processing the request.
[17/Sep/2025:16:26:23] (API) 2025-09-17 16:26:23
[17/Sep/2025:16:26:23] (API) 0
[17/Sep/2025:16:26:23] (API) UPDATE executions SET final_status = :st, executed = :ex where id = :id;
			
[17/Sep/2025:16:28:30] (API) SQLSTATE[08006] [7] could not connect to server: Connection refused
	Is the server running on host "value-chain-api-db" (172.18.0.17) and accepting
	TCP/IP connections on port 5432?
[17/Sep/2025:18:33:52] (API) SQLSTATE[57P01]: Admin shutdown: 7 FATAL:  terminating connection due to administrator command
server closed the connection unexpectedly
	This probably means the server terminated abnormally
	before or while processing the request.
[17/Sep/2025:18:33:52] (API) 2025-09-17 18:33:52
[17/Sep/2025:18:33:52] (API) 0
[17/Sep/2025:18:33:52] (API) UPDATE executions SET final_status = :st, executed = :ex where id = :id;
			
[17/Sep/2025:18:33:52] (API) SQLSTATE[08006] [7] FATAL:  the database system is shutting down
