2023-07-17 19:39:47	PARSER: Configured single Anonimizacion
2023-07-17 19:39:47	PARSER: Configured single ToRGB
2023-07-17 19:39:47	PARSER: Configured single DetectorPulmon
2023-07-17 19:39:47	PARSER: Configured pattern Anonimizacionpattern
2023-07-17 19:39:47	PARSER: Configured pattern ToRGBpattern
2023-07-17 19:39:47	PARSER: Configured pattern DetectorPulmonpattern
2023-07-17 19:39:47	PARSER: Configured stage stage_Anonimizacion
2023-07-17 19:39:47	PARSER: Configured stage stage_ToRGB
2023-07-17 19:39:47	PARSER: Configured stage stage_DetectorPulmon
2023-07-17 19:39:47	PARSER: Configured workflow DemoLunes17
2023-07-17 19:39:47	LAUCHER: Coupling stages and building blocks
2023-07-17 19:39:47	DemoLunes17: Workdir DemoLunes17
2023-07-17 19:39:47	DemoLunes17: Workdir created
2023-07-17 19:39:47	DemoLunes17: Stage stage_Anonimizacion added
2023-07-17 19:39:47	stage_Anonimizacion: Workdir stage_Anonimizacion
2023-07-17 19:39:47	stage_Anonimizacion: Workdir created
2023-07-17 19:39:47	stage_Anonimizacion: Added sink stage_ToRGB
2023-07-17 19:39:47	stage_Anonimizacion: Added building block Anonimizacionpattern
2023-07-17 19:39:47	Anonimizacionpattern: Workdir Anonimizacionpattern
2023-07-17 19:39:47	Anonimizacionpattern: Workdir created
2023-07-17 19:39:47	Anonimizacion: Workdir Anonimizacion
2023-07-17 19:39:47	Anonimizacion: Workdir created
2023-07-17 19:39:47	DemoLunes17: Stage stage_ToRGB added
2023-07-17 19:39:47	stage_ToRGB: Workdir stage_ToRGB
2023-07-17 19:39:47	stage_ToRGB: Workdir created
2023-07-17 19:39:47	stage_ToRGB: Added source stage_Anonimizacion
2023-07-17 19:39:47	stage_ToRGB: Added sink stage_DetectorPulmon
2023-07-17 19:39:47	stage_ToRGB: Added building block ToRGBpattern
2023-07-17 19:39:47	ToRGBpattern: Workdir ToRGBpattern
2023-07-17 19:39:47	ToRGBpattern: Workdir created
2023-07-17 19:39:47	ToRGB: Workdir ToRGB
2023-07-17 19:39:47	ToRGB: Workdir created
2023-07-17 19:39:47	DemoLunes17: Stage stage_DetectorPulmon added
2023-07-17 19:39:47	stage_DetectorPulmon: Workdir stage_DetectorPulmon
2023-07-17 19:39:47	stage_DetectorPulmon: Workdir created
2023-07-17 19:39:47	stage_DetectorPulmon: Added source stage_ToRGB
2023-07-17 19:39:47	stage_DetectorPulmon: Added building block DetectorPulmonpattern
2023-07-17 19:39:47	DetectorPulmonpattern: Workdir DetectorPulmonpattern
2023-07-17 19:39:47	DetectorPulmonpattern: Workdir created
2023-07-17 19:39:47	DetectorPulmon: Workdir DetectorPulmon
2023-07-17 19:39:47	DetectorPulmon: Workdir created
2023-07-17 19:39:47	LAUNCHER: Creating YML file at DemoLunes17/docker-compose.yml
ToRGB
DetectorPulmon
Anonimizacion
docker-compose --log-level ERROR -p /home/domizzi/Documents/MuyalNezEntregable/CodigoFuente/deployer/app//results/DemoLunes17 -f /home/domizzi/Documents/MuyalNezEntregable/CodigoFuente/deployer/app//results/DemoLunes17/docker-compose.yml  up -d --build --scale DetectorPulmon=2  --scale ToRGB=2  --scale Anonimizacion=2  2> /dev/null
2023-07-17 19:39:47	LAUCHER: deploying virtual containers of workflow DemoLunes17
2023-07-17 19:39:50	LAUCHER: to shutdown the containers execute  

docker-compose --log-level ERROR -p /home/domizzi/Documents/MuyalNezEntregable/CodigoFuente/deployer/app//results/DemoLunes17 -f /home/domizzi/Documents/MuyalNezEntregable/CodigoFuente/deployer/app//results/DemoLunes17/docker-compose.yml  down


/home/domizzi/Documents/MuyalNezEntregable/CodigoFuente/deployer/app//results/DemoLunes17/stages.json
docker-compose --log-level ERROR -p /home/domizzi/Documents/MuyalNezEntregable/CodigoFuente/deployer/app//results/DemoLunes17 -f /home/domizzi/Documents/MuyalNezEntregable/CodigoFuente/deployer/app//results/DemoLunes17/docker-compose.yml  ps -q
docker inspect --format='{{.Name}}' 21318992238fcdefe8385060793fd1b2d88d0ac323262bd5fe52f2000e43b9e9
docker inspect --format='{{.Name}}' fbfd025521e0c4254943827d4c8cd1d7eee35f48c395e3768aba4d72e6a1df6e
docker inspect --format='{{.Name}}' a865e6c01fee804aab5b54d09a161de53344c3ba87dcec1461e4b846b9104311
docker inspect --format='{{.Name}}' 33a5daa07bd94aee6dbb87e7bd501531cfe25e321f3431cd14171563a3c4d8c5
docker inspect --format='{{.Name}}' 7d1444f04be907948abfa2e614175b7a21e732d4c28e9a2c6f971865b3622707
docker inspect --format='{{.Name}}' 4a7ce16cd83c9efcb1c0ee55f15445ef377afbd5b4c62cc353ad6c6251314db1
docker inspect --format='{{.Name}}' 865d9dbfdbca3049f8e56aef19188274fd62173eecd6c6d8126cc776f22938a7
docker inspect --format='{{.Name}}' f9e3ce9aa47d3e102d9b6c882e62735c47e3c875f1eedb3c9d46f3f0376f347f
docker inspect --format='{{.Name}}' 0bf05f1108506ba8a7d17ab89aaf0c8872a9cd73342eee63d5547ca89c74e4bd
docker inspect --format='{{.Name}}' 3d2c2af75bdc325a543d0687427618b7f6a31daac16dd921835768bb2ae49520
python3 normas/main.py /home/app/cfg-files/DemoLunes17.cfg /home/domizzi/Documents/MuyalNezEntregable/CodigoFuente/deployer/app//results/DemoLunes17/stages.json /home/domizzi/Documents/MuyalNezEntregable/CodigoFuente/deployer/app//results/DemoLunes17/docker-compose.yml /home/domizzi/Documents/MuyalNezEntregable/CodigoFuente/deployer/app//results/DemoLunes17
