2023-02-14 02:08:26	PARSER: Configured single Anonimizacion
2023-02-14 02:08:26	PARSER: Configured single ToRGB
2023-02-14 02:08:26	PARSER: Configured single DetectorPulmon
2023-02-14 02:08:26	PARSER: Configured pattern Anonimizacionpattern
2023-02-14 02:08:26	PARSER: Configured pattern ToRGBpattern
2023-02-14 02:08:26	PARSER: Configured pattern DetectorPulmonpattern
2023-02-14 02:08:26	PARSER: Configured stage stage_Anonimizacion
2023-02-14 02:08:26	PARSER: Configured stage stage_ToRGB
2023-02-14 02:08:26	PARSER: Configured stage stage_DetectorPulmon
2023-02-14 02:08:26	PARSER: Configured workflow FlujoDeteccion3
2023-02-14 02:08:26	LAUCHER: Coupling stages and building blocks
2023-02-14 02:08:26	FlujoDeteccion3: Workdir FlujoDeteccion3
2023-02-14 02:08:26	FlujoDeteccion3: Workdir created
2023-02-14 02:08:26	FlujoDeteccion3: Stage stage_Anonimizacion added
2023-02-14 02:08:26	stage_Anonimizacion: Workdir stage_Anonimizacion
2023-02-14 02:08:26	stage_Anonimizacion: Workdir created
2023-02-14 02:08:26	stage_Anonimizacion: Added sink stage_ToRGB
2023-02-14 02:08:26	stage_Anonimizacion: Added building block Anonimizacionpattern
2023-02-14 02:08:26	Anonimizacionpattern: Workdir Anonimizacionpattern
2023-02-14 02:08:26	Anonimizacionpattern: Workdir created
2023-02-14 02:08:26	Anonimizacion: Workdir Anonimizacion
2023-02-14 02:08:26	Anonimizacion: Workdir created
2023-02-14 02:08:26	FlujoDeteccion3: Stage stage_ToRGB added
2023-02-14 02:08:26	stage_ToRGB: Workdir stage_ToRGB
2023-02-14 02:08:26	stage_ToRGB: Workdir created
2023-02-14 02:08:26	stage_ToRGB: Added source stage_Anonimizacion
2023-02-14 02:08:26	stage_ToRGB: Added sink stage_DetectorPulmon
2023-02-14 02:08:26	stage_ToRGB: Added building block ToRGBpattern
2023-02-14 02:08:26	ToRGBpattern: Workdir ToRGBpattern
2023-02-14 02:08:26	ToRGBpattern: Workdir created
2023-02-14 02:08:26	ToRGB: Workdir ToRGB
2023-02-14 02:08:26	ToRGB: Workdir created
2023-02-14 02:08:26	FlujoDeteccion3: Stage stage_DetectorPulmon added
2023-02-14 02:08:26	stage_DetectorPulmon: Workdir stage_DetectorPulmon
2023-02-14 02:08:26	stage_DetectorPulmon: Workdir created
2023-02-14 02:08:26	stage_DetectorPulmon: Added source stage_ToRGB
2023-02-14 02:08:26	stage_DetectorPulmon: Added building block DetectorPulmonpattern
2023-02-14 02:08:26	DetectorPulmonpattern: Workdir DetectorPulmonpattern
2023-02-14 02:08:26	DetectorPulmonpattern: Workdir created
2023-02-14 02:08:26	DetectorPulmon: Workdir DetectorPulmon
2023-02-14 02:08:26	DetectorPulmon: Workdir created
2023-02-14 02:08:26	LAUNCHER: Creating YML file at FlujoDeteccion3/docker-compose.yml
ToRGB
DetectorPulmon
Anonimizacion
docker-compose --log-level ERROR -p /home/domizzi/Documents/Muyal-Ilal-ligero/deployer/app//results/FlujoDeteccion3 -f /home/domizzi/Documents/Muyal-Ilal-ligero/deployer/app//results/FlujoDeteccion3/docker-compose.yml  up -d --build --scale DetectorPulmon=2  --scale ToRGB=2  --scale Anonimizacion=2  2> /dev/null
2023-02-14 02:08:26	LAUCHER: deploying virtual containers of workflow FlujoDeteccion3
2023-02-14 02:08:29	LAUCHER: to shutdown the containers execute  

docker-compose --log-level ERROR -p /home/domizzi/Documents/Muyal-Ilal-ligero/deployer/app//results/FlujoDeteccion3 -f /home/domizzi/Documents/Muyal-Ilal-ligero/deployer/app//results/FlujoDeteccion3/docker-compose.yml  down


/home/domizzi/Documents/Muyal-Ilal-ligero/deployer/app//results/FlujoDeteccion3/stages.json
docker-compose --log-level ERROR -p /home/domizzi/Documents/Muyal-Ilal-ligero/deployer/app//results/FlujoDeteccion3 -f /home/domizzi/Documents/Muyal-Ilal-ligero/deployer/app//results/FlujoDeteccion3/docker-compose.yml  ps -q
docker inspect --format='{{.Name}}' f7dff2f1e50c530b6d141767711a48d5a684dd28864ec4c28202dad482ded1d6
docker inspect --format='{{.Name}}' dd76835850ac28e5af164bd26ac65fb3d8ff10dcbfefc48351dd9c160a1434ce
docker inspect --format='{{.Name}}' 2afc8453c480ba5d6d5c447214ffadc4cc6a06506b25580a0579654bc2bf4910
docker inspect --format='{{.Name}}' b0e169e3af0d503c838389539fe4b00b2c0c2125fa6899c8e8e1cf52a9ab3125
docker inspect --format='{{.Name}}' 8f24e81942623d778a8da9abc5160a0bc09daeb13fdd90b8dcb8f82f4d86b99a
docker inspect --format='{{.Name}}' 2e00e86161399644ecedd1353afcdcbff94be819ed03aa34778b98926ba2b080
docker inspect --format='{{.Name}}' 7908bea5c991c8a307ccb4e4e8bf98acaf894338298b88bd94dd6428339c21c5
docker inspect --format='{{.Name}}' ff31bbbac2d77418bfbc8c1adc752e65b4fe65296fe64ddde538d526278ebdf6
docker inspect --format='{{.Name}}' df67a2d8464f53c211ded2255de358122a658baf1f121ab39d24fc84daa1f9cd
docker inspect --format='{{.Name}}' 8b80934f5f7cc392c5d0e1e5e886712b310e62f2dedf741ce3012f35d2dfe949
python3 normas/main.py /home/app/cfg-files/FlujoDeteccion3.cfg /home/domizzi/Documents/Muyal-Ilal-ligero/deployer/app//results/FlujoDeteccion3/stages.json /home/domizzi/Documents/Muyal-Ilal-ligero/deployer/app//results/FlujoDeteccion3/docker-compose.yml /home/domizzi/Documents/Muyal-Ilal-ligero/deployer/app//results/FlujoDeteccion3
