2023-01-31 00:55:40	PARSER: Configured single Anonimizacion
2023-01-31 00:55:40	PARSER: Configured single ToRGB
2023-01-31 00:55:40	PARSER: Configured single DetectorPulmon
2023-01-31 00:55:40	PARSER: Configured pattern Anonimizacionpattern
2023-01-31 00:55:40	PARSER: Configured pattern ToRGBpattern
2023-01-31 00:55:40	PARSER: Configured pattern DetectorPulmonpattern
2023-01-31 00:55:40	PARSER: Configured stage stage_Anonimizacion
2023-01-31 00:55:40	PARSER: Configured stage stage_ToRGB
2023-01-31 00:55:40	PARSER: Configured stage stage_DetectorPulmon
2023-01-31 00:55:40	PARSER: Configured workflow LALALA
2023-01-31 00:55:40	LAUCHER: Coupling stages and building blocks
2023-01-31 00:55:40	LALALA: Workdir LALALA
2023-01-31 00:55:40	LALALA: Workdir exists
2023-01-31 00:55:40	LALALA: Stage stage_Anonimizacion added
2023-01-31 00:55:40	stage_Anonimizacion: Workdir stage_Anonimizacion
2023-01-31 00:55:40	stage_Anonimizacion: Workdir exists
2023-01-31 00:55:40	stage_Anonimizacion: Added sink stage_ToRGB
2023-01-31 00:55:40	stage_Anonimizacion: Added building block Anonimizacionpattern
2023-01-31 00:55:40	Anonimizacionpattern: Workdir Anonimizacionpattern
2023-01-31 00:55:40	Anonimizacionpattern: Workdir exists
2023-01-31 00:55:40	Anonimizacion: Workdir Anonimizacion
2023-01-31 00:55:40	Anonimizacion: Workdir exists
2023-01-31 00:55:40	LALALA: Stage stage_ToRGB added
2023-01-31 00:55:40	stage_ToRGB: Workdir stage_ToRGB
2023-01-31 00:55:40	stage_ToRGB: Workdir exists
2023-01-31 00:55:40	stage_ToRGB: Added source stage_Anonimizacion
2023-01-31 00:55:40	stage_ToRGB: Added sink stage_DetectorPulmon
2023-01-31 00:55:40	stage_ToRGB: Added building block ToRGBpattern
2023-01-31 00:55:40	ToRGBpattern: Workdir ToRGBpattern
2023-01-31 00:55:40	ToRGBpattern: Workdir exists
2023-01-31 00:55:40	ToRGB: Workdir ToRGB
2023-01-31 00:55:40	ToRGB: Workdir exists
2023-01-31 00:55:40	LALALA: Stage stage_DetectorPulmon added
2023-01-31 00:55:40	stage_DetectorPulmon: Workdir stage_DetectorPulmon
2023-01-31 00:55:40	stage_DetectorPulmon: Workdir exists
2023-01-31 00:55:40	stage_DetectorPulmon: Added source stage_ToRGB
2023-01-31 00:55:40	stage_DetectorPulmon: Added building block DetectorPulmonpattern
2023-01-31 00:55:40	DetectorPulmonpattern: Workdir DetectorPulmonpattern
2023-01-31 00:55:40	DetectorPulmonpattern: Workdir exists
2023-01-31 00:55:40	DetectorPulmon: Workdir DetectorPulmon
2023-01-31 00:55:40	DetectorPulmon: Workdir exists
2023-01-31 00:55:40	LAUNCHER: Creating YML file at LALALA/docker-compose.yml
ToRGB
DetectorPulmon
Anonimizacion
docker-compose --log-level ERROR -p /home/domizzi/Documents/Muyal-Ilal-ligero/deployer/app//results/LALALA -f /home/domizzi/Documents/Muyal-Ilal-ligero/deployer/app//results/LALALA/docker-compose.yml  up -d --build --scale DetectorPulmon=2  --scale ToRGB=2  --scale Anonimizacion=2  2> /dev/null
2023-01-31 00:55:40	LAUCHER: deploying virtual containers of workflow LALALA
2023-01-31 00:55:40	LAUCHER: to shutdown the containers execute  

docker-compose --log-level ERROR -p /home/domizzi/Documents/Muyal-Ilal-ligero/deployer/app//results/LALALA -f /home/domizzi/Documents/Muyal-Ilal-ligero/deployer/app//results/LALALA/docker-compose.yml  down


/home/domizzi/Documents/Muyal-Ilal-ligero/deployer/app//results/LALALA/stages.json
docker-compose --log-level ERROR -p /home/domizzi/Documents/Muyal-Ilal-ligero/deployer/app//results/LALALA -f /home/domizzi/Documents/Muyal-Ilal-ligero/deployer/app//results/LALALA/docker-compose.yml  ps -q
docker inspect --format='{{.Name}}' 20e8cf28509481025052e19b817c72e92e3874d27fca2389f073b4dab52d80cc
docker inspect --format='{{.Name}}' 9a9374a440f61a0693ef3929c12a8e36dd959baec2eb18dac7d02ab6dcc1f211
docker inspect --format='{{.Name}}' f5e6955141a5d4df300d1c3a0ce18a667c500197a3c41522e2387ed584f54d15
docker inspect --format='{{.Name}}' 94b1bf54fc307a56b5c8198f91155faa5e769b812d4f0e915dbf8c23de1ba824
docker inspect --format='{{.Name}}' a966826ee161f2d347f41b7e5ea01a0fd115c4dab796bf7f8237eed08a218a1f
docker inspect --format='{{.Name}}' 32d4d492d230fbc82be11b16278b801183d91c1d43309223154d49341da480a7
docker inspect --format='{{.Name}}' b1b67e1824ddd3b28b7e56bd1b05e396e06a44a53e020040c6c6f1e31a07a666
docker inspect --format='{{.Name}}' 02ba4ac0da89f6d5de65ced52f10cc76031da530ff4170e660a92115ee24ef56
docker inspect --format='{{.Name}}' fca686921698d137f31bf2116d8b6e137519c3d3e4fd25d70f39e4c5e1e18236
docker inspect --format='{{.Name}}' 538dfc3899d0a9e18a14c23094a68df6f1459dd6a0b716fc1ab7db54f04260d9
python3 normas/main.py /home/app/cfg-files/LALALA.cfg /home/domizzi/Documents/Muyal-Ilal-ligero/deployer/app//results/LALALA/stages.json /home/domizzi/Documents/Muyal-Ilal-ligero/deployer/app//results/LALALA/docker-compose.yml /home/domizzi/Documents/Muyal-Ilal-ligero/deployer/app//results/LALALA
