2023-02-23 22:13:23	PARSER: Configured single Anonimizacion
2023-02-23 22:13:23	PARSER: Configured single ToRGB
2023-02-23 22:13:23	PARSER: Configured single DetectorPulmon
2023-02-23 22:13:23	PARSER: Configured pattern Anonimizacionpattern
2023-02-23 22:13:23	PARSER: Configured pattern ToRGBpattern
2023-02-23 22:13:23	PARSER: Configured pattern DetectorPulmonpattern
2023-02-23 22:13:23	PARSER: Configured stage stage_Anonimizacion
2023-02-23 22:13:23	PARSER: Configured stage stage_ToRGB
2023-02-23 22:13:23	PARSER: Configured stage stage_DetectorPulmon
2023-02-23 22:13:23	PARSER: Configured workflow Prueba1
2023-02-23 22:13:23	LAUCHER: Coupling stages and building blocks
2023-02-23 22:13:23	Prueba1: Workdir Prueba1
2023-02-23 22:13:23	Prueba1: Workdir created
2023-02-23 22:13:23	Prueba1: Stage stage_Anonimizacion added
2023-02-23 22:13:23	stage_Anonimizacion: Workdir stage_Anonimizacion
2023-02-23 22:13:23	stage_Anonimizacion: Workdir created
2023-02-23 22:13:23	stage_Anonimizacion: Added sink stage_ToRGB
2023-02-23 22:13:23	stage_Anonimizacion: Added building block Anonimizacionpattern
2023-02-23 22:13:23	Anonimizacionpattern: Workdir Anonimizacionpattern
2023-02-23 22:13:23	Anonimizacionpattern: Workdir created
2023-02-23 22:13:23	Anonimizacion: Workdir Anonimizacion
2023-02-23 22:13:23	Anonimizacion: Workdir created
2023-02-23 22:13:23	Prueba1: Stage stage_ToRGB added
2023-02-23 22:13:23	stage_ToRGB: Workdir stage_ToRGB
2023-02-23 22:13:23	stage_ToRGB: Workdir created
2023-02-23 22:13:23	stage_ToRGB: Added source stage_Anonimizacion
2023-02-23 22:13:23	stage_ToRGB: Added sink stage_DetectorPulmon
2023-02-23 22:13:23	stage_ToRGB: Added building block ToRGBpattern
2023-02-23 22:13:23	ToRGBpattern: Workdir ToRGBpattern
2023-02-23 22:13:23	ToRGBpattern: Workdir created
2023-02-23 22:13:23	ToRGB: Workdir ToRGB
2023-02-23 22:13:23	ToRGB: Workdir created
2023-02-23 22:13:23	Prueba1: Stage stage_DetectorPulmon added
2023-02-23 22:13:23	stage_DetectorPulmon: Workdir stage_DetectorPulmon
2023-02-23 22:13:23	stage_DetectorPulmon: Workdir created
2023-02-23 22:13:23	stage_DetectorPulmon: Added source stage_ToRGB
2023-02-23 22:13:23	stage_DetectorPulmon: Added building block DetectorPulmonpattern
2023-02-23 22:13:23	DetectorPulmonpattern: Workdir DetectorPulmonpattern
2023-02-23 22:13:23	DetectorPulmonpattern: Workdir created
2023-02-23 22:13:23	DetectorPulmon: Workdir DetectorPulmon
2023-02-23 22:13:23	DetectorPulmon: Workdir created
2023-02-23 22:13:23	LAUNCHER: Creating YML file at Prueba1/docker-compose.yml
ToRGB
DetectorPulmon
Anonimizacion
docker-compose --log-level ERROR -p /home/domizzi/Documents/Muyal-Ilal-ligero/deployer/app//results/Prueba1 -f /home/domizzi/Documents/Muyal-Ilal-ligero/deployer/app//results/Prueba1/docker-compose.yml  up -d --build --scale DetectorPulmon=2  --scale ToRGB=2  --scale Anonimizacion=2  2> /dev/null
2023-02-23 22:13:23	LAUCHER: deploying virtual containers of workflow Prueba1
2023-02-23 22:13:25	LAUCHER: to shutdown the containers execute  

docker-compose --log-level ERROR -p /home/domizzi/Documents/Muyal-Ilal-ligero/deployer/app//results/Prueba1 -f /home/domizzi/Documents/Muyal-Ilal-ligero/deployer/app//results/Prueba1/docker-compose.yml  down


/home/domizzi/Documents/Muyal-Ilal-ligero/deployer/app//results/Prueba1/stages.json
docker-compose --log-level ERROR -p /home/domizzi/Documents/Muyal-Ilal-ligero/deployer/app//results/Prueba1 -f /home/domizzi/Documents/Muyal-Ilal-ligero/deployer/app//results/Prueba1/docker-compose.yml  ps -q
docker inspect --format='{{.Name}}' e1df970b4a9b3409450ebc1c644e11a90a4f6b2af83dbe00a73336239a0d8ef4
docker inspect --format='{{.Name}}' bd576b315f04a31ef93b67cd90e95f316f5b539c6014f8da8f4b80a3ab36869d
docker inspect --format='{{.Name}}' 67dda353432614ec9947f42d76b789bb80fd23399391151745addd3fc30827dd
docker inspect --format='{{.Name}}' 85b322cff2d7d8955d05034754eeefdd6006a9526605847ee99f81a4c81c56f9
docker inspect --format='{{.Name}}' a3e6c023ef955e9d0f3ff27a5afeb17b361e5767e219857432a1b6bc58c2377d
docker inspect --format='{{.Name}}' 4649f18ad50b61eb399a47fac863ef53f58b18a7027e975d944b1e7148c6080e
docker inspect --format='{{.Name}}' dc5b342f7d1955a468b5c0fb3ce80706bb948609e17fd5b331f0aadc9d5d25af
docker inspect --format='{{.Name}}' e08d07f63f17dae223713ddbbd37ef433fa3430e5ebcb88ef8e9beb82f46f1b8
docker inspect --format='{{.Name}}' a8ed9cb12ea73bcb7f102937043f3824065b4fd22f9d36fd847e5de4d0eed55f
docker inspect --format='{{.Name}}' f7d14db4bd52ea1a8b5cdae0f2c04973fad8a09be954c9ed271df0838efc65b4
python3 normas/main.py /home/app/cfg-files/Prueba1.cfg /home/domizzi/Documents/Muyal-Ilal-ligero/deployer/app//results/Prueba1/stages.json /home/domizzi/Documents/Muyal-Ilal-ligero/deployer/app//results/Prueba1/docker-compose.yml /home/domizzi/Documents/Muyal-Ilal-ligero/deployer/app//results/Prueba1
