2022-10-13 15:31:43	PARSER: Configured single Deidentification
2022-10-13 15:31:43	PARSER: Configured single ToPNG
2022-10-13 15:31:43	PARSER: Configured single DetectorPulmon
2022-10-13 15:31:43	PARSER: Configured pattern Deidentificationpattern
2022-10-13 15:31:43	PARSER: Configured pattern ToPNGpattern
2022-10-13 15:31:43	PARSER: Configured pattern DetectorPulmonpattern
2022-10-13 15:31:43	PARSER: Configured stage stage_Deidentification
2022-10-13 15:31:43	PARSER: Configured stage stage_ToPNG
2022-10-13 15:31:43	PARSER: Configured stage stage_DetectorPulmon
2022-10-13 15:31:43	PARSER: Configured workflow DemoUAM
2022-10-13 15:31:43	LAUCHER: Coupling stages and building blocks
2022-10-13 15:31:43	DemoUAM: Workdir DemoUAM
2022-10-13 15:31:43	DemoUAM: Workdir exists
2022-10-13 15:31:43	DemoUAM: Stage stage_Deidentification added
2022-10-13 15:31:43	stage_Deidentification: Workdir stage_Deidentification
2022-10-13 15:31:43	stage_Deidentification: Workdir exists
2022-10-13 15:31:43	stage_Deidentification: Added sink stage_ToPNG
2022-10-13 15:31:43	stage_Deidentification: Added building block Deidentificationpattern
2022-10-13 15:31:43	Deidentificationpattern: Workdir Deidentificationpattern
2022-10-13 15:31:43	Deidentificationpattern: Workdir exists
2022-10-13 15:31:43	Deidentification: Workdir Deidentification
2022-10-13 15:31:43	Deidentification: Workdir exists
2022-10-13 15:31:43	DemoUAM: Stage stage_ToPNG added
2022-10-13 15:31:43	stage_ToPNG: Workdir stage_ToPNG
2022-10-13 15:31:43	stage_ToPNG: Workdir exists
2022-10-13 15:31:43	stage_ToPNG: Added source stage_Deidentification
2022-10-13 15:31:43	stage_ToPNG: Added sink stage_DetectorPulmon
2022-10-13 15:31:43	stage_ToPNG: Added building block ToPNGpattern
2022-10-13 15:31:43	ToPNGpattern: Workdir ToPNGpattern
2022-10-13 15:31:43	ToPNGpattern: Workdir exists
2022-10-13 15:31:43	ToPNG: Workdir ToPNG
2022-10-13 15:31:43	ToPNG: Workdir exists
2022-10-13 15:31:43	DemoUAM: Stage stage_DetectorPulmon added
2022-10-13 15:31:43	stage_DetectorPulmon: Workdir stage_DetectorPulmon
2022-10-13 15:31:43	stage_DetectorPulmon: Workdir exists
2022-10-13 15:31:43	stage_DetectorPulmon: Added source stage_ToPNG
2022-10-13 15:31:43	stage_DetectorPulmon: Added building block DetectorPulmonpattern
2022-10-13 15:31:43	DetectorPulmonpattern: Workdir DetectorPulmonpattern
2022-10-13 15:31:43	DetectorPulmonpattern: Workdir exists
2022-10-13 15:31:43	DetectorPulmon: Workdir DetectorPulmon
2022-10-13 15:31:43	DetectorPulmon: Workdir exists
2022-10-13 15:31:43	LAUNCHER: Creating YML file at DemoUAM/docker-compose.yml
DetectorPulmon
ToPNG
Deidentification
Segmentation fault (core dumped)
