2023-07-17 19:43:00	PARSER: Configured single Anonimizacion
2023-07-17 19:43:00	PARSER: Configured single ToRGB
2023-07-17 19:43:00	PARSER: Configured single DetectorPulmon
2023-07-17 19:43:00	PARSER: Configured pattern Anonimizacionpattern
2023-07-17 19:43:00	PARSER: Configured pattern ToRGBpattern
2023-07-17 19:43:00	PARSER: Configured pattern DetectorPulmonpattern
2023-07-17 19:43:00	PARSER: Configured stage stage_Anonimizacion
2023-07-17 19:43:00	PARSER: Configured stage stage_ToRGB
2023-07-17 19:43:00	PARSER: Configured stage stage_DetectorPulmon
2023-07-17 19:43:00	PARSER: Configured workflow DemoLunes17
2023-07-17 19:43:00	LAUCHER: Coupling stages and building blocks
2023-07-17 19:43:00	DemoLunes17: Workdir DemoLunes17
2023-07-17 19:43:00	DemoLunes17: Workdir exists
2023-07-17 19:43:00	DemoLunes17: Stage stage_Anonimizacion added
2023-07-17 19:43:00	stage_Anonimizacion: Workdir stage_Anonimizacion
2023-07-17 19:43:00	stage_Anonimizacion: Workdir exists
2023-07-17 19:43:00	stage_Anonimizacion: Added sink stage_ToRGB
2023-07-17 19:43:00	stage_Anonimizacion: Added building block Anonimizacionpattern
2023-07-17 19:43:00	Anonimizacionpattern: Workdir Anonimizacionpattern
2023-07-17 19:43:00	Anonimizacionpattern: Workdir exists
2023-07-17 19:43:00	Anonimizacion: Workdir Anonimizacion
2023-07-17 19:43:00	Anonimizacion: Workdir exists
2023-07-17 19:43:00	DemoLunes17: Stage stage_ToRGB added
2023-07-17 19:43:00	stage_ToRGB: Workdir stage_ToRGB
2023-07-17 19:43:00	stage_ToRGB: Workdir exists
2023-07-17 19:43:00	stage_ToRGB: Added source stage_Anonimizacion
2023-07-17 19:43:00	stage_ToRGB: Added sink stage_DetectorPulmon
2023-07-17 19:43:00	stage_ToRGB: Added building block ToRGBpattern
2023-07-17 19:43:00	ToRGBpattern: Workdir ToRGBpattern
2023-07-17 19:43:00	ToRGBpattern: Workdir exists
2023-07-17 19:43:00	ToRGB: Workdir ToRGB
2023-07-17 19:43:00	ToRGB: Workdir exists
2023-07-17 19:43:00	DemoLunes17: Stage stage_DetectorPulmon added
2023-07-17 19:43:00	stage_DetectorPulmon: Workdir stage_DetectorPulmon
2023-07-17 19:43:00	stage_DetectorPulmon: Workdir exists
2023-07-17 19:43:00	stage_DetectorPulmon: Added source stage_ToRGB
2023-07-17 19:43:00	stage_DetectorPulmon: Added building block DetectorPulmonpattern
2023-07-17 19:43:00	DetectorPulmonpattern: Workdir DetectorPulmonpattern
2023-07-17 19:43:00	DetectorPulmonpattern: Workdir exists
2023-07-17 19:43:00	DetectorPulmon: Workdir DetectorPulmon
2023-07-17 19:43:00	DetectorPulmon: Workdir exists
2023-07-17 19:43:00	LAUNCHER: Creating YML file at DemoLunes17/docker-compose.yml
ToRGB
DetectorPulmon
Anonimizacion
2023-07-17 19:43:00	LAUCHER: deploying virtual containers of workflow DemoLunes17
/home/domizzi/Documents/MuyalNezEntregable/CodigoFuente/deployer/app//results/DemoLunes17
java -jar Download.jar e5e201cc3ad6866403af5c344e2528398045d1edd4f4373dbc2883b5391a4c6a b022d64cf2dfa4e51e1b0f0f418d4f843ada4889 5ba71e8c9000561b799d0850bf1c38e7aa44b75095caeb6691ddaad20d4dc4d5 2 1 cinves '/home/domizzi/Documents/MuyalNezEntregable/CodigoFuente/deployer/app//results/DemoLunes17/catalogs/TESTCATALOG' 2f035d54fb698993ddbe723d29b935ef13a3f4293d99a948c2b96c80ac0e6f4e true false 1
java -jar Download.jar e5e201cc3ad6866403af5c344e2528398045d1edd4f4373dbc2883b5391a4c6a b022d64cf2dfa4e51e1b0f0f418d4f843ada4889 5ba71e8c9000561b799d0850bf1c38e7aa44b75095caeb6691ddaad20d4dc4d5 2 1 cinves '/home/domizzi/Documents/MuyalNezEntregable/CodigoFuente/deployer/app//results/DemoLunes17/catalogs/TESTCATALOG' 2f035d54fb698993ddbe723d29b935ef13a3f4293d99a948c2b96c80ac0e6f4e true false 1
2023-07-17 19:43:05	DemoLunes17: executing 
{ "catalogname": " TESTCATALOG/DemoLunes17-1689622985360 ", "dispersemode": "IDA", "encryption":"true", "fathers_token":"5ba71e8c9000561b799d0850bf1c38e7aa44b75095caeb6691ddaad20d4dc4d5", "processed": "true" }
192.168.1.227:20500//pub_sub/v1/catalogs/create?access_token=2f035d54fb698993ddbe723d29b935ef13a3f4293d99a948c2b96c80ac0e6f4e
2023-07-17 19:43:05	stage_Anonimizacion: waiting
2023-07-17 19:43:05	stage_Anonimizacion: WORKING
2023-07-17 19:43:05	stage_ToRGB: waiting
2023-07-17 19:43:05	stage_DetectorPulmon: waiting
2023-07-17 19:43:05	stage_Anonimizacion: has 1 sources
2023-07-17 19:43:05	Anonimizacionpattern: waiting
2023-07-17 19:43:05	Anonimizacionpattern: running
2023-07-17 19:43:05	Anonimizacionpattern: executing load balancer
docker-compose --log-level ERROR -p /home/domizzi/Documents/MuyalNezEntregable/CodigoFuente/deployer/app//results/DemoLunes17 -f /home/domizzi/Documents/MuyalNezEntregable/CodigoFuente/deployer/app//results/DemoLunes17/docker-compose.yml  exec -T lbAnonimizacionpattern  sh -c "./main 2 DL /home/domizzi/Documents/MuyalNezEntregable/CodigoFuente/deployer/app//results//DemoLunes17/catalogs/TESTCATALOG "
docker-compose --log-level ERROR -p /home/domizzi/Documents/MuyalNezEntregable/CodigoFuente/deployer/app//results/DemoLunes17 -f /home/domizzi/Documents/MuyalNezEntregable/CodigoFuente/deployer/app//results/DemoLunes17/docker-compose.yml  exec -T lbAnonimizacionpattern  sh -c "./main 2 DL /home/domizzi/Documents/MuyalNezEntregable/CodigoFuente/deployer/app//results//DemoLunes17/catalogs/TESTCATALOG "
{"result": [["/home/domizzi/Documents/MuyalNezEntregable/CodigoFuente/deployer/app//results//DemoLunes17/catalogs/TESTCATALOG/P2"],["/home/domizzi/Documents/MuyalNezEntregable/CodigoFuente/deployer/app//results//DemoLunes17/catalogs/TESTCATALOG/P1"]]}
2023-07-17 19:43:06	Anonimizacionpattern: load balancer executed in RT = 607 miliseconds
2023-07-17 19:43:06	Anonimizacion: waiting
2023-07-17 19:43:06	Anonimizacion: running
python3 /code/process_dir.py --input /home/domizzi/Documents/MuyalNezEntregable/CodigoFuente/deployer/app//results//DemoLunes17/catalogs/TESTCATALOG/P2 --outfolder "/home/domizzi/Documents/MuyalNezEntregable/CodigoFuente/deployer/app//results/DemoLunes17/stage_Anonimizacion/Anonimizacionpattern/Anonimizacion/" --save dicom
2023-07-17 19:43:06	Anonimizacion: waiting
docker-compose --log-level ERROR -p /home/domizzi/Documents/MuyalNezEntregable/CodigoFuente/deployer/app//results/DemoLunes17 -f /home/domizzi/Documents/MuyalNezEntregable/CodigoFuente/deployer/app//results/DemoLunes17/docker-compose.yml  exec -T Anonimizacion sh -c "python3 /code/process_dir.py --input /home/domizzi/Documents/MuyalNezEntregable/CodigoFuente/deployer/app//results//DemoLunes17/catalogs/TESTCATALOG/P2 --outfolder "/home/domizzi/Documents/MuyalNezEntregable/CodigoFuente/deployer/app//results/DemoLunes17/stage_Anonimizacion/Anonimizacionpattern/Anonimizacion/" --save dicom"
2023-07-17 19:43:06	Anonimizacion: running
python3 /code/process_dir.py --input /home/domizzi/Documents/MuyalNezEntregable/CodigoFuente/deployer/app//results//DemoLunes17/catalogs/TESTCATALOG/P1 --outfolder "/home/domizzi/Documents/MuyalNezEntregable/CodigoFuente/deployer/app//results/DemoLunes17/stage_Anonimizacion/Anonimizacionpattern/Anonimizacion/" --save dicom
docker-compose --log-level ERROR -p /home/domizzi/Documents/MuyalNezEntregable/CodigoFuente/deployer/app//results/DemoLunes17 -f /home/domizzi/Documents/MuyalNezEntregable/CodigoFuente/deployer/app//results/DemoLunes17/docker-compose.yml  exec -T Anonimizacion sh -c "python3 /code/process_dir.py --input /home/domizzi/Documents/MuyalNezEntregable/CodigoFuente/deployer/app//results//DemoLunes17/catalogs/TESTCATALOG/P1 --outfolder "/home/domizzi/Documents/MuyalNezEntregable/CodigoFuente/deployer/app//results/DemoLunes17/stage_Anonimizacion/Anonimizacionpattern/Anonimizacion/" --save dicom"
WARNING No specification, loading default base deid.dicom
WARNING No specification, loading default base deid.dicom
2023-07-17 19:43:07	Anonimizacion: processed 4096 bytes in ST=0.000000 RT = 1347 miliseconds
2023-07-17 19:43:07	Anonimizacion: processed 4096 bytes in ST=0.000000 RT = 1359 miliseconds
2023-07-17 19:43:07	Anonimizacionpattern: pattern executed in ST = 1966 miliseconds
{ "catalogname": " TESTCATALOG/DemoLunes17-1689622985360/stage_Anonimizacion-1689622987369 ", "dispersemode": "IDA", "encryption":"true", "fathers_token":"494ed1eb788180ae911414720c7b8ecb223475eb269f7d90883285c822d6ad27", "processed": "true" }
192.168.1.227:20500//pub_sub/v1/catalogs/create?access_token=2f035d54fb698993ddbe723d29b935ef13a3f4293d99a948c2b96c80ac0e6f4e
java -jar Upload.jar e5e201cc3ad6866403af5c344e2528398045d1edd4f4373dbc2883b5391a4c6a b022d64cf2dfa4e51e1b0f0f418d4f843ada4889 10ba53d79b351fd33d3ff7d54df897b3208e42e3ef098e5fdb3cd4da4df63b79 IDA bob 2 '/home/domizzi/Documents/MuyalNezEntregable/CodigoFuente/deployer/app//results/DemoLunes17/stage_Anonimizacion' cinves true 2f035d54fb698993ddbe723d29b935ef13a3f4293d99a948c2b96c80ac0e6f4e true true 4
java -jar Upload.jar e5e201cc3ad6866403af5c344e2528398045d1edd4f4373dbc2883b5391a4c6a b022d64cf2dfa4e51e1b0f0f418d4f843ada4889 10ba53d79b351fd33d3ff7d54df897b3208e42e3ef098e5fdb3cd4da4df63b79 IDA bob 2 '/home/domizzi/Documents/MuyalNezEntregable/CodigoFuente/deployer/app//results/DemoLunes17/stage_Anonimizacion' cinves true 2f035d54fb698993ddbe723d29b935ef13a3f4293d99a948c2b96c80ac0e6f4e true true 4
2023-07-17 19:43:07	stage_Anonimizacion: data satage upload in ST = 336 miliseconds
2023-07-17 19:43:07	stage_Anonimizacion: stage executed in ST = 2303 miliseconds
2023-07-17 19:43:07	stage_ToRGB: WORKING
2023-07-17 19:43:07	stage_ToRGB: has 1 sources
2023-07-17 19:43:07	ToRGBpattern: waiting
2023-07-17 19:43:07	ToRGBpattern: running
2023-07-17 19:43:07	ToRGBpattern: executing load balancer
docker-compose --log-level ERROR -p /home/domizzi/Documents/MuyalNezEntregable/CodigoFuente/deployer/app//results/DemoLunes17 -f /home/domizzi/Documents/MuyalNezEntregable/CodigoFuente/deployer/app//results/DemoLunes17/docker-compose.yml  exec -T lbToRGBpattern  sh -c "./main 2 DL /home/domizzi/Documents/MuyalNezEntregable/CodigoFuente/deployer/app//results/DemoLunes17//stage_Anonimizacion/Anonimizacionpattern/Anonimizacion "
docker-compose --log-level ERROR -p /home/domizzi/Documents/MuyalNezEntregable/CodigoFuente/deployer/app//results/DemoLunes17 -f /home/domizzi/Documents/MuyalNezEntregable/CodigoFuente/deployer/app//results/DemoLunes17/docker-compose.yml  exec -T lbToRGBpattern  sh -c "./main 2 DL /home/domizzi/Documents/MuyalNezEntregable/CodigoFuente/deployer/app//results/DemoLunes17//stage_Anonimizacion/Anonimizacionpattern/Anonimizacion "
{"result": [["/home/domizzi/Documents/MuyalNezEntregable/CodigoFuente/deployer/app//results/DemoLunes17//stage_Anonimizacion/Anonimizacionpattern/Anonimizacion/P2"],["/home/domizzi/Documents/MuyalNezEntregable/CodigoFuente/deployer/app//results/DemoLunes17//stage_Anonimizacion/Anonimizacionpattern/Anonimizacion/P1"]]}
2023-07-17 19:43:08	ToRGBpattern: load balancer executed in RT = 611 miliseconds
2023-07-17 19:43:08	ToRGB: waiting
2023-07-17 19:43:08	ToRGB: running
2023-07-17 19:43:08	ToRGB: waiting
2023-07-17 19:43:08	ToRGB: running
python3 /code/dicom2rgb.py /home/domizzi/Documents/MuyalNezEntregable/CodigoFuente/deployer/app//results/DemoLunes17//stage_Anonimizacion/Anonimizacionpattern/Anonimizacion/P1 /home/domizzi/Documents/MuyalNezEntregable/CodigoFuente/deployer/app//results/DemoLunes17/stage_ToRGB/ToRGBpattern/ToRGB//P1
docker-compose --log-level ERROR -p /home/domizzi/Documents/MuyalNezEntregable/CodigoFuente/deployer/app//results/DemoLunes17 -f /home/domizzi/Documents/MuyalNezEntregable/CodigoFuente/deployer/app//results/DemoLunes17/docker-compose.yml  exec -T ToRGB sh -c "python3 /code/dicom2rgb.py /home/domizzi/Documents/MuyalNezEntregable/CodigoFuente/deployer/app//results/DemoLunes17//stage_Anonimizacion/Anonimizacionpattern/Anonimizacion/P1 /home/domizzi/Documents/MuyalNezEntregable/CodigoFuente/deployer/app//results/DemoLunes17/stage_ToRGB/ToRGBpattern/ToRGB//P1"
python3 /code/dicom2rgb.py /home/domizzi/Documents/MuyalNezEntregable/CodigoFuente/deployer/app//results/DemoLunes17//stage_Anonimizacion/Anonimizacionpattern/Anonimizacion/P2 /home/domizzi/Documents/MuyalNezEntregable/CodigoFuente/deployer/app//results/DemoLunes17/stage_ToRGB/ToRGBpattern/ToRGB//P2
docker-compose --log-level ERROR -p /home/domizzi/Documents/MuyalNezEntregable/CodigoFuente/deployer/app//results/DemoLunes17 -f /home/domizzi/Documents/MuyalNezEntregable/CodigoFuente/deployer/app//results/DemoLunes17/docker-compose.yml  exec -T ToRGB sh -c "python3 /code/dicom2rgb.py /home/domizzi/Documents/MuyalNezEntregable/CodigoFuente/deployer/app//results/DemoLunes17//stage_Anonimizacion/Anonimizacionpattern/Anonimizacion/P2 /home/domizzi/Documents/MuyalNezEntregable/CodigoFuente/deployer/app//results/DemoLunes17/stage_ToRGB/ToRGBpattern/ToRGB//P2"
2023-07-17 19:43:11	ToRGB: processed 4096 bytes in ST=0.000000 RT = 3236 miliseconds
2023-07-17 19:43:11	ToRGB: processed 4096 bytes in ST=0.000000 RT = 3477 miliseconds
2023-07-17 19:43:11	ToRGBpattern: pattern executed in ST = 4089 miliseconds
{ "catalogname": " TESTCATALOG/DemoLunes17-1689622985360/stage_ToRGB-1689622991795 ", "dispersemode": "IDA", "encryption":"true", "fathers_token":"494ed1eb788180ae911414720c7b8ecb223475eb269f7d90883285c822d6ad27", "processed": "true" }
192.168.1.227:20500//pub_sub/v1/catalogs/create?access_token=2f035d54fb698993ddbe723d29b935ef13a3f4293d99a948c2b96c80ac0e6f4e
java -jar Upload.jar e5e201cc3ad6866403af5c344e2528398045d1edd4f4373dbc2883b5391a4c6a b022d64cf2dfa4e51e1b0f0f418d4f843ada4889 82973375ff93e2d263336c81418b764020e2417dfe7e0d9b7ba04f2beb6c9ee3 IDA bob 2 '/home/domizzi/Documents/MuyalNezEntregable/CodigoFuente/deployer/app//results/DemoLunes17/stage_ToRGB' cinves true 2f035d54fb698993ddbe723d29b935ef13a3f4293d99a948c2b96c80ac0e6f4e true true 4
java -jar Upload.jar e5e201cc3ad6866403af5c344e2528398045d1edd4f4373dbc2883b5391a4c6a b022d64cf2dfa4e51e1b0f0f418d4f843ada4889 82973375ff93e2d263336c81418b764020e2417dfe7e0d9b7ba04f2beb6c9ee3 IDA bob 2 '/home/domizzi/Documents/MuyalNezEntregable/CodigoFuente/deployer/app//results/DemoLunes17/stage_ToRGB' cinves true 2f035d54fb698993ddbe723d29b935ef13a3f4293d99a948c2b96c80ac0e6f4e true true 4
2023-07-17 19:43:22	stage_ToRGB: data satage upload in ST = 10769 miliseconds
2023-07-17 19:43:22	stage_ToRGB: stage executed in ST = 14859 miliseconds
2023-07-17 19:43:22	stage_DetectorPulmon: WORKING
2023-07-17 19:43:22	stage_DetectorPulmon: has 1 sources
2023-07-17 19:43:22	DetectorPulmonpattern: waiting
2023-07-17 19:43:22	DetectorPulmonpattern: running
2023-07-17 19:43:22	DetectorPulmonpattern: executing load balancer
docker-compose --log-level ERROR -p /home/domizzi/Documents/MuyalNezEntregable/CodigoFuente/deployer/app//results/DemoLunes17 -f /home/domizzi/Documents/MuyalNezEntregable/CodigoFuente/deployer/app//results/DemoLunes17/docker-compose.yml  exec -T lbDetectorPulmonpattern  sh -c "./main 2 DL /home/domizzi/Documents/MuyalNezEntregable/CodigoFuente/deployer/app//results/DemoLunes17//stage_ToRGB/ToRGBpattern/ToRGB "
docker-compose --log-level ERROR -p /home/domizzi/Documents/MuyalNezEntregable/CodigoFuente/deployer/app//results/DemoLunes17 -f /home/domizzi/Documents/MuyalNezEntregable/CodigoFuente/deployer/app//results/DemoLunes17/docker-compose.yml  exec -T lbDetectorPulmonpattern  sh -c "./main 2 DL /home/domizzi/Documents/MuyalNezEntregable/CodigoFuente/deployer/app//results/DemoLunes17//stage_ToRGB/ToRGBpattern/ToRGB "
{"result": [["/home/domizzi/Documents/MuyalNezEntregable/CodigoFuente/deployer/app//results/DemoLunes17//stage_ToRGB/ToRGBpattern/ToRGB/P2"],["/home/domizzi/Documents/MuyalNezEntregable/CodigoFuente/deployer/app//results/DemoLunes17//stage_ToRGB/ToRGBpattern/ToRGB/P1"]]}
2023-07-17 19:43:23	DetectorPulmonpattern: load balancer executed in RT = 614 miliseconds
2023-07-17 19:43:23	DetectorPulmon: waiting
2023-07-17 19:43:23	DetectorPulmon: running
2023-07-17 19:43:23	DetectorPulmon: waiting
2023-07-17 19:43:23	DetectorPulmon: running
python3 /code/detectorPulmones.py /home/domizzi/Documents/MuyalNezEntregable/CodigoFuente/deployer/app//results/DemoLunes17//stage_ToRGB/ToRGBpattern/ToRGB/P1 /home/domizzi/Documents/MuyalNezEntregable/CodigoFuente/deployer/app//results/DemoLunes17/stage_DetectorPulmon/DetectorPulmonpattern/DetectorPulmon//P1
docker-compose --log-level ERROR -p /home/domizzi/Documents/MuyalNezEntregable/CodigoFuente/deployer/app//results/DemoLunes17 -f /home/domizzi/Documents/MuyalNezEntregable/CodigoFuente/deployer/app//results/DemoLunes17/docker-compose.yml  exec -T DetectorPulmon sh -c "python3 /code/detectorPulmones.py /home/domizzi/Documents/MuyalNezEntregable/CodigoFuente/deployer/app//results/DemoLunes17//stage_ToRGB/ToRGBpattern/ToRGB/P1 /home/domizzi/Documents/MuyalNezEntregable/CodigoFuente/deployer/app//results/DemoLunes17/stage_DetectorPulmon/DetectorPulmonpattern/DetectorPulmon//P1"
python3 /code/detectorPulmones.py /home/domizzi/Documents/MuyalNezEntregable/CodigoFuente/deployer/app//results/DemoLunes17//stage_ToRGB/ToRGBpattern/ToRGB/P2 /home/domizzi/Documents/MuyalNezEntregable/CodigoFuente/deployer/app//results/DemoLunes17/stage_DetectorPulmon/DetectorPulmonpattern/DetectorPulmon//P2
docker-compose --log-level ERROR -p /home/domizzi/Documents/MuyalNezEntregable/CodigoFuente/deployer/app//results/DemoLunes17 -f /home/domizzi/Documents/MuyalNezEntregable/CodigoFuente/deployer/app//results/DemoLunes17/docker-compose.yml  exec -T DetectorPulmon sh -c "python3 /code/detectorPulmones.py /home/domizzi/Documents/MuyalNezEntregable/CodigoFuente/deployer/app//results/DemoLunes17//stage_ToRGB/ToRGBpattern/ToRGB/P2 /home/domizzi/Documents/MuyalNezEntregable/CodigoFuente/deployer/app//results/DemoLunes17/stage_DetectorPulmon/DetectorPulmonpattern/DetectorPulmon//P2"
2023-07-17 19:43:24.145634: W tensorflow/stream_executor/platform/default/dso_loader.cc:64] Could not load dynamic library 'libcudart.so.11.0'; dlerror: libcudart.so.11.0: cannot open shared object file: No such file or directory
2023-07-17 19:43:24.145671: I tensorflow/stream_executor/cuda/cudart_stub.cc:29] Ignore above cudart dlerror if you do not have a GPU set up on your machine.
2023-07-17 19:43:24.145634: W tensorflow/stream_executor/platform/default/dso_loader.cc:64] Could not load dynamic library 'libcudart.so.11.0'; dlerror: libcudart.so.11.0: cannot open shared object file: No such file or directory
2023-07-17 19:43:24.145680: I tensorflow/stream_executor/cuda/cudart_stub.cc:29] Ignore above cudart dlerror if you do not have a GPU set up on your machine.
2023-07-17 19:43:25.924207: I tensorflow/core/platform/cpu_feature_guard.cc:142] This TensorFlow binary is optimized with oneAPI Deep Neural Network Library (oneDNN) to use the following CPU instructions in performance-critical operations:  AVX2 FMA
To enable them in other operations, rebuild TensorFlow with the appropriate compiler flags.
2023-07-17 19:43:25.924207: I tensorflow/core/platform/cpu_feature_guard.cc:142] This TensorFlow binary is optimized with oneAPI Deep Neural Network Library (oneDNN) to use the following CPU instructions in performance-critical operations:  AVX2 FMA
To enable them in other operations, rebuild TensorFlow with the appropriate compiler flags.
2023-07-17 19:43:25.926316: W tensorflow/stream_executor/platform/default/dso_loader.cc:64] Could not load dynamic library 'libcuda.so.1'; dlerror: libcuda.so.1: cannot open shared object file: No such file or directory
2023-07-17 19:43:25.926343: W tensorflow/stream_executor/cuda/cuda_driver.cc:326] failed call to cuInit: UNKNOWN ERROR (303)
2023-07-17 19:43:25.926368: I tensorflow/stream_executor/cuda/cuda_diagnostics.cc:163] no NVIDIA GPU device is present: /dev/nvidia0 does not exist
2023-07-17 19:43:25.926316: W tensorflow/stream_executor/platform/default/dso_loader.cc:64] Could not load dynamic library 'libcuda.so.1'; dlerror: libcuda.so.1: cannot open shared object file: No such file or directory
2023-07-17 19:43:25.926346: W tensorflow/stream_executor/cuda/cuda_driver.cc:326] failed call to cuInit: UNKNOWN ERROR (303)
2023-07-17 19:43:25.926368: I tensorflow/stream_executor/cuda/cuda_diagnostics.cc:163] no NVIDIA GPU device is present: /dev/nvidia0 does not exist
2023-07-17 19:43:29.074235: W tensorflow/core/framework/cpu_allocator_impl.cc:80] Allocation of 963379200 exceeds 10% of free system memory.
2023-07-17 19:43:29.074166: W tensorflow/core/framework/cpu_allocator_impl.cc:80] Allocation of 963379200 exceeds 10% of free system memory.
2023-07-17 19:43:29.217791: W tensorflow/core/framework/cpu_allocator_impl.cc:80] Allocation of 963379200 exceeds 10% of free system memory.
2023-07-17 19:43:29.244297: W tensorflow/core/framework/cpu_allocator_impl.cc:80] Allocation of 963379200 exceeds 10% of free system memory.
WARNING:tensorflow:From /code/models/research/object_detection/utils/model_util.py:57: Tensor.experimental_ref (from tensorflow.python.framework.ops) is deprecated and will be removed in a future version.
Instructions for updating:
Use ref() instead.
WARNING:tensorflow:From /code/models/research/object_detection/utils/model_util.py:57: Tensor.experimental_ref (from tensorflow.python.framework.ops) is deprecated and will be removed in a future version.
Instructions for updating:
Use ref() instead.
2023-07-17 19:43:31.556493: W tensorflow/core/framework/cpu_allocator_impl.cc:80] Allocation of 963379200 exceeds 10% of free system memory.
2023-07-17 19:43:31.635638: W tensorflow/core/framework/cpu_allocator_impl.cc:80] Allocation of 963379200 exceeds 10% of free system memory.
2023-07-17 19:43:31.713088: W tensorflow/core/framework/cpu_allocator_impl.cc:80] Allocation of 963379200 exceeds 10% of free system memory.
2023-07-17 19:43:31.887295: W tensorflow/core/framework/cpu_allocator_impl.cc:80] Allocation of 963379200 exceeds 10% of free system memory.
2023-07-17 19:43:33.763431: W tensorflow/core/framework/cpu_allocator_impl.cc:80] Allocation of 963379200 exceeds 10% of free system memory.
2023-07-17 19:43:34.034420: W tensorflow/core/framework/cpu_allocator_impl.cc:80] Allocation of 963379200 exceeds 10% of free system memory.
/code/detectorPulmones.py:240: RuntimeWarning: More than 20 figures have been opened. Figures created through the pyplot interface (`matplotlib.pyplot.figure`) are retained until explicitly closed and may consume too much memory. (To control this warning, see the rcParam `figure.max_open_warning`).
  plt.figure(figsize=(15,10))
/code/detectorPulmones.py:240: RuntimeWarning: More than 20 figures have been opened. Figures created through the pyplot interface (`matplotlib.pyplot.figure`) are retained until explicitly closed and may consume too much memory. (To control this warning, see the rcParam `figure.max_open_warning`).
  plt.figure(figsize=(15,10))
2023-07-17 19:44:16	DetectorPulmon: processed 4096 bytes in ST=0.000000 RT = 53257 miliseconds
2023-07-17 19:44:17	DetectorPulmon: processed 4096 bytes in ST=0.000000 RT = 54275 miliseconds
2023-07-17 19:44:17	DetectorPulmonpattern: pattern executed in ST = 54890 miliseconds
{ "catalogname": " TESTCATALOG/DemoLunes17-1689622985360/stage_DetectorPulmon-1689623057455 ", "dispersemode": "IDA", "encryption":"true", "fathers_token":"494ed1eb788180ae911414720c7b8ecb223475eb269f7d90883285c822d6ad27", "processed": "true" }
192.168.1.227:20500//pub_sub/v1/catalogs/create?access_token=2f035d54fb698993ddbe723d29b935ef13a3f4293d99a948c2b96c80ac0e6f4e
java -jar Upload.jar e5e201cc3ad6866403af5c344e2528398045d1edd4f4373dbc2883b5391a4c6a b022d64cf2dfa4e51e1b0f0f418d4f843ada4889 0aa9566d1b188f31d438c352f8799b4a030b662f254205fc9fbc708b83e2bcf6 IDA bob 2 '/home/domizzi/Documents/MuyalNezEntregable/CodigoFuente/deployer/app//results/DemoLunes17/stage_DetectorPulmon' cinves true 2f035d54fb698993ddbe723d29b935ef13a3f4293d99a948c2b96c80ac0e6f4e true true 4
java -jar Upload.jar e5e201cc3ad6866403af5c344e2528398045d1edd4f4373dbc2883b5391a4c6a b022d64cf2dfa4e51e1b0f0f418d4f843ada4889 0aa9566d1b188f31d438c352f8799b4a030b662f254205fc9fbc708b83e2bcf6 IDA bob 2 '/home/domizzi/Documents/MuyalNezEntregable/CodigoFuente/deployer/app//results/DemoLunes17/stage_DetectorPulmon' cinves true 2f035d54fb698993ddbe723d29b935ef13a3f4293d99a948c2b96c80ac0e6f4e true true 4
2023-07-17 19:44:17	stage_DetectorPulmon: data satage upload in ST = 341 miliseconds
2023-07-17 19:44:17	stage_DetectorPulmon: stage executed in ST = 55232 miliseconds
