2022-10-13 04:35:53	PARSER: Configured single Deidentification
2022-10-13 04:35:53	PARSER: Configured single ToPNG
2022-10-13 04:35:53	PARSER: Configured single DetectorPulmon
2022-10-13 04:35:53	PARSER: Configured pattern Deidentificationpattern
2022-10-13 04:35:53	PARSER: Configured pattern ToPNGpattern
2022-10-13 04:35:53	PARSER: Configured pattern DetectorPulmonpattern
2022-10-13 04:35:53	PARSER: Configured stage stage_Deidentification
2022-10-13 04:35:53	PARSER: Configured stage stage_ToPNG
2022-10-13 04:35:53	PARSER: Configured stage stage_DetectorPulmon
2022-10-13 04:35:53	PARSER: Configured workflow DemoUAM
2022-10-13 04:35:53	LAUCHER: Coupling stages and building blocks
2022-10-13 04:35:53	DemoUAM: Workdir DemoUAM
2022-10-13 04:35:53	DemoUAM: Workdir exists
2022-10-13 04:35:53	DemoUAM: Stage stage_Deidentification added
2022-10-13 04:35:53	stage_Deidentification: Workdir stage_Deidentification
2022-10-13 04:35:53	stage_Deidentification: Workdir exists
2022-10-13 04:35:53	stage_Deidentification: Added sink stage_ToPNG
2022-10-13 04:35:53	stage_Deidentification: Added building block Deidentificationpattern
2022-10-13 04:35:53	Deidentificationpattern: Workdir Deidentificationpattern
2022-10-13 04:35:53	Deidentificationpattern: Workdir exists
2022-10-13 04:35:53	Deidentification: Workdir Deidentification
2022-10-13 04:35:53	Deidentification: Workdir exists
2022-10-13 04:35:53	DemoUAM: Stage stage_ToPNG added
2022-10-13 04:35:53	stage_ToPNG: Workdir stage_ToPNG
2022-10-13 04:35:53	stage_ToPNG: Workdir exists
2022-10-13 04:35:53	stage_ToPNG: Added source stage_Deidentification
2022-10-13 04:35:53	stage_ToPNG: Added sink stage_DetectorPulmon
2022-10-13 04:35:53	stage_ToPNG: Added building block ToPNGpattern
2022-10-13 04:35:53	ToPNGpattern: Workdir ToPNGpattern
2022-10-13 04:35:53	ToPNGpattern: Workdir exists
2022-10-13 04:35:53	ToPNG: Workdir ToPNG
2022-10-13 04:35:53	ToPNG: Workdir exists
2022-10-13 04:35:53	DemoUAM: Stage stage_DetectorPulmon added
2022-10-13 04:35:53	stage_DetectorPulmon: Workdir stage_DetectorPulmon
2022-10-13 04:35:53	stage_DetectorPulmon: Workdir exists
2022-10-13 04:35:53	stage_DetectorPulmon: Added source stage_ToPNG
2022-10-13 04:35:53	stage_DetectorPulmon: Added building block DetectorPulmonpattern
2022-10-13 04:35:53	DetectorPulmonpattern: Workdir DetectorPulmonpattern
2022-10-13 04:35:53	DetectorPulmonpattern: Workdir exists
2022-10-13 04:35:53	DetectorPulmon: Workdir DetectorPulmon
2022-10-13 04:35:53	DetectorPulmon: Workdir exists
2022-10-13 04:35:53	LAUNCHER: Creating YML file at DemoUAM/docker-compose.yml
DetectorPulmon
ToPNG
Deidentification
2022-10-13 04:35:53	LAUCHER: deploying virtual containers of workflow DemoUAM
java -jar Download.jar 6a9ac2be1e48146a675229bec3f2b1a409a1643bcb714a801d00ff7faebf00d4 fbf9acf7898c61c27ca88169a056fecf6f89ae94 b6c16b6341e636471f89b42f0b3600fcba5d6c62df2c72537c7a5b0a230cca75 2 1 cinves '/home/domizzi/Documents/PRONACES/puzzle/deployer/app//results/DemoUAM/catalogs/MyCat' f1177aa780511b8a417ceeb59fd886431d2cc4dc6526a29761cc93e697885188 true false 1
java.net.ConnectException: Connection timed out (Connection timed out)
	at java.base/java.net.PlainSocketImpl.socketConnect(Native Method)
	at java.base/java.net.AbstractPlainSocketImpl.doConnect(AbstractPlainSocketImpl.java:399)
	at java.base/java.net.AbstractPlainSocketImpl.connectToAddress(AbstractPlainSocketImpl.java:242)
	at java.base/java.net.AbstractPlainSocketImpl.connect(AbstractPlainSocketImpl.java:224)
	at java.base/java.net.Socket.connect(Socket.java:609)
	at java.base/java.net.Socket.connect(Socket.java:558)
	at java.base/sun.net.NetworkClient.doConnect(NetworkClient.java:182)
	at java.base/sun.net.www.http.HttpClient.openServer(HttpClient.java:474)
	at java.base/sun.net.www.http.HttpClient.openServer(HttpClient.java:569)
	at java.base/sun.net.www.http.HttpClient.<init>(HttpClient.java:242)
	at java.base/sun.net.www.http.HttpClient.New(HttpClient.java:341)
	at java.base/sun.net.www.http.HttpClient.New(HttpClient.java:362)
	at java.base/sun.net.www.protocol.http.HttpURLConnection.getNewHttpClient(HttpURLConnection.java:1253)
	at java.base/sun.net.www.protocol.http.HttpURLConnection.plainConnect0(HttpURLConnection.java:1187)
	at java.base/sun.net.www.protocol.http.HttpURLConnection.plainConnect(HttpURLConnection.java:1081)
	at java.base/sun.net.www.protocol.http.HttpURLConnection.connect(HttpURLConnection.java:1015)
	at java.base/sun.net.www.protocol.http.HttpURLConnection.getInputStream0(HttpURLConnection.java:1592)
	at java.base/sun.net.www.protocol.http.HttpURLConnection.getInputStream(HttpURLConnection.java:1520)
	at java.base/java.net.URL.openStream(URL.java:1165)
	at Communication.Communication.downloadFile(Communication.java:1102)
	at Communication.Communication.decrypFile(Communication.java:472)
	at Communication.Communication.retrieve(Communication.java:590)
	at mx.cinvestav.tamps.integracion.gui.RobotWorker.run(RobotWorker.java:79)
	at mx.cinvestav.tamps.integracion.gui.Work.run(RobotHelper.java:99)
	at java.base/java.lang.Thread.run(Thread.java:829)
java.lang.NullPointerException
	at mx.cinvestav.tamps.integracion.gui.RobotWorker.run(RobotWorker.java:49)
	at mx.cinvestav.tamps.integracion.gui.Work.run(RobotHelper.java:99)
	at java.base/java.lang.Thread.run(Thread.java:829)
java.lang.NullPointerException
	at mx.cinvestav.tamps.integracion.gui.RobotWorker.run(RobotWorker.java:49)
	at mx.cinvestav.tamps.integracion.gui.Work.run(RobotHelper.java:99)
	at java.base/java.lang.Thread.run(Thread.java:829)
java.lang.NullPointerException
	at mx.cinvestav.tamps.integracion.gui.RobotWorker.run(RobotWorker.java:49)
	at mx.cinvestav.tamps.integracion.gui.Work.run(RobotHelper.java:99)
	at java.base/java.lang.Thread.run(Thread.java:829)
java.lang.NullPointerException
	at mx.cinvestav.tamps.integracion.gui.RobotWorker.run(RobotWorker.java:49)
	at mx.cinvestav.tamps.integracion.gui.Work.run(RobotHelper.java:99)
	at java.base/java.lang.Thread.run(Thread.java:829)
java.lang.NullPointerException
	at mx.cinvestav.tamps.integracion.gui.RobotWorker.run(RobotWorker.java:49)
	at mx.cinvestav.tamps.integracion.gui.Work.run(RobotHelper.java:99)
	at java.base/java.lang.Thread.run(Thread.java:829)
java.lang.NullPointerException
	at mx.cinvestav.tamps.integracion.gui.RobotWorker.run(RobotWorker.java:49)
	at mx.cinvestav.tamps.integracion.gui.Work.run(RobotHelper.java:99)
	at java.base/java.lang.Thread.run(Thread.java:829)
java.lang.NullPointerException
	at mx.cinvestav.tamps.integracion.gui.RobotWorker.run(RobotWorker.java:49)
	at mx.cinvestav.tamps.integracion.gui.Work.run(RobotHelper.java:99)
	at java.base/java.lang.Thread.run(Thread.java:829)
java.lang.NullPointerException
	at mx.cinvestav.tamps.integracion.gui.RobotWorker.run(RobotWorker.java:49)
	at mx.cinvestav.tamps.integracion.gui.Work.run(RobotHelper.java:99)
	at java.base/java.lang.Thread.run(Thread.java:829)
java.lang.NullPointerException
	at mx.cinvestav.tamps.integracion.gui.RobotWorker.run(RobotWorker.java:49)
	at mx.cinvestav.tamps.integracion.gui.Work.run(RobotHelper.java:99)
	at java.base/java.lang.Thread.run(Thread.java:829)
java.lang.NullPointerException
	at mx.cinvestav.tamps.integracion.gui.RobotWorker.run(RobotWorker.java:49)
	at mx.cinvestav.tamps.integracion.gui.Work.run(RobotHelper.java:99)
	at java.base/java.lang.Thread.run(Thread.java:829)
java.lang.NullPointerException
	at mx.cinvestav.tamps.integracion.gui.RobotWorker.run(RobotWorker.java:49)
	at mx.cinvestav.tamps.integracion.gui.Work.run(RobotHelper.java:99)
	at java.base/java.lang.Thread.run(Thread.java:829)
java.lang.NullPointerException
	at mx.cinvestav.tamps.integracion.gui.RobotWorker.run(RobotWorker.java:49)
	at mx.cinvestav.tamps.integracion.gui.Work.run(RobotHelper.java:99)
	at java.base/java.lang.Thread.run(Thread.java:829)
java.lang.NullPointerException
	at mx.cinvestav.tamps.integracion.gui.RobotWorker.run(RobotWorker.java:49)
	at mx.cinvestav.tamps.integracion.gui.Work.run(RobotHelper.java:99)
	at java.base/java.lang.Thread.run(Thread.java:829)
java.lang.NullPointerException
	at mx.cinvestav.tamps.integracion.gui.RobotWorker.run(RobotWorker.java:49)
	at mx.cinvestav.tamps.integracion.gui.Work.run(RobotHelper.java:99)
	at java.base/java.lang.Thread.run(Thread.java:829)
java.lang.NullPointerException
	at mx.cinvestav.tamps.integracion.gui.RobotWorker.run(RobotWorker.java:49)
	at mx.cinvestav.tamps.integracion.gui.Work.run(RobotHelper.java:99)
	at java.base/java.lang.Thread.run(Thread.java:829)
java.lang.NullPointerException
	at mx.cinvestav.tamps.integracion.gui.RobotWorker.run(RobotWorker.java:49)
	at mx.cinvestav.tamps.integracion.gui.Work.run(RobotHelper.java:99)
	at java.base/java.lang.Thread.run(Thread.java:829)
java.lang.NullPointerException
	at mx.cinvestav.tamps.integracion.gui.RobotWorker.run(RobotWorker.java:49)
	at mx.cinvestav.tamps.integracion.gui.Work.run(RobotHelper.java:99)
	at java.base/java.lang.Thread.run(Thread.java:829)
java.lang.NullPointerException
	at mx.cinvestav.tamps.integracion.gui.RobotWorker.run(RobotWorker.java:49)
	at mx.cinvestav.tamps.integracion.gui.Work.run(RobotHelper.java:99)
	at java.base/java.lang.Thread.run(Thread.java:829)
java.lang.NullPointerException
	at mx.cinvestav.tamps.integracion.gui.RobotWorker.run(RobotWorker.java:49)
	at mx.cinvestav.tamps.integracion.gui.Work.run(RobotHelper.java:99)
	at java.base/java.lang.Thread.run(Thread.java:829)
java.lang.NullPointerException
	at mx.cinvestav.tamps.integracion.gui.RobotWorker.run(RobotWorker.java:49)
	at mx.cinvestav.tamps.integracion.gui.Work.run(RobotHelper.java:99)
	at java.base/java.lang.Thread.run(Thread.java:829)
java.lang.NullPointerException
	at mx.cinvestav.tamps.integracion.gui.RobotWorker.run(RobotWorker.java:49)
	at mx.cinvestav.tamps.integracion.gui.Work.run(RobotHelper.java:99)
	at java.base/java.lang.Thread.run(Thread.java:829)
java.lang.NullPointerException
	at mx.cinvestav.tamps.integracion.gui.RobotWorker.run(RobotWorker.java:49)
	at mx.cinvestav.tamps.integracion.gui.Work.run(RobotHelper.java:99)
	at java.base/java.lang.Thread.run(Thread.java:829)
java.lang.NullPointerException
	at mx.cinvestav.tamps.integracion.gui.RobotWorker.run(RobotWorker.java:49)
	at mx.cinvestav.tamps.integracion.gui.Work.run(RobotHelper.java:99)
	at java.base/java.lang.Thread.run(Thread.java:829)
java.lang.NullPointerException
	at mx.cinvestav.tamps.integracion.gui.RobotWorker.run(RobotWorker.java:49)
	at mx.cinvestav.tamps.integracion.gui.Work.run(RobotHelper.java:99)
	at java.base/java.lang.Thread.run(Thread.java:829)
java.lang.NullPointerException
	at mx.cinvestav.tamps.integracion.gui.RobotWorker.run(RobotWorker.java:49)
	at mx.cinvestav.tamps.integracion.gui.Work.run(RobotHelper.java:99)
	at java.base/java.lang.Thread.run(Thread.java:829)
java.lang.NullPointerException
	at mx.cinvestav.tamps.integracion.gui.RobotWorker.run(RobotWorker.java:49)
	at mx.cinvestav.tamps.integracion.gui.Work.run(RobotHelper.java:99)
	at java.base/java.lang.Thread.run(Thread.java:829)
java.lang.NullPointerException
	at mx.cinvestav.tamps.integracion.gui.RobotWorker.run(RobotWorker.java:49)
	at mx.cinvestav.tamps.integracion.gui.Work.run(RobotHelper.java:99)
	at java.base/java.lang.Thread.run(Thread.java:829)
java.lang.NullPointerException
	at mx.cinvestav.tamps.integracion.gui.RobotWorker.run(RobotWorker.java:49)
	at mx.cinvestav.tamps.integracion.gui.Work.run(RobotHelper.java:99)
	at java.base/java.lang.Thread.run(Thread.java:829)
java.lang.NullPointerException
	at mx.cinvestav.tamps.integracion.gui.RobotWorker.run(RobotWorker.java:49)
	at mx.cinvestav.tamps.integracion.gui.Work.run(RobotHelper.java:99)
	at java.base/java.lang.Thread.run(Thread.java:829)
java.lang.NullPointerException
	at mx.cinvestav.tamps.integracion.gui.RobotWorker.run(RobotWorker.java:49)
	at mx.cinvestav.tamps.integracion.gui.Work.run(RobotHelper.java:99)
	at java.base/java.lang.Thread.run(Thread.java:829)
java.lang.NullPointerException
	at mx.cinvestav.tamps.integracion.gui.RobotWorker.run(RobotWorker.java:49)
	at mx.cinvestav.tamps.integracion.gui.Work.run(RobotHelper.java:99)
	at java.base/java.lang.Thread.run(Thread.java:829)
java.lang.NullPointerException
	at mx.cinvestav.tamps.integracion.gui.RobotWorker.run(RobotWorker.java:49)
	at mx.cinvestav.tamps.integracion.gui.Work.run(RobotHelper.java:99)
	at java.base/java.lang.Thread.run(Thread.java:829)
java.lang.NullPointerException
	at mx.cinvestav.tamps.integracion.gui.RobotWorker.run(RobotWorker.java:49)
	at mx.cinvestav.tamps.integracion.gui.Work.run(RobotHelper.java:99)
	at java.base/java.lang.Thread.run(Thread.java:829)
java.lang.NullPointerException
	at mx.cinvestav.tamps.integracion.gui.RobotWorker.run(RobotWorker.java:49)
	at mx.cinvestav.tamps.integracion.gui.Work.run(RobotHelper.java:99)
	at java.base/java.lang.Thread.run(Thread.java:829)
java.lang.NullPointerException
	at mx.cinvestav.tamps.integracion.gui.RobotWorker.run(RobotWorker.java:49)
	at mx.cinvestav.tamps.integracion.gui.Work.run(RobotHelper.java:99)
	at java.base/java.lang.Thread.run(Thread.java:829)
java.lang.NullPointerException
	at mx.cinvestav.tamps.integracion.gui.RobotWorker.run(RobotWorker.java:49)
	at mx.cinvestav.tamps.integracion.gui.Work.run(RobotHelper.java:99)
	at java.base/java.lang.Thread.run(Thread.java:829)
java.lang.NullPointerException
	at mx.cinvestav.tamps.integracion.gui.RobotWorker.run(RobotWorker.java:49)
	at mx.cinvestav.tamps.integracion.gui.Work.run(RobotHelper.java:99)
	at java.base/java.lang.Thread.run(Thread.java:829)
java.lang.NullPointerException
	at mx.cinvestav.tamps.integracion.gui.RobotWorker.run(RobotWorker.java:49)
	at mx.cinvestav.tamps.integracion.gui.Work.run(RobotHelper.java:99)
	at java.base/java.lang.Thread.run(Thread.java:829)
java.lang.NullPointerException
	at mx.cinvestav.tamps.integracion.gui.RobotWorker.run(RobotWorker.java:49)
	at mx.cinvestav.tamps.integracion.gui.Work.run(RobotHelper.java:99)
	at java.base/java.lang.Thread.run(Thread.java:829)
java.lang.NullPointerException
	at mx.cinvestav.tamps.integracion.gui.RobotWorker.run(RobotWorker.java:49)
	at mx.cinvestav.tamps.integracion.gui.Work.run(RobotHelper.java:99)
	at java.base/java.lang.Thread.run(Thread.java:829)
java.lang.NullPointerException
	at mx.cinvestav.tamps.integracion.gui.RobotWorker.run(RobotWorker.java:49)
	at mx.cinvestav.tamps.integracion.gui.Work.run(RobotHelper.java:99)
	at java.base/java.lang.Thread.run(Thread.java:829)
java.lang.NullPointerException
	at mx.cinvestav.tamps.integracion.gui.RobotWorker.run(RobotWorker.java:49)
	at mx.cinvestav.tamps.integracion.gui.Work.run(RobotHelper.java:99)
	at java.base/java.lang.Thread.run(Thread.java:829)
java.lang.NullPointerException
	at mx.cinvestav.tamps.integracion.gui.RobotWorker.run(RobotWorker.java:49)
	at mx.cinvestav.tamps.integracion.gui.Work.run(RobotHelper.java:99)
	at java.base/java.lang.Thread.run(Thread.java:829)
java.lang.NullPointerException
	at mx.cinvestav.tamps.integracion.gui.RobotWorker.run(RobotWorker.java:49)
	at mx.cinvestav.tamps.integracion.gui.Work.run(RobotHelper.java:99)
	at java.base/java.lang.Thread.run(Thread.java:829)
java.lang.NullPointerException
	at mx.cinvestav.tamps.integracion.gui.RobotWorker.run(RobotWorker.java:49)
	at mx.cinvestav.tamps.integracion.gui.Work.run(RobotHelper.java:99)
	at java.base/java.lang.Thread.run(Thread.java:829)
java.lang.NullPointerException
	at mx.cinvestav.tamps.integracion.gui.RobotWorker.run(RobotWorker.java:49)
	at mx.cinvestav.tamps.integracion.gui.Work.run(RobotHelper.java:99)
	at java.base/java.lang.Thread.run(Thread.java:829)
java.lang.NullPointerException
	at mx.cinvestav.tamps.integracion.gui.RobotWorker.run(RobotWorker.java:49)
	at mx.cinvestav.tamps.integracion.gui.Work.run(RobotHelper.java:99)
	at java.base/java.lang.Thread.run(Thread.java:829)
java.lang.NullPointerException
	at mx.cinvestav.tamps.integracion.gui.RobotWorker.run(RobotWorker.java:49)
	at mx.cinvestav.tamps.integracion.gui.Work.run(RobotHelper.java:99)
	at java.base/java.lang.Thread.run(Thread.java:829)
java.lang.NullPointerException
	at mx.cinvestav.tamps.integracion.gui.RobotWorker.run(RobotWorker.java:49)
	at mx.cinvestav.tamps.integracion.gui.Work.run(RobotHelper.java:99)
	at java.base/java.lang.Thread.run(Thread.java:829)
java.lang.NullPointerException
	at mx.cinvestav.tamps.integracion.gui.RobotWorker.run(RobotWorker.java:49)
	at mx.cinvestav.tamps.integracion.gui.Work.run(RobotHelper.java:99)
	at java.base/java.lang.Thread.run(Thread.java:829)
java.lang.NullPointerException
	at mx.cinvestav.tamps.integracion.gui.RobotWorker.run(RobotWorker.java:49)
	at mx.cinvestav.tamps.integracion.gui.Work.run(RobotHelper.java:99)
	at java.base/java.lang.Thread.run(Thread.java:829)
java.lang.NullPointerException
	at mx.cinvestav.tamps.integracion.gui.RobotWorker.run(RobotWorker.java:49)
	at mx.cinvestav.tamps.integracion.gui.Work.run(RobotHelper.java:99)
	at java.base/java.lang.Thread.run(Thread.java:829)
java.lang.NullPointerException
	at mx.cinvestav.tamps.integracion.gui.RobotWorker.run(RobotWorker.java:49)
	at mx.cinvestav.tamps.integracion.gui.Work.run(RobotHelper.java:99)
	at java.base/java.lang.Thread.run(Thread.java:829)
java.lang.NullPointerException
	at mx.cinvestav.tamps.integracion.gui.RobotWorker.run(RobotWorker.java:49)
	at mx.cinvestav.tamps.integracion.gui.Work.run(RobotHelper.java:99)
	at java.base/java.lang.Thread.run(Thread.java:829)
java.lang.NullPointerException
	at mx.cinvestav.tamps.integracion.gui.RobotWorker.run(RobotWorker.java:49)
	at mx.cinvestav.tamps.integracion.gui.Work.run(RobotHelper.java:99)
	at java.base/java.lang.Thread.run(Thread.java:829)
java.lang.NullPointerException
	at mx.cinvestav.tamps.integracion.gui.RobotWorker.run(RobotWorker.java:49)
	at mx.cinvestav.tamps.integracion.gui.Work.run(RobotHelper.java:99)
	at java.base/java.lang.Thread.run(Thread.java:829)
java.lang.NullPointerException
	at mx.cinvestav.tamps.integracion.gui.RobotWorker.run(RobotWorker.java:49)
	at mx.cinvestav.tamps.integracion.gui.Work.run(RobotHelper.java:99)
	at java.base/java.lang.Thread.run(Thread.java:829)
java.lang.NullPointerException
	at mx.cinvestav.tamps.integracion.gui.RobotWorker.run(RobotWorker.java:49)
	at mx.cinvestav.tamps.integracion.gui.Work.run(RobotHelper.java:99)
	at java.base/java.lang.Thread.run(Thread.java:829)
java.lang.NullPointerException
	at mx.cinvestav.tamps.integracion.gui.RobotWorker.run(RobotWorker.java:49)
	at mx.cinvestav.tamps.integracion.gui.Work.run(RobotHelper.java:99)
	at java.base/java.lang.Thread.run(Thread.java:829)
java.lang.NullPointerException
	at mx.cinvestav.tamps.integracion.gui.RobotWorker.run(RobotWorker.java:49)
	at mx.cinvestav.tamps.integracion.gui.Work.run(RobotHelper.java:99)
	at java.base/java.lang.Thread.run(Thread.java:829)
java.lang.NullPointerException
	at mx.cinvestav.tamps.integracion.gui.RobotWorker.run(RobotWorker.java:49)
	at mx.cinvestav.tamps.integracion.gui.Work.run(RobotHelper.java:99)
	at java.base/java.lang.Thread.run(Thread.java:829)
java.lang.NullPointerException
	at mx.cinvestav.tamps.integracion.gui.RobotWorker.run(RobotWorker.java:49)
	at mx.cinvestav.tamps.integracion.gui.Work.run(RobotHelper.java:99)
	at java.base/java.lang.Thread.run(Thread.java:829)
java.lang.NullPointerException
	at mx.cinvestav.tamps.integracion.gui.RobotWorker.run(RobotWorker.java:49)
	at mx.cinvestav.tamps.integracion.gui.Work.run(RobotHelper.java:99)
	at java.base/java.lang.Thread.run(Thread.java:829)
java.lang.NullPointerException
	at mx.cinvestav.tamps.integracion.gui.RobotWorker.run(RobotWorker.java:49)
	at mx.cinvestav.tamps.integracion.gui.Work.run(RobotHelper.java:99)
	at java.base/java.lang.Thread.run(Thread.java:829)
java.lang.NullPointerException
	at mx.cinvestav.tamps.integracion.gui.RobotWorker.run(RobotWorker.java:49)
	at mx.cinvestav.tamps.integracion.gui.Work.run(RobotHelper.java:99)
	at java.base/java.lang.Thread.run(Thread.java:829)
java.lang.NullPointerException
	at mx.cinvestav.tamps.integracion.gui.RobotWorker.run(RobotWorker.java:49)
	at mx.cinvestav.tamps.integracion.gui.Work.run(RobotHelper.java:99)
	at java.base/java.lang.Thread.run(Thread.java:829)
java.lang.NullPointerException
	at mx.cinvestav.tamps.integracion.gui.RobotWorker.run(RobotWorker.java:49)
	at mx.cinvestav.tamps.integracion.gui.Work.run(RobotHelper.java:99)
	at java.base/java.lang.Thread.run(Thread.java:829)
java.lang.NullPointerException
	at mx.cinvestav.tamps.integracion.gui.RobotWorker.run(RobotWorker.java:49)
	at mx.cinvestav.tamps.integracion.gui.Work.run(RobotHelper.java:99)
	at java.base/java.lang.Thread.run(Thread.java:829)
java.lang.NullPointerException
	at mx.cinvestav.tamps.integracion.gui.RobotWorker.run(RobotWorker.java:49)
	at mx.cinvestav.tamps.integracion.gui.Work.run(RobotHelper.java:99)
	at java.base/java.lang.Thread.run(Thread.java:829)
java.lang.NullPointerException
	at mx.cinvestav.tamps.integracion.gui.RobotWorker.run(RobotWorker.java:49)
	at mx.cinvestav.tamps.integracion.gui.Work.run(RobotHelper.java:99)
	at java.base/java.lang.Thread.run(Thread.java:829)
java.lang.NullPointerException
	at mx.cinvestav.tamps.integracion.gui.RobotWorker.run(RobotWorker.java:49)
	at mx.cinvestav.tamps.integracion.gui.Work.run(RobotHelper.java:99)
	at java.base/java.lang.Thread.run(Thread.java:829)
java.lang.NullPointerException
	at mx.cinvestav.tamps.integracion.gui.RobotWorker.run(RobotWorker.java:49)
	at mx.cinvestav.tamps.integracion.gui.Work.run(RobotHelper.java:99)
	at java.base/java.lang.Thread.run(Thread.java:829)
java.lang.NullPointerException
	at mx.cinvestav.tamps.integracion.gui.RobotWorker.run(RobotWorker.java:49)
	at mx.cinvestav.tamps.integracion.gui.Work.run(RobotHelper.java:99)
	at java.base/java.lang.Thread.run(Thread.java:829)
java.lang.NullPointerException
	at mx.cinvestav.tamps.integracion.gui.RobotWorker.run(RobotWorker.java:49)
	at mx.cinvestav.tamps.integracion.gui.Work.run(RobotHelper.java:99)
	at java.base/java.lang.Thread.run(Thread.java:829)
java.lang.NullPointerException
	at mx.cinvestav.tamps.integracion.gui.RobotWorker.run(RobotWorker.java:49)
	at mx.cinvestav.tamps.integracion.gui.Work.run(RobotHelper.java:99)
	at java.base/java.lang.Thread.run(Thread.java:829)
java.lang.NullPointerException
	at mx.cinvestav.tamps.integracion.gui.RobotWorker.run(RobotWorker.java:49)
	at mx.cinvestav.tamps.integracion.gui.Work.run(RobotHelper.java:99)
	at java.base/java.lang.Thread.run(Thread.java:829)
java.lang.NullPointerException
	at mx.cinvestav.tamps.integracion.gui.RobotWorker.run(RobotWorker.java:49)
	at mx.cinvestav.tamps.integracion.gui.Work.run(RobotHelper.java:99)
	at java.base/java.lang.Thread.run(Thread.java:829)
java.lang.NullPointerException
	at mx.cinvestav.tamps.integracion.gui.RobotWorker.run(RobotWorker.java:49)
	at mx.cinvestav.tamps.integracion.gui.Work.run(RobotHelper.java:99)
	at java.base/java.lang.Thread.run(Thread.java:829)
java.lang.NullPointerException
	at mx.cinvestav.tamps.integracion.gui.RobotWorker.run(RobotWorker.java:49)
	at mx.cinvestav.tamps.integracion.gui.Work.run(RobotHelper.java:99)
	at java.base/java.lang.Thread.run(Thread.java:829)
java.lang.NullPointerException
	at mx.cinvestav.tamps.integracion.gui.RobotWorker.run(RobotWorker.java:49)
	at mx.cinvestav.tamps.integracion.gui.Work.run(RobotHelper.java:99)
	at java.base/java.lang.Thread.run(Thread.java:829)
java.lang.NullPointerException
	at mx.cinvestav.tamps.integracion.gui.RobotWorker.run(RobotWorker.java:49)
	at mx.cinvestav.tamps.integracion.gui.Work.run(RobotHelper.java:99)
	at java.base/java.lang.Thread.run(Thread.java:829)
java.lang.NullPointerException
	at mx.cinvestav.tamps.integracion.gui.RobotWorker.run(RobotWorker.java:49)
	at mx.cinvestav.tamps.integracion.gui.Work.run(RobotHelper.java:99)
	at java.base/java.lang.Thread.run(Thread.java:829)
java.lang.NullPointerException
	at mx.cinvestav.tamps.integracion.gui.RobotWorker.run(RobotWorker.java:49)
	at mx.cinvestav.tamps.integracion.gui.Work.run(RobotHelper.java:99)
	at java.base/java.lang.Thread.run(Thread.java:829)
java.lang.NullPointerException
	at mx.cinvestav.tamps.integracion.gui.RobotWorker.run(RobotWorker.java:49)
	at mx.cinvestav.tamps.integracion.gui.Work.run(RobotHelper.java:99)
	at java.base/java.lang.Thread.run(Thread.java:829)
java.lang.NullPointerException
	at mx.cinvestav.tamps.integracion.gui.RobotWorker.run(RobotWorker.java:49)
	at mx.cinvestav.tamps.integracion.gui.Work.run(RobotHelper.java:99)
	at java.base/java.lang.Thread.run(Thread.java:829)
java.lang.NullPointerException
	at mx.cinvestav.tamps.integracion.gui.RobotWorker.run(RobotWorker.java:49)
	at mx.cinvestav.tamps.integracion.gui.Work.run(RobotHelper.java:99)
	at java.base/java.lang.Thread.run(Thread.java:829)
java.lang.NullPointerException
	at mx.cinvestav.tamps.integracion.gui.RobotWorker.run(RobotWorker.java:49)
	at mx.cinvestav.tamps.integracion.gui.Work.run(RobotHelper.java:99)
	at java.base/java.lang.Thread.run(Thread.java:829)
java.lang.NullPointerException
	at mx.cinvestav.tamps.integracion.gui.RobotWorker.run(RobotWorker.java:49)
	at mx.cinvestav.tamps.integracion.gui.Work.run(RobotHelper.java:99)
	at java.base/java.lang.Thread.run(Thread.java:829)
java.lang.NullPointerException
	at mx.cinvestav.tamps.integracion.gui.RobotWorker.run(RobotWorker.java:49)
	at mx.cinvestav.tamps.integracion.gui.Work.run(RobotHelper.java:99)
	at java.base/java.lang.Thread.run(Thread.java:829)
java.lang.NullPointerException
	at mx.cinvestav.tamps.integracion.gui.RobotWorker.run(RobotWorker.java:49)
	at mx.cinvestav.tamps.integracion.gui.Work.run(RobotHelper.java:99)
	at java.base/java.lang.Thread.run(Thread.java:829)
java.lang.NullPointerException
	at mx.cinvestav.tamps.integracion.gui.RobotWorker.run(RobotWorker.java:49)
	at mx.cinvestav.tamps.integracion.gui.Work.run(RobotHelper.java:99)
	at java.base/java.lang.Thread.run(Thread.java:829)
java.lang.NullPointerException
	at mx.cinvestav.tamps.integracion.gui.RobotWorker.run(RobotWorker.java:49)
	at mx.cinvestav.tamps.integracion.gui.Work.run(RobotHelper.java:99)
	at java.base/java.lang.Thread.run(Thread.java:829)
java.lang.NullPointerException
	at mx.cinvestav.tamps.integracion.gui.RobotWorker.run(RobotWorker.java:49)
	at mx.cinvestav.tamps.integracion.gui.Work.run(RobotHelper.java:99)
	at java.base/java.lang.Thread.run(Thread.java:829)
java.lang.NullPointerException
	at mx.cinvestav.tamps.integracion.gui.RobotWorker.run(RobotWorker.java:49)
	at mx.cinvestav.tamps.integracion.gui.Work.run(RobotHelper.java:99)
	at java.base/java.lang.Thread.run(Thread.java:829)
java.lang.NullPointerException
	at mx.cinvestav.tamps.integracion.gui.RobotWorker.run(RobotWorker.java:49)
	at mx.cinvestav.tamps.integracion.gui.Work.run(RobotHelper.java:99)
	at java.base/java.lang.Thread.run(Thread.java:829)
java.lang.NullPointerException
	at mx.cinvestav.tamps.integracion.gui.RobotWorker.run(RobotWorker.java:49)
	at mx.cinvestav.tamps.integracion.gui.Work.run(RobotHelper.java:99)
	at java.base/java.lang.Thread.run(Thread.java:829)
java.lang.NullPointerException
	at mx.cinvestav.tamps.integracion.gui.RobotWorker.run(RobotWorker.java:49)
	at mx.cinvestav.tamps.integracion.gui.Work.run(RobotHelper.java:99)
	at java.base/java.lang.Thread.run(Thread.java:829)
java.lang.NullPointerException
	at mx.cinvestav.tamps.integracion.gui.RobotWorker.run(RobotWorker.java:49)
	at mx.cinvestav.tamps.integracion.gui.Work.run(RobotHelper.java:99)
	at java.base/java.lang.Thread.run(Thread.java:829)
java.lang.NullPointerException
	at mx.cinvestav.tamps.integracion.gui.RobotWorker.run(RobotWorker.java:49)
	at mx.cinvestav.tamps.integracion.gui.Work.run(RobotHelper.java:99)
	at java.base/java.lang.Thread.run(Thread.java:829)
java.lang.NullPointerException
	at mx.cinvestav.tamps.integracion.gui.RobotWorker.run(RobotWorker.java:49)
	at mx.cinvestav.tamps.integracion.gui.Work.run(RobotHelper.java:99)
	at java.base/java.lang.Thread.run(Thread.java:829)
java.lang.NullPointerException
	at mx.cinvestav.tamps.integracion.gui.RobotWorker.run(RobotWorker.java:49)
	at mx.cinvestav.tamps.integracion.gui.Work.run(RobotHelper.java:99)
	at java.base/java.lang.Thread.run(Thread.java:829)
java.lang.NullPointerException
	at mx.cinvestav.tamps.integracion.gui.RobotWorker.run(RobotWorker.java:49)
	at mx.cinvestav.tamps.integracion.gui.Work.run(RobotHelper.java:99)
	at java.base/java.lang.Thread.run(Thread.java:829)
java.lang.NullPointerException
	at mx.cinvestav.tamps.integracion.gui.RobotWorker.run(RobotWorker.java:49)
	at mx.cinvestav.tamps.integracion.gui.Work.run(RobotHelper.java:99)
	at java.base/java.lang.Thread.run(Thread.java:829)
java.lang.NullPointerException
	at mx.cinvestav.tamps.integracion.gui.RobotWorker.run(RobotWorker.java:49)
	at mx.cinvestav.tamps.integracion.gui.Work.run(RobotHelper.java:99)
	at java.base/java.lang.Thread.run(Thread.java:829)
java.lang.NullPointerException
	at mx.cinvestav.tamps.integracion.gui.RobotWorker.run(RobotWorker.java:49)
	at mx.cinvestav.tamps.integracion.gui.Work.run(RobotHelper.java:99)
	at java.base/java.lang.Thread.run(Thread.java:829)
java.lang.NullPointerException
	at mx.cinvestav.tamps.integracion.gui.RobotWorker.run(RobotWorker.java:49)
	at mx.cinvestav.tamps.integracion.gui.Work.run(RobotHelper.java:99)
	at java.base/java.lang.Thread.run(Thread.java:829)
java.lang.NullPointerException
	at mx.cinvestav.tamps.integracion.gui.RobotWorker.run(RobotWorker.java:49)
	at mx.cinvestav.tamps.integracion.gui.Work.run(RobotHelper.java:99)
	at java.base/java.lang.Thread.run(Thread.java:829)
java.lang.NullPointerException
	at mx.cinvestav.tamps.integracion.gui.RobotWorker.run(RobotWorker.java:49)
	at mx.cinvestav.tamps.integracion.gui.Work.run(RobotHelper.java:99)
	at java.base/java.lang.Thread.run(Thread.java:829)
java.lang.NullPointerException
	at mx.cinvestav.tamps.integracion.gui.RobotWorker.run(RobotWorker.java:49)
	at mx.cinvestav.tamps.integracion.gui.Work.run(RobotHelper.java:99)
	at java.base/java.lang.Thread.run(Thread.java:829)
java.lang.NullPointerException
	at mx.cinvestav.tamps.integracion.gui.RobotWorker.run(RobotWorker.java:49)
	at mx.cinvestav.tamps.integracion.gui.Work.run(RobotHelper.java:99)
	at java.base/java.lang.Thread.run(Thread.java:829)
java.lang.NullPointerException
	at mx.cinvestav.tamps.integracion.gui.RobotWorker.run(RobotWorker.java:49)
	at mx.cinvestav.tamps.integracion.gui.Work.run(RobotHelper.java:99)
	at java.base/java.lang.Thread.run(Thread.java:829)
java.lang.NullPointerException
	at mx.cinvestav.tamps.integracion.gui.RobotWorker.run(RobotWorker.java:49)
	at mx.cinvestav.tamps.integracion.gui.Work.run(RobotHelper.java:99)
	at java.base/java.lang.Thread.run(Thread.java:829)
java.lang.NullPointerException
	at mx.cinvestav.tamps.integracion.gui.RobotWorker.run(RobotWorker.java:49)
	at mx.cinvestav.tamps.integracion.gui.Work.run(RobotHelper.java:99)
	at java.base/java.lang.Thread.run(Thread.java:829)
java.lang.NullPointerException
	at mx.cinvestav.tamps.integracion.gui.RobotWorker.run(RobotWorker.java:49)
	at mx.cinvestav.tamps.integracion.gui.Work.run(RobotHelper.java:99)
	at java.base/java.lang.Thread.run(Thread.java:829)
java.lang.NullPointerException
	at mx.cinvestav.tamps.integracion.gui.RobotWorker.run(RobotWorker.java:49)
	at mx.cinvestav.tamps.integracion.gui.Work.run(RobotHelper.java:99)
	at java.base/java.lang.Thread.run(Thread.java:829)
java.lang.NullPointerException
	at mx.cinvestav.tamps.integracion.gui.RobotWorker.run(RobotWorker.java:49)
	at mx.cinvestav.tamps.integracion.gui.Work.run(RobotHelper.java:99)
	at java.base/java.lang.Thread.run(Thread.java:829)
java.lang.NullPointerException
	at mx.cinvestav.tamps.integracion.gui.RobotWorker.run(RobotWorker.java:49)
	at mx.cinvestav.tamps.integracion.gui.Work.run(RobotHelper.java:99)
	at java.base/java.lang.Thread.run(Thread.java:829)
java.lang.NullPointerException
	at mx.cinvestav.tamps.integracion.gui.RobotWorker.run(RobotWorker.java:49)
	at mx.cinvestav.tamps.integracion.gui.Work.run(RobotHelper.java:99)
	at java.base/java.lang.Thread.run(Thread.java:829)
java.lang.NullPointerException
	at mx.cinvestav.tamps.integracion.gui.RobotWorker.run(RobotWorker.java:49)
	at mx.cinvestav.tamps.integracion.gui.Work.run(RobotHelper.java:99)
	at java.base/java.lang.Thread.run(Thread.java:829)
java.lang.NullPointerException
	at mx.cinvestav.tamps.integracion.gui.RobotWorker.run(RobotWorker.java:49)
	at mx.cinvestav.tamps.integracion.gui.Work.run(RobotHelper.java:99)
	at java.base/java.lang.Thread.run(Thread.java:829)
java.lang.NullPointerException
	at mx.cinvestav.tamps.integracion.gui.RobotWorker.run(RobotWorker.java:49)
	at mx.cinvestav.tamps.integracion.gui.Work.run(RobotHelper.java:99)
	at java.base/java.lang.Thread.run(Thread.java:829)
java.lang.NullPointerException
	at mx.cinvestav.tamps.integracion.gui.RobotWorker.run(RobotWorker.java:49)
	at mx.cinvestav.tamps.integracion.gui.Work.run(RobotHelper.java:99)
	at java.base/java.lang.Thread.run(Thread.java:829)
java.lang.NullPointerException
	at mx.cinvestav.tamps.integracion.gui.RobotWorker.run(RobotWorker.java:49)
	at mx.cinvestav.tamps.integracion.gui.Work.run(RobotHelper.java:99)
	at java.base/java.lang.Thread.run(Thread.java:829)
java.lang.NullPointerException
	at mx.cinvestav.tamps.integracion.gui.RobotWorker.run(RobotWorker.java:49)
	at mx.cinvestav.tamps.integracion.gui.Work.run(RobotHelper.java:99)
	at java.base/java.lang.Thread.run(Thread.java:829)
java.lang.NullPointerException
	at mx.cinvestav.tamps.integracion.gui.RobotWorker.run(RobotWorker.java:49)
	at mx.cinvestav.tamps.integracion.gui.Work.run(RobotHelper.java:99)
	at java.base/java.lang.Thread.run(Thread.java:829)
java.lang.NullPointerException
	at mx.cinvestav.tamps.integracion.gui.RobotWorker.run(RobotWorker.java:49)
	at mx.cinvestav.tamps.integracion.gui.Work.run(RobotHelper.java:99)
	at java.base/java.lang.Thread.run(Thread.java:829)
java.lang.NullPointerException
	at mx.cinvestav.tamps.integracion.gui.RobotWorker.run(RobotWorker.java:49)
	at mx.cinvestav.tamps.integracion.gui.Work.run(RobotHelper.java:99)
	at java.base/java.lang.Thread.run(Thread.java:829)
java.lang.NullPointerException
	at mx.cinvestav.tamps.integracion.gui.RobotWorker.run(RobotWorker.java:49)
	at mx.cinvestav.tamps.integracion.gui.Work.run(RobotHelper.java:99)
	at java.base/java.lang.Thread.run(Thread.java:829)
java.lang.NullPointerException
	at mx.cinvestav.tamps.integracion.gui.RobotWorker.run(RobotWorker.java:49)
	at mx.cinvestav.tamps.integracion.gui.Work.run(RobotHelper.java:99)
	at java.base/java.lang.Thread.run(Thread.java:829)
java.lang.NullPointerException
	at mx.cinvestav.tamps.integracion.gui.RobotWorker.run(RobotWorker.java:49)
	at mx.cinvestav.tamps.integracion.gui.Work.run(RobotHelper.java:99)
	at java.base/java.lang.Thread.run(Thread.java:829)
java.lang.NullPointerException
	at mx.cinvestav.tamps.integracion.gui.RobotWorker.run(RobotWorker.java:49)
	at mx.cinvestav.tamps.integracion.gui.Work.run(RobotHelper.java:99)
	at java.base/java.lang.Thread.run(Thread.java:829)
java.lang.NullPointerException
	at mx.cinvestav.tamps.integracion.gui.RobotWorker.run(RobotWorker.java:49)
	at mx.cinvestav.tamps.integracion.gui.Work.run(RobotHelper.java:99)
	at java.base/java.lang.Thread.run(Thread.java:829)
java.lang.NullPointerException
	at mx.cinvestav.tamps.integracion.gui.RobotWorker.run(RobotWorker.java:49)
	at mx.cinvestav.tamps.integracion.gui.Work.run(RobotHelper.java:99)
	at java.base/java.lang.Thread.run(Thread.java:829)
2022-10-13 04:38:07	DemoUAM: executing 
{ "catalogname": " MyCat/DemoUAM-1665635887903 ", "dispersemode": "IDA", "encryption":"true", "fathers_token":"b6c16b6341e636471f89b42f0b3600fcba5d6c62df2c72537c7a5b0a230cca75", "processed": "true" }
192.168.1.205:20500//pub_sub/v1/catalogs/create?access_token=f1177aa780511b8a417ceeb59fd886431d2cc4dc6526a29761cc93e697885188
2022-10-13 04:38:07	stage_ToPNG: waiting
2022-10-13 04:38:07	stage_DetectorPulmon: waiting
2022-10-13 04:38:07	stage_Deidentification: waiting
2022-10-13 04:38:07	stage_Deidentification: WORKING
2022-10-13 04:38:07	stage_Deidentification: has 1 sources
2022-10-13 04:38:07	Deidentificationpattern: waiting
2022-10-13 04:38:07	Deidentificationpattern: running
2022-10-13 04:38:07	Deidentificationpattern: executing load balancer
2022-10-13 04:38:08	Deidentificationpattern: load balancer executed in RT = 881 miliseconds
2022-10-13 04:38:08	Deidentification: waiting
2022-10-13 04:38:08	Deidentification: running
2022-10-13 04:38:08	Deidentification: waiting
2022-10-13 04:38:08	Deidentification: running
2022-10-13 04:38:08	Deidentification: processed 0 bytes in ST=0.000000 RT = 0 miliseconds
python3 /code/process_dir.py --input /home/domizzi/Documents/PRONACES/puzzle/deployer/app//results//DemoUAM/catalogs/MyCat/P1 --outfolder '/home/domizzi/Documents/PRONACES/puzzle/deployer/app//results/DemoUAM/stage_Deidentification/Deidentificationpattern/Deidentification/' --save dicom
WARNING No specification, loading default base deid.dicom
WARNING Cannot read input file /home/domizzi/Documents/PRONACES/puzzle/deployer/app//results//DemoUAM/catalogs/MyCat/P1/1-093.dcm, skipping.
2022-10-13 04:38:10	Deidentification: processed 4096 bytes in ST=0.000000 RT = 1305 miliseconds
2022-10-13 04:38:10	Deidentificationpattern: pattern executed in ST = 2187 miliseconds
{ "catalogname": " MyCat/DemoUAM-1665635887903/stage_Deidentification-1665635890150 ", "dispersemode": "IDA", "encryption":"true", "fathers_token":"08dc098ce70c8c2c91496aa7760af57bf307f2af81b4569d8dcea4b068733c77", "processed": "true" }
192.168.1.205:20500//pub_sub/v1/catalogs/create?access_token=f1177aa780511b8a417ceeb59fd886431d2cc4dc6526a29761cc93e697885188
java -jar Upload.jar 6a9ac2be1e48146a675229bec3f2b1a409a1643bcb714a801d00ff7faebf00d4 fbf9acf7898c61c27ca88169a056fecf6f89ae94 f70bf6ab6582014a41123eff0e192111086548b0ab07f42d8ec89a08d293f495 IDA bob 2 '/home/domizzi/Documents/PRONACES/puzzle/deployer/app//results/DemoUAM/stage_Deidentification' cinves true f1177aa780511b8a417ceeb59fd886431d2cc4dc6526a29761cc93e697885188 true true 4
2022-10-13 04:38:10	stage_Deidentification: data satage upload in ST = 549 miliseconds
2022-10-13 04:38:10	stage_Deidentification: stage executed in ST = 2738 miliseconds
2022-10-13 04:38:10	stage_ToPNG: WORKING
2022-10-13 04:38:10	stage_ToPNG: has 1 sources
2022-10-13 04:38:10	ToPNGpattern: waiting
2022-10-13 04:38:10	ToPNGpattern: running
2022-10-13 04:38:10	ToPNGpattern: executing load balancer
2022-10-13 04:38:11	ToPNGpattern: load balancer executed in RT = 852 miliseconds
2022-10-13 04:38:11	ToPNG: waiting
2022-10-13 04:38:11	ToPNG: running
python3 /code/dicom2rgb.py /home/domizzi/Documents/PRONACES/puzzle/deployer/app//results/DemoUAM//stage_Deidentification/Deidentificationpattern/Deidentification/P1 /home/domizzi/Documents/PRONACES/puzzle/deployer/app//results/DemoUAM/stage_ToPNG/ToPNGpattern/ToPNG//P1
2022-10-13 04:38:11	ToPNG: waiting
2022-10-13 04:38:11	ToPNG: running
python3 /code/dicom2rgb.py /home/domizzi/Documents/PRONACES/puzzle/deployer/app//results/DemoUAM//stage_Deidentification/Deidentificationpattern/Deidentification/lala /home/domizzi/Documents/PRONACES/puzzle/deployer/app//results/DemoUAM/stage_ToPNG/ToPNGpattern/ToPNG//lala
2022-10-13 04:38:15	ToPNG: processed 4096 bytes in ST=0.000000 RT = 4435 miliseconds
2022-10-13 04:38:22	ToPNG: processed 4096 bytes in ST=0.000000 RT = 11393 miliseconds
2022-10-13 04:38:22	ToPNGpattern: pattern executed in ST = 12246 miliseconds
{ "catalogname": " MyCat/DemoUAM-1665635887903/stage_ToPNG-1665635902947 ", "dispersemode": "IDA", "encryption":"true", "fathers_token":"08dc098ce70c8c2c91496aa7760af57bf307f2af81b4569d8dcea4b068733c77", "processed": "true" }
192.168.1.205:20500//pub_sub/v1/catalogs/create?access_token=f1177aa780511b8a417ceeb59fd886431d2cc4dc6526a29761cc93e697885188
java -jar Upload.jar 6a9ac2be1e48146a675229bec3f2b1a409a1643bcb714a801d00ff7faebf00d4 fbf9acf7898c61c27ca88169a056fecf6f89ae94 92a24eb98f0d92732502a0735018896d040b9f50ccf93ab0b6044a17fa823289 IDA bob 2 '/home/domizzi/Documents/PRONACES/puzzle/deployer/app//results/DemoUAM/stage_ToPNG' cinves true f1177aa780511b8a417ceeb59fd886431d2cc4dc6526a29761cc93e697885188 true true 4
2022-10-13 04:39:07	stage_ToPNG: data satage upload in ST = 44129 miliseconds
2022-10-13 04:39:07	stage_ToPNG: stage executed in ST = 56376 miliseconds
2022-10-13 04:39:07	stage_DetectorPulmon: WORKING
2022-10-13 04:39:07	stage_DetectorPulmon: has 1 sources
2022-10-13 04:39:07	DetectorPulmonpattern: waiting
2022-10-13 04:39:07	DetectorPulmonpattern: running
2022-10-13 04:39:07	DetectorPulmonpattern: executing load balancer
2022-10-13 04:39:07	DetectorPulmonpattern: load balancer executed in RT = 572 miliseconds
2022-10-13 04:39:07	DetectorPulmon: waiting
2022-10-13 04:39:07	DetectorPulmon: running
2022-10-13 04:39:07	DetectorPulmon: waiting
2022-10-13 04:39:07	DetectorPulmon: running
python3 /code/detectorPulmones.py /home/domizzi/Documents/PRONACES/puzzle/deployer/app//results/DemoUAM//stage_ToPNG/ToPNGpattern/ToPNG/P1 /home/domizzi/Documents/PRONACES/puzzle/deployer/app//results/DemoUAM/stage_DetectorPulmon/DetectorPulmonpattern/DetectorPulmon//P1
python3 /code/detectorPulmones.py /home/domizzi/Documents/PRONACES/puzzle/deployer/app//results/DemoUAM//stage_ToPNG/ToPNGpattern/ToPNG/lala /home/domizzi/Documents/PRONACES/puzzle/deployer/app//results/DemoUAM/stage_DetectorPulmon/DetectorPulmonpattern/DetectorPulmon//lala
2022-10-13 04:39:09.183506: W tensorflow/stream_executor/platform/default/dso_loader.cc:64] Could not load dynamic library 'libcudart.so.11.0'; dlerror: libcudart.so.11.0: cannot open shared object file: No such file or directory
2022-10-13 04:39:09.183549: I tensorflow/stream_executor/cuda/cudart_stub.cc:29] Ignore above cudart dlerror if you do not have a GPU set up on your machine.
2022-10-13 04:39:09.183506: W tensorflow/stream_executor/platform/default/dso_loader.cc:64] Could not load dynamic library 'libcudart.so.11.0'; dlerror: libcudart.so.11.0: cannot open shared object file: No such file or directory
2022-10-13 04:39:09.183574: I tensorflow/stream_executor/cuda/cudart_stub.cc:29] Ignore above cudart dlerror if you do not have a GPU set up on your machine.
2022-10-13 04:39:12.308920: I tensorflow/core/platform/cpu_feature_guard.cc:142] This TensorFlow binary is optimized with oneAPI Deep Neural Network Library (oneDNN) to use the following CPU instructions in performance-critical operations:  AVX2 FMA
To enable them in other operations, rebuild TensorFlow with the appropriate compiler flags.
2022-10-13 04:39:12.308920: I tensorflow/core/platform/cpu_feature_guard.cc:142] This TensorFlow binary is optimized with oneAPI Deep Neural Network Library (oneDNN) to use the following CPU instructions in performance-critical operations:  AVX2 FMA
To enable them in other operations, rebuild TensorFlow with the appropriate compiler flags.
2022-10-13 04:39:12.311856: W tensorflow/stream_executor/platform/default/dso_loader.cc:64] Could not load dynamic library 'libcuda.so.1'; dlerror: libcuda.so.1: cannot open shared object file: No such file or directory
2022-10-13 04:39:12.311891: W tensorflow/stream_executor/cuda/cuda_driver.cc:326] failed call to cuInit: UNKNOWN ERROR (303)
2022-10-13 04:39:12.311973: I tensorflow/stream_executor/cuda/cuda_diagnostics.cc:163] no NVIDIA GPU device is present: /dev/nvidia0 does not exist
2022-10-13 04:39:12.311856: W tensorflow/stream_executor/platform/default/dso_loader.cc:64] Could not load dynamic library 'libcuda.so.1'; dlerror: libcuda.so.1: cannot open shared object file: No such file or directory
2022-10-13 04:39:12.311891: W tensorflow/stream_executor/cuda/cuda_driver.cc:326] failed call to cuInit: UNKNOWN ERROR (303)
2022-10-13 04:39:12.311979: I tensorflow/stream_executor/cuda/cuda_diagnostics.cc:163] no NVIDIA GPU device is present: /dev/nvidia0 does not exist
WARNING:tensorflow:From /code/models/research/object_detection/utils/model_util.py:57: Tensor.experimental_ref (from tensorflow.python.framework.ops) is deprecated and will be removed in a future version.
Instructions for updating:
Use ref() instead.
WARNING:tensorflow:From /code/models/research/object_detection/utils/model_util.py:57: Tensor.experimental_ref (from tensorflow.python.framework.ops) is deprecated and will be removed in a future version.
Instructions for updating:
Use ref() instead.
/code/detectorPulmones.py:240: RuntimeWarning: More than 20 figures have been opened. Figures created through the pyplot interface (`matplotlib.pyplot.figure`) are retained until explicitly closed and may consume too much memory. (To control this warning, see the rcParam `figure.max_open_warning`).
  plt.figure(figsize=(15,10))
/code/detectorPulmones.py:240: RuntimeWarning: More than 20 figures have been opened. Figures created through the pyplot interface (`matplotlib.pyplot.figure`) are retained until explicitly closed and may consume too much memory. (To control this warning, see the rcParam `figure.max_open_warning`).
  plt.figure(figsize=(15,10))
2022-10-13 04:40:06	DetectorPulmon: processed 4096 bytes in ST=0.000000 RT = 58560 miliseconds
2022-10-13 04:43:03	DetectorPulmon: processed 4096 bytes in ST=0.000000 RT = 235892 miliseconds
2022-10-13 04:43:03	DetectorPulmonpattern: pattern executed in ST = 236465 miliseconds
{ "catalogname": " MyCat/DemoUAM-1665635887903/stage_DetectorPulmon-1665636183541 ", "dispersemode": "IDA", "encryption":"true", "fathers_token":"08dc098ce70c8c2c91496aa7760af57bf307f2af81b4569d8dcea4b068733c77", "processed": "true" }
192.168.1.205:20500//pub_sub/v1/catalogs/create?access_token=f1177aa780511b8a417ceeb59fd886431d2cc4dc6526a29761cc93e697885188
Invalid data.
Segmentation fault (core dumped)
