2022-09-30 18:30:06	PARSER: Configured single Deidentification
2022-09-30 18:30:06	PARSER: Configured single ToPNG
2022-09-30 18:30:06	PARSER: Configured single DetectorPulmon
2022-09-30 18:30:06	PARSER: Configured pattern Deidentificationpattern
2022-09-30 18:30:06	PARSER: Configured pattern ToPNGpattern
2022-09-30 18:30:06	PARSER: Configured pattern DetectorPulmonpattern
2022-09-30 18:30:06	PARSER: Configured stage stage_Deidentification
2022-09-30 18:30:06	PARSER: Configured stage stage_ToPNG
2022-09-30 18:30:06	PARSER: Configured stage stage_DetectorPulmon
2022-09-30 18:30:06	PARSER: Configured workflow DemoUAM
2022-09-30 18:30:06	LAUCHER: Coupling stages and building blocks
2022-09-30 18:30:06	DemoUAM: Workdir DemoUAM
2022-09-30 18:30:06	DemoUAM: Workdir exists
2022-09-30 18:30:06	DemoUAM: Stage stage_Deidentification added
2022-09-30 18:30:06	stage_Deidentification: Workdir stage_Deidentification
2022-09-30 18:30:06	stage_Deidentification: Workdir exists
2022-09-30 18:30:06	stage_Deidentification: Added sink stage_ToPNG
2022-09-30 18:30:06	stage_Deidentification: Added building block Deidentificationpattern
2022-09-30 18:30:06	Deidentificationpattern: Workdir Deidentificationpattern
2022-09-30 18:30:06	Deidentificationpattern: Workdir exists
2022-09-30 18:30:06	Deidentification: Workdir Deidentification
2022-09-30 18:30:06	Deidentification: Workdir exists
2022-09-30 18:30:06	DemoUAM: Stage stage_ToPNG added
2022-09-30 18:30:06	stage_ToPNG: Workdir stage_ToPNG
2022-09-30 18:30:06	stage_ToPNG: Workdir exists
2022-09-30 18:30:06	stage_ToPNG: Added source stage_Deidentification
2022-09-30 18:30:06	stage_ToPNG: Added sink stage_DetectorPulmon
2022-09-30 18:30:06	stage_ToPNG: Added building block ToPNGpattern
2022-09-30 18:30:06	ToPNGpattern: Workdir ToPNGpattern
2022-09-30 18:30:06	ToPNGpattern: Workdir exists
2022-09-30 18:30:06	ToPNG: Workdir ToPNG
2022-09-30 18:30:06	ToPNG: Workdir exists
2022-09-30 18:30:06	DemoUAM: Stage stage_DetectorPulmon added
2022-09-30 18:30:06	stage_DetectorPulmon: Workdir stage_DetectorPulmon
2022-09-30 18:30:06	stage_DetectorPulmon: Workdir exists
2022-09-30 18:30:06	stage_DetectorPulmon: Added source stage_ToPNG
2022-09-30 18:30:06	stage_DetectorPulmon: Added building block DetectorPulmonpattern
2022-09-30 18:30:06	DetectorPulmonpattern: Workdir DetectorPulmonpattern
2022-09-30 18:30:06	DetectorPulmonpattern: Workdir exists
2022-09-30 18:30:06	DetectorPulmon: Workdir DetectorPulmon
2022-09-30 18:30:06	DetectorPulmon: Workdir exists
2022-09-30 18:30:06	LAUNCHER: Creating YML file at DemoUAM/docker-compose.yml
DetectorPulmon
ToPNG
Deidentification
2022-09-30 18:30:06	LAUCHER: deploying virtual containers of workflow DemoUAM
java -jar Download.jar 6a9ac2be1e48146a675229bec3f2b1a409a1643bcb714a801d00ff7faebf00d4 fbf9acf7898c61c27ca88169a056fecf6f89ae94 b6c16b6341e636471f89b42f0b3600fcba5d6c62df2c72537c7a5b0a230cca75 2 1 cinves '/home/domizzi/Documents/PRONACES/puzzle/deployer/app//results/DemoUAM/catalogs/MyCat' f1177aa780511b8a417ceeb59fd886431d2cc4dc6526a29761cc93e697885188 true false 1
2022-09-30 18:30:25	DemoUAM: executing 
{ "catalogname": " MyCat/DemoUAM-1664562625554 ", "dispersemode": "IDA", "encryption":"true", "fathers_token":"b6c16b6341e636471f89b42f0b3600fcba5d6c62df2c72537c7a5b0a230cca75", "processed": "true" }
192.168.158.1:20500//pub_sub/v1/catalogs/create?access_token=f1177aa780511b8a417ceeb59fd886431d2cc4dc6526a29761cc93e697885188
2022-09-30 18:30:25	stage_Deidentification: waiting
2022-09-30 18:30:25	stage_Deidentification: WORKING
2022-09-30 18:30:25	stage_ToPNG: waiting
2022-09-30 18:30:25	stage_Deidentification: has 1 sources
2022-09-30 18:30:25	Deidentificationpattern: waiting
2022-09-30 18:30:25	Deidentificationpattern: running
2022-09-30 18:30:25	Deidentificationpattern: executing load balancer
2022-09-30 18:30:25	stage_DetectorPulmon: waiting
2022-09-30 18:30:26	Deidentificationpattern: load balancer executed in RT = 608 miliseconds
2022-09-30 18:30:26	Deidentification: waiting
2022-09-30 18:30:26	Deidentification: waiting
2022-09-30 18:30:26	Deidentification: running
2022-09-30 18:30:26	Deidentification: running
python3 /code/process_dir.py --input /home/domizzi/Documents/PRONACES/puzzle/deployer/app//results//DemoUAM/catalogs/MyCat/P1 --outfolder '/home/domizzi/Documents/PRONACES/puzzle/deployer/app//results/DemoUAM/stage_Deidentification/Deidentificationpattern/Deidentification/' --save dicom
python3 /code/process_dir.py --input /home/domizzi/Documents/PRONACES/puzzle/deployer/app//results//DemoUAM/catalogs/MyCat/lala --outfolder '/home/domizzi/Documents/PRONACES/puzzle/deployer/app//results/DemoUAM/stage_Deidentification/Deidentificationpattern/Deidentification/' --save dicom
WARNING No specification, loading default base deid.dicom
WARNING No specification, loading default base deid.dicom
2022-09-30 18:30:27	Deidentification: processed 4096 bytes in ST=0.000000 RT = 1215 miliseconds
2022-09-30 18:30:28	Deidentification: processed 4096 bytes in ST=0.000000 RT = 2527 miliseconds
2022-09-30 18:30:28	Deidentificationpattern: pattern executed in ST = 3136 miliseconds
{ "catalogname": " MyCat/DemoUAM-1664562625554/stage_Deidentification-1664562628732 ", "dispersemode": "IDA", "encryption":"true", "fathers_token":"243ae9097bc315f95b827c2fe64e648e840f9ba33b15eb26e0030d22d7a28619", "processed": "true" }
192.168.158.1:20500//pub_sub/v1/catalogs/create?access_token=f1177aa780511b8a417ceeb59fd886431d2cc4dc6526a29761cc93e697885188
java -jar Upload.jar 6a9ac2be1e48146a675229bec3f2b1a409a1643bcb714a801d00ff7faebf00d4 fbf9acf7898c61c27ca88169a056fecf6f89ae94 332b9a2286baaf7ab9de0a5d08d4f9079f4e4795e8ced15e99b1cf97bd387f15 IDA bob 2 '/home/domizzi/Documents/PRONACES/puzzle/deployer/app//results/DemoUAM/stage_Deidentification' cinves true f1177aa780511b8a417ceeb59fd886431d2cc4dc6526a29761cc93e697885188 true true 4
2022-09-30 18:30:29	stage_Deidentification: data satage upload in ST = 388 miliseconds
2022-09-30 18:30:29	stage_Deidentification: stage executed in ST = 3524 miliseconds
2022-09-30 18:30:29	stage_ToPNG: WORKING
2022-09-30 18:30:29	stage_ToPNG: has 1 sources
2022-09-30 18:30:29	ToPNGpattern: waiting
2022-09-30 18:30:29	ToPNGpattern: running
2022-09-30 18:30:29	ToPNGpattern: executing load balancer
2022-09-30 18:30:29	ToPNGpattern: load balancer executed in RT = 558 miliseconds
2022-09-30 18:30:29	ToPNG: waiting
2022-09-30 18:30:29	ToPNG: waiting
2022-09-30 18:30:29	ToPNG: running
2022-09-30 18:30:29	ToPNG: running
python3 /code/dicom2rgb.py /home/domizzi/Documents/PRONACES/puzzle/deployer/app//results/DemoUAM//stage_Deidentification/Deidentificationpattern/Deidentification/P1 /home/domizzi/Documents/PRONACES/puzzle/deployer/app//results/DemoUAM/stage_ToPNG/ToPNGpattern/ToPNG//P1
python3 /code/dicom2rgb.py /home/domizzi/Documents/PRONACES/puzzle/deployer/app//results/DemoUAM//stage_Deidentification/Deidentificationpattern/Deidentification/lala /home/domizzi/Documents/PRONACES/puzzle/deployer/app//results/DemoUAM/stage_ToPNG/ToPNGpattern/ToPNG//lala
2022-09-30 18:30:33	ToPNG: processed 4096 bytes in ST=0.000000 RT = 3348 miliseconds
2022-09-30 18:30:39	ToPNG: processed 4096 bytes in ST=0.000000 RT = 10042 miliseconds
2022-09-30 18:30:39	ToPNGpattern: pattern executed in ST = 10601 miliseconds
{ "catalogname": " MyCat/DemoUAM-1664562625554/stage_ToPNG-1664562639722 ", "dispersemode": "IDA", "encryption":"true", "fathers_token":"243ae9097bc315f95b827c2fe64e648e840f9ba33b15eb26e0030d22d7a28619", "processed": "true" }
192.168.158.1:20500//pub_sub/v1/catalogs/create?access_token=f1177aa780511b8a417ceeb59fd886431d2cc4dc6526a29761cc93e697885188
java -jar Upload.jar 6a9ac2be1e48146a675229bec3f2b1a409a1643bcb714a801d00ff7faebf00d4 fbf9acf7898c61c27ca88169a056fecf6f89ae94 aa72907c66063c02bd92eebe7b432a383b680de1965a49801d332520e3ee31e6 IDA bob 2 '/home/domizzi/Documents/PRONACES/puzzle/deployer/app//results/DemoUAM/stage_ToPNG' cinves true f1177aa780511b8a417ceeb59fd886431d2cc4dc6526a29761cc93e697885188 true true 4
2022-09-30 18:31:14	stage_ToPNG: data satage upload in ST = 34693 miliseconds
2022-09-30 18:31:14	stage_ToPNG: stage executed in ST = 45294 miliseconds
2022-09-30 18:31:14	stage_DetectorPulmon: WORKING
2022-09-30 18:31:14	stage_DetectorPulmon: has 1 sources
2022-09-30 18:31:14	DetectorPulmonpattern: waiting
2022-09-30 18:31:14	DetectorPulmonpattern: running
2022-09-30 18:31:14	DetectorPulmonpattern: executing load balancer
2022-09-30 18:31:14	DetectorPulmonpattern: load balancer executed in RT = 566 miliseconds
2022-09-30 18:31:14	DetectorPulmon: waiting
2022-09-30 18:31:14	DetectorPulmon: running
2022-09-30 18:31:14	DetectorPulmon: waiting
2022-09-30 18:31:14	DetectorPulmon: running
python3 /code/detectorPulmones.py /home/domizzi/Documents/PRONACES/puzzle/deployer/app//results/DemoUAM//stage_ToPNG/ToPNGpattern/ToPNG/P1 /home/domizzi/Documents/PRONACES/puzzle/deployer/app//results/DemoUAM/stage_DetectorPulmon/DetectorPulmonpattern/DetectorPulmon//P1
python3 /code/detectorPulmones.py /home/domizzi/Documents/PRONACES/puzzle/deployer/app//results/DemoUAM//stage_ToPNG/ToPNGpattern/ToPNG/lala /home/domizzi/Documents/PRONACES/puzzle/deployer/app//results/DemoUAM/stage_DetectorPulmon/DetectorPulmonpattern/DetectorPulmon//lala
2022-09-30 18:31:15.769778: W tensorflow/stream_executor/platform/default/dso_loader.cc:64] Could not load dynamic library 'libcudart.so.11.0'; dlerror: libcudart.so.11.0: cannot open shared object file: No such file or directory
2022-09-30 18:31:15.769805: I tensorflow/stream_executor/cuda/cudart_stub.cc:29] Ignore above cudart dlerror if you do not have a GPU set up on your machine.
2022-09-30 18:31:15.797969: W tensorflow/stream_executor/platform/default/dso_loader.cc:64] Could not load dynamic library 'libcudart.so.11.0'; dlerror: libcudart.so.11.0: cannot open shared object file: No such file or directory
2022-09-30 18:31:15.798000: I tensorflow/stream_executor/cuda/cudart_stub.cc:29] Ignore above cudart dlerror if you do not have a GPU set up on your machine.
2022-09-30 18:31:17.039475: I tensorflow/core/platform/cpu_feature_guard.cc:142] This TensorFlow binary is optimized with oneAPI Deep Neural Network Library (oneDNN) to use the following CPU instructions in performance-critical operations:  AVX2 FMA
To enable them in other operations, rebuild TensorFlow with the appropriate compiler flags.
2022-09-30 18:31:17.040326: W tensorflow/stream_executor/platform/default/dso_loader.cc:64] Could not load dynamic library 'libcuda.so.1'; dlerror: libcuda.so.1: cannot open shared object file: No such file or directory
2022-09-30 18:31:17.040347: W tensorflow/stream_executor/cuda/cuda_driver.cc:326] failed call to cuInit: UNKNOWN ERROR (303)
2022-09-30 18:31:17.040368: I tensorflow/stream_executor/cuda/cuda_diagnostics.cc:163] no NVIDIA GPU device is present: /dev/nvidia0 does not exist
2022-09-30 18:31:17.041193: I tensorflow/core/platform/cpu_feature_guard.cc:142] This TensorFlow binary is optimized with oneAPI Deep Neural Network Library (oneDNN) to use the following CPU instructions in performance-critical operations:  AVX2 FMA
To enable them in other operations, rebuild TensorFlow with the appropriate compiler flags.
2022-09-30 18:31:17.041980: W tensorflow/stream_executor/platform/default/dso_loader.cc:64] Could not load dynamic library 'libcuda.so.1'; dlerror: libcuda.so.1: cannot open shared object file: No such file or directory
2022-09-30 18:31:17.042015: W tensorflow/stream_executor/cuda/cuda_driver.cc:326] failed call to cuInit: UNKNOWN ERROR (303)
2022-09-30 18:31:17.042038: I tensorflow/stream_executor/cuda/cuda_diagnostics.cc:163] no NVIDIA GPU device is present: /dev/nvidia0 does not exist
2022-09-30 18:31:19.875235: W tensorflow/core/framework/cpu_allocator_impl.cc:80] Allocation of 963379200 exceeds 10% of free system memory.
2022-09-30 18:31:19.943353: W tensorflow/core/framework/cpu_allocator_impl.cc:80] Allocation of 963379200 exceeds 10% of free system memory.
2022-09-30 18:31:20.002271: W tensorflow/core/framework/cpu_allocator_impl.cc:80] Allocation of 963379200 exceeds 10% of free system memory.
2022-09-30 18:31:20.169794: W tensorflow/core/framework/cpu_allocator_impl.cc:80] Allocation of 963379200 exceeds 10% of free system memory.
WARNING:tensorflow:From /code/models/research/object_detection/utils/model_util.py:57: Tensor.experimental_ref (from tensorflow.python.framework.ops) is deprecated and will be removed in a future version.
Instructions for updating:
Use ref() instead.
WARNING:tensorflow:From /code/models/research/object_detection/utils/model_util.py:57: Tensor.experimental_ref (from tensorflow.python.framework.ops) is deprecated and will be removed in a future version.
Instructions for updating:
Use ref() instead.
2022-09-30 18:31:22.048178: W tensorflow/core/framework/cpu_allocator_impl.cc:80] Allocation of 963379200 exceeds 10% of free system memory.
2022-09-30 18:31:22.131314: W tensorflow/core/framework/cpu_allocator_impl.cc:80] Allocation of 963379200 exceeds 10% of free system memory.
2022-09-30 18:31:22.348568: W tensorflow/core/framework/cpu_allocator_impl.cc:80] Allocation of 963379200 exceeds 10% of free system memory.
2022-09-30 18:31:22.421546: W tensorflow/core/framework/cpu_allocator_impl.cc:80] Allocation of 963379200 exceeds 10% of free system memory.
2022-09-30 18:31:24.106387: W tensorflow/core/framework/cpu_allocator_impl.cc:80] Allocation of 963379200 exceeds 10% of free system memory.
2022-09-30 18:31:24.402227: W tensorflow/core/framework/cpu_allocator_impl.cc:80] Allocation of 963379200 exceeds 10% of free system memory.
/code/detectorPulmones.py:240: RuntimeWarning: More than 20 figures have been opened. Figures created through the pyplot interface (`matplotlib.pyplot.figure`) are retained until explicitly closed and may consume too much memory. (To control this warning, see the rcParam `figure.max_open_warning`).
  plt.figure(figsize=(15,10))
/code/detectorPulmones.py:240: RuntimeWarning: More than 20 figures have been opened. Figures created through the pyplot interface (`matplotlib.pyplot.figure`) are retained until explicitly closed and may consume too much memory. (To control this warning, see the rcParam `figure.max_open_warning`).
  plt.figure(figsize=(15,10))
2022-09-30 18:32:05	DetectorPulmon: processed 4096 bytes in ST=0.000000 RT = 50452 miliseconds
2022-09-30 18:34:43	DetectorPulmon: processed 4096 bytes in ST=0.000000 RT = 208248 miliseconds
2022-09-30 18:34:43	DetectorPulmonpattern: pattern executed in ST = 208815 miliseconds
{ "catalogname": " MyCat/DemoUAM-1664562625554/stage_DetectorPulmon-1664562883230 ", "dispersemode": "IDA", "encryption":"true", "fathers_token":"243ae9097bc315f95b827c2fe64e648e840f9ba33b15eb26e0030d22d7a28619", "processed": "true" }
192.168.158.1:20500//pub_sub/v1/catalogs/create?access_token=f1177aa780511b8a417ceeb59fd886431d2cc4dc6526a29761cc93e697885188
java -jar Upload.jar 6a9ac2be1e48146a675229bec3f2b1a409a1643bcb714a801d00ff7faebf00d4 fbf9acf7898c61c27ca88169a056fecf6f89ae94 732499a595930d3f791c501eb87ceeee40da3f148be8eecb6ffe998ccb4ce2fa IDA bob 2 '/home/domizzi/Documents/PRONACES/puzzle/deployer/app//results/DemoUAM/stage_DetectorPulmon' cinves true f1177aa780511b8a417ceeb59fd886431d2cc4dc6526a29761cc93e697885188 true true 4
2022-09-30 18:34:43	stage_DetectorPulmon: data satage upload in ST = 556 miliseconds
2022-09-30 18:34:43	stage_DetectorPulmon: stage executed in ST = 209372 miliseconds
