2022-12-13 03:54:51	PARSER: Configured single Anonimizacion
2022-12-13 03:54:51	PARSER: Configured single ToPNG
2022-12-13 03:54:51	PARSER: Configured pattern Anonimizacionpattern
2022-12-13 03:54:51	PARSER: Configured pattern ToPNGpattern
2022-12-13 03:54:51	PARSER: Configured stage stage_Anonimizacion
2022-12-13 03:54:51	PARSER: Configured stage stage_ToPNG
2022-12-13 03:54:51	PARSER: Configured workflow DemoJueves
2022-12-13 03:54:51	LAUCHER: Coupling stages and building blocks
2022-12-13 03:54:51	DemoJueves: Workdir DemoJueves
2022-12-13 03:54:51	DemoJueves: Workdir exists
2022-12-13 03:54:51	DemoJueves: Stage stage_Anonimizacion added
2022-12-13 03:54:51	stage_Anonimizacion: Workdir stage_Anonimizacion
2022-12-13 03:54:51	stage_Anonimizacion: Workdir exists
2022-12-13 03:54:51	stage_Anonimizacion: Added sink stage_ToPNG
2022-12-13 03:54:51	stage_Anonimizacion: Added building block Anonimizacionpattern
2022-12-13 03:54:51	Anonimizacionpattern: Workdir Anonimizacionpattern
2022-12-13 03:54:51	Anonimizacionpattern: Workdir exists
2022-12-13 03:54:51	Anonimizacion: Workdir Anonimizacion
2022-12-13 03:54:51	Anonimizacion: Workdir exists
2022-12-13 03:54:51	DemoJueves: Stage stage_ToPNG added
2022-12-13 03:54:51	stage_ToPNG: Workdir stage_ToPNG
2022-12-13 03:54:51	stage_ToPNG: Workdir exists
2022-12-13 03:54:51	stage_ToPNG: Added source stage_Anonimizacion
2022-12-13 03:54:51	stage_ToPNG: Added building block ToPNGpattern
2022-12-13 03:54:51	ToPNGpattern: Workdir ToPNGpattern
2022-12-13 03:54:51	ToPNGpattern: Workdir exists
2022-12-13 03:54:51	ToPNG: Workdir ToPNG
2022-12-13 03:54:51	ToPNG: Workdir exists
2022-12-13 03:54:51	LAUNCHER: Creating YML file at DemoJueves/docker-compose.yml
ToPNG
Anonimizacion
2022-12-13 03:54:51	LAUCHER: deploying virtual containers of workflow DemoJueves
/home/domizzi/Documents/nez/deployer/app//results/DemoJueves
java -jar Download.jar 3718d61b88f850ec1911f91cd98dea41bfa41ed2c13c856089ceeaba41e32da8 6857b8b8c0ca1bde7caccf43e195b8ddc3b02166 5981f826c1232348063dfc86a2cf6081909b7215367992de52d8efc073ec3af4 2 1 cinves '/home/domizzi/Documents/nez/deployer/app//results/DemoJueves/catalogs/P1' 0c8542844801e78fe0634a45a0873612f12258d625e8a6b6d01831c63a0cf1ae true false 1
java -jar Download.jar 3718d61b88f850ec1911f91cd98dea41bfa41ed2c13c856089ceeaba41e32da8 6857b8b8c0ca1bde7caccf43e195b8ddc3b02166 5981f826c1232348063dfc86a2cf6081909b7215367992de52d8efc073ec3af4 2 1 cinves '/home/domizzi/Documents/nez/deployer/app//results/DemoJueves/catalogs/P1' 0c8542844801e78fe0634a45a0873612f12258d625e8a6b6d01831c63a0cf1ae true false 1
java.io.EOFException
	at java.base/java.io.DataInputStream.readInt(DataInputStream.java:397)
	at mx.cinvestav.tamps.client.TClient.doGetPrivateABE(TClient.java:476)
	at mx.cinvestav.tamps.integracion.gui.Cifrador.getPrivateABE(Cifrador.java:138)
	at Communication.Communication.decrypFile(Communication.java:480)
	at Communication.Communication.retrieve(Communication.java:590)
	at mx.cinvestav.tamps.integracion.gui.RobotWorker.run(RobotWorker.java:79)
	at mx.cinvestav.tamps.integracion.gui.Work.run(RobotHelper.java:99)
	at java.base/java.lang.Thread.run(Thread.java:829)
java.io.EOFException
	at java.base/java.io.DataInputStream.readInt(DataInputStream.java:397)
	at mx.cinvestav.tamps.client.TClient.doGetPrivateABE(TClient.java:476)
	at mx.cinvestav.tamps.integracion.gui.Cifrador.getPrivateABE(Cifrador.java:138)
	at Communication.Communication.decrypFile(Communication.java:480)
	at Communication.Communication.retrieve(Communication.java:590)
	at mx.cinvestav.tamps.integracion.gui.RobotWorker.run(RobotWorker.java:79)
	at mx.cinvestav.tamps.integracion.gui.Work.run(RobotHelper.java:99)
	at java.base/java.lang.Thread.run(Thread.java:829)
2022-12-13 03:55:09	DemoJueves: executing 
{ "catalogname": " P1/DemoJueves-1670903709313 ", "dispersemode": "IDA", "encryption":"true", "fathers_token":"5981f826c1232348063dfc86a2cf6081909b7215367992de52d8efc073ec3af4", "processed": "true" }
192.168.131.1:20500//pub_sub/v1/catalogs/create?access_token=0c8542844801e78fe0634a45a0873612f12258d625e8a6b6d01831c63a0cf1ae
2022-12-13 03:55:09	stage_Anonimizacion: waiting
2022-12-13 03:55:09	stage_ToPNG: waiting
2022-12-13 03:55:09	stage_Anonimizacion: WORKING
2022-12-13 03:55:09	stage_Anonimizacion: has 1 sources
2022-12-13 03:55:09	Anonimizacionpattern: waiting
2022-12-13 03:55:09	Anonimizacionpattern: running
2022-12-13 03:55:09	Anonimizacionpattern: executing load balancer
docker-compose --log-level ERROR -p /home/domizzi/Documents/nez/deployer/app//results/DemoJueves -f /home/domizzi/Documents/nez/deployer/app//results/DemoJueves/docker-compose.yml  exec -T lbAnonimizacionpattern  sh -c "./main 2 DL /home/domizzi/Documents/nez/deployer/app//results//DemoJueves/catalogs/P1 "
docker-compose --log-level ERROR -p /home/domizzi/Documents/nez/deployer/app//results/DemoJueves -f /home/domizzi/Documents/nez/deployer/app//results/DemoJueves/docker-compose.yml  exec -T lbAnonimizacionpattern  sh -c "./main 2 DL /home/domizzi/Documents/nez/deployer/app//results//DemoJueves/catalogs/P1 "
{"result": [[],["/home/domizzi/Documents/nez/deployer/app//results//DemoJueves/catalogs/P1"]]}
2022-12-13 03:55:09	Anonimizacionpattern: load balancer executed in RT = 551 miliseconds
2022-12-13 03:55:09	Anonimizacion: waiting
2022-12-13 03:55:09	Anonimizacion: waiting
2022-12-13 03:55:09	Anonimizacion: running
2022-12-13 03:55:09	Anonimizacion: running
2022-12-13 03:55:09	Anonimizacion: processed 0 bytes in ST=0.000000 RT = 0 miliseconds
python3 /code/process_dir.py --input /home/domizzi/Documents/nez/deployer/app//results//DemoJueves/catalogs/P1 --outfolder '/home/domizzi/Documents/nez/deployer/app//results/DemoJueves/stage_Anonimizacion/Anonimizacionpattern/Anonimizacion/' --save dicom
docker-compose --log-level ERROR -p /home/domizzi/Documents/nez/deployer/app//results/DemoJueves -f /home/domizzi/Documents/nez/deployer/app//results/DemoJueves/docker-compose.yml  exec -T Anonimizacion sh -c "python3 /code/process_dir.py --input /home/domizzi/Documents/nez/deployer/app//results//DemoJueves/catalogs/P1 --outfolder '/home/domizzi/Documents/nez/deployer/app//results/DemoJueves/stage_Anonimizacion/Anonimizacionpattern/Anonimizacion/' --save dicom"
WARNING No specification, loading default base deid.dicom
WARNING Cannot read input file /home/domizzi/Documents/nez/deployer/app//results//DemoJueves/catalogs/P1/1-006.dcm, skipping.
WARNING Cannot read input file /home/domizzi/Documents/nez/deployer/app//results//DemoJueves/catalogs/P1/1-063.dcm, skipping.
2022-12-13 03:55:12	Anonimizacion: processed 4096 bytes in ST=0.000000 RT = 2492 miliseconds
2022-12-13 03:55:12	Anonimizacionpattern: pattern executed in ST = 3044 miliseconds
{ "catalogname": " P1/DemoJueves-1670903709313/stage_Anonimizacion-1670903712394 ", "dispersemode": "IDA", "encryption":"true", "fathers_token":"b7c8b16cbaa70165adc08e262d4d821428b21ab9ca7a2b8b9b1cde6297ed4fce", "processed": "true" }
192.168.131.1:20500//pub_sub/v1/catalogs/create?access_token=0c8542844801e78fe0634a45a0873612f12258d625e8a6b6d01831c63a0cf1ae
java -jar Upload.jar 3718d61b88f850ec1911f91cd98dea41bfa41ed2c13c856089ceeaba41e32da8 6857b8b8c0ca1bde7caccf43e195b8ddc3b02166 4455f4d7db61a8a562df39434b4f4f99ed1b3d8c0bc348b9b8839f6712b35c68 IDA bob 2 '/home/domizzi/Documents/nez/deployer/app//results/DemoJueves/stage_Anonimizacion' cinves true 0c8542844801e78fe0634a45a0873612f12258d625e8a6b6d01831c63a0cf1ae true true 4
java -jar Upload.jar 3718d61b88f850ec1911f91cd98dea41bfa41ed2c13c856089ceeaba41e32da8 6857b8b8c0ca1bde7caccf43e195b8ddc3b02166 4455f4d7db61a8a562df39434b4f4f99ed1b3d8c0bc348b9b8839f6712b35c68 IDA bob 2 '/home/domizzi/Documents/nez/deployer/app//results/DemoJueves/stage_Anonimizacion' cinves true 0c8542844801e78fe0634a45a0873612f12258d625e8a6b6d01831c63a0cf1ae true true 4
2022-12-13 03:55:40	stage_Anonimizacion: data satage upload in ST = 27921 miliseconds
2022-12-13 03:55:40	stage_ToPNG: WORKING
2022-12-13 03:55:40	stage_Anonimizacion: stage executed in ST = 30966 miliseconds
2022-12-13 03:55:40	stage_ToPNG: has 1 sources
2022-12-13 03:55:40	ToPNGpattern: waiting
2022-12-13 03:55:40	ToPNGpattern: running
2022-12-13 03:55:40	ToPNGpattern: executing load balancer
docker-compose --log-level ERROR -p /home/domizzi/Documents/nez/deployer/app//results/DemoJueves -f /home/domizzi/Documents/nez/deployer/app//results/DemoJueves/docker-compose.yml  exec -T lbToPNGpattern  sh -c "./main 2 DL /home/domizzi/Documents/nez/deployer/app//results/DemoJueves//stage_Anonimizacion/Anonimizacionpattern/Anonimizacion "
docker-compose --log-level ERROR -p /home/domizzi/Documents/nez/deployer/app//results/DemoJueves -f /home/domizzi/Documents/nez/deployer/app//results/DemoJueves/docker-compose.yml  exec -T lbToPNGpattern  sh -c "./main 2 DL /home/domizzi/Documents/nez/deployer/app//results/DemoJueves//stage_Anonimizacion/Anonimizacionpattern/Anonimizacion "
{"result": [[],["/home/domizzi/Documents/nez/deployer/app//results/DemoJueves//stage_Anonimizacion/Anonimizacionpattern/Anonimizacion/P1"]]}
2022-12-13 03:55:40	ToPNGpattern: load balancer executed in RT = 590 miliseconds
2022-12-13 03:55:40	ToPNG: waiting
2022-12-13 03:55:40	ToPNG: waiting
2022-12-13 03:55:40	ToPNG: running
2022-12-13 03:55:40	ToPNG: running
2022-12-13 03:55:40	ToPNG: processed 0 bytes in ST=0.000000 RT = 0 miliseconds
python3 /code/dicom2rgb.py /home/domizzi/Documents/nez/deployer/app//results/DemoJueves//stage_Anonimizacion/Anonimizacionpattern/Anonimizacion/P1 /home/domizzi/Documents/nez/deployer/app//results/DemoJueves/stage_ToPNG/ToPNGpattern/ToPNG//P1
docker-compose --log-level ERROR -p /home/domizzi/Documents/nez/deployer/app//results/DemoJueves -f /home/domizzi/Documents/nez/deployer/app//results/DemoJueves/docker-compose.yml  exec -T ToPNG sh -c "python3 /code/dicom2rgb.py /home/domizzi/Documents/nez/deployer/app//results/DemoJueves//stage_Anonimizacion/Anonimizacionpattern/Anonimizacion/P1 /home/domizzi/Documents/nez/deployer/app//results/DemoJueves/stage_ToPNG/ToPNGpattern/ToPNG//P1"
2022-12-13 03:55:50	ToPNG: processed 4096 bytes in ST=0.000000 RT = 9749 miliseconds
2022-12-13 03:55:50	ToPNGpattern: pattern executed in ST = 10340 miliseconds
{ "catalogname": " P1/DemoJueves-1670903709313/stage_ToPNG-1670903750657 ", "dispersemode": "IDA", "encryption":"true", "fathers_token":"b7c8b16cbaa70165adc08e262d4d821428b21ab9ca7a2b8b9b1cde6297ed4fce", "processed": "true" }
192.168.131.1:20500//pub_sub/v1/catalogs/create?access_token=0c8542844801e78fe0634a45a0873612f12258d625e8a6b6d01831c63a0cf1ae
java -jar Upload.jar 3718d61b88f850ec1911f91cd98dea41bfa41ed2c13c856089ceeaba41e32da8 6857b8b8c0ca1bde7caccf43e195b8ddc3b02166 b37fc1249afe2b81a9b3c8c3fd1bfd2e2deb0355db38a6fde271856b2546645a IDA bob 2 '/home/domizzi/Documents/nez/deployer/app//results/DemoJueves/stage_ToPNG' cinves true 0c8542844801e78fe0634a45a0873612f12258d625e8a6b6d01831c63a0cf1ae true true 4
java -jar Upload.jar 3718d61b88f850ec1911f91cd98dea41bfa41ed2c13c856089ceeaba41e32da8 6857b8b8c0ca1bde7caccf43e195b8ddc3b02166 b37fc1249afe2b81a9b3c8c3fd1bfd2e2deb0355db38a6fde271856b2546645a IDA bob 2 '/home/domizzi/Documents/nez/deployer/app//results/DemoJueves/stage_ToPNG' cinves true 0c8542844801e78fe0634a45a0873612f12258d625e8a6b6d01831c63a0cf1ae true true 4
2022-12-13 03:56:27	stage_ToPNG: data satage upload in ST = 36440 miliseconds
2022-12-13 03:56:27	stage_ToPNG: stage executed in ST = 46780 miliseconds
