2023-02-14 00:44:38	PARSER: Configured single Anonimizacion
2023-02-14 00:44:38	PARSER: Configured single ToRGB
2023-02-14 00:44:38	PARSER: Configured single DetectorPulmon
2023-02-14 00:44:38	PARSER: Configured pattern Anonimizacionpattern
2023-02-14 00:44:38	PARSER: Configured pattern ToRGBpattern
2023-02-14 00:44:38	PARSER: Configured pattern DetectorPulmonpattern
2023-02-14 00:44:38	PARSER: Configured stage stage_Anonimizacion
2023-02-14 00:44:38	PARSER: Configured stage stage_ToRGB
2023-02-14 00:44:38	PARSER: Configured stage stage_DetectorPulmon
2023-02-14 00:44:38	PARSER: Configured workflow DetectorPulmon
2023-02-14 00:44:38	LAUCHER: Coupling stages and building blocks
2023-02-14 00:44:38	DetectorPulmon: Workdir DetectorPulmon
2023-02-14 00:44:38	DetectorPulmon: Workdir exists
2023-02-14 00:44:38	DetectorPulmon: Stage stage_Anonimizacion added
2023-02-14 00:44:38	stage_Anonimizacion: Workdir stage_Anonimizacion
2023-02-14 00:44:38	stage_Anonimizacion: Workdir exists
2023-02-14 00:44:38	stage_Anonimizacion: Added sink stage_ToRGB
2023-02-14 00:44:38	stage_Anonimizacion: Added building block Anonimizacionpattern
2023-02-14 00:44:38	Anonimizacionpattern: Workdir Anonimizacionpattern
2023-02-14 00:44:38	Anonimizacionpattern: Workdir exists
2023-02-14 00:44:38	Anonimizacion: Workdir Anonimizacion
2023-02-14 00:44:38	Anonimizacion: Workdir exists
2023-02-14 00:44:38	DetectorPulmon: Stage stage_ToRGB added
2023-02-14 00:44:38	stage_ToRGB: Workdir stage_ToRGB
2023-02-14 00:44:38	stage_ToRGB: Workdir exists
2023-02-14 00:44:38	stage_ToRGB: Added source stage_Anonimizacion
2023-02-14 00:44:38	stage_ToRGB: Added sink stage_DetectorPulmon
2023-02-14 00:44:38	stage_ToRGB: Added building block ToRGBpattern
2023-02-14 00:44:38	ToRGBpattern: Workdir ToRGBpattern
2023-02-14 00:44:38	ToRGBpattern: Workdir exists
2023-02-14 00:44:38	ToRGB: Workdir ToRGB
2023-02-14 00:44:38	ToRGB: Workdir exists
2023-02-14 00:44:38	DetectorPulmon: Stage stage_DetectorPulmon added
2023-02-14 00:44:38	stage_DetectorPulmon: Workdir stage_DetectorPulmon
2023-02-14 00:44:38	stage_DetectorPulmon: Workdir exists
2023-02-14 00:44:38	stage_DetectorPulmon: Added source stage_ToRGB
2023-02-14 00:44:38	stage_DetectorPulmon: Added building block DetectorPulmonpattern
2023-02-14 00:44:38	DetectorPulmonpattern: Workdir DetectorPulmonpattern
2023-02-14 00:44:38	DetectorPulmonpattern: Workdir exists
2023-02-14 00:44:38	DetectorPulmon: Workdir DetectorPulmon
2023-02-14 00:44:38	DetectorPulmon: Workdir exists
2023-02-14 00:44:38	LAUNCHER: Creating YML file at DetectorPulmon/docker-compose.yml
ToRGB
DetectorPulmon
Anonimizacion
2023-02-14 00:44:38	LAUCHER: deploying virtual containers of workflow DetectorPulmon
/home/domizzi/Documents/Muyal-Ilal-ligero/deployer/app//results/DetectorPulmon
java -jar Download.jar 84c50a3609144fb45c759a14a0a3ff132afe56428c41a92c1f883d3ca628133f 6001bec90aebaeb5d613cd8e4bbb1ba9140145d3 539f72eab5d5c39d7f2d2f7e0c97ec68537d64a941c14b0f3eef3decf3fa8f34 2 1 cinves '/home/domizzi/Documents/Muyal-Ilal-ligero/deployer/app//results/DetectorPulmon/catalogs/TESTCATALOG' f68ab03672061be0d9244c291d8eb2c3af50a90b7568b21590fdb784caa27df8 true false 1
java -jar Download.jar 84c50a3609144fb45c759a14a0a3ff132afe56428c41a92c1f883d3ca628133f 6001bec90aebaeb5d613cd8e4bbb1ba9140145d3 539f72eab5d5c39d7f2d2f7e0c97ec68537d64a941c14b0f3eef3decf3fa8f34 2 1 cinves '/home/domizzi/Documents/Muyal-Ilal-ligero/deployer/app//results/DetectorPulmon/catalogs/TESTCATALOG' f68ab03672061be0d9244c291d8eb2c3af50a90b7568b21590fdb784caa27df8 true false 1
2023-02-14 00:44:50	DetectorPulmon: executing 
{ "catalogname": " TESTCATALOG/DetectorPulmon-1676335490814 ", "dispersemode": "IDA", "encryption":"true", "fathers_token":"539f72eab5d5c39d7f2d2f7e0c97ec68537d64a941c14b0f3eef3decf3fa8f34", "processed": "true" }
192.168.0.62:20500//pub_sub/v1/catalogs/create?access_token=f68ab03672061be0d9244c291d8eb2c3af50a90b7568b21590fdb784caa27df8
2023-02-14 00:44:50	stage_Anonimizacion: waiting
2023-02-14 00:44:50	stage_Anonimizacion: WORKING
2023-02-14 00:44:50	stage_ToRGB: waiting
2023-02-14 00:44:50	stage_Anonimizacion: has 1 sources
2023-02-14 00:44:50	Anonimizacionpattern: waiting
2023-02-14 00:44:50	stage_DetectorPulmon: waiting
2023-02-14 00:44:50	Anonimizacionpattern: running
2023-02-14 00:44:50	Anonimizacionpattern: executing load balancer
docker-compose --log-level ERROR -p /home/domizzi/Documents/Muyal-Ilal-ligero/deployer/app//results/DetectorPulmon -f /home/domizzi/Documents/Muyal-Ilal-ligero/deployer/app//results/DetectorPulmon/docker-compose.yml  exec -T lbAnonimizacionpattern  sh -c "./main 2 DL /home/domizzi/Documents/Muyal-Ilal-ligero/deployer/app//results//DetectorPulmon/catalogs/TESTCATALOG "
docker-compose --log-level ERROR -p /home/domizzi/Documents/Muyal-Ilal-ligero/deployer/app//results/DetectorPulmon -f /home/domizzi/Documents/Muyal-Ilal-ligero/deployer/app//results/DetectorPulmon/docker-compose.yml  exec -T lbAnonimizacionpattern  sh -c "./main 2 DL /home/domizzi/Documents/Muyal-Ilal-ligero/deployer/app//results//DetectorPulmon/catalogs/TESTCATALOG "
{"result": [["/home/domizzi/Documents/Muyal-Ilal-ligero/deployer/app//results//DetectorPulmon/catalogs/TESTCATALOG","/home/domizzi/Documents/Muyal-Ilal-ligero/deployer/app//results//DetectorPulmon/catalogs/TESTCATALOG/Prueba_FINDRISC","/home/domizzi/Documents/Muyal-Ilal-ligero/deployer/app//results//DetectorPulmon/catalogs/TESTCATALOG/ecgs"],["/home/domizzi/Documents/Muyal-Ilal-ligero/deployer/app//results//DetectorPulmon/catalogs/TESTCATALOG/Somatometria_Signos_Vitales","/home/domizzi/Documents/Muyal-Ilal-ligero/deployer/app//results//DetectorPulmon/catalogs/TESTCATALOG/P1","/home/domizzi/Documents/Muyal-Ilal-ligero/deployer/app//results//DetectorPulmon/catalogs/TESTCATALOG/espirometrias"]]}
2023-02-14 00:44:51	Anonimizacionpattern: load balancer executed in RT = 636 miliseconds
2023-02-14 00:44:51	Anonimizacion: waiting
2023-02-14 00:44:51	Anonimizacion: waiting
2023-02-14 00:44:51	Anonimizacion: running
2023-02-14 00:44:51	Anonimizacion: running
python3 /code/process_dir.py --input /home/domizzi/Documents/Muyal-Ilal-ligero/deployer/app//results//DetectorPulmon/catalogs/TESTCATALOG/Somatometria_Signos_Vitales --outfolder "/home/domizzi/Documents/Muyal-Ilal-ligero/deployer/app//results/DetectorPulmon/stage_Anonimizacion/Anonimizacionpattern/Anonimizacion/" --save dicom
python3 /code/process_dir.py --input /home/domizzi/Documents/Muyal-Ilal-ligero/deployer/app//results//DetectorPulmon/catalogs/TESTCATALOG --outfolder "/home/domizzi/Documents/Muyal-Ilal-ligero/deployer/app//results/DetectorPulmon/stage_Anonimizacion/Anonimizacionpattern/Anonimizacion/" --save dicom
docker-compose --log-level ERROR -p /home/domizzi/Documents/Muyal-Ilal-ligero/deployer/app//results/DetectorPulmon -f /home/domizzi/Documents/Muyal-Ilal-ligero/deployer/app//results/DetectorPulmon/docker-compose.yml  exec -T Anonimizacion sh -c "python3 /code/process_dir.py --input /home/domizzi/Documents/Muyal-Ilal-ligero/deployer/app//results//DetectorPulmon/catalogs/TESTCATALOG --outfolder "/home/domizzi/Documents/Muyal-Ilal-ligero/deployer/app//results/DetectorPulmon/stage_Anonimizacion/Anonimizacionpattern/Anonimizacion/" --save dicom"
docker-compose --log-level ERROR -p /home/domizzi/Documents/Muyal-Ilal-ligero/deployer/app//results/DetectorPulmon -f /home/domizzi/Documents/Muyal-Ilal-ligero/deployer/app//results/DetectorPulmon/docker-compose.yml  exec -T Anonimizacion sh -c "python3 /code/process_dir.py --input /home/domizzi/Documents/Muyal-Ilal-ligero/deployer/app//results//DetectorPulmon/catalogs/TESTCATALOG/Somatometria_Signos_Vitales --outfolder "/home/domizzi/Documents/Muyal-Ilal-ligero/deployer/app//results/DetectorPulmon/stage_Anonimizacion/Anonimizacionpattern/Anonimizacion/" --save dicom"
WARNING No specification, loading default base deid.dicom
WARNING Cannot read input file /home/domizzi/Documents/Muyal-Ilal-ligero/deployer/app//results//DetectorPulmon/catalogs/TESTCATALOG/Somatometria_Signos_Vitales/medicion_aprevenir_567725313-1507523380.json, skipping.
WARNING Cannot read input file /home/domizzi/Documents/Muyal-Ilal-ligero/deployer/app//results//DetectorPulmon/catalogs/TESTCATALOG/Somatometria_Signos_Vitales/medicion_aprevenir_612024257-1507523380.json, skipping.
WARNING Cannot read input file /home/domizzi/Documents/Muyal-Ilal-ligero/deployer/app//results//DetectorPulmon/catalogs/TESTCATALOG/Somatometria_Signos_Vitales/medicion_aprevenir_607955257-1507523380.json, skipping.
WARNING Cannot read input file /home/domizzi/Documents/Muyal-Ilal-ligero/deployer/app//results//DetectorPulmon/catalogs/TESTCATALOG/Somatometria_Signos_Vitales/medicion_aprevenir_-750225876-1507523380.json, skipping.
WARNING Cannot read input file /home/domizzi/Documents/Muyal-Ilal-ligero/deployer/app//results//DetectorPulmon/catalogs/TESTCATALOG/Somatometria_Signos_Vitales/medicion_aprevenir_-1724872329-1507523380.json, skipping.
WARNING Cannot read input file /home/domizzi/Documents/Muyal-Ilal-ligero/deployer/app//results//DetectorPulmon/catalogs/TESTCATALOG/Somatometria_Signos_Vitales/medicion_aprevenir_1665042775-1507523380.json, skipping.
WARNING Cannot read input file /home/domizzi/Documents/Muyal-Ilal-ligero/deployer/app//results//DetectorPulmon/catalogs/TESTCATALOG/Somatometria_Signos_Vitales/medicion_aprevenir_-1967085798-1507523380.json, skipping.
WARNING Cannot read input file /home/domizzi/Documents/Muyal-Ilal-ligero/deployer/app//results//DetectorPulmon/catalogs/TESTCATALOG/Somatometria_Signos_Vitales/medicion_aprevenir_1110332606-1507523380.json, skipping.
WARNING Cannot read input file /home/domizzi/Documents/Muyal-Ilal-ligero/deployer/app//results//DetectorPulmon/catalogs/TESTCATALOG/Somatometria_Signos_Vitales/medicion_aprevenir_401486785-1507523380.json, skipping.
WARNING Cannot read input file /home/domizzi/Documents/Muyal-Ilal-ligero/deployer/app//results//DetectorPulmon/catalogs/TESTCATALOG/Somatometria_Signos_Vitales/medicion_aprevenir_1906501847-1507523380.json, skipping.
WARNING Cannot read input file /home/domizzi/Documents/Muyal-Ilal-ligero/deployer/app//results//DetectorPulmon/catalogs/TESTCATALOG/Somatometria_Signos_Vitales/medicion_aprevenir_-1554832397-1507523380.json, skipping.
WARNING Cannot read input file /home/domizzi/Documents/Muyal-Ilal-ligero/deployer/app//results//DetectorPulmon/catalogs/TESTCATALOG/Somatometria_Signos_Vitales/medicion_aprevenir_-799933548-1507523380.json, skipping.
WARNING Cannot read input file /home/domizzi/Documents/Muyal-Ilal-ligero/deployer/app//results//DetectorPulmon/catalogs/TESTCATALOG/Somatometria_Signos_Vitales/medicion_aprevenir_-909322121-1507523380.json, skipping.
WARNING Cannot read input file /home/domizzi/Documents/Muyal-Ilal-ligero/deployer/app//results//DetectorPulmon/catalogs/TESTCATALOG/Somatometria_Signos_Vitales/medicion_aprevenir_492461757-1507523380.json, skipping.
WARNING Cannot read input file /home/domizzi/Documents/Muyal-Ilal-ligero/deployer/app//results//DetectorPulmon/catalogs/TESTCATALOG/Somatometria_Signos_Vitales/medicion_aprevenir_-1248888161-1507523380.json, skipping.
WARNING Cannot read input file /home/domizzi/Documents/Muyal-Ilal-ligero/deployer/app//results//DetectorPulmon/catalogs/TESTCATALOG/Somatometria_Signos_Vitales/medicion_aprevenir_-324743792-1507523380.json, skipping.
WARNING Cannot read input file /home/domizzi/Documents/Muyal-Ilal-ligero/deployer/app//results//DetectorPulmon/catalogs/TESTCATALOG/Somatometria_Signos_Vitales/medicion_aprevenir_1982612621-1507523380.json, skipping.
WARNING Cannot read input file /home/domizzi/Documents/Muyal-Ilal-ligero/deployer/app//results//DetectorPulmon/catalogs/TESTCATALOG/Somatometria_Signos_Vitales/medicion_aprevenir_99009921-1507523380.json, skipping.
WARNING Cannot read input file /home/domizzi/Documents/Muyal-Ilal-ligero/deployer/app//results//DetectorPulmon/catalogs/TESTCATALOG/Somatometria_Signos_Vitales/medicion_aprevenir_-37254536-1507523380.json, skipping.
WARNING Cannot read input file /home/domizzi/Documents/Muyal-Ilal-ligero/deployer/app//results//DetectorPulmon/catalogs/TESTCATALOG/Somatometria_Signos_Vitales/medicion_aprevenir_-715070008-1507523380.json, skipping.
WARNING Cannot read input file /home/domizzi/Documents/Muyal-Ilal-ligero/deployer/app//results//DetectorPulmon/catalogs/TESTCATALOG/Somatometria_Signos_Vitales/medicion_aprevenir_1093503740-1507523380.json, skipping.
WARNING Cannot read input file /home/domizzi/Documents/Muyal-Ilal-ligero/deployer/app//results//DetectorPulmon/catalogs/TESTCATALOG/Somatometria_Signos_Vitales/medicion_aprevenir_896640724-1507523380.json, skipping.
WARNING Cannot read input file /home/domizzi/Documents/Muyal-Ilal-ligero/deployer/app//results//DetectorPulmon/catalogs/TESTCATALOG/Somatometria_Signos_Vitales/medicion_aprevenir_1560490886-1507523380.json, skipping.
WARNING Cannot read input file /home/domizzi/Documents/Muyal-Ilal-ligero/deployer/app//results//DetectorPulmon/catalogs/TESTCATALOG/Somatometria_Signos_Vitales/medicion_aprevenir_816553560-1507523380.json, skipping.
WARNING Cannot read input file /home/domizzi/Documents/Muyal-Ilal-ligero/deployer/app//results//DetectorPulmon/catalogs/TESTCATALOG/Somatometria_Signos_Vitales/medicion_aprevenir_-1074895146-1507523380.json, skipping.
WARNING Cannot read input file /home/domizzi/Documents/Muyal-Ilal-ligero/deployer/app//results//DetectorPulmon/catalogs/TESTCATALOG/Somatometria_Signos_Vitales/medicion_aprevenir_1714743273-1507523380.json, skipping.
python3 /code/process_dir.py --input /home/domizzi/Documents/Muyal-Ilal-ligero/deployer/app//results//DetectorPulmon/catalogs/TESTCATALOG/P1 --outfolder "/home/domizzi/Documents/Muyal-Ilal-ligero/deployer/app//results/DetectorPulmon/stage_Anonimizacion/Anonimizacionpattern/Anonimizacion/" --save dicom
docker-compose --log-level ERROR -p /home/domizzi/Documents/Muyal-Ilal-ligero/deployer/app//results/DetectorPulmon -f /home/domizzi/Documents/Muyal-Ilal-ligero/deployer/app//results/DetectorPulmon/docker-compose.yml  exec -T Anonimizacion sh -c "python3 /code/process_dir.py --input /home/domizzi/Documents/Muyal-Ilal-ligero/deployer/app//results//DetectorPulmon/catalogs/TESTCATALOG/P1 --outfolder "/home/domizzi/Documents/Muyal-Ilal-ligero/deployer/app//results/DetectorPulmon/stage_Anonimizacion/Anonimizacionpattern/Anonimizacion/" --save dicom"
WARNING No specification, loading default base deid.dicom
WARNING Cannot read input file /home/domizzi/Documents/Muyal-Ilal-ligero/deployer/app//results//DetectorPulmon/catalogs/TESTCATALOG/workflowengine.jpg, skipping.
WARNING Cannot read input file /home/domizzi/Documents/Muyal-Ilal-ligero/deployer/app//results//DetectorPulmon/catalogs/TESTCATALOG/espirometrias/225_1b1_Pl_sc_Meditron.wav, skipping.
WARNING Cannot read input file /home/domizzi/Documents/Muyal-Ilal-ligero/deployer/app//results//DetectorPulmon/catalogs/TESTCATALOG/espirometrias/223_1b1_Pr_sc_Meditron.wav, skipping.
WARNING Cannot read input file /home/domizzi/Documents/Muyal-Ilal-ligero/deployer/app//results//DetectorPulmon/catalogs/TESTCATALOG/espirometrias/224_1b2_Al_sc_Meditron.wav, skipping.
WARNING Cannot read input file /home/domizzi/Documents/Muyal-Ilal-ligero/deployer/app//results//DetectorPulmon/catalogs/TESTCATALOG/espirometrias/226_1b1_Al_sc_Meditron.wav, skipping.
WARNING Cannot read input file /home/domizzi/Documents/Muyal-Ilal-ligero/deployer/app//results//DetectorPulmon/catalogs/TESTCATALOG/espirometrias/224_1b1_Tc_sc_Meditron.txt, skipping.
WARNING Cannot read input file /home/domizzi/Documents/Muyal-Ilal-ligero/deployer/app//results//DetectorPulmon/catalogs/TESTCATALOG/espirometrias/224_1b2_Al_sc_Meditron.txt, skipping.
WARNING Cannot read input file /home/domizzi/Documents/Muyal-Ilal-ligero/deployer/app//results//DetectorPulmon/catalogs/TESTCATALOG/espirometrias/226_1b1_Pl_sc_LittC2SE.wav, skipping.
WARNING Cannot read input file /home/domizzi/Documents/Muyal-Ilal-ligero/deployer/app//results//DetectorPulmon/catalogs/TESTCATALOG/espirometrias/225_1b1_Pl_sc_Meditron.txt, skipping.
WARNING Cannot read input file /home/domizzi/Documents/Muyal-Ilal-ligero/deployer/app//results//DetectorPulmon/catalogs/TESTCATALOG/espirometrias/226_1b1_Ll_sc_Meditron.txt, skipping.
WARNING Cannot read input file /home/domizzi/Documents/Muyal-Ilal-ligero/deployer/app//results//DetectorPulmon/catalogs/TESTCATALOG/espirometrias/226_1b1_Al_sc_Meditron.txt, skipping.
WARNING Cannot read input file /home/domizzi/Documents/Muyal-Ilal-ligero/deployer/app//results//DetectorPulmon/catalogs/TESTCATALOG/espirometrias/226_1b1_Pl_sc_LittC2SE.txt, skipping.
WARNING Cannot read input file /home/domizzi/Documents/Muyal-Ilal-ligero/deployer/app//results//DetectorPulmon/catalogs/TESTCATALOG/espirometrias/218_1b1_Ar_sc_Meditron.wav, skipping.
WARNING Cannot read input file /home/domizzi/Documents/Muyal-Ilal-ligero/deployer/app//results//DetectorPulmon/catalogs/TESTCATALOG/espirometrias/226_1b1_Ll_sc_Meditron.wav, skipping.
WARNING Cannot read input file /home/domizzi/Documents/Muyal-Ilal-ligero/deployer/app//results//DetectorPulmon/catalogs/TESTCATALOG/espirometrias/224_1b1_Tc_sc_Meditron.wav, skipping.
WARNING Cannot read input file /home/domizzi/Documents/Muyal-Ilal-ligero/deployer/app//results//DetectorPulmon/catalogs/TESTCATALOG/espirometrias/218_1b1_Al_sc_Meditron.txt, skipping.
WARNING Cannot read input file /home/domizzi/Documents/Muyal-Ilal-ligero/deployer/app//results//DetectorPulmon/catalogs/TESTCATALOG/espirometrias/216_1b1_Al_sc_Meditron.wav, skipping.
WARNING Cannot read input file /home/domizzi/Documents/Muyal-Ilal-ligero/deployer/app//results//DetectorPulmon/catalogs/TESTCATALOG/espirometrias/218_1b1_Ar_sc_Meditron.txt, skipping.
WARNING Cannot read input file /home/domizzi/Documents/Muyal-Ilal-ligero/deployer/app//results//DetectorPulmon/catalogs/TESTCATALOG/espirometrias/217_1b1_Tc_sc_Meditron.wav, skipping.
WARNING Cannot read input file /home/domizzi/Documents/Muyal-Ilal-ligero/deployer/app//results//DetectorPulmon/catalogs/TESTCATALOG/espirometrias/216_1b1_Pl_sc_Meditron.wav, skipping.
WARNING Cannot read input file /home/domizzi/Documents/Muyal-Ilal-ligero/deployer/app//results//DetectorPulmon/catalogs/TESTCATALOG/espirometrias/216_1b1_Pl_sc_Meditron.txt, skipping.
WARNING Cannot read input file /home/domizzi/Documents/Muyal-Ilal-ligero/deployer/app//results//DetectorPulmon/catalogs/TESTCATALOG/espirometrias/218_1b1_Al_sc_Meditron.wav, skipping.
WARNING Cannot read input file /home/domizzi/Documents/Muyal-Ilal-ligero/deployer/app//results//DetectorPulmon/catalogs/TESTCATALOG/espirometrias/217_1b1_Tc_sc_Meditron.txt, skipping.
WARNING Cannot read input file /home/domizzi/Documents/Muyal-Ilal-ligero/deployer/app//results//DetectorPulmon/catalogs/TESTCATALOG/espirometrias/216_1b1_Al_sc_Meditron.txt, skipping.
WARNING Cannot read input file /home/domizzi/Documents/Muyal-Ilal-ligero/deployer/app//results//DetectorPulmon/catalogs/TESTCATALOG/ecgs/sensor1.txt, skipping.
WARNING Cannot read input file /home/domizzi/Documents/Muyal-Ilal-ligero/deployer/app//results//DetectorPulmon/catalogs/TESTCATALOG/ecgs/sensor0.txt, skipping.
WARNING Cannot read input file /home/domizzi/Documents/Muyal-Ilal-ligero/deployer/app//results//DetectorPulmon/catalogs/TESTCATALOG/Prueba_FINDRISC/prueba_findrisc_aprevenir_-1716717365-1507523380.json, skipping.
WARNING Cannot read input file /home/domizzi/Documents/Muyal-Ilal-ligero/deployer/app//results//DetectorPulmon/catalogs/TESTCATALOG/Prueba_FINDRISC/prueba_findrisc_aprevenir_1884191915-1507523380.json, skipping.
WARNING Cannot read input file /home/domizzi/Documents/Muyal-Ilal-ligero/deployer/app//results//DetectorPulmon/catalogs/TESTCATALOG/Prueba_FINDRISC/prueba_findrisc_aprevenir_-1568605943-1507523380.json, skipping.
WARNING Cannot read input file /home/domizzi/Documents/Muyal-Ilal-ligero/deployer/app//results//DetectorPulmon/catalogs/TESTCATALOG/Prueba_FINDRISC/prueba_findrisc_aprevenir_-1652169977-1507523380.json, skipping.
WARNING Cannot read input file /home/domizzi/Documents/Muyal-Ilal-ligero/deployer/app//results//DetectorPulmon/catalogs/TESTCATALOG/Prueba_FINDRISC/prueba_findrisc_aprevenir_-1294782248-1507523380.json, skipping.
WARNING Cannot read input file /home/domizzi/Documents/Muyal-Ilal-ligero/deployer/app//results//DetectorPulmon/catalogs/TESTCATALOG/Prueba_FINDRISC/prueba_findrisc_aprevenir_-1772930693-1507523380.json, skipping.
WARNING Cannot read input file /home/domizzi/Documents/Muyal-Ilal-ligero/deployer/app//results//DetectorPulmon/catalogs/TESTCATALOG/Prueba_FINDRISC/prueba_findrisc_aprevenir_-174163047-1507523380.json, skipping.
WARNING Cannot read input file /home/domizzi/Documents/Muyal-Ilal-ligero/deployer/app//results//DetectorPulmon/catalogs/TESTCATALOG/Prueba_FINDRISC/prueba_findrisc_aprevenir_1333970158-1507523380.json, skipping.
WARNING Cannot read input file /home/domizzi/Documents/Muyal-Ilal-ligero/deployer/app//results//DetectorPulmon/catalogs/TESTCATALOG/Prueba_FINDRISC/prueba_findrisc_aprevenir_1469178095-1507523380.json, skipping.
WARNING Cannot read input file /home/domizzi/Documents/Muyal-Ilal-ligero/deployer/app//results//DetectorPulmon/catalogs/TESTCATALOG/Prueba_FINDRISC/prueba_findrisc_aprevenir_230630530-1507523380.json, skipping.
WARNING Cannot read input file /home/domizzi/Documents/Muyal-Ilal-ligero/deployer/app//results//DetectorPulmon/catalogs/TESTCATALOG/Prueba_FINDRISC/prueba_findrisc_aprevenir_-1201105640-1507523380.json, skipping.
WARNING Cannot read input file /home/domizzi/Documents/Muyal-Ilal-ligero/deployer/app//results//DetectorPulmon/catalogs/TESTCATALOG/Prueba_FINDRISC/prueba_findrisc_aprevenir_-321744568-1507523380.json, skipping.
WARNING Cannot read input file /home/domizzi/Documents/Muyal-Ilal-ligero/deployer/app//results//DetectorPulmon/catalogs/TESTCATALOG/Prueba_FINDRISC/prueba_findrisc_aprevenir_-1956265704-1507523380.json, skipping.
WARNING Cannot read input file /home/domizzi/Documents/Muyal-Ilal-ligero/deployer/app//results//DetectorPulmon/catalogs/TESTCATALOG/Prueba_FINDRISC/prueba_findrisc_aprevenir_-1231451750-1507523380.json, skipping.
WARNING Cannot read input file /home/domizzi/Documents/Muyal-Ilal-ligero/deployer/app//results//DetectorPulmon/catalogs/TESTCATALOG/Prueba_FINDRISC/prueba_findrisc_aprevenir_-1006295372-1507523380.json, skipping.
WARNING Cannot read input file /home/domizzi/Documents/Muyal-Ilal-ligero/deployer/app//results//DetectorPulmon/catalogs/TESTCATALOG/Prueba_FINDRISC/prueba_findrisc_aprevenir_2123467908-1507523380.json, skipping.
WARNING Cannot read input file /home/domizzi/Documents/Muyal-Ilal-ligero/deployer/app//results//DetectorPulmon/catalogs/TESTCATALOG/Prueba_FINDRISC/prueba_findrisc_aprevenir_811274023-1507523380.json, skipping.
WARNING Cannot read input file /home/domizzi/Documents/Muyal-Ilal-ligero/deployer/app//results//DetectorPulmon/catalogs/TESTCATALOG/Prueba_FINDRISC/prueba_findrisc_aprevenir_1578209575-1507523380.json, skipping.
WARNING Cannot read input file /home/domizzi/Documents/Muyal-Ilal-ligero/deployer/app//results//DetectorPulmon/catalogs/TESTCATALOG/Prueba_FINDRISC/prueba_findrisc_aprevenir_-1856225558-1507523380.json, skipping.
WARNING Cannot read input file /home/domizzi/Documents/Muyal-Ilal-ligero/deployer/app//results//DetectorPulmon/catalogs/TESTCATALOG/Prueba_FINDRISC/prueba_findrisc_aprevenir_1720620656-1507523380.json, skipping.
WARNING Cannot read input file /home/domizzi/Documents/Muyal-Ilal-ligero/deployer/app//results//DetectorPulmon/catalogs/TESTCATALOG/Prueba_FINDRISC/prueba_findrisc_aprevenir_917457947-1507523380.json, skipping.
WARNING Cannot read input file /home/domizzi/Documents/Muyal-Ilal-ligero/deployer/app//results//DetectorPulmon/catalogs/TESTCATALOG/Prueba_FINDRISC/prueba_findrisc_aprevenir_1113172312-1507523380.json, skipping.
WARNING Cannot read input file /home/domizzi/Documents/Muyal-Ilal-ligero/deployer/app//results//DetectorPulmon/catalogs/TESTCATALOG/Prueba_FINDRISC/prueba_findrisc_aprevenir_-1388272094-1507523380.json, skipping.
WARNING Cannot read input file /home/domizzi/Documents/Muyal-Ilal-ligero/deployer/app//results//DetectorPulmon/catalogs/TESTCATALOG/Prueba_FINDRISC/prueba_findrisc_aprevenir_-394309992-1507523380.json, skipping.
WARNING Cannot read input file /home/domizzi/Documents/Muyal-Ilal-ligero/deployer/app//results//DetectorPulmon/catalogs/TESTCATALOG/Somatometria_Signos_Vitales/medicion_aprevenir_567725313-1507523380.json, skipping.
WARNING Cannot read input file /home/domizzi/Documents/Muyal-Ilal-ligero/deployer/app//results//DetectorPulmon/catalogs/TESTCATALOG/Somatometria_Signos_Vitales/medicion_aprevenir_612024257-1507523380.json, skipping.
WARNING Cannot read input file /home/domizzi/Documents/Muyal-Ilal-ligero/deployer/app//results//DetectorPulmon/catalogs/TESTCATALOG/Somatometria_Signos_Vitales/medicion_aprevenir_607955257-1507523380.json, skipping.
WARNING Cannot read input file /home/domizzi/Documents/Muyal-Ilal-ligero/deployer/app//results//DetectorPulmon/catalogs/TESTCATALOG/Somatometria_Signos_Vitales/medicion_aprevenir_-750225876-1507523380.json, skipping.
WARNING Cannot read input file /home/domizzi/Documents/Muyal-Ilal-ligero/deployer/app//results//DetectorPulmon/catalogs/TESTCATALOG/Somatometria_Signos_Vitales/medicion_aprevenir_-1724872329-1507523380.json, skipping.
WARNING Cannot read input file /home/domizzi/Documents/Muyal-Ilal-ligero/deployer/app//results//DetectorPulmon/catalogs/TESTCATALOG/Somatometria_Signos_Vitales/medicion_aprevenir_1665042775-1507523380.json, skipping.
WARNING Cannot read input file /home/domizzi/Documents/Muyal-Ilal-ligero/deployer/app//results//DetectorPulmon/catalogs/TESTCATALOG/Somatometria_Signos_Vitales/medicion_aprevenir_-1967085798-1507523380.json, skipping.
WARNING Cannot read input file /home/domizzi/Documents/Muyal-Ilal-ligero/deployer/app//results//DetectorPulmon/catalogs/TESTCATALOG/Somatometria_Signos_Vitales/medicion_aprevenir_1110332606-1507523380.json, skipping.
WARNING Cannot read input file /home/domizzi/Documents/Muyal-Ilal-ligero/deployer/app//results//DetectorPulmon/catalogs/TESTCATALOG/Somatometria_Signos_Vitales/medicion_aprevenir_401486785-1507523380.json, skipping.
WARNING Cannot read input file /home/domizzi/Documents/Muyal-Ilal-ligero/deployer/app//results//DetectorPulmon/catalogs/TESTCATALOG/Somatometria_Signos_Vitales/medicion_aprevenir_1906501847-1507523380.json, skipping.
WARNING Cannot read input file /home/domizzi/Documents/Muyal-Ilal-ligero/deployer/app//results//DetectorPulmon/catalogs/TESTCATALOG/Somatometria_Signos_Vitales/medicion_aprevenir_-1554832397-1507523380.json, skipping.
WARNING Cannot read input file /home/domizzi/Documents/Muyal-Ilal-ligero/deployer/app//results//DetectorPulmon/catalogs/TESTCATALOG/Somatometria_Signos_Vitales/medicion_aprevenir_-799933548-1507523380.json, skipping.
WARNING Cannot read input file /home/domizzi/Documents/Muyal-Ilal-ligero/deployer/app//results//DetectorPulmon/catalogs/TESTCATALOG/Somatometria_Signos_Vitales/medicion_aprevenir_-909322121-1507523380.json, skipping.
WARNING Cannot read input file /home/domizzi/Documents/Muyal-Ilal-ligero/deployer/app//results//DetectorPulmon/catalogs/TESTCATALOG/Somatometria_Signos_Vitales/medicion_aprevenir_492461757-1507523380.json, skipping.
WARNING Cannot read input file /home/domizzi/Documents/Muyal-Ilal-ligero/deployer/app//results//DetectorPulmon/catalogs/TESTCATALOG/Somatometria_Signos_Vitales/medicion_aprevenir_-1248888161-1507523380.json, skipping.
WARNING Cannot read input file /home/domizzi/Documents/Muyal-Ilal-ligero/deployer/app//results//DetectorPulmon/catalogs/TESTCATALOG/Somatometria_Signos_Vitales/medicion_aprevenir_-324743792-1507523380.json, skipping.
WARNING Cannot read input file /home/domizzi/Documents/Muyal-Ilal-ligero/deployer/app//results//DetectorPulmon/catalogs/TESTCATALOG/Somatometria_Signos_Vitales/medicion_aprevenir_1982612621-1507523380.json, skipping.
WARNING Cannot read input file /home/domizzi/Documents/Muyal-Ilal-ligero/deployer/app//results//DetectorPulmon/catalogs/TESTCATALOG/Somatometria_Signos_Vitales/medicion_aprevenir_99009921-1507523380.json, skipping.
WARNING Cannot read input file /home/domizzi/Documents/Muyal-Ilal-ligero/deployer/app//results//DetectorPulmon/catalogs/TESTCATALOG/Somatometria_Signos_Vitales/medicion_aprevenir_-37254536-1507523380.json, skipping.
WARNING Cannot read input file /home/domizzi/Documents/Muyal-Ilal-ligero/deployer/app//results//DetectorPulmon/catalogs/TESTCATALOG/Somatometria_Signos_Vitales/medicion_aprevenir_-715070008-1507523380.json, skipping.
WARNING Cannot read input file /home/domizzi/Documents/Muyal-Ilal-ligero/deployer/app//results//DetectorPulmon/catalogs/TESTCATALOG/Somatometria_Signos_Vitales/medicion_aprevenir_1093503740-1507523380.json, skipping.
WARNING Cannot read input file /home/domizzi/Documents/Muyal-Ilal-ligero/deployer/app//results//DetectorPulmon/catalogs/TESTCATALOG/Somatometria_Signos_Vitales/medicion_aprevenir_896640724-1507523380.json, skipping.
WARNING Cannot read input file /home/domizzi/Documents/Muyal-Ilal-ligero/deployer/app//results//DetectorPulmon/catalogs/TESTCATALOG/Somatometria_Signos_Vitales/medicion_aprevenir_1560490886-1507523380.json, skipping.
WARNING Cannot read input file /home/domizzi/Documents/Muyal-Ilal-ligero/deployer/app//results//DetectorPulmon/catalogs/TESTCATALOG/Somatometria_Signos_Vitales/medicion_aprevenir_816553560-1507523380.json, skipping.
WARNING Cannot read input file /home/domizzi/Documents/Muyal-Ilal-ligero/deployer/app//results//DetectorPulmon/catalogs/TESTCATALOG/Somatometria_Signos_Vitales/medicion_aprevenir_-1074895146-1507523380.json, skipping.
WARNING Cannot read input file /home/domizzi/Documents/Muyal-Ilal-ligero/deployer/app//results//DetectorPulmon/catalogs/TESTCATALOG/Somatometria_Signos_Vitales/medicion_aprevenir_1714743273-1507523380.json, skipping.
python3 /code/process_dir.py --input /home/domizzi/Documents/Muyal-Ilal-ligero/deployer/app//results//DetectorPulmon/catalogs/TESTCATALOG/Prueba_FINDRISC --outfolder "/home/domizzi/Documents/Muyal-Ilal-ligero/deployer/app//results/DetectorPulmon/stage_Anonimizacion/Anonimizacionpattern/Anonimizacion/" --save dicom
docker-compose --log-level ERROR -p /home/domizzi/Documents/Muyal-Ilal-ligero/deployer/app//results/DetectorPulmon -f /home/domizzi/Documents/Muyal-Ilal-ligero/deployer/app//results/DetectorPulmon/docker-compose.yml  exec -T Anonimizacion sh -c "python3 /code/process_dir.py --input /home/domizzi/Documents/Muyal-Ilal-ligero/deployer/app//results//DetectorPulmon/catalogs/TESTCATALOG/Prueba_FINDRISC --outfolder "/home/domizzi/Documents/Muyal-Ilal-ligero/deployer/app//results/DetectorPulmon/stage_Anonimizacion/Anonimizacionpattern/Anonimizacion/" --save dicom"
WARNING No specification, loading default base deid.dicom
WARNING No specification, loading default base deid.dicom
WARNING Cannot read input file /home/domizzi/Documents/Muyal-Ilal-ligero/deployer/app//results//DetectorPulmon/catalogs/TESTCATALOG/Prueba_FINDRISC/prueba_findrisc_aprevenir_-1716717365-1507523380.json, skipping.
WARNING Cannot read input file /home/domizzi/Documents/Muyal-Ilal-ligero/deployer/app//results//DetectorPulmon/catalogs/TESTCATALOG/Prueba_FINDRISC/prueba_findrisc_aprevenir_1884191915-1507523380.json, skipping.
WARNING Cannot read input file /home/domizzi/Documents/Muyal-Ilal-ligero/deployer/app//results//DetectorPulmon/catalogs/TESTCATALOG/Prueba_FINDRISC/prueba_findrisc_aprevenir_-1568605943-1507523380.json, skipping.
WARNING Cannot read input file /home/domizzi/Documents/Muyal-Ilal-ligero/deployer/app//results//DetectorPulmon/catalogs/TESTCATALOG/Prueba_FINDRISC/prueba_findrisc_aprevenir_-1652169977-1507523380.json, skipping.
WARNING Cannot read input file /home/domizzi/Documents/Muyal-Ilal-ligero/deployer/app//results//DetectorPulmon/catalogs/TESTCATALOG/Prueba_FINDRISC/prueba_findrisc_aprevenir_-1294782248-1507523380.json, skipping.
WARNING Cannot read input file /home/domizzi/Documents/Muyal-Ilal-ligero/deployer/app//results//DetectorPulmon/catalogs/TESTCATALOG/Prueba_FINDRISC/prueba_findrisc_aprevenir_-1772930693-1507523380.json, skipping.
WARNING Cannot read input file /home/domizzi/Documents/Muyal-Ilal-ligero/deployer/app//results//DetectorPulmon/catalogs/TESTCATALOG/Prueba_FINDRISC/prueba_findrisc_aprevenir_-174163047-1507523380.json, skipping.
WARNING Cannot read input file /home/domizzi/Documents/Muyal-Ilal-ligero/deployer/app//results//DetectorPulmon/catalogs/TESTCATALOG/Prueba_FINDRISC/prueba_findrisc_aprevenir_1333970158-1507523380.json, skipping.
WARNING Cannot read input file /home/domizzi/Documents/Muyal-Ilal-ligero/deployer/app//results//DetectorPulmon/catalogs/TESTCATALOG/Prueba_FINDRISC/prueba_findrisc_aprevenir_1469178095-1507523380.json, skipping.
WARNING Cannot read input file /home/domizzi/Documents/Muyal-Ilal-ligero/deployer/app//results//DetectorPulmon/catalogs/TESTCATALOG/Prueba_FINDRISC/prueba_findrisc_aprevenir_230630530-1507523380.json, skipping.
WARNING Cannot read input file /home/domizzi/Documents/Muyal-Ilal-ligero/deployer/app//results//DetectorPulmon/catalogs/TESTCATALOG/Prueba_FINDRISC/prueba_findrisc_aprevenir_-1201105640-1507523380.json, skipping.
WARNING Cannot read input file /home/domizzi/Documents/Muyal-Ilal-ligero/deployer/app//results//DetectorPulmon/catalogs/TESTCATALOG/Prueba_FINDRISC/prueba_findrisc_aprevenir_-321744568-1507523380.json, skipping.
WARNING Cannot read input file /home/domizzi/Documents/Muyal-Ilal-ligero/deployer/app//results//DetectorPulmon/catalogs/TESTCATALOG/Prueba_FINDRISC/prueba_findrisc_aprevenir_-1956265704-1507523380.json, skipping.
WARNING Cannot read input file /home/domizzi/Documents/Muyal-Ilal-ligero/deployer/app//results//DetectorPulmon/catalogs/TESTCATALOG/Prueba_FINDRISC/prueba_findrisc_aprevenir_-1231451750-1507523380.json, skipping.
WARNING Cannot read input file /home/domizzi/Documents/Muyal-Ilal-ligero/deployer/app//results//DetectorPulmon/catalogs/TESTCATALOG/Prueba_FINDRISC/prueba_findrisc_aprevenir_-1006295372-1507523380.json, skipping.
WARNING Cannot read input file /home/domizzi/Documents/Muyal-Ilal-ligero/deployer/app//results//DetectorPulmon/catalogs/TESTCATALOG/Prueba_FINDRISC/prueba_findrisc_aprevenir_2123467908-1507523380.json, skipping.
WARNING Cannot read input file /home/domizzi/Documents/Muyal-Ilal-ligero/deployer/app//results//DetectorPulmon/catalogs/TESTCATALOG/Prueba_FINDRISC/prueba_findrisc_aprevenir_811274023-1507523380.json, skipping.
WARNING Cannot read input file /home/domizzi/Documents/Muyal-Ilal-ligero/deployer/app//results//DetectorPulmon/catalogs/TESTCATALOG/Prueba_FINDRISC/prueba_findrisc_aprevenir_1578209575-1507523380.json, skipping.
WARNING Cannot read input file /home/domizzi/Documents/Muyal-Ilal-ligero/deployer/app//results//DetectorPulmon/catalogs/TESTCATALOG/Prueba_FINDRISC/prueba_findrisc_aprevenir_-1856225558-1507523380.json, skipping.
WARNING Cannot read input file /home/domizzi/Documents/Muyal-Ilal-ligero/deployer/app//results//DetectorPulmon/catalogs/TESTCATALOG/Prueba_FINDRISC/prueba_findrisc_aprevenir_1720620656-1507523380.json, skipping.
WARNING Cannot read input file /home/domizzi/Documents/Muyal-Ilal-ligero/deployer/app//results//DetectorPulmon/catalogs/TESTCATALOG/Prueba_FINDRISC/prueba_findrisc_aprevenir_917457947-1507523380.json, skipping.
WARNING Cannot read input file /home/domizzi/Documents/Muyal-Ilal-ligero/deployer/app//results//DetectorPulmon/catalogs/TESTCATALOG/Prueba_FINDRISC/prueba_findrisc_aprevenir_1113172312-1507523380.json, skipping.
WARNING Cannot read input file /home/domizzi/Documents/Muyal-Ilal-ligero/deployer/app//results//DetectorPulmon/catalogs/TESTCATALOG/Prueba_FINDRISC/prueba_findrisc_aprevenir_-1388272094-1507523380.json, skipping.
WARNING Cannot read input file /home/domizzi/Documents/Muyal-Ilal-ligero/deployer/app//results//DetectorPulmon/catalogs/TESTCATALOG/Prueba_FINDRISC/prueba_findrisc_aprevenir_-394309992-1507523380.json, skipping.
python3 /code/process_dir.py --input /home/domizzi/Documents/Muyal-Ilal-ligero/deployer/app//results//DetectorPulmon/catalogs/TESTCATALOG/espirometrias --outfolder "/home/domizzi/Documents/Muyal-Ilal-ligero/deployer/app//results/DetectorPulmon/stage_Anonimizacion/Anonimizacionpattern/Anonimizacion/" --save dicom
docker-compose --log-level ERROR -p /home/domizzi/Documents/Muyal-Ilal-ligero/deployer/app//results/DetectorPulmon -f /home/domizzi/Documents/Muyal-Ilal-ligero/deployer/app//results/DetectorPulmon/docker-compose.yml  exec -T Anonimizacion sh -c "python3 /code/process_dir.py --input /home/domizzi/Documents/Muyal-Ilal-ligero/deployer/app//results//DetectorPulmon/catalogs/TESTCATALOG/espirometrias --outfolder "/home/domizzi/Documents/Muyal-Ilal-ligero/deployer/app//results/DetectorPulmon/stage_Anonimizacion/Anonimizacionpattern/Anonimizacion/" --save dicom"
python3 /code/process_dir.py --input /home/domizzi/Documents/Muyal-Ilal-ligero/deployer/app//results//DetectorPulmon/catalogs/TESTCATALOG/ecgs --outfolder "/home/domizzi/Documents/Muyal-Ilal-ligero/deployer/app//results/DetectorPulmon/stage_Anonimizacion/Anonimizacionpattern/Anonimizacion/" --save dicom
docker-compose --log-level ERROR -p /home/domizzi/Documents/Muyal-Ilal-ligero/deployer/app//results/DetectorPulmon -f /home/domizzi/Documents/Muyal-Ilal-ligero/deployer/app//results/DetectorPulmon/docker-compose.yml  exec -T Anonimizacion sh -c "python3 /code/process_dir.py --input /home/domizzi/Documents/Muyal-Ilal-ligero/deployer/app//results//DetectorPulmon/catalogs/TESTCATALOG/ecgs --outfolder "/home/domizzi/Documents/Muyal-Ilal-ligero/deployer/app//results/DetectorPulmon/stage_Anonimizacion/Anonimizacionpattern/Anonimizacion/" --save dicom"
WARNING No specification, loading default base deid.dicom
WARNING Cannot read input file /home/domizzi/Documents/Muyal-Ilal-ligero/deployer/app//results//DetectorPulmon/catalogs/TESTCATALOG/ecgs/sensor1.txt, skipping.
WARNING Cannot read input file /home/domizzi/Documents/Muyal-Ilal-ligero/deployer/app//results//DetectorPulmon/catalogs/TESTCATALOG/ecgs/sensor0.txt, skipping.
WARNING No specification, loading default base deid.dicom
WARNING Cannot read input file /home/domizzi/Documents/Muyal-Ilal-ligero/deployer/app//results//DetectorPulmon/catalogs/TESTCATALOG/espirometrias/225_1b1_Pl_sc_Meditron.wav, skipping.
WARNING Cannot read input file /home/domizzi/Documents/Muyal-Ilal-ligero/deployer/app//results//DetectorPulmon/catalogs/TESTCATALOG/espirometrias/223_1b1_Pr_sc_Meditron.wav, skipping.
WARNING Cannot read input file /home/domizzi/Documents/Muyal-Ilal-ligero/deployer/app//results//DetectorPulmon/catalogs/TESTCATALOG/espirometrias/224_1b2_Al_sc_Meditron.wav, skipping.
WARNING Cannot read input file /home/domizzi/Documents/Muyal-Ilal-ligero/deployer/app//results//DetectorPulmon/catalogs/TESTCATALOG/espirometrias/226_1b1_Al_sc_Meditron.wav, skipping.
WARNING Cannot read input file /home/domizzi/Documents/Muyal-Ilal-ligero/deployer/app//results//DetectorPulmon/catalogs/TESTCATALOG/espirometrias/224_1b1_Tc_sc_Meditron.txt, skipping.
WARNING Cannot read input file /home/domizzi/Documents/Muyal-Ilal-ligero/deployer/app//results//DetectorPulmon/catalogs/TESTCATALOG/espirometrias/224_1b2_Al_sc_Meditron.txt, skipping.
WARNING Cannot read input file /home/domizzi/Documents/Muyal-Ilal-ligero/deployer/app//results//DetectorPulmon/catalogs/TESTCATALOG/espirometrias/226_1b1_Pl_sc_LittC2SE.wav, skipping.
WARNING Cannot read input file /home/domizzi/Documents/Muyal-Ilal-ligero/deployer/app//results//DetectorPulmon/catalogs/TESTCATALOG/espirometrias/225_1b1_Pl_sc_Meditron.txt, skipping.
WARNING Cannot read input file /home/domizzi/Documents/Muyal-Ilal-ligero/deployer/app//results//DetectorPulmon/catalogs/TESTCATALOG/espirometrias/226_1b1_Ll_sc_Meditron.txt, skipping.
WARNING Cannot read input file /home/domizzi/Documents/Muyal-Ilal-ligero/deployer/app//results//DetectorPulmon/catalogs/TESTCATALOG/espirometrias/226_1b1_Al_sc_Meditron.txt, skipping.
WARNING Cannot read input file /home/domizzi/Documents/Muyal-Ilal-ligero/deployer/app//results//DetectorPulmon/catalogs/TESTCATALOG/espirometrias/226_1b1_Pl_sc_LittC2SE.txt, skipping.
WARNING Cannot read input file /home/domizzi/Documents/Muyal-Ilal-ligero/deployer/app//results//DetectorPulmon/catalogs/TESTCATALOG/espirometrias/218_1b1_Ar_sc_Meditron.wav, skipping.
WARNING Cannot read input file /home/domizzi/Documents/Muyal-Ilal-ligero/deployer/app//results//DetectorPulmon/catalogs/TESTCATALOG/espirometrias/226_1b1_Ll_sc_Meditron.wav, skipping.
WARNING Cannot read input file /home/domizzi/Documents/Muyal-Ilal-ligero/deployer/app//results//DetectorPulmon/catalogs/TESTCATALOG/espirometrias/224_1b1_Tc_sc_Meditron.wav, skipping.
WARNING Cannot read input file /home/domizzi/Documents/Muyal-Ilal-ligero/deployer/app//results//DetectorPulmon/catalogs/TESTCATALOG/espirometrias/218_1b1_Al_sc_Meditron.txt, skipping.
WARNING Cannot read input file /home/domizzi/Documents/Muyal-Ilal-ligero/deployer/app//results//DetectorPulmon/catalogs/TESTCATALOG/espirometrias/216_1b1_Al_sc_Meditron.wav, skipping.
WARNING Cannot read input file /home/domizzi/Documents/Muyal-Ilal-ligero/deployer/app//results//DetectorPulmon/catalogs/TESTCATALOG/espirometrias/218_1b1_Ar_sc_Meditron.txt, skipping.
WARNING Cannot read input file /home/domizzi/Documents/Muyal-Ilal-ligero/deployer/app//results//DetectorPulmon/catalogs/TESTCATALOG/espirometrias/217_1b1_Tc_sc_Meditron.wav, skipping.
WARNING Cannot read input file /home/domizzi/Documents/Muyal-Ilal-ligero/deployer/app//results//DetectorPulmon/catalogs/TESTCATALOG/espirometrias/216_1b1_Pl_sc_Meditron.wav, skipping.
WARNING Cannot read input file /home/domizzi/Documents/Muyal-Ilal-ligero/deployer/app//results//DetectorPulmon/catalogs/TESTCATALOG/espirometrias/216_1b1_Pl_sc_Meditron.txt, skipping.
WARNING Cannot read input file /home/domizzi/Documents/Muyal-Ilal-ligero/deployer/app//results//DetectorPulmon/catalogs/TESTCATALOG/espirometrias/218_1b1_Al_sc_Meditron.wav, skipping.
WARNING Cannot read input file /home/domizzi/Documents/Muyal-Ilal-ligero/deployer/app//results//DetectorPulmon/catalogs/TESTCATALOG/espirometrias/217_1b1_Tc_sc_Meditron.txt, skipping.
WARNING Cannot read input file /home/domizzi/Documents/Muyal-Ilal-ligero/deployer/app//results//DetectorPulmon/catalogs/TESTCATALOG/espirometrias/216_1b1_Al_sc_Meditron.txt, skipping.
2023-02-14 00:44:54	Anonimizacion: processed 12288 bytes in ST=0.000000 RT = 3126 miliseconds
2023-02-14 00:44:54	Anonimizacion: processed 12288 bytes in ST=0.000000 RT = 3191 miliseconds
2023-02-14 00:44:54	Anonimizacionpattern: pattern executed in ST = 3827 miliseconds
{ "catalogname": " TESTCATALOG/DetectorPulmon-1676335490814/stage_Anonimizacion-1676335494680 ", "dispersemode": "IDA", "encryption":"true", "fathers_token":"5a37656822d4d8a029a831ab16810411c47f94963aec5aed4d87cea1634a8959", "processed": "true" }
192.168.0.62:20500//pub_sub/v1/catalogs/create?access_token=f68ab03672061be0d9244c291d8eb2c3af50a90b7568b21590fdb784caa27df8
java -jar Upload.jar 84c50a3609144fb45c759a14a0a3ff132afe56428c41a92c1f883d3ca628133f 6001bec90aebaeb5d613cd8e4bbb1ba9140145d3 3d7710b4eeab55170fa85ea6349b18ebde5ed76c21e840994e298ebe6e4e612f IDA bob 2 '/home/domizzi/Documents/Muyal-Ilal-ligero/deployer/app//results/DetectorPulmon/stage_Anonimizacion' cinves true f68ab03672061be0d9244c291d8eb2c3af50a90b7568b21590fdb784caa27df8 true true 4
java -jar Upload.jar 84c50a3609144fb45c759a14a0a3ff132afe56428c41a92c1f883d3ca628133f 6001bec90aebaeb5d613cd8e4bbb1ba9140145d3 3d7710b4eeab55170fa85ea6349b18ebde5ed76c21e840994e298ebe6e4e612f IDA bob 2 '/home/domizzi/Documents/Muyal-Ilal-ligero/deployer/app//results/DetectorPulmon/stage_Anonimizacion' cinves true f68ab03672061be0d9244c291d8eb2c3af50a90b7568b21590fdb784caa27df8 true true 4
2023-02-14 00:44:55	stage_Anonimizacion: data satage upload in ST = 399 miliseconds
2023-02-14 00:44:55	stage_Anonimizacion: stage executed in ST = 4227 miliseconds
2023-02-14 00:44:55	stage_ToRGB: WORKING
2023-02-14 00:44:55	stage_ToRGB: has 1 sources
2023-02-14 00:44:55	ToRGBpattern: waiting
2023-02-14 00:44:55	ToRGBpattern: running
2023-02-14 00:44:55	ToRGBpattern: executing load balancer
docker-compose --log-level ERROR -p /home/domizzi/Documents/Muyal-Ilal-ligero/deployer/app//results/DetectorPulmon -f /home/domizzi/Documents/Muyal-Ilal-ligero/deployer/app//results/DetectorPulmon/docker-compose.yml  exec -T lbToRGBpattern  sh -c "./main 2 DL /home/domizzi/Documents/Muyal-Ilal-ligero/deployer/app//results/DetectorPulmon//stage_Anonimizacion/Anonimizacionpattern/Anonimizacion "
docker-compose --log-level ERROR -p /home/domizzi/Documents/Muyal-Ilal-ligero/deployer/app//results/DetectorPulmon -f /home/domizzi/Documents/Muyal-Ilal-ligero/deployer/app//results/DetectorPulmon/docker-compose.yml  exec -T lbToRGBpattern  sh -c "./main 2 DL /home/domizzi/Documents/Muyal-Ilal-ligero/deployer/app//results/DetectorPulmon//stage_Anonimizacion/Anonimizacionpattern/Anonimizacion "
{"result": [["/home/domizzi/Documents/Muyal-Ilal-ligero/deployer/app//results/DetectorPulmon//stage_Anonimizacion/Anonimizacionpattern/Anonimizacion/P1"],[]]}
2023-02-14 00:44:55	ToRGBpattern: load balancer executed in RT = 638 miliseconds
2023-02-14 00:44:55	ToRGB: waiting
2023-02-14 00:44:55	ToRGB: running
2023-02-14 00:44:55	ToRGB: waiting
python3 /code/dicom2rgb.py /home/domizzi/Documents/Muyal-Ilal-ligero/deployer/app//results/DetectorPulmon//stage_Anonimizacion/Anonimizacionpattern/Anonimizacion/P1 /home/domizzi/Documents/Muyal-Ilal-ligero/deployer/app//results/DetectorPulmon/stage_ToRGB/ToRGBpattern/ToRGB//P1
2023-02-14 00:44:55	ToRGB: running
docker-compose --log-level ERROR -p /home/domizzi/Documents/Muyal-Ilal-ligero/deployer/app//results/DetectorPulmon -f /home/domizzi/Documents/Muyal-Ilal-ligero/deployer/app//results/DetectorPulmon/docker-compose.yml  exec -T ToRGB sh -c "python3 /code/dicom2rgb.py /home/domizzi/Documents/Muyal-Ilal-ligero/deployer/app//results/DetectorPulmon//stage_Anonimizacion/Anonimizacionpattern/Anonimizacion/P1 /home/domizzi/Documents/Muyal-Ilal-ligero/deployer/app//results/DetectorPulmon/stage_ToRGB/ToRGBpattern/ToRGB//P1"
2023-02-14 00:44:55	ToRGB: processed 0 bytes in ST=0.000000 RT = 0 miliseconds
2023-02-14 00:44:59	ToRGB: processed 4096 bytes in ST=0.000000 RT = 3295 miliseconds
2023-02-14 00:44:59	ToRGBpattern: pattern executed in ST = 3934 miliseconds
{ "catalogname": " TESTCATALOG/DetectorPulmon-1676335490814/stage_ToRGB-1676335499014 ", "dispersemode": "IDA", "encryption":"true", "fathers_token":"5a37656822d4d8a029a831ab16810411c47f94963aec5aed4d87cea1634a8959", "processed": "true" }
192.168.0.62:20500//pub_sub/v1/catalogs/create?access_token=f68ab03672061be0d9244c291d8eb2c3af50a90b7568b21590fdb784caa27df8
java -jar Upload.jar 84c50a3609144fb45c759a14a0a3ff132afe56428c41a92c1f883d3ca628133f 6001bec90aebaeb5d613cd8e4bbb1ba9140145d3 a51b485d7af0d1a6fe4f99f978bbe903784a12b626e100f5e9e1ecf8433b28e3 IDA bob 2 '/home/domizzi/Documents/Muyal-Ilal-ligero/deployer/app//results/DetectorPulmon/stage_ToRGB' cinves true f68ab03672061be0d9244c291d8eb2c3af50a90b7568b21590fdb784caa27df8 true true 4
java -jar Upload.jar 84c50a3609144fb45c759a14a0a3ff132afe56428c41a92c1f883d3ca628133f 6001bec90aebaeb5d613cd8e4bbb1ba9140145d3 a51b485d7af0d1a6fe4f99f978bbe903784a12b626e100f5e9e1ecf8433b28e3 IDA bob 2 '/home/domizzi/Documents/Muyal-Ilal-ligero/deployer/app//results/DetectorPulmon/stage_ToRGB' cinves true f68ab03672061be0d9244c291d8eb2c3af50a90b7568b21590fdb784caa27df8 true true 4
2023-02-14 00:45:04	stage_ToRGB: data satage upload in ST = 5843 miliseconds
2023-02-14 00:45:04	stage_ToRGB: stage executed in ST = 9778 miliseconds
2023-02-14 00:45:04	stage_DetectorPulmon: WORKING
2023-02-14 00:45:04	stage_DetectorPulmon: has 1 sources
2023-02-14 00:45:04	DetectorPulmonpattern: waiting
2023-02-14 00:45:04	DetectorPulmonpattern: running
2023-02-14 00:45:04	DetectorPulmonpattern: executing load balancer
docker-compose --log-level ERROR -p /home/domizzi/Documents/Muyal-Ilal-ligero/deployer/app//results/DetectorPulmon -f /home/domizzi/Documents/Muyal-Ilal-ligero/deployer/app//results/DetectorPulmon/docker-compose.yml  exec -T lbDetectorPulmonpattern  sh -c "./main 2 DL /home/domizzi/Documents/Muyal-Ilal-ligero/deployer/app//results/DetectorPulmon//stage_ToRGB/ToRGBpattern/ToRGB "
docker-compose --log-level ERROR -p /home/domizzi/Documents/Muyal-Ilal-ligero/deployer/app//results/DetectorPulmon -f /home/domizzi/Documents/Muyal-Ilal-ligero/deployer/app//results/DetectorPulmon/docker-compose.yml  exec -T lbDetectorPulmonpattern  sh -c "./main 2 DL /home/domizzi/Documents/Muyal-Ilal-ligero/deployer/app//results/DetectorPulmon//stage_ToRGB/ToRGBpattern/ToRGB "
{"result": [[],["/home/domizzi/Documents/Muyal-Ilal-ligero/deployer/app//results/DetectorPulmon//stage_ToRGB/ToRGBpattern/ToRGB/P1"]]}
2023-02-14 00:45:05	DetectorPulmonpattern: load balancer executed in RT = 594 miliseconds
2023-02-14 00:45:05	DetectorPulmon: waiting
2023-02-14 00:45:05	DetectorPulmon: running
2023-02-14 00:45:05	DetectorPulmon: processed 0 bytes in ST=0.000000 RT = 0 miliseconds
2023-02-14 00:45:05	DetectorPulmon: waiting
2023-02-14 00:45:05	DetectorPulmon: running
python3 /code/detectorPulmones.py /home/domizzi/Documents/Muyal-Ilal-ligero/deployer/app//results/DetectorPulmon//stage_ToRGB/ToRGBpattern/ToRGB/P1 /home/domizzi/Documents/Muyal-Ilal-ligero/deployer/app//results/DetectorPulmon/stage_DetectorPulmon/DetectorPulmonpattern/DetectorPulmon//P1
docker-compose --log-level ERROR -p /home/domizzi/Documents/Muyal-Ilal-ligero/deployer/app//results/DetectorPulmon -f /home/domizzi/Documents/Muyal-Ilal-ligero/deployer/app//results/DetectorPulmon/docker-compose.yml  exec -T DetectorPulmon sh -c "python3 /code/detectorPulmones.py /home/domizzi/Documents/Muyal-Ilal-ligero/deployer/app//results/DetectorPulmon//stage_ToRGB/ToRGBpattern/ToRGB/P1 /home/domizzi/Documents/Muyal-Ilal-ligero/deployer/app//results/DetectorPulmon/stage_DetectorPulmon/DetectorPulmonpattern/DetectorPulmon//P1"
2023-02-14 00:45:06.272625: W tensorflow/stream_executor/platform/default/dso_loader.cc:64] Could not load dynamic library 'libcudart.so.11.0'; dlerror: libcudart.so.11.0: cannot open shared object file: No such file or directory
2023-02-14 00:45:06.274171: I tensorflow/stream_executor/cuda/cudart_stub.cc:29] Ignore above cudart dlerror if you do not have a GPU set up on your machine.
2023-02-14 00:45:07.704354: I tensorflow/core/platform/cpu_feature_guard.cc:142] This TensorFlow binary is optimized with oneAPI Deep Neural Network Library (oneDNN) to use the following CPU instructions in performance-critical operations:  AVX2 FMA
To enable them in other operations, rebuild TensorFlow with the appropriate compiler flags.
2023-02-14 00:45:07.705256: W tensorflow/stream_executor/platform/default/dso_loader.cc:64] Could not load dynamic library 'libcuda.so.1'; dlerror: libcuda.so.1: cannot open shared object file: No such file or directory
2023-02-14 00:45:07.705278: W tensorflow/stream_executor/cuda/cuda_driver.cc:326] failed call to cuInit: UNKNOWN ERROR (303)
2023-02-14 00:45:07.705298: I tensorflow/stream_executor/cuda/cuda_diagnostics.cc:156] kernel driver does not appear to be running on this host (8a1b69536caf): /proc/driver/nvidia/version does not exist
2023-02-14 00:45:10.361122: W tensorflow/core/framework/cpu_allocator_impl.cc:80] Allocation of 963379200 exceeds 10% of free system memory.
2023-02-14 00:45:10.450602: W tensorflow/core/framework/cpu_allocator_impl.cc:80] Allocation of 963379200 exceeds 10% of free system memory.
WARNING:tensorflow:From /code/models/research/object_detection/utils/model_util.py:57: Tensor.experimental_ref (from tensorflow.python.framework.ops) is deprecated and will be removed in a future version.
Instructions for updating:
Use ref() instead.
2023-02-14 00:45:12.034685: W tensorflow/core/framework/cpu_allocator_impl.cc:80] Allocation of 963379200 exceeds 10% of free system memory.
2023-02-14 00:45:12.112650: W tensorflow/core/framework/cpu_allocator_impl.cc:80] Allocation of 963379200 exceeds 10% of free system memory.
2023-02-14 00:45:13.556019: W tensorflow/core/framework/cpu_allocator_impl.cc:80] Allocation of 963379200 exceeds 10% of free system memory.
/code/detectorPulmones.py:240: RuntimeWarning: More than 20 figures have been opened. Figures created through the pyplot interface (`matplotlib.pyplot.figure`) are retained until explicitly closed and may consume too much memory. (To control this warning, see the rcParam `figure.max_open_warning`).
  plt.figure(figsize=(15,10))
2023-02-14 00:45:44	DetectorPulmon: processed 4096 bytes in ST=0.000000 RT = 39003 miliseconds
2023-02-14 00:45:44	DetectorPulmonpattern: pattern executed in ST = 39598 miliseconds
{ "catalogname": " TESTCATALOG/DetectorPulmon-1676335490814/stage_DetectorPulmon-1676335544456 ", "dispersemode": "IDA", "encryption":"true", "fathers_token":"5a37656822d4d8a029a831ab16810411c47f94963aec5aed4d87cea1634a8959", "processed": "true" }
192.168.0.62:20500//pub_sub/v1/catalogs/create?access_token=f68ab03672061be0d9244c291d8eb2c3af50a90b7568b21590fdb784caa27df8
java -jar Upload.jar 84c50a3609144fb45c759a14a0a3ff132afe56428c41a92c1f883d3ca628133f 6001bec90aebaeb5d613cd8e4bbb1ba9140145d3 29b23ff00fb15deb31d4f8d7283e2ef089c2ec1e710b68a35ec746935623c63e IDA bob 2 '/home/domizzi/Documents/Muyal-Ilal-ligero/deployer/app//results/DetectorPulmon/stage_DetectorPulmon' cinves true f68ab03672061be0d9244c291d8eb2c3af50a90b7568b21590fdb784caa27df8 true true 4
java -jar Upload.jar 84c50a3609144fb45c759a14a0a3ff132afe56428c41a92c1f883d3ca628133f 6001bec90aebaeb5d613cd8e4bbb1ba9140145d3 29b23ff00fb15deb31d4f8d7283e2ef089c2ec1e710b68a35ec746935623c63e IDA bob 2 '/home/domizzi/Documents/Muyal-Ilal-ligero/deployer/app//results/DetectorPulmon/stage_DetectorPulmon' cinves true f68ab03672061be0d9244c291d8eb2c3af50a90b7568b21590fdb784caa27df8 true true 4
2023-02-14 00:45:44	stage_DetectorPulmon: data satage upload in ST = 370 miliseconds
2023-02-14 00:45:44	stage_DetectorPulmon: stage executed in ST = 39968 miliseconds
