2023-01-31 01:01:45	PARSER: Configured single Anonimizacion
2023-01-31 01:01:45	PARSER: Configured single ToRGB
2023-01-31 01:01:45	PARSER: Configured single DetectorPulmon
2023-01-31 01:01:45	PARSER: Configured pattern Anonimizacionpattern
2023-01-31 01:01:45	PARSER: Configured pattern ToRGBpattern
2023-01-31 01:01:45	PARSER: Configured pattern DetectorPulmonpattern
2023-01-31 01:01:45	PARSER: Configured stage stage_Anonimizacion
2023-01-31 01:01:45	PARSER: Configured stage stage_ToRGB
2023-01-31 01:01:45	PARSER: Configured stage stage_DetectorPulmon
2023-01-31 01:01:45	PARSER: Configured workflow LALALA
2023-01-31 01:01:45	LAUCHER: Coupling stages and building blocks
2023-01-31 01:01:45	LALALA: Workdir LALALA
2023-01-31 01:01:45	LALALA: Workdir exists
2023-01-31 01:01:45	LALALA: Stage stage_Anonimizacion added
2023-01-31 01:01:45	stage_Anonimizacion: Workdir stage_Anonimizacion
2023-01-31 01:01:45	stage_Anonimizacion: Workdir exists
2023-01-31 01:01:45	stage_Anonimizacion: Added sink stage_ToRGB
2023-01-31 01:01:45	stage_Anonimizacion: Added building block Anonimizacionpattern
2023-01-31 01:01:45	Anonimizacionpattern: Workdir Anonimizacionpattern
2023-01-31 01:01:45	Anonimizacionpattern: Workdir exists
2023-01-31 01:01:45	Anonimizacion: Workdir Anonimizacion
2023-01-31 01:01:45	Anonimizacion: Workdir exists
2023-01-31 01:01:45	LALALA: Stage stage_ToRGB added
2023-01-31 01:01:45	stage_ToRGB: Workdir stage_ToRGB
2023-01-31 01:01:45	stage_ToRGB: Workdir exists
2023-01-31 01:01:45	stage_ToRGB: Added source stage_Anonimizacion
2023-01-31 01:01:45	stage_ToRGB: Added sink stage_DetectorPulmon
2023-01-31 01:01:45	stage_ToRGB: Added building block ToRGBpattern
2023-01-31 01:01:45	ToRGBpattern: Workdir ToRGBpattern
2023-01-31 01:01:45	ToRGBpattern: Workdir exists
2023-01-31 01:01:45	ToRGB: Workdir ToRGB
2023-01-31 01:01:45	ToRGB: Workdir exists
2023-01-31 01:01:45	LALALA: Stage stage_DetectorPulmon added
2023-01-31 01:01:45	stage_DetectorPulmon: Workdir stage_DetectorPulmon
2023-01-31 01:01:45	stage_DetectorPulmon: Workdir exists
2023-01-31 01:01:45	stage_DetectorPulmon: Added source stage_ToRGB
2023-01-31 01:01:45	stage_DetectorPulmon: Added building block DetectorPulmonpattern
2023-01-31 01:01:45	DetectorPulmonpattern: Workdir DetectorPulmonpattern
2023-01-31 01:01:45	DetectorPulmonpattern: Workdir exists
2023-01-31 01:01:45	DetectorPulmon: Workdir DetectorPulmon
2023-01-31 01:01:45	DetectorPulmon: Workdir exists
2023-01-31 01:01:45	LAUNCHER: Creating YML file at LALALA/docker-compose.yml
ToRGB
DetectorPulmon
Anonimizacion
2023-01-31 01:01:45	LAUCHER: deploying virtual containers of workflow LALALA
/home/domizzi/Documents/Muyal-Ilal-ligero/deployer/app//results/LALALA
java -jar Download.jar e13c9e02d4b519ecb4ad5a0ac7cd4c3fb34734b38c7979dc917496b10d7bb698 785179b527bf1a5cea32010d941dc3a4be767daf 1f3b3d3c47dc163700f8b2165d943e4a477fba2944746aaf4c028a04a645fbd4 2 1 cinves '/home/domizzi/Documents/Muyal-Ilal-ligero/deployer/app//results/LALALA/catalogs/TESTCATALOG' 1a253dacdfd97d0404edf7b8e6cfa9662795ca9fca49ea7c13c25d81353753d0 true false 1
java -jar Download.jar e13c9e02d4b519ecb4ad5a0ac7cd4c3fb34734b38c7979dc917496b10d7bb698 785179b527bf1a5cea32010d941dc3a4be767daf 1f3b3d3c47dc163700f8b2165d943e4a477fba2944746aaf4c028a04a645fbd4 2 1 cinves '/home/domizzi/Documents/Muyal-Ilal-ligero/deployer/app//results/LALALA/catalogs/TESTCATALOG' 1a253dacdfd97d0404edf7b8e6cfa9662795ca9fca49ea7c13c25d81353753d0 true false 1
2023-01-31 01:01:48	LALALA: executing 
{ "catalogname": " TESTCATALOG/LALALA-1675126908445 ", "dispersemode": "IDA", "encryption":"true", "fathers_token":"1f3b3d3c47dc163700f8b2165d943e4a477fba2944746aaf4c028a04a645fbd4", "processed": "true" }
192.168.0.62:20500//pub_sub/v1/catalogs/create?access_token=1a253dacdfd97d0404edf7b8e6cfa9662795ca9fca49ea7c13c25d81353753d0
2023-01-31 01:01:48	stage_ToRGB: waiting
2023-01-31 01:01:48	stage_DetectorPulmon: waiting
2023-01-31 01:01:48	stage_Anonimizacion: waiting
2023-01-31 01:01:48	stage_Anonimizacion: WORKING
2023-01-31 01:01:48	stage_Anonimizacion: has 1 sources
2023-01-31 01:01:48	Anonimizacionpattern: waiting
2023-01-31 01:01:48	Anonimizacionpattern: running
2023-01-31 01:01:48	Anonimizacionpattern: executing load balancer
docker-compose --log-level ERROR -p /home/domizzi/Documents/Muyal-Ilal-ligero/deployer/app//results/LALALA -f /home/domizzi/Documents/Muyal-Ilal-ligero/deployer/app//results/LALALA/docker-compose.yml  exec -T lbAnonimizacionpattern  sh -c "./main 2 DL /home/domizzi/Documents/Muyal-Ilal-ligero/deployer/app//results//LALALA/catalogs/TESTCATALOG "
docker-compose --log-level ERROR -p /home/domizzi/Documents/Muyal-Ilal-ligero/deployer/app//results/LALALA -f /home/domizzi/Documents/Muyal-Ilal-ligero/deployer/app//results/LALALA/docker-compose.yml  exec -T lbAnonimizacionpattern  sh -c "./main 2 DL /home/domizzi/Documents/Muyal-Ilal-ligero/deployer/app//results//LALALA/catalogs/TESTCATALOG "
{"result": [[],["/home/domizzi/Documents/Muyal-Ilal-ligero/deployer/app//results//LALALA/catalogs/TESTCATALOG/P1"]]}
2023-01-31 01:01:49	Anonimizacionpattern: load balancer executed in RT = 586 miliseconds
2023-01-31 01:01:49	Anonimizacion: waiting
2023-01-31 01:01:49	Anonimizacion: waiting
2023-01-31 01:01:49	Anonimizacion: running
2023-01-31 01:01:49	Anonimizacion: running
2023-01-31 01:01:49	Anonimizacion: processed 0 bytes in ST=0.000000 RT = 0 miliseconds
python3 /code/process_dir.py --input /home/domizzi/Documents/Muyal-Ilal-ligero/deployer/app//results//LALALA/catalogs/TESTCATALOG/P1 --outfolder "/home/domizzi/Documents/Muyal-Ilal-ligero/deployer/app//results/LALALA/stage_Anonimizacion/Anonimizacionpattern/Anonimizacion/" --save dicom
docker-compose --log-level ERROR -p /home/domizzi/Documents/Muyal-Ilal-ligero/deployer/app//results/LALALA -f /home/domizzi/Documents/Muyal-Ilal-ligero/deployer/app//results/LALALA/docker-compose.yml  exec -T Anonimizacion sh -c "python3 /code/process_dir.py --input /home/domizzi/Documents/Muyal-Ilal-ligero/deployer/app//results//LALALA/catalogs/TESTCATALOG/P1 --outfolder "/home/domizzi/Documents/Muyal-Ilal-ligero/deployer/app//results/LALALA/stage_Anonimizacion/Anonimizacionpattern/Anonimizacion/" --save dicom"
WARNING No specification, loading default base deid.dicom
2023-01-31 01:01:50	Anonimizacion: processed 4096 bytes in ST=0.000000 RT = 1219 miliseconds
2023-01-31 01:01:50	Anonimizacionpattern: pattern executed in ST = 1806 miliseconds
{ "catalogname": " TESTCATALOG/LALALA-1675126908445/stage_Anonimizacion-1675126910288 ", "dispersemode": "IDA", "encryption":"true", "fathers_token":"e037a1e08838184dbcfab86e6c987f0a24b75366c3987651359debf948377e67", "processed": "true" }
192.168.0.62:20500//pub_sub/v1/catalogs/create?access_token=1a253dacdfd97d0404edf7b8e6cfa9662795ca9fca49ea7c13c25d81353753d0
java -jar Upload.jar e13c9e02d4b519ecb4ad5a0ac7cd4c3fb34734b38c7979dc917496b10d7bb698 785179b527bf1a5cea32010d941dc3a4be767daf 4460043390a8171f375c8b5fdd40a161e0555e231cf46ba5dfcd2658724aeecb IDA bob 2 '/home/domizzi/Documents/Muyal-Ilal-ligero/deployer/app//results/LALALA/stage_Anonimizacion' cinves true 1a253dacdfd97d0404edf7b8e6cfa9662795ca9fca49ea7c13c25d81353753d0 true true 4
java -jar Upload.jar e13c9e02d4b519ecb4ad5a0ac7cd4c3fb34734b38c7979dc917496b10d7bb698 785179b527bf1a5cea32010d941dc3a4be767daf 4460043390a8171f375c8b5fdd40a161e0555e231cf46ba5dfcd2658724aeecb IDA bob 2 '/home/domizzi/Documents/Muyal-Ilal-ligero/deployer/app//results/LALALA/stage_Anonimizacion' cinves true 1a253dacdfd97d0404edf7b8e6cfa9662795ca9fca49ea7c13c25d81353753d0 true true 4
2023-01-31 01:01:50	stage_Anonimizacion: data satage upload in ST = 372 miliseconds
2023-01-31 01:01:50	stage_Anonimizacion: stage executed in ST = 2179 miliseconds
2023-01-31 01:01:50	stage_ToRGB: WORKING
2023-01-31 01:01:50	stage_ToRGB: has 1 sources
2023-01-31 01:01:50	ToRGBpattern: waiting
2023-01-31 01:01:50	ToRGBpattern: running
2023-01-31 01:01:50	ToRGBpattern: executing load balancer
docker-compose --log-level ERROR -p /home/domizzi/Documents/Muyal-Ilal-ligero/deployer/app//results/LALALA -f /home/domizzi/Documents/Muyal-Ilal-ligero/deployer/app//results/LALALA/docker-compose.yml  exec -T lbToRGBpattern  sh -c "./main 2 DL /home/domizzi/Documents/Muyal-Ilal-ligero/deployer/app//results/LALALA//stage_Anonimizacion/Anonimizacionpattern/Anonimizacion "
docker-compose --log-level ERROR -p /home/domizzi/Documents/Muyal-Ilal-ligero/deployer/app//results/LALALA -f /home/domizzi/Documents/Muyal-Ilal-ligero/deployer/app//results/LALALA/docker-compose.yml  exec -T lbToRGBpattern  sh -c "./main 2 DL /home/domizzi/Documents/Muyal-Ilal-ligero/deployer/app//results/LALALA//stage_Anonimizacion/Anonimizacionpattern/Anonimizacion "
{"result": [[],["/home/domizzi/Documents/Muyal-Ilal-ligero/deployer/app//results/LALALA//stage_Anonimizacion/Anonimizacionpattern/Anonimizacion/P1"]]}
2023-01-31 01:01:51	ToRGBpattern: load balancer executed in RT = 566 miliseconds
2023-01-31 01:01:51	ToRGB: waiting
2023-01-31 01:01:51	ToRGB: waiting
2023-01-31 01:01:51	ToRGB: running
2023-01-31 01:01:51	ToRGB: running
2023-01-31 01:01:51	ToRGB: processed 0 bytes in ST=0.000000 RT = 0 miliseconds
python3 /code/dicom2rgb.py /home/domizzi/Documents/Muyal-Ilal-ligero/deployer/app//results/LALALA//stage_Anonimizacion/Anonimizacionpattern/Anonimizacion/P1 /home/domizzi/Documents/Muyal-Ilal-ligero/deployer/app//results/LALALA/stage_ToRGB/ToRGBpattern/ToRGB//P1
docker-compose --log-level ERROR -p /home/domizzi/Documents/Muyal-Ilal-ligero/deployer/app//results/LALALA -f /home/domizzi/Documents/Muyal-Ilal-ligero/deployer/app//results/LALALA/docker-compose.yml  exec -T ToRGB sh -c "python3 /code/dicom2rgb.py /home/domizzi/Documents/Muyal-Ilal-ligero/deployer/app//results/LALALA//stage_Anonimizacion/Anonimizacionpattern/Anonimizacion/P1 /home/domizzi/Documents/Muyal-Ilal-ligero/deployer/app//results/LALALA/stage_ToRGB/ToRGBpattern/ToRGB//P1"
2023-01-31 01:01:54	ToRGB: processed 4096 bytes in ST=0.000000 RT = 3248 miliseconds
2023-01-31 01:01:54	ToRGBpattern: pattern executed in ST = 3815 miliseconds
{ "catalogname": " TESTCATALOG/LALALA-1675126908445/stage_ToRGB-1675126914476 ", "dispersemode": "IDA", "encryption":"true", "fathers_token":"e037a1e08838184dbcfab86e6c987f0a24b75366c3987651359debf948377e67", "processed": "true" }
192.168.0.62:20500//pub_sub/v1/catalogs/create?access_token=1a253dacdfd97d0404edf7b8e6cfa9662795ca9fca49ea7c13c25d81353753d0
java -jar Upload.jar e13c9e02d4b519ecb4ad5a0ac7cd4c3fb34734b38c7979dc917496b10d7bb698 785179b527bf1a5cea32010d941dc3a4be767daf 0f621f914a0376d53901e4f205b336056e5a20dba8ddae5691a74d0d37e3d199 IDA bob 2 '/home/domizzi/Documents/Muyal-Ilal-ligero/deployer/app//results/LALALA/stage_ToRGB' cinves true 1a253dacdfd97d0404edf7b8e6cfa9662795ca9fca49ea7c13c25d81353753d0 true true 4
java -jar Upload.jar e13c9e02d4b519ecb4ad5a0ac7cd4c3fb34734b38c7979dc917496b10d7bb698 785179b527bf1a5cea32010d941dc3a4be767daf 0f621f914a0376d53901e4f205b336056e5a20dba8ddae5691a74d0d37e3d199 IDA bob 2 '/home/domizzi/Documents/Muyal-Ilal-ligero/deployer/app//results/LALALA/stage_ToRGB' cinves true 1a253dacdfd97d0404edf7b8e6cfa9662795ca9fca49ea7c13c25d81353753d0 true true 4
2023-01-31 01:02:00	stage_ToRGB: data satage upload in ST = 5638 miliseconds
2023-01-31 01:02:00	stage_ToRGB: stage executed in ST = 9454 miliseconds
2023-01-31 01:02:00	stage_DetectorPulmon: WORKING
2023-01-31 01:02:00	stage_DetectorPulmon: has 1 sources
2023-01-31 01:02:00	DetectorPulmonpattern: waiting
2023-01-31 01:02:00	DetectorPulmonpattern: running
2023-01-31 01:02:00	DetectorPulmonpattern: executing load balancer
docker-compose --log-level ERROR -p /home/domizzi/Documents/Muyal-Ilal-ligero/deployer/app//results/LALALA -f /home/domizzi/Documents/Muyal-Ilal-ligero/deployer/app//results/LALALA/docker-compose.yml  exec -T lbDetectorPulmonpattern  sh -c "./main 2 DL /home/domizzi/Documents/Muyal-Ilal-ligero/deployer/app//results/LALALA//stage_ToRGB/ToRGBpattern/ToRGB "
docker-compose --log-level ERROR -p /home/domizzi/Documents/Muyal-Ilal-ligero/deployer/app//results/LALALA -f /home/domizzi/Documents/Muyal-Ilal-ligero/deployer/app//results/LALALA/docker-compose.yml  exec -T lbDetectorPulmonpattern  sh -c "./main 2 DL /home/domizzi/Documents/Muyal-Ilal-ligero/deployer/app//results/LALALA//stage_ToRGB/ToRGBpattern/ToRGB "
{"result": [["/home/domizzi/Documents/Muyal-Ilal-ligero/deployer/app//results/LALALA//stage_ToRGB/ToRGBpattern/ToRGB/P1"],[]]}
2023-01-31 01:02:00	DetectorPulmonpattern: load balancer executed in RT = 547 miliseconds
2023-01-31 01:02:00	DetectorPulmon: waiting
2023-01-31 01:02:00	DetectorPulmon: waiting
2023-01-31 01:02:00	DetectorPulmon: running
2023-01-31 01:02:00	DetectorPulmon: running
2023-01-31 01:02:00	DetectorPulmon: processed 0 bytes in ST=0.000000 RT = 0 miliseconds
python3 /code/detectorPulmones.py /home/domizzi/Documents/Muyal-Ilal-ligero/deployer/app//results/LALALA//stage_ToRGB/ToRGBpattern/ToRGB/P1 /home/domizzi/Documents/Muyal-Ilal-ligero/deployer/app//results/LALALA/stage_DetectorPulmon/DetectorPulmonpattern/DetectorPulmon//P1
docker-compose --log-level ERROR -p /home/domizzi/Documents/Muyal-Ilal-ligero/deployer/app//results/LALALA -f /home/domizzi/Documents/Muyal-Ilal-ligero/deployer/app//results/LALALA/docker-compose.yml  exec -T DetectorPulmon sh -c "python3 /code/detectorPulmones.py /home/domizzi/Documents/Muyal-Ilal-ligero/deployer/app//results/LALALA//stage_ToRGB/ToRGBpattern/ToRGB/P1 /home/domizzi/Documents/Muyal-Ilal-ligero/deployer/app//results/LALALA/stage_DetectorPulmon/DetectorPulmonpattern/DetectorPulmon//P1"
2023-01-31 01:02:01.588121: W tensorflow/stream_executor/platform/default/dso_loader.cc:64] Could not load dynamic library 'libcudart.so.11.0'; dlerror: libcudart.so.11.0: cannot open shared object file: No such file or directory
2023-01-31 01:02:01.588164: I tensorflow/stream_executor/cuda/cudart_stub.cc:29] Ignore above cudart dlerror if you do not have a GPU set up on your machine.
2023-01-31 01:02:03.192175: I tensorflow/core/platform/cpu_feature_guard.cc:142] This TensorFlow binary is optimized with oneAPI Deep Neural Network Library (oneDNN) to use the following CPU instructions in performance-critical operations:  AVX2 FMA
To enable them in other operations, rebuild TensorFlow with the appropriate compiler flags.
2023-01-31 01:02:03.194388: W tensorflow/stream_executor/platform/default/dso_loader.cc:64] Could not load dynamic library 'libcuda.so.1'; dlerror: libcuda.so.1: cannot open shared object file: No such file or directory
2023-01-31 01:02:03.194426: W tensorflow/stream_executor/cuda/cuda_driver.cc:326] failed call to cuInit: UNKNOWN ERROR (303)
2023-01-31 01:02:03.194457: I tensorflow/stream_executor/cuda/cuda_diagnostics.cc:156] kernel driver does not appear to be running on this host (f5e6955141a5): /proc/driver/nvidia/version does not exist
2023-01-31 01:02:05.849044: W tensorflow/core/framework/cpu_allocator_impl.cc:80] Allocation of 963379200 exceeds 10% of free system memory.
2023-01-31 01:02:05.997158: W tensorflow/core/framework/cpu_allocator_impl.cc:80] Allocation of 963379200 exceeds 10% of free system memory.
2023-01-31 01:02:06.162221: W tensorflow/core/framework/cpu_allocator_impl.cc:80] Allocation of 240844800 exceeds 10% of free system memory.
WARNING:tensorflow:From /code/models/research/object_detection/utils/model_util.py:57: Tensor.experimental_ref (from tensorflow.python.framework.ops) is deprecated and will be removed in a future version.
Instructions for updating:
Use ref() instead.
2023-01-31 01:02:07.664313: W tensorflow/core/framework/cpu_allocator_impl.cc:80] Allocation of 963379200 exceeds 10% of free system memory.
2023-01-31 01:02:07.742520: W tensorflow/core/framework/cpu_allocator_impl.cc:80] Allocation of 963379200 exceeds 10% of free system memory.
/code/detectorPulmones.py:240: RuntimeWarning: More than 20 figures have been opened. Figures created through the pyplot interface (`matplotlib.pyplot.figure`) are retained until explicitly closed and may consume too much memory. (To control this warning, see the rcParam `figure.max_open_warning`).
  plt.figure(figsize=(15,10))
2023-01-31 01:02:38	DetectorPulmon: processed 4096 bytes in ST=0.000000 RT = 37443 miliseconds
2023-01-31 01:02:38	DetectorPulmonpattern: pattern executed in ST = 37991 miliseconds
{ "catalogname": " TESTCATALOG/LALALA-1675126908445/stage_DetectorPulmon-1675126958107 ", "dispersemode": "IDA", "encryption":"true", "fathers_token":"e037a1e08838184dbcfab86e6c987f0a24b75366c3987651359debf948377e67", "processed": "true" }
192.168.0.62:20500//pub_sub/v1/catalogs/create?access_token=1a253dacdfd97d0404edf7b8e6cfa9662795ca9fca49ea7c13c25d81353753d0
java -jar Upload.jar e13c9e02d4b519ecb4ad5a0ac7cd4c3fb34734b38c7979dc917496b10d7bb698 785179b527bf1a5cea32010d941dc3a4be767daf 9120e37190e88236118fa6c8434d594a7911dce07f4b6f17e6e5a7cc117761c6 IDA bob 2 '/home/domizzi/Documents/Muyal-Ilal-ligero/deployer/app//results/LALALA/stage_DetectorPulmon' cinves true 1a253dacdfd97d0404edf7b8e6cfa9662795ca9fca49ea7c13c25d81353753d0 true true 4
java -jar Upload.jar e13c9e02d4b519ecb4ad5a0ac7cd4c3fb34734b38c7979dc917496b10d7bb698 785179b527bf1a5cea32010d941dc3a4be767daf 9120e37190e88236118fa6c8434d594a7911dce07f4b6f17e6e5a7cc117761c6 IDA bob 2 '/home/domizzi/Documents/Muyal-Ilal-ligero/deployer/app//results/LALALA/stage_DetectorPulmon' cinves true 1a253dacdfd97d0404edf7b8e6cfa9662795ca9fca49ea7c13c25d81353753d0 true true 4
2023-01-31 01:02:38	stage_DetectorPulmon: data satage upload in ST = 350 miliseconds
2023-01-31 01:02:38	stage_DetectorPulmon: stage executed in ST = 38342 miliseconds
