2023-04-03 19:48:19	PARSER: Configured single Anonimizacion
2023-04-03 19:48:19	PARSER: Configured single ToRGB
2023-04-03 19:48:19	PARSER: Configured single DetectorPulmon
2023-04-03 19:48:19	PARSER: Configured pattern Anonimizacionpattern
2023-04-03 19:48:19	PARSER: Configured pattern ToRGBpattern
2023-04-03 19:48:19	PARSER: Configured pattern DetectorPulmonpattern
2023-04-03 19:48:19	PARSER: Configured stage stage_Anonimizacion
2023-04-03 19:48:19	PARSER: Configured stage stage_ToRGB
2023-04-03 19:48:19	PARSER: Configured stage stage_DetectorPulmon
2023-04-03 19:48:19	PARSER: Configured workflow MyPuzzle
2023-04-03 19:48:19	LAUCHER: Coupling stages and building blocks
2023-04-03 19:48:19	MyPuzzle: Workdir MyPuzzle
2023-04-03 19:48:19	MyPuzzle: Workdir exists
2023-04-03 19:48:19	MyPuzzle: Stage stage_Anonimizacion added
2023-04-03 19:48:19	stage_Anonimizacion: Workdir stage_Anonimizacion
2023-04-03 19:48:19	stage_Anonimizacion: Workdir exists
2023-04-03 19:48:19	stage_Anonimizacion: Added sink stage_ToRGB
2023-04-03 19:48:19	stage_Anonimizacion: Added building block Anonimizacionpattern
2023-04-03 19:48:19	Anonimizacionpattern: Workdir Anonimizacionpattern
2023-04-03 19:48:19	Anonimizacionpattern: Workdir exists
2023-04-03 19:48:19	Anonimizacion: Workdir Anonimizacion
2023-04-03 19:48:19	Anonimizacion: Workdir exists
2023-04-03 19:48:19	MyPuzzle: Stage stage_ToRGB added
2023-04-03 19:48:19	stage_ToRGB: Workdir stage_ToRGB
2023-04-03 19:48:19	stage_ToRGB: Workdir exists
2023-04-03 19:48:19	stage_ToRGB: Added source stage_Anonimizacion
2023-04-03 19:48:19	stage_ToRGB: Added sink stage_DetectorPulmon
2023-04-03 19:48:19	stage_ToRGB: Added building block ToRGBpattern
2023-04-03 19:48:19	ToRGBpattern: Workdir ToRGBpattern
2023-04-03 19:48:19	ToRGBpattern: Workdir exists
2023-04-03 19:48:19	ToRGB: Workdir ToRGB
2023-04-03 19:48:19	ToRGB: Workdir exists
2023-04-03 19:48:19	MyPuzzle: Stage stage_DetectorPulmon added
2023-04-03 19:48:19	stage_DetectorPulmon: Workdir stage_DetectorPulmon
2023-04-03 19:48:19	stage_DetectorPulmon: Workdir exists
2023-04-03 19:48:19	stage_DetectorPulmon: Added source stage_ToRGB
2023-04-03 19:48:19	stage_DetectorPulmon: Added building block DetectorPulmonpattern
2023-04-03 19:48:19	DetectorPulmonpattern: Workdir DetectorPulmonpattern
2023-04-03 19:48:19	DetectorPulmonpattern: Workdir exists
2023-04-03 19:48:19	DetectorPulmon: Workdir DetectorPulmon
2023-04-03 19:48:19	DetectorPulmon: Workdir exists
2023-04-03 19:48:19	LAUNCHER: Creating YML file at MyPuzzle/docker-compose.yml
ToRGB
DetectorPulmon
Anonimizacion
2023-04-03 19:48:19	LAUCHER: deploying virtual containers of workflow MyPuzzle
/home/domizzi/Documents/MuyalNezEntregable/CodigoFuente/deployer/app//results/MyPuzzle
java -jar Download.jar 7eada11a812eff429cb203bdaa5ac4ac9ff6bc52b7c850a7b0717782ce926530 fc2424c066e746d3bb716fdd1a76b6d6eb2545a1 6893389c97b613470d62063824e26cb3afeea32b817f7b4ccc57a3714a40643d 2 1 cinves '/home/domizzi/Documents/MuyalNezEntregable/CodigoFuente/deployer/app//results/MyPuzzle/catalogs/TESTCATALOG' 8549a1c11faebe02aaf78af98b1f366eb2bdf5997f34ee557e151132bb58cf4b true false 1
java -jar Download.jar 7eada11a812eff429cb203bdaa5ac4ac9ff6bc52b7c850a7b0717782ce926530 fc2424c066e746d3bb716fdd1a76b6d6eb2545a1 6893389c97b613470d62063824e26cb3afeea32b817f7b4ccc57a3714a40643d 2 1 cinves '/home/domizzi/Documents/MuyalNezEntregable/CodigoFuente/deployer/app//results/MyPuzzle/catalogs/TESTCATALOG' 8549a1c11faebe02aaf78af98b1f366eb2bdf5997f34ee557e151132bb58cf4b true false 1
java.io.EOFException
	at java.base/java.io.DataInputStream.readInt(DataInputStream.java:397)
	at mx.cinvestav.tamps.client.TClient.doGetPrivateABE(TClient.java:476)
	at mx.cinvestav.tamps.integracion.gui.Cifrador.getPrivateABE(Cifrador.java:138)
	at Communication.Communication.decrypFile(Communication.java:480)
	at Communication.Communication.retrieve(Communication.java:590)
	at mx.cinvestav.tamps.integracion.gui.RobotWorker.run(RobotWorker.java:79)
	at mx.cinvestav.tamps.integracion.gui.Work.run(RobotHelper.java:99)
	at java.base/java.lang.Thread.run(Thread.java:829)
java.io.EOFException
	at java.base/java.io.DataInputStream.readInt(DataInputStream.java:397)
	at mx.cinvestav.tamps.client.TClient.doGetPrivateABE(TClient.java:476)
	at mx.cinvestav.tamps.integracion.gui.Cifrador.getPrivateABE(Cifrador.java:138)
	at Communication.Communication.decrypFile(Communication.java:480)
	at Communication.Communication.retrieve(Communication.java:590)
	at mx.cinvestav.tamps.integracion.gui.RobotWorker.run(RobotWorker.java:79)
	at mx.cinvestav.tamps.integracion.gui.Work.run(RobotHelper.java:99)
	at java.base/java.lang.Thread.run(Thread.java:829)
2023-04-03 19:49:47	MyPuzzle: executing 
{ "catalogname": " TESTCATALOG/MyPuzzle-1680551387540 ", "dispersemode": "IDA", "encryption":"true", "fathers_token":"6893389c97b613470d62063824e26cb3afeea32b817f7b4ccc57a3714a40643d", "processed": "true" }
10.81.234.2:20500//pub_sub/v1/catalogs/create?access_token=8549a1c11faebe02aaf78af98b1f366eb2bdf5997f34ee557e151132bb58cf4b
2023-04-03 19:49:47	stage_ToRGB: waiting
2023-04-03 19:49:47	stage_Anonimizacion: waiting
2023-04-03 19:49:47	stage_Anonimizacion: WORKING
2023-04-03 19:49:47	stage_DetectorPulmon: waiting
2023-04-03 19:49:47	stage_Anonimizacion: has 1 sources
2023-04-03 19:49:47	Anonimizacionpattern: waiting
2023-04-03 19:49:47	Anonimizacionpattern: running
2023-04-03 19:49:47	Anonimizacionpattern: executing load balancer
docker-compose --log-level ERROR -p /home/domizzi/Documents/MuyalNezEntregable/CodigoFuente/deployer/app//results/MyPuzzle -f /home/domizzi/Documents/MuyalNezEntregable/CodigoFuente/deployer/app//results/MyPuzzle/docker-compose.yml  exec -T lbAnonimizacionpattern  sh -c "./main 2 DL /home/domizzi/Documents/MuyalNezEntregable/CodigoFuente/deployer/app//results//MyPuzzle/catalogs/TESTCATALOG "
docker-compose --log-level ERROR -p /home/domizzi/Documents/MuyalNezEntregable/CodigoFuente/deployer/app//results/MyPuzzle -f /home/domizzi/Documents/MuyalNezEntregable/CodigoFuente/deployer/app//results/MyPuzzle/docker-compose.yml  exec -T lbAnonimizacionpattern  sh -c "./main 2 DL /home/domizzi/Documents/MuyalNezEntregable/CodigoFuente/deployer/app//results//MyPuzzle/catalogs/TESTCATALOG "
{"result": [["/home/domizzi/Documents/MuyalNezEntregable/CodigoFuente/deployer/app//results//MyPuzzle/catalogs/TESTCATALOG/P2","/home/domizzi/Documents/MuyalNezEntregable/CodigoFuente/deployer/app//results//MyPuzzle/catalogs/TESTCATALOG/Paciente4","/home/domizzi/Documents/MuyalNezEntregable/CodigoFuente/deployer/app//results//MyPuzzle/catalogs/TESTCATALOG/Paciente3"],["/home/domizzi/Documents/MuyalNezEntregable/CodigoFuente/deployer/app//results//MyPuzzle/catalogs/TESTCATALOG/P1","/home/domizzi/Documents/MuyalNezEntregable/CodigoFuente/deployer/app//results//MyPuzzle/catalogs/TESTCATALOG/Paciente1","/home/domizzi/Documents/MuyalNezEntregable/CodigoFuente/deployer/app//results//MyPuzzle/catalogs/TESTCATALOG/Paciente2"]]}
2023-04-03 19:49:48	Anonimizacionpattern: load balancer executed in RT = 546 miliseconds
2023-04-03 19:49:48	Anonimizacion: waiting
2023-04-03 19:49:482023-04-03 19:49:48		Anonimizacion: running
Anonimizacion: waiting
2023-04-03 19:49:48	Anonimizacion: running
python3 /code/process_dir.py --input /home/domizzi/Documents/MuyalNezEntregable/CodigoFuente/deployer/app//results//MyPuzzle/catalogs/TESTCATALOG/P2 --outfolder "/home/domizzi/Documents/MuyalNezEntregable/CodigoFuente/deployer/app//results/MyPuzzle/stage_Anonimizacion/Anonimizacionpattern/Anonimizacion/" --save dicom
python3 /code/process_dir.py --input /home/domizzi/Documents/MuyalNezEntregable/CodigoFuente/deployer/app//results//MyPuzzle/catalogs/TESTCATALOG/P1 --outfolder "/home/domizzi/Documents/MuyalNezEntregable/CodigoFuente/deployer/app//results/MyPuzzle/stage_Anonimizacion/Anonimizacionpattern/Anonimizacion/" --save dicom
docker-compose --log-level ERROR -p /home/domizzi/Documents/MuyalNezEntregable/CodigoFuente/deployer/app//results/MyPuzzle -f /home/domizzi/Documents/MuyalNezEntregable/CodigoFuente/deployer/app//results/MyPuzzle/docker-compose.yml  exec -T Anonimizacion sh -c "python3 /code/process_dir.py --input /home/domizzi/Documents/MuyalNezEntregable/CodigoFuente/deployer/app//results//MyPuzzle/catalogs/TESTCATALOG/P2 --outfolder "/home/domizzi/Documents/MuyalNezEntregable/CodigoFuente/deployer/app//results/MyPuzzle/stage_Anonimizacion/Anonimizacionpattern/Anonimizacion/" --save dicom"
docker-compose --log-level ERROR -p /home/domizzi/Documents/MuyalNezEntregable/CodigoFuente/deployer/app//results/MyPuzzle -f /home/domizzi/Documents/MuyalNezEntregable/CodigoFuente/deployer/app//results/MyPuzzle/docker-compose.yml  exec -T Anonimizacion sh -c "python3 /code/process_dir.py --input /home/domizzi/Documents/MuyalNezEntregable/CodigoFuente/deployer/app//results//MyPuzzle/catalogs/TESTCATALOG/P1 --outfolder "/home/domizzi/Documents/MuyalNezEntregable/CodigoFuente/deployer/app//results/MyPuzzle/stage_Anonimizacion/Anonimizacionpattern/Anonimizacion/" --save dicom"
WARNING No specification, loading default base deid.dicom
WARNING No specification, loading default base deid.dicom
python3 /code/process_dir.py --input /home/domizzi/Documents/MuyalNezEntregable/CodigoFuente/deployer/app//results//MyPuzzle/catalogs/TESTCATALOG/Paciente4 --outfolder "/home/domizzi/Documents/MuyalNezEntregable/CodigoFuente/deployer/app//results/MyPuzzle/stage_Anonimizacion/Anonimizacionpattern/Anonimizacion/" --save dicom
docker-compose --log-level ERROR -p /home/domizzi/Documents/MuyalNezEntregable/CodigoFuente/deployer/app//results/MyPuzzle -f /home/domizzi/Documents/MuyalNezEntregable/CodigoFuente/deployer/app//results/MyPuzzle/docker-compose.yml  exec -T Anonimizacion sh -c "python3 /code/process_dir.py --input /home/domizzi/Documents/MuyalNezEntregable/CodigoFuente/deployer/app//results//MyPuzzle/catalogs/TESTCATALOG/Paciente4 --outfolder "/home/domizzi/Documents/MuyalNezEntregable/CodigoFuente/deployer/app//results/MyPuzzle/stage_Anonimizacion/Anonimizacionpattern/Anonimizacion/" --save dicom"
python3 /code/process_dir.py --input /home/domizzi/Documents/MuyalNezEntregable/CodigoFuente/deployer/app//results//MyPuzzle/catalogs/TESTCATALOG/Paciente1 --outfolder "/home/domizzi/Documents/MuyalNezEntregable/CodigoFuente/deployer/app//results/MyPuzzle/stage_Anonimizacion/Anonimizacionpattern/Anonimizacion/" --save dicom
docker-compose --log-level ERROR -p /home/domizzi/Documents/MuyalNezEntregable/CodigoFuente/deployer/app//results/MyPuzzle -f /home/domizzi/Documents/MuyalNezEntregable/CodigoFuente/deployer/app//results/MyPuzzle/docker-compose.yml  exec -T Anonimizacion sh -c "python3 /code/process_dir.py --input /home/domizzi/Documents/MuyalNezEntregable/CodigoFuente/deployer/app//results//MyPuzzle/catalogs/TESTCATALOG/Paciente1 --outfolder "/home/domizzi/Documents/MuyalNezEntregable/CodigoFuente/deployer/app//results/MyPuzzle/stage_Anonimizacion/Anonimizacionpattern/Anonimizacion/" --save dicom"
WARNING No specification, loading default base deid.dicom
WARNING Cannot read input file /home/domizzi/Documents/MuyalNezEntregable/CodigoFuente/deployer/app//results//MyPuzzle/catalogs/TESTCATALOG/Paciente4/Prueba124.dcm, skipping.
WARNING No specification, loading default base deid.dicom
python3 /code/process_dir.py --input /home/domizzi/Documents/MuyalNezEntregable/CodigoFuente/deployer/app//results//MyPuzzle/catalogs/TESTCATALOG/Paciente3 --outfolder "/home/domizzi/Documents/MuyalNezEntregable/CodigoFuente/deployer/app//results/MyPuzzle/stage_Anonimizacion/Anonimizacionpattern/Anonimizacion/" --save dicom
docker-compose --log-level ERROR -p /home/domizzi/Documents/MuyalNezEntregable/CodigoFuente/deployer/app//results/MyPuzzle -f /home/domizzi/Documents/MuyalNezEntregable/CodigoFuente/deployer/app//results/MyPuzzle/docker-compose.yml  exec -T Anonimizacion sh -c "python3 /code/process_dir.py --input /home/domizzi/Documents/MuyalNezEntregable/CodigoFuente/deployer/app//results//MyPuzzle/catalogs/TESTCATALOG/Paciente3 --outfolder "/home/domizzi/Documents/MuyalNezEntregable/CodigoFuente/deployer/app//results/MyPuzzle/stage_Anonimizacion/Anonimizacionpattern/Anonimizacion/" --save dicom"
python3 /code/process_dir.py --input /home/domizzi/Documents/MuyalNezEntregable/CodigoFuente/deployer/app//results//MyPuzzle/catalogs/TESTCATALOG/Paciente2 --outfolder "/home/domizzi/Documents/MuyalNezEntregable/CodigoFuente/deployer/app//results/MyPuzzle/stage_Anonimizacion/Anonimizacionpattern/Anonimizacion/" --save dicom
docker-compose --log-level ERROR -p /home/domizzi/Documents/MuyalNezEntregable/CodigoFuente/deployer/app//results/MyPuzzle -f /home/domizzi/Documents/MuyalNezEntregable/CodigoFuente/deployer/app//results/MyPuzzle/docker-compose.yml  exec -T Anonimizacion sh -c "python3 /code/process_dir.py --input /home/domizzi/Documents/MuyalNezEntregable/CodigoFuente/deployer/app//results//MyPuzzle/catalogs/TESTCATALOG/Paciente2 --outfolder "/home/domizzi/Documents/MuyalNezEntregable/CodigoFuente/deployer/app//results/MyPuzzle/stage_Anonimizacion/Anonimizacionpattern/Anonimizacion/" --save dicom"
WARNING No specification, loading default base deid.dicom
WARNING No specification, loading default base deid.dicom
WARNING Cannot read input file /home/domizzi/Documents/MuyalNezEntregable/CodigoFuente/deployer/app//results//MyPuzzle/catalogs/TESTCATALOG/Paciente2/Prueba1145.dcm, skipping.
2023-04-03 19:49:53	Anonimizacion: processed 20480 bytes in ST=0.000000 RT = 5615 miliseconds
2023-04-03 19:49:53	Anonimizacion: processed 20480 bytes in ST=0.000000 RT = 5847 miliseconds
2023-04-03 19:49:53	Anonimizacionpattern: pattern executed in ST = 6393 miliseconds
{ "catalogname": " TESTCATALOG/MyPuzzle-1680551387540/stage_Anonimizacion-1680551393971 ", "dispersemode": "IDA", "encryption":"true", "fathers_token":"6793fbc961aab066b2b420cc09bab3b56fbc3b549901b41f35b17d67874b5064", "processed": "true" }
10.81.234.2:20500//pub_sub/v1/catalogs/create?access_token=8549a1c11faebe02aaf78af98b1f366eb2bdf5997f34ee557e151132bb58cf4b
java -jar Upload.jar 7eada11a812eff429cb203bdaa5ac4ac9ff6bc52b7c850a7b0717782ce926530 fc2424c066e746d3bb716fdd1a76b6d6eb2545a1 012ee420325175189171b1ef48f4caebbb2c1c27aa95d2c0fd290f16104085d1 IDA bob 2 '/home/domizzi/Documents/MuyalNezEntregable/CodigoFuente/deployer/app//results/MyPuzzle/stage_Anonimizacion' cinves true 8549a1c11faebe02aaf78af98b1f366eb2bdf5997f34ee557e151132bb58cf4b true true 4
java -jar Upload.jar 7eada11a812eff429cb203bdaa5ac4ac9ff6bc52b7c850a7b0717782ce926530 fc2424c066e746d3bb716fdd1a76b6d6eb2545a1 012ee420325175189171b1ef48f4caebbb2c1c27aa95d2c0fd290f16104085d1 IDA bob 2 '/home/domizzi/Documents/MuyalNezEntregable/CodigoFuente/deployer/app//results/MyPuzzle/stage_Anonimizacion' cinves true 8549a1c11faebe02aaf78af98b1f366eb2bdf5997f34ee557e151132bb58cf4b true true 4
2023-04-03 19:49:54	stage_Anonimizacion: data satage upload in ST = 372 miliseconds
2023-04-03 19:49:54	stage_Anonimizacion: stage executed in ST = 6766 miliseconds
2023-04-03 19:49:54	stage_ToRGB: WORKING
2023-04-03 19:49:54	stage_ToRGB: has 1 sources
2023-04-03 19:49:54	ToRGBpattern: waiting
2023-04-03 19:49:54	ToRGBpattern: running
2023-04-03 19:49:54	ToRGBpattern: executing load balancer
docker-compose --log-level ERROR -p /home/domizzi/Documents/MuyalNezEntregable/CodigoFuente/deployer/app//results/MyPuzzle -f /home/domizzi/Documents/MuyalNezEntregable/CodigoFuente/deployer/app//results/MyPuzzle/docker-compose.yml  exec -T lbToRGBpattern  sh -c "./main 2 DL /home/domizzi/Documents/MuyalNezEntregable/CodigoFuente/deployer/app//results/MyPuzzle//stage_Anonimizacion/Anonimizacionpattern/Anonimizacion "
docker-compose --log-level ERROR -p /home/domizzi/Documents/MuyalNezEntregable/CodigoFuente/deployer/app//results/MyPuzzle -f /home/domizzi/Documents/MuyalNezEntregable/CodigoFuente/deployer/app//results/MyPuzzle/docker-compose.yml  exec -T lbToRGBpattern  sh -c "./main 2 DL /home/domizzi/Documents/MuyalNezEntregable/CodigoFuente/deployer/app//results/MyPuzzle//stage_Anonimizacion/Anonimizacionpattern/Anonimizacion "
{"result": [["/home/domizzi/Documents/MuyalNezEntregable/CodigoFuente/deployer/app//results/MyPuzzle//stage_Anonimizacion/Anonimizacionpattern/Anonimizacion/P2","/home/domizzi/Documents/MuyalNezEntregable/CodigoFuente/deployer/app//results/MyPuzzle//stage_Anonimizacion/Anonimizacionpattern/Anonimizacion/Paciente1","/home/domizzi/Documents/MuyalNezEntregable/CodigoFuente/deployer/app//results/MyPuzzle//stage_Anonimizacion/Anonimizacionpattern/Anonimizacion/Paciente2"],["/home/domizzi/Documents/MuyalNezEntregable/CodigoFuente/deployer/app//results/MyPuzzle//stage_Anonimizacion/Anonimizacionpattern/Anonimizacion/P1","/home/domizzi/Documents/MuyalNezEntregable/CodigoFuente/deployer/app//results/MyPuzzle//stage_Anonimizacion/Anonimizacionpattern/Anonimizacion/Paciente4","/home/domizzi/Documents/MuyalNezEntregable/CodigoFuente/deployer/app//results/MyPuzzle//stage_Anonimizacion/Anonimizacionpattern/Anonimizacion/Paciente3"]]}
2023-04-03 19:49:54	ToRGBpattern: load balancer executed in RT = 576 miliseconds
2023-04-03 19:49:54	ToRGB: waiting
2023-04-03 19:49:54	ToRGB: waiting
2023-04-03 19:49:54	ToRGB: running
2023-04-03 19:49:54	ToRGB: running
python3 /code/dicom2rgb.py /home/domizzi/Documents/MuyalNezEntregable/CodigoFuente/deployer/app//results/MyPuzzle//stage_Anonimizacion/Anonimizacionpattern/Anonimizacion/P1 /home/domizzi/Documents/MuyalNezEntregable/CodigoFuente/deployer/app//results/MyPuzzle/stage_ToRGB/ToRGBpattern/ToRGB//P1
python3 /code/dicom2rgb.py /home/domizzi/Documents/MuyalNezEntregable/CodigoFuente/deployer/app//results/MyPuzzle//stage_Anonimizacion/Anonimizacionpattern/Anonimizacion/P2 /home/domizzi/Documents/MuyalNezEntregable/CodigoFuente/deployer/app//results/MyPuzzle/stage_ToRGB/ToRGBpattern/ToRGB//P2
docker-compose --log-level ERROR -p /home/domizzi/Documents/MuyalNezEntregable/CodigoFuente/deployer/app//results/MyPuzzle -f /home/domizzi/Documents/MuyalNezEntregable/CodigoFuente/deployer/app//results/MyPuzzle/docker-compose.yml  exec -T ToRGB sh -c "python3 /code/dicom2rgb.py /home/domizzi/Documents/MuyalNezEntregable/CodigoFuente/deployer/app//results/MyPuzzle//stage_Anonimizacion/Anonimizacionpattern/Anonimizacion/P2 /home/domizzi/Documents/MuyalNezEntregable/CodigoFuente/deployer/app//results/MyPuzzle/stage_ToRGB/ToRGBpattern/ToRGB//P2"docker-compose --log-level ERROR -p /home/domizzi/Documents/MuyalNezEntregable/CodigoFuente/deployer/app//results/MyPuzzle -f /home/domizzi/Documents/MuyalNezEntregable/CodigoFuente/deployer/app//results/MyPuzzle/docker-compose.yml  exec -T ToRGB sh -c "python3 /code/dicom2rgb.py /home/domizzi/Documents/MuyalNezEntregable/CodigoFuente/deployer/app//results/MyPuzzle//stage_Anonimizacion/Anonimizacionpattern/Anonimizacion/P1 /home/domizzi/Documents/MuyalNezEntregable/CodigoFuente/deployer/app//results/MyPuzzle/stage_ToRGB/ToRGBpattern/ToRGB//P1"

python3 /code/dicom2rgb.py /home/domizzi/Documents/MuyalNezEntregable/CodigoFuente/deployer/app//results/MyPuzzle//stage_Anonimizacion/Anonimizacionpattern/Anonimizacion/Paciente4 /home/domizzi/Documents/MuyalNezEntregable/CodigoFuente/deployer/app//results/MyPuzzle/stage_ToRGB/ToRGBpattern/ToRGB//Paciente4
docker-compose --log-level ERROR -p /home/domizzi/Documents/MuyalNezEntregable/CodigoFuente/deployer/app//results/MyPuzzle -f /home/domizzi/Documents/MuyalNezEntregable/CodigoFuente/deployer/app//results/MyPuzzle/docker-compose.yml  exec -T ToRGB sh -c "python3 /code/dicom2rgb.py /home/domizzi/Documents/MuyalNezEntregable/CodigoFuente/deployer/app//results/MyPuzzle//stage_Anonimizacion/Anonimizacionpattern/Anonimizacion/Paciente4 /home/domizzi/Documents/MuyalNezEntregable/CodigoFuente/deployer/app//results/MyPuzzle/stage_ToRGB/ToRGBpattern/ToRGB//Paciente4"
python3 /code/dicom2rgb.py /home/domizzi/Documents/MuyalNezEntregable/CodigoFuente/deployer/app//results/MyPuzzle//stage_Anonimizacion/Anonimizacionpattern/Anonimizacion/Paciente1 /home/domizzi/Documents/MuyalNezEntregable/CodigoFuente/deployer/app//results/MyPuzzle/stage_ToRGB/ToRGBpattern/ToRGB//Paciente1
docker-compose --log-level ERROR -p /home/domizzi/Documents/MuyalNezEntregable/CodigoFuente/deployer/app//results/MyPuzzle -f /home/domizzi/Documents/MuyalNezEntregable/CodigoFuente/deployer/app//results/MyPuzzle/docker-compose.yml  exec -T ToRGB sh -c "python3 /code/dicom2rgb.py /home/domizzi/Documents/MuyalNezEntregable/CodigoFuente/deployer/app//results/MyPuzzle//stage_Anonimizacion/Anonimizacionpattern/Anonimizacion/Paciente1 /home/domizzi/Documents/MuyalNezEntregable/CodigoFuente/deployer/app//results/MyPuzzle/stage_ToRGB/ToRGBpattern/ToRGB//Paciente1"
python3 /code/dicom2rgb.py /home/domizzi/Documents/MuyalNezEntregable/CodigoFuente/deployer/app//results/MyPuzzle//stage_Anonimizacion/Anonimizacionpattern/Anonimizacion/Paciente3 /home/domizzi/Documents/MuyalNezEntregable/CodigoFuente/deployer/app//results/MyPuzzle/stage_ToRGB/ToRGBpattern/ToRGB//Paciente3
docker-compose --log-level ERROR -p /home/domizzi/Documents/MuyalNezEntregable/CodigoFuente/deployer/app//results/MyPuzzle -f /home/domizzi/Documents/MuyalNezEntregable/CodigoFuente/deployer/app//results/MyPuzzle/docker-compose.yml  exec -T ToRGB sh -c "python3 /code/dicom2rgb.py /home/domizzi/Documents/MuyalNezEntregable/CodigoFuente/deployer/app//results/MyPuzzle//stage_Anonimizacion/Anonimizacionpattern/Anonimizacion/Paciente3 /home/domizzi/Documents/MuyalNezEntregable/CodigoFuente/deployer/app//results/MyPuzzle/stage_ToRGB/ToRGBpattern/ToRGB//Paciente3"
python3 /code/dicom2rgb.py /home/domizzi/Documents/MuyalNezEntregable/CodigoFuente/deployer/app//results/MyPuzzle//stage_Anonimizacion/Anonimizacionpattern/Anonimizacion/Paciente2 /home/domizzi/Documents/MuyalNezEntregable/CodigoFuente/deployer/app//results/MyPuzzle/stage_ToRGB/ToRGBpattern/ToRGB//Paciente2
docker-compose --log-level ERROR -p /home/domizzi/Documents/MuyalNezEntregable/CodigoFuente/deployer/app//results/MyPuzzle -f /home/domizzi/Documents/MuyalNezEntregable/CodigoFuente/deployer/app//results/MyPuzzle/docker-compose.yml  exec -T ToRGB sh -c "python3 /code/dicom2rgb.py /home/domizzi/Documents/MuyalNezEntregable/CodigoFuente/deployer/app//results/MyPuzzle//stage_Anonimizacion/Anonimizacionpattern/Anonimizacion/Paciente2 /home/domizzi/Documents/MuyalNezEntregable/CodigoFuente/deployer/app//results/MyPuzzle/stage_ToRGB/ToRGBpattern/ToRGB//Paciente2"
2023-04-03 19:50:15	ToRGB: processed 20480 bytes in ST=0.000000 RT = 20394 miliseconds
2023-04-03 19:50:17	ToRGB: processed 20480 bytes in ST=0.000000 RT = 22719 miliseconds
2023-04-03 19:50:17	ToRGBpattern: pattern executed in ST = 23295 miliseconds
{ "catalogname": " TESTCATALOG/MyPuzzle-1680551387540/stage_ToRGB-1680551417640 ", "dispersemode": "IDA", "encryption":"true", "fathers_token":"6793fbc961aab066b2b420cc09bab3b56fbc3b549901b41f35b17d67874b5064", "processed": "true" }
10.81.234.2:20500//pub_sub/v1/catalogs/create?access_token=8549a1c11faebe02aaf78af98b1f366eb2bdf5997f34ee557e151132bb58cf4b
java -jar Upload.jar 7eada11a812eff429cb203bdaa5ac4ac9ff6bc52b7c850a7b0717782ce926530 fc2424c066e746d3bb716fdd1a76b6d6eb2545a1 21283d778282a3827177827a71a3d26a3034756341ba32e6244e6383435a0521 IDA bob 2 '/home/domizzi/Documents/MuyalNezEntregable/CodigoFuente/deployer/app//results/MyPuzzle/stage_ToRGB' cinves true 8549a1c11faebe02aaf78af98b1f366eb2bdf5997f34ee557e151132bb58cf4b true true 4
java -jar Upload.jar 7eada11a812eff429cb203bdaa5ac4ac9ff6bc52b7c850a7b0717782ce926530 fc2424c066e746d3bb716fdd1a76b6d6eb2545a1 21283d778282a3827177827a71a3d26a3034756341ba32e6244e6383435a0521 IDA bob 2 '/home/domizzi/Documents/MuyalNezEntregable/CodigoFuente/deployer/app//results/MyPuzzle/stage_ToRGB' cinves true 8549a1c11faebe02aaf78af98b1f366eb2bdf5997f34ee557e151132bb58cf4b true true 4
2023-04-03 19:53:14	stage_ToRGB: data satage upload in ST = 177303 miliseconds
2023-04-03 19:53:14	stage_ToRGB: stage executed in ST = 200599 miliseconds
2023-04-03 19:53:14	stage_DetectorPulmon: WORKING
2023-04-03 19:53:14	stage_DetectorPulmon: has 1 sources
2023-04-03 19:53:14	DetectorPulmonpattern: waiting
2023-04-03 19:53:14	DetectorPulmonpattern: running
2023-04-03 19:53:14	DetectorPulmonpattern: executing load balancer
docker-compose --log-level ERROR -p /home/domizzi/Documents/MuyalNezEntregable/CodigoFuente/deployer/app//results/MyPuzzle -f /home/domizzi/Documents/MuyalNezEntregable/CodigoFuente/deployer/app//results/MyPuzzle/docker-compose.yml  exec -T lbDetectorPulmonpattern  sh -c "./main 2 DL /home/domizzi/Documents/MuyalNezEntregable/CodigoFuente/deployer/app//results/MyPuzzle//stage_ToRGB/ToRGBpattern/ToRGB "
docker-compose --log-level ERROR -p /home/domizzi/Documents/MuyalNezEntregable/CodigoFuente/deployer/app//results/MyPuzzle -f /home/domizzi/Documents/MuyalNezEntregable/CodigoFuente/deployer/app//results/MyPuzzle/docker-compose.yml  exec -T lbDetectorPulmonpattern  sh -c "./main 2 DL /home/domizzi/Documents/MuyalNezEntregable/CodigoFuente/deployer/app//results/MyPuzzle//stage_ToRGB/ToRGBpattern/ToRGB "
{"result": [["/home/domizzi/Documents/MuyalNezEntregable/CodigoFuente/deployer/app//results/MyPuzzle//stage_ToRGB/ToRGBpattern/ToRGB/P2","/home/domizzi/Documents/MuyalNezEntregable/CodigoFuente/deployer/app//results/MyPuzzle//stage_ToRGB/ToRGBpattern/ToRGB/Paciente4","/home/domizzi/Documents/MuyalNezEntregable/CodigoFuente/deployer/app//results/MyPuzzle//stage_ToRGB/ToRGBpattern/ToRGB/Paciente3"],["/home/domizzi/Documents/MuyalNezEntregable/CodigoFuente/deployer/app//results/MyPuzzle//stage_ToRGB/ToRGBpattern/ToRGB/P1","/home/domizzi/Documents/MuyalNezEntregable/CodigoFuente/deployer/app//results/MyPuzzle//stage_ToRGB/ToRGBpattern/ToRGB/Paciente1","/home/domizzi/Documents/MuyalNezEntregable/CodigoFuente/deployer/app//results/MyPuzzle//stage_ToRGB/ToRGBpattern/ToRGB/Paciente2"]]}
2023-04-03 19:53:15	DetectorPulmonpattern: load balancer executed in RT = 551 miliseconds
2023-04-03 19:53:15	DetectorPulmon: waiting
2023-04-03 19:53:15	DetectorPulmon: running
2023-04-03 19:53:15	DetectorPulmon: waiting
2023-04-03 19:53:15	DetectorPulmon: running
python3 /code/detectorPulmones.py /home/domizzi/Documents/MuyalNezEntregable/CodigoFuente/deployer/app//results/MyPuzzle//stage_ToRGB/ToRGBpattern/ToRGB/P2 /home/domizzi/Documents/MuyalNezEntregable/CodigoFuente/deployer/app//results/MyPuzzle/stage_DetectorPulmon/DetectorPulmonpattern/DetectorPulmon//P2
docker-compose --log-level ERROR -p /home/domizzi/Documents/MuyalNezEntregable/CodigoFuente/deployer/app//results/MyPuzzle -f /home/domizzi/Documents/MuyalNezEntregable/CodigoFuente/deployer/app//results/MyPuzzle/docker-compose.yml  exec -T DetectorPulmon sh -c "python3 /code/detectorPulmones.py /home/domizzi/Documents/MuyalNezEntregable/CodigoFuente/deployer/app//results/MyPuzzle//stage_ToRGB/ToRGBpattern/ToRGB/P2 /home/domizzi/Documents/MuyalNezEntregable/CodigoFuente/deployer/app//results/MyPuzzle/stage_DetectorPulmon/DetectorPulmonpattern/DetectorPulmon//P2"
python3 /code/detectorPulmones.py /home/domizzi/Documents/MuyalNezEntregable/CodigoFuente/deployer/app//results/MyPuzzle//stage_ToRGB/ToRGBpattern/ToRGB/P1 /home/domizzi/Documents/MuyalNezEntregable/CodigoFuente/deployer/app//results/MyPuzzle/stage_DetectorPulmon/DetectorPulmonpattern/DetectorPulmon//P1
docker-compose --log-level ERROR -p /home/domizzi/Documents/MuyalNezEntregable/CodigoFuente/deployer/app//results/MyPuzzle -f /home/domizzi/Documents/MuyalNezEntregable/CodigoFuente/deployer/app//results/MyPuzzle/docker-compose.yml  exec -T DetectorPulmon sh -c "python3 /code/detectorPulmones.py /home/domizzi/Documents/MuyalNezEntregable/CodigoFuente/deployer/app//results/MyPuzzle//stage_ToRGB/ToRGBpattern/ToRGB/P1 /home/domizzi/Documents/MuyalNezEntregable/CodigoFuente/deployer/app//results/MyPuzzle/stage_DetectorPulmon/DetectorPulmonpattern/DetectorPulmon//P1"
2023-04-03 19:53:16.421008: W tensorflow/stream_executor/platform/default/dso_loader.cc:64] Could not load dynamic library 'libcudart.so.11.0'; dlerror: libcudart.so.11.0: cannot open shared object file: No such file or directory
2023-04-03 19:53:16.421040: I tensorflow/stream_executor/cuda/cudart_stub.cc:29] Ignore above cudart dlerror if you do not have a GPU set up on your machine.
2023-04-03 19:53:16.421008: W tensorflow/stream_executor/platform/default/dso_loader.cc:64] Could not load dynamic library 'libcudart.so.11.0'; dlerror: libcudart.so.11.0: cannot open shared object file: No such file or directory
2023-04-03 19:53:16.421052: I tensorflow/stream_executor/cuda/cudart_stub.cc:29] Ignore above cudart dlerror if you do not have a GPU set up on your machine.
2023-04-03 19:53:18.139385: I tensorflow/core/platform/cpu_feature_guard.cc:142] This TensorFlow binary is optimized with oneAPI Deep Neural Network Library (oneDNN) to use the following CPU instructions in performance-critical operations:  AVX2 FMA
To enable them in other operations, rebuild TensorFlow with the appropriate compiler flags.
2023-04-03 19:53:18.139385: I tensorflow/core/platform/cpu_feature_guard.cc:142] This TensorFlow binary is optimized with oneAPI Deep Neural Network Library (oneDNN) to use the following CPU instructions in performance-critical operations:  AVX2 FMA
To enable them in other operations, rebuild TensorFlow with the appropriate compiler flags.
2023-04-03 19:53:18.141425: W tensorflow/stream_executor/platform/default/dso_loader.cc:64] Could not load dynamic library 'libcuda.so.1'; dlerror: libcuda.so.1: cannot open shared object file: No such file or directory
2023-04-03 19:53:18.141452: W tensorflow/stream_executor/cuda/cuda_driver.cc:326] failed call to cuInit: UNKNOWN ERROR (303)
2023-04-03 19:53:18.141479: I tensorflow/stream_executor/cuda/cuda_diagnostics.cc:163] no NVIDIA GPU device is present: /dev/nvidia0 does not exist
2023-04-03 19:53:18.141425: W tensorflow/stream_executor/platform/default/dso_loader.cc:64] Could not load dynamic library 'libcuda.so.1'; dlerror: libcuda.so.1: cannot open shared object file: No such file or directory
2023-04-03 19:53:18.141452: W tensorflow/stream_executor/cuda/cuda_driver.cc:326] failed call to cuInit: UNKNOWN ERROR (303)
2023-04-03 19:53:18.141477: I tensorflow/stream_executor/cuda/cuda_diagnostics.cc:163] no NVIDIA GPU device is present: /dev/nvidia0 does not exist
2023-04-03 19:53:21.248505: W tensorflow/core/framework/cpu_allocator_impl.cc:80] Allocation of 963379200 exceeds 10% of free system memory.
2023-04-03 19:53:21.248589: W tensorflow/core/framework/cpu_allocator_impl.cc:80] Allocation of 963379200 exceeds 10% of free system memory.
2023-04-03 19:53:21.391506: W tensorflow/core/framework/cpu_allocator_impl.cc:80] Allocation of 963379200 exceeds 10% of free system memory.
2023-04-03 19:53:21.399661: W tensorflow/core/framework/cpu_allocator_impl.cc:80] Allocation of 963379200 exceeds 10% of free system memory.
WARNING:tensorflow:From /code/models/research/object_detection/utils/model_util.py:57: Tensor.experimental_ref (from tensorflow.python.framework.ops) is deprecated and will be removed in a future version.
Instructions for updating:
Use ref() instead.
WARNING:tensorflow:From /code/models/research/object_detection/utils/model_util.py:57: Tensor.experimental_ref (from tensorflow.python.framework.ops) is deprecated and will be removed in a future version.
Instructions for updating:
Use ref() instead.
2023-04-03 19:53:23.733799: W tensorflow/core/framework/cpu_allocator_impl.cc:80] Allocation of 963379200 exceeds 10% of free system memory.
2023-04-03 19:53:23.810074: W tensorflow/core/framework/cpu_allocator_impl.cc:80] Allocation of 963379200 exceeds 10% of free system memory.
2023-04-03 19:53:23.995068: W tensorflow/core/framework/cpu_allocator_impl.cc:80] Allocation of 963379200 exceeds 10% of free system memory.
2023-04-03 19:53:24.069787: W tensorflow/core/framework/cpu_allocator_impl.cc:80] Allocation of 963379200 exceeds 10% of free system memory.
2023-04-03 19:53:25.841084: W tensorflow/core/framework/cpu_allocator_impl.cc:80] Allocation of 963379200 exceeds 10% of free system memory.
2023-04-03 19:53:26.122337: W tensorflow/core/framework/cpu_allocator_impl.cc:80] Allocation of 963379200 exceeds 10% of free system memory.
/code/detectorPulmones.py:240: RuntimeWarning: More than 20 figures have been opened. Figures created through the pyplot interface (`matplotlib.pyplot.figure`) are retained until explicitly closed and may consume too much memory. (To control this warning, see the rcParam `figure.max_open_warning`).
  plt.figure(figsize=(15,10))
python3 /code/detectorPulmones.py /home/domizzi/Documents/MuyalNezEntregable/CodigoFuente/deployer/app//results/MyPuzzle//stage_ToRGB/ToRGBpattern/ToRGB/Paciente1 /home/domizzi/Documents/MuyalNezEntregable/CodigoFuente/deployer/app//results/MyPuzzle/stage_DetectorPulmon/DetectorPulmonpattern/DetectorPulmon//Paciente1
docker-compose --log-level ERROR -p /home/domizzi/Documents/MuyalNezEntregable/CodigoFuente/deployer/app//results/MyPuzzle -f /home/domizzi/Documents/MuyalNezEntregable/CodigoFuente/deployer/app//results/MyPuzzle/docker-compose.yml  exec -T DetectorPulmon sh -c "python3 /code/detectorPulmones.py /home/domizzi/Documents/MuyalNezEntregable/CodigoFuente/deployer/app//results/MyPuzzle//stage_ToRGB/ToRGBpattern/ToRGB/Paciente1 /home/domizzi/Documents/MuyalNezEntregable/CodigoFuente/deployer/app//results/MyPuzzle/stage_DetectorPulmon/DetectorPulmonpattern/DetectorPulmon//Paciente1"
/code/detectorPulmones.py:240: RuntimeWarning: More than 20 figures have been opened. Figures created through the pyplot interface (`matplotlib.pyplot.figure`) are retained until explicitly closed and may consume too much memory. (To control this warning, see the rcParam `figure.max_open_warning`).
  plt.figure(figsize=(15,10))
2023-04-03 19:54:08.683204: W tensorflow/stream_executor/platform/default/dso_loader.cc:64] Could not load dynamic library 'libcudart.so.11.0'; dlerror: libcudart.so.11.0: cannot open shared object file: No such file or directory
2023-04-03 19:54:08.683240: I tensorflow/stream_executor/cuda/cudart_stub.cc:29] Ignore above cudart dlerror if you do not have a GPU set up on your machine.
python3 /code/detectorPulmones.py /home/domizzi/Documents/MuyalNezEntregable/CodigoFuente/deployer/app//results/MyPuzzle//stage_ToRGB/ToRGBpattern/ToRGB/Paciente4 /home/domizzi/Documents/MuyalNezEntregable/CodigoFuente/deployer/app//results/MyPuzzle/stage_DetectorPulmon/DetectorPulmonpattern/DetectorPulmon//Paciente4
docker-compose --log-level ERROR -p /home/domizzi/Documents/MuyalNezEntregable/CodigoFuente/deployer/app//results/MyPuzzle -f /home/domizzi/Documents/MuyalNezEntregable/CodigoFuente/deployer/app//results/MyPuzzle/docker-compose.yml  exec -T DetectorPulmon sh -c "python3 /code/detectorPulmones.py /home/domizzi/Documents/MuyalNezEntregable/CodigoFuente/deployer/app//results/MyPuzzle//stage_ToRGB/ToRGBpattern/ToRGB/Paciente4 /home/domizzi/Documents/MuyalNezEntregable/CodigoFuente/deployer/app//results/MyPuzzle/stage_DetectorPulmon/DetectorPulmonpattern/DetectorPulmon//Paciente4"
2023-04-03 19:54:09.564174: W tensorflow/stream_executor/platform/default/dso_loader.cc:64] Could not load dynamic library 'libcudart.so.11.0'; dlerror: libcudart.so.11.0: cannot open shared object file: No such file or directory
2023-04-03 19:54:09.564221: I tensorflow/stream_executor/cuda/cudart_stub.cc:29] Ignore above cudart dlerror if you do not have a GPU set up on your machine.
2023-04-03 19:54:09.828036: I tensorflow/core/platform/cpu_feature_guard.cc:142] This TensorFlow binary is optimized with oneAPI Deep Neural Network Library (oneDNN) to use the following CPU instructions in performance-critical operations:  AVX2 FMA
To enable them in other operations, rebuild TensorFlow with the appropriate compiler flags.
2023-04-03 19:54:09.828971: W tensorflow/stream_executor/platform/default/dso_loader.cc:64] Could not load dynamic library 'libcuda.so.1'; dlerror: libcuda.so.1: cannot open shared object file: No such file or directory
2023-04-03 19:54:09.829069: W tensorflow/stream_executor/cuda/cuda_driver.cc:326] failed call to cuInit: UNKNOWN ERROR (303)
2023-04-03 19:54:09.829089: I tensorflow/stream_executor/cuda/cuda_diagnostics.cc:163] no NVIDIA GPU device is present: /dev/nvidia0 does not exist
2023-04-03 19:54:10.678313: I tensorflow/core/platform/cpu_feature_guard.cc:142] This TensorFlow binary is optimized with oneAPI Deep Neural Network Library (oneDNN) to use the following CPU instructions in performance-critical operations:  AVX2 FMA
To enable them in other operations, rebuild TensorFlow with the appropriate compiler flags.
2023-04-03 19:54:10.679282: W tensorflow/stream_executor/platform/default/dso_loader.cc:64] Could not load dynamic library 'libcuda.so.1'; dlerror: libcuda.so.1: cannot open shared object file: No such file or directory
2023-04-03 19:54:10.679309: W tensorflow/stream_executor/cuda/cuda_driver.cc:326] failed call to cuInit: UNKNOWN ERROR (303)
2023-04-03 19:54:10.679336: I tensorflow/stream_executor/cuda/cuda_diagnostics.cc:163] no NVIDIA GPU device is present: /dev/nvidia0 does not exist
2023-04-03 19:54:12.092121: W tensorflow/core/framework/cpu_allocator_impl.cc:80] Allocation of 963379200 exceeds 10% of free system memory.
2023-04-03 19:54:12.167073: W tensorflow/core/framework/cpu_allocator_impl.cc:80] Allocation of 963379200 exceeds 10% of free system memory.
WARNING:tensorflow:From /code/models/research/object_detection/utils/model_util.py:57: Tensor.experimental_ref (from tensorflow.python.framework.ops) is deprecated and will be removed in a future version.
Instructions for updating:
Use ref() instead.
2023-04-03 19:54:13.696759: W tensorflow/core/framework/cpu_allocator_impl.cc:80] Allocation of 963379200 exceeds 10% of free system memory.
2023-04-03 19:54:13.790703: W tensorflow/core/framework/cpu_allocator_impl.cc:80] Allocation of 963379200 exceeds 10% of free system memory.
WARNING:tensorflow:From /code/models/research/object_detection/utils/model_util.py:57: Tensor.experimental_ref (from tensorflow.python.framework.ops) is deprecated and will be removed in a future version.
Instructions for updating:
Use ref() instead.
2023-04-03 19:54:14.144729: W tensorflow/core/framework/cpu_allocator_impl.cc:80] Allocation of 963379200 exceeds 10% of free system memory.
2023-04-03 19:54:14.220339: W tensorflow/core/framework/cpu_allocator_impl.cc:80] Allocation of 963379200 exceeds 10% of free system memory.
2023-04-03 19:54:16.085056: W tensorflow/core/framework/cpu_allocator_impl.cc:80] Allocation of 963379200 exceeds 10% of free system memory.
2023-04-03 19:54:16.279558: W tensorflow/core/framework/cpu_allocator_impl.cc:80] Allocation of 963379200 exceeds 10% of free system memory.
2023-04-03 19:54:16.423832: W tensorflow/core/framework/cpu_allocator_impl.cc:80] Allocation of 963379200 exceeds 10% of free system memory.
2023-04-03 19:54:18.389901: W tensorflow/core/framework/cpu_allocator_impl.cc:80] Allocation of 963379200 exceeds 10% of free system memory.
/code/detectorPulmones.py:240: RuntimeWarning: More than 20 figures have been opened. Figures created through the pyplot interface (`matplotlib.pyplot.figure`) are retained until explicitly closed and may consume too much memory. (To control this warning, see the rcParam `figure.max_open_warning`).
  plt.figure(figsize=(15,10))
python3 /code/detectorPulmones.py /home/domizzi/Documents/MuyalNezEntregable/CodigoFuente/deployer/app//results/MyPuzzle//stage_ToRGB/ToRGBpattern/ToRGB/Paciente3 /home/domizzi/Documents/MuyalNezEntregable/CodigoFuente/deployer/app//results/MyPuzzle/stage_DetectorPulmon/DetectorPulmonpattern/DetectorPulmon//Paciente3
docker-compose --log-level ERROR -p /home/domizzi/Documents/MuyalNezEntregable/CodigoFuente/deployer/app//results/MyPuzzle -f /home/domizzi/Documents/MuyalNezEntregable/CodigoFuente/deployer/app//results/MyPuzzle/docker-compose.yml  exec -T DetectorPulmon sh -c "python3 /code/detectorPulmones.py /home/domizzi/Documents/MuyalNezEntregable/CodigoFuente/deployer/app//results/MyPuzzle//stage_ToRGB/ToRGBpattern/ToRGB/Paciente3 /home/domizzi/Documents/MuyalNezEntregable/CodigoFuente/deployer/app//results/MyPuzzle/stage_DetectorPulmon/DetectorPulmonpattern/DetectorPulmon//Paciente3"
2023-04-03 20:01:33.668646: W tensorflow/stream_executor/platform/default/dso_loader.cc:64] Could not load dynamic library 'libcudart.so.11.0'; dlerror: libcudart.so.11.0: cannot open shared object file: No such file or directory
2023-04-03 20:01:33.668764: I tensorflow/stream_executor/cuda/cudart_stub.cc:29] Ignore above cudart dlerror if you do not have a GPU set up on your machine.
2023-04-03 20:01:35.737252: I tensorflow/core/platform/cpu_feature_guard.cc:142] This TensorFlow binary is optimized with oneAPI Deep Neural Network Library (oneDNN) to use the following CPU instructions in performance-critical operations:  AVX2 FMA
To enable them in other operations, rebuild TensorFlow with the appropriate compiler flags.
2023-04-03 20:01:35.739300: W tensorflow/stream_executor/platform/default/dso_loader.cc:64] Could not load dynamic library 'libcuda.so.1'; dlerror: libcuda.so.1: cannot open shared object file: No such file or directory
2023-04-03 20:01:35.739398: W tensorflow/stream_executor/cuda/cuda_driver.cc:326] failed call to cuInit: UNKNOWN ERROR (303)
2023-04-03 20:01:35.739444: I tensorflow/stream_executor/cuda/cuda_diagnostics.cc:163] no NVIDIA GPU device is present: /dev/nvidia0 does not exist
2023-04-03 20:01:39.536305: W tensorflow/core/framework/cpu_allocator_impl.cc:80] Allocation of 963379200 exceeds 10% of free system memory.
2023-04-03 20:01:39.640125: W tensorflow/core/framework/cpu_allocator_impl.cc:80] Allocation of 963379200 exceeds 10% of free system memory.
WARNING:tensorflow:From /code/models/research/object_detection/utils/model_util.py:57: Tensor.experimental_ref (from tensorflow.python.framework.ops) is deprecated and will be removed in a future version.
Instructions for updating:
Use ref() instead.
2023-04-03 20:01:42.065970: W tensorflow/core/framework/cpu_allocator_impl.cc:80] Allocation of 963379200 exceeds 10% of free system memory.
2023-04-03 20:01:42.153442: W tensorflow/core/framework/cpu_allocator_impl.cc:80] Allocation of 963379200 exceeds 10% of free system memory.
2023-04-03 20:01:44.299990: W tensorflow/core/framework/cpu_allocator_impl.cc:80] Allocation of 963379200 exceeds 10% of free system memory.
/code/detectorPulmones.py:240: RuntimeWarning: More than 20 figures have been opened. Figures created through the pyplot interface (`matplotlib.pyplot.figure`) are retained until explicitly closed and may consume too much memory. (To control this warning, see the rcParam `figure.max_open_warning`).
  plt.figure(figsize=(15,10))
python3 /code/detectorPulmones.py /home/domizzi/Documents/MuyalNezEntregable/CodigoFuente/deployer/app//results/MyPuzzle//stage_ToRGB/ToRGBpattern/ToRGB/Paciente2 /home/domizzi/Documents/MuyalNezEntregable/CodigoFuente/deployer/app//results/MyPuzzle/stage_DetectorPulmon/DetectorPulmonpattern/DetectorPulmon//Paciente2
docker-compose --log-level ERROR -p /home/domizzi/Documents/MuyalNezEntregable/CodigoFuente/deployer/app//results/MyPuzzle -f /home/domizzi/Documents/MuyalNezEntregable/CodigoFuente/deployer/app//results/MyPuzzle/docker-compose.yml  exec -T DetectorPulmon sh -c "python3 /code/detectorPulmones.py /home/domizzi/Documents/MuyalNezEntregable/CodigoFuente/deployer/app//results/MyPuzzle//stage_ToRGB/ToRGBpattern/ToRGB/Paciente2 /home/domizzi/Documents/MuyalNezEntregable/CodigoFuente/deployer/app//results/MyPuzzle/stage_DetectorPulmon/DetectorPulmonpattern/DetectorPulmon//Paciente2"
2023-04-03 20:02:08.224168: W tensorflow/stream_executor/platform/default/dso_loader.cc:64] Could not load dynamic library 'libcudart.so.11.0'; dlerror: libcudart.so.11.0: cannot open shared object file: No such file or directory
2023-04-03 20:02:08.224204: I tensorflow/stream_executor/cuda/cudart_stub.cc:29] Ignore above cudart dlerror if you do not have a GPU set up on your machine.
2023-04-03 20:02:10.365964: I tensorflow/core/platform/cpu_feature_guard.cc:142] This TensorFlow binary is optimized with oneAPI Deep Neural Network Library (oneDNN) to use the following CPU instructions in performance-critical operations:  AVX2 FMA
To enable them in other operations, rebuild TensorFlow with the appropriate compiler flags.
2023-04-03 20:02:10.369218: W tensorflow/stream_executor/platform/default/dso_loader.cc:64] Could not load dynamic library 'libcuda.so.1'; dlerror: libcuda.so.1: cannot open shared object file: No such file or directory
2023-04-03 20:02:10.370372: W tensorflow/stream_executor/cuda/cuda_driver.cc:326] failed call to cuInit: UNKNOWN ERROR (303)
2023-04-03 20:02:10.370458: I tensorflow/stream_executor/cuda/cuda_diagnostics.cc:163] no NVIDIA GPU device is present: /dev/nvidia0 does not exist
2023-04-03 20:02:14.990584: W tensorflow/core/framework/cpu_allocator_impl.cc:80] Allocation of 963379200 exceeds 10% of free system memory.
2023-04-03 20:02:15.107524: W tensorflow/core/framework/cpu_allocator_impl.cc:80] Allocation of 963379200 exceeds 10% of free system memory.
WARNING:tensorflow:From /code/models/research/object_detection/utils/model_util.py:57: Tensor.experimental_ref (from tensorflow.python.framework.ops) is deprecated and will be removed in a future version.
Instructions for updating:
Use ref() instead.
2023-04-03 20:02:17.635599: W tensorflow/core/framework/cpu_allocator_impl.cc:80] Allocation of 963379200 exceeds 10% of free system memory.
2023-04-03 20:02:17.754095: W tensorflow/core/framework/cpu_allocator_impl.cc:80] Allocation of 963379200 exceeds 10% of free system memory.
2023-04-03 20:02:19.929344: W tensorflow/core/framework/cpu_allocator_impl.cc:80] Allocation of 963379200 exceeds 10% of free system memory.
/code/detectorPulmones.py:240: RuntimeWarning: More than 20 figures have been opened. Figures created through the pyplot interface (`matplotlib.pyplot.figure`) are retained until explicitly closed and may consume too much memory. (To control this warning, see the rcParam `figure.max_open_warning`).
  plt.figure(figsize=(15,10))
/code/detectorPulmones.py:240: RuntimeWarning: More than 20 figures have been opened. Figures created through the pyplot interface (`matplotlib.pyplot.figure`) are retained until explicitly closed and may consume too much memory. (To control this warning, see the rcParam `figure.max_open_warning`).
  plt.figure(figsize=(15,10))
2023-04-03 20:07:20	DetectorPulmon: processed 20480 bytes in ST=0.000000 RT = 845116 miliseconds
2023-04-03 20:08:59	DetectorPulmon: processed 28672 bytes in ST=0.000000 RT = 944279 miliseconds
2023-04-03 20:08:59	DetectorPulmonpattern: pattern executed in ST = 944831 miliseconds
{ "catalogname": " TESTCATALOG/MyPuzzle-1680551387540/stage_DetectorPulmon-1680552539775 ", "dispersemode": "IDA", "encryption":"true", "fathers_token":"6793fbc961aab066b2b420cc09bab3b56fbc3b549901b41f35b17d67874b5064", "processed": "true" }
10.81.234.2:20500//pub_sub/v1/catalogs/create?access_token=8549a1c11faebe02aaf78af98b1f366eb2bdf5997f34ee557e151132bb58cf4b
java -jar Upload.jar 7eada11a812eff429cb203bdaa5ac4ac9ff6bc52b7c850a7b0717782ce926530 fc2424c066e746d3bb716fdd1a76b6d6eb2545a1 041d5023cdcecce363b656851cea771d816bec1e15f15dc77975a52b88100618 IDA bob 2 '/home/domizzi/Documents/MuyalNezEntregable/CodigoFuente/deployer/app//results/MyPuzzle/stage_DetectorPulmon' cinves true 8549a1c11faebe02aaf78af98b1f366eb2bdf5997f34ee557e151132bb58cf4b true true 4
java -jar Upload.jar 7eada11a812eff429cb203bdaa5ac4ac9ff6bc52b7c850a7b0717782ce926530 fc2424c066e746d3bb716fdd1a76b6d6eb2545a1 041d5023cdcecce363b656851cea771d816bec1e15f15dc77975a52b88100618 IDA bob 2 '/home/domizzi/Documents/MuyalNezEntregable/CodigoFuente/deployer/app//results/MyPuzzle/stage_DetectorPulmon' cinves true 8549a1c11faebe02aaf78af98b1f366eb2bdf5997f34ee557e151132bb58cf4b true true 4
2023-04-03 20:09:00	stage_DetectorPulmon: data satage upload in ST = 755 miliseconds
2023-04-03 20:09:00	stage_DetectorPulmon: stage executed in ST = 945587 miliseconds
