2023-02-14 00:36:31	PARSER: Configured single Anonimizacion
2023-02-14 00:36:31	PARSER: Configured single ToRGB
2023-02-14 00:36:31	PARSER: Configured single DetectorPulmon
2023-02-14 00:36:31	PARSER: Configured pattern Anonimizacionpattern
2023-02-14 00:36:31	PARSER: Configured pattern ToRGBpattern
2023-02-14 00:36:31	PARSER: Configured pattern DetectorPulmonpattern
2023-02-14 00:36:31	PARSER: Configured stage stage_Anonimizacion
2023-02-14 00:36:31	PARSER: Configured stage stage_ToRGB
2023-02-14 00:36:31	PARSER: Configured stage stage_DetectorPulmon
2023-02-14 00:36:31	PARSER: Configured workflow MyPuzzle
2023-02-14 00:36:31	LAUCHER: Coupling stages and building blocks
2023-02-14 00:36:31	MyPuzzle: Workdir MyPuzzle
2023-02-14 00:36:31	MyPuzzle: Workdir exists
2023-02-14 00:36:31	MyPuzzle: Stage stage_Anonimizacion added
2023-02-14 00:36:31	stage_Anonimizacion: Workdir stage_Anonimizacion
2023-02-14 00:36:31	stage_Anonimizacion: Workdir exists
2023-02-14 00:36:31	stage_Anonimizacion: Added sink stage_ToRGB
2023-02-14 00:36:31	stage_Anonimizacion: Added building block Anonimizacionpattern
2023-02-14 00:36:31	Anonimizacionpattern: Workdir Anonimizacionpattern
2023-02-14 00:36:31	Anonimizacionpattern: Workdir exists
2023-02-14 00:36:31	Anonimizacion: Workdir Anonimizacion
2023-02-14 00:36:31	Anonimizacion: Workdir exists
2023-02-14 00:36:31	MyPuzzle: Stage stage_ToRGB added
2023-02-14 00:36:31	stage_ToRGB: Workdir stage_ToRGB
2023-02-14 00:36:31	stage_ToRGB: Workdir exists
2023-02-14 00:36:31	stage_ToRGB: Added source stage_Anonimizacion
2023-02-14 00:36:31	stage_ToRGB: Added sink stage_DetectorPulmon
2023-02-14 00:36:31	stage_ToRGB: Added building block ToRGBpattern
2023-02-14 00:36:31	ToRGBpattern: Workdir ToRGBpattern
2023-02-14 00:36:31	ToRGBpattern: Workdir exists
2023-02-14 00:36:31	ToRGB: Workdir ToRGB
2023-02-14 00:36:31	ToRGB: Workdir exists
2023-02-14 00:36:31	MyPuzzle: Stage stage_DetectorPulmon added
2023-02-14 00:36:31	stage_DetectorPulmon: Workdir stage_DetectorPulmon
2023-02-14 00:36:31	stage_DetectorPulmon: Workdir exists
2023-02-14 00:36:31	stage_DetectorPulmon: Added source stage_ToRGB
2023-02-14 00:36:31	stage_DetectorPulmon: Added building block DetectorPulmonpattern
2023-02-14 00:36:31	DetectorPulmonpattern: Workdir DetectorPulmonpattern
2023-02-14 00:36:31	DetectorPulmonpattern: Workdir exists
2023-02-14 00:36:31	DetectorPulmon: Workdir DetectorPulmon
2023-02-14 00:36:31	DetectorPulmon: Workdir exists
2023-02-14 00:36:31	LAUNCHER: Creating YML file at MyPuzzle/docker-compose.yml
ToRGB
DetectorPulmon
Anonimizacion
2023-02-14 00:36:31	LAUCHER: deploying virtual containers of workflow MyPuzzle
/home/domizzi/Documents/Muyal-Ilal-ligero/deployer/app//results/MyPuzzle
java -jar Download.jar 3fb2b0aa44c05fa0c68f29088ff7de1bd0b2c2587374712e0c2bd3f18d4d4e68 fc1d04879b21feb34c75cf61ca975f18ea3e508e 8434f5e7f9facfc3a8e51c5a244dec1ec1759fed776898c4635a396a0b4a1985 2 1 cinves '/home/domizzi/Documents/Muyal-Ilal-ligero/deployer/app//results/MyPuzzle/catalogs/TESTCATALOG' 51e74d96c067eb841f91958e0405f70546bff5c61011d6ffbc2ae7d5c4bba77a true false 1
java -jar Download.jar 3fb2b0aa44c05fa0c68f29088ff7de1bd0b2c2587374712e0c2bd3f18d4d4e68 fc1d04879b21feb34c75cf61ca975f18ea3e508e 8434f5e7f9facfc3a8e51c5a244dec1ec1759fed776898c4635a396a0b4a1985 2 1 cinves '/home/domizzi/Documents/Muyal-Ilal-ligero/deployer/app//results/MyPuzzle/catalogs/TESTCATALOG' 51e74d96c067eb841f91958e0405f70546bff5c61011d6ffbc2ae7d5c4bba77a true false 1
2023-02-14 00:36:33	MyPuzzle: executing 
{ "catalogname": " TESTCATALOG/MyPuzzle-1676334993024 ", "dispersemode": "IDA", "encryption":"true", "fathers_token":"8434f5e7f9facfc3a8e51c5a244dec1ec1759fed776898c4635a396a0b4a1985", "processed": "true" }
192.168.0.62:20500//pub_sub/v1/catalogs/create?access_token=51e74d96c067eb841f91958e0405f70546bff5c61011d6ffbc2ae7d5c4bba77a
2023-02-14 00:36:33	stage_Anonimizacion: waiting
2023-02-14 00:36:33	stage_Anonimizacion: WORKING
2023-02-14 00:36:33	stage_DetectorPulmon: waiting
2023-02-14 00:36:33	stage_ToRGB: waiting
2023-02-14 00:36:33	stage_Anonimizacion: has 1 sources
2023-02-14 00:36:33	Anonimizacionpattern: waiting
2023-02-14 00:36:33	Anonimizacionpattern: running
2023-02-14 00:36:33	Anonimizacionpattern: executing load balancer
docker-compose --log-level ERROR -p /home/domizzi/Documents/Muyal-Ilal-ligero/deployer/app//results/MyPuzzle -f /home/domizzi/Documents/Muyal-Ilal-ligero/deployer/app//results/MyPuzzle/docker-compose.yml  exec -T lbAnonimizacionpattern  sh -c "./main 2 DL /home/domizzi/Documents/Muyal-Ilal-ligero/deployer/app//results//MyPuzzle/catalogs/TESTCATALOG "
docker-compose --log-level ERROR -p /home/domizzi/Documents/Muyal-Ilal-ligero/deployer/app//results/MyPuzzle -f /home/domizzi/Documents/Muyal-Ilal-ligero/deployer/app//results/MyPuzzle/docker-compose.yml  exec -T lbAnonimizacionpattern  sh -c "./main 2 DL /home/domizzi/Documents/Muyal-Ilal-ligero/deployer/app//results//MyPuzzle/catalogs/TESTCATALOG "
{"result": [["/home/domizzi/Documents/Muyal-Ilal-ligero/deployer/app//results//MyPuzzle/catalogs/TESTCATALOG","/home/domizzi/Documents/Muyal-Ilal-ligero/deployer/app//results//MyPuzzle/catalogs/TESTCATALOG/Prueba_FINDRISC","/home/domizzi/Documents/Muyal-Ilal-ligero/deployer/app//results//MyPuzzle/catalogs/TESTCATALOG/ecgs"],["/home/domizzi/Documents/Muyal-Ilal-ligero/deployer/app//results//MyPuzzle/catalogs/TESTCATALOG/Somatometria_Signos_Vitales","/home/domizzi/Documents/Muyal-Ilal-ligero/deployer/app//results//MyPuzzle/catalogs/TESTCATALOG/P1","/home/domizzi/Documents/Muyal-Ilal-ligero/deployer/app//results//MyPuzzle/catalogs/TESTCATALOG/espirometrias"]]}
2023-02-14 00:36:33	Anonimizacionpattern: load balancer executed in RT = 569 miliseconds
2023-02-14 00:36:33	Anonimizacion: waiting
2023-02-14 00:36:33	Anonimizacion: running
python3 /code/process_dir.py --input /home/domizzi/Documents/Muyal-Ilal-ligero/deployer/app//results//MyPuzzle/catalogs/TESTCATALOG --outfolder "/home/domizzi/Documents/Muyal-Ilal-ligero/deployer/app//results/MyPuzzle/stage_Anonimizacion/Anonimizacionpattern/Anonimizacion/" --save dicom
docker-compose --log-level ERROR -p /home/domizzi/Documents/Muyal-Ilal-ligero/deployer/app//results/MyPuzzle -f /home/domizzi/Documents/Muyal-Ilal-ligero/deployer/app//results/MyPuzzle/docker-compose.yml  exec -T Anonimizacion sh -c "python3 /code/process_dir.py --input /home/domizzi/Documents/Muyal-Ilal-ligero/deployer/app//results//MyPuzzle/catalogs/TESTCATALOG --outfolder "/home/domizzi/Documents/Muyal-Ilal-ligero/deployer/app//results/MyPuzzle/stage_Anonimizacion/Anonimizacionpattern/Anonimizacion/" --save dicom"
2023-02-14 00:36:33	Anonimizacion: waiting
2023-02-14 00:36:33	Anonimizacion: running
python3 /code/process_dir.py --input /home/domizzi/Documents/Muyal-Ilal-ligero/deployer/app//results//MyPuzzle/catalogs/TESTCATALOG/Somatometria_Signos_Vitales --outfolder "/home/domizzi/Documents/Muyal-Ilal-ligero/deployer/app//results/MyPuzzle/stage_Anonimizacion/Anonimizacionpattern/Anonimizacion/" --save dicom
docker-compose --log-level ERROR -p /home/domizzi/Documents/Muyal-Ilal-ligero/deployer/app//results/MyPuzzle -f /home/domizzi/Documents/Muyal-Ilal-ligero/deployer/app//results/MyPuzzle/docker-compose.yml  exec -T Anonimizacion sh -c "python3 /code/process_dir.py --input /home/domizzi/Documents/Muyal-Ilal-ligero/deployer/app//results//MyPuzzle/catalogs/TESTCATALOG/Somatometria_Signos_Vitales --outfolder "/home/domizzi/Documents/Muyal-Ilal-ligero/deployer/app//results/MyPuzzle/stage_Anonimizacion/Anonimizacionpattern/Anonimizacion/" --save dicom"
WARNING No specification, loading default base deid.dicom
WARNING Cannot read input file /home/domizzi/Documents/Muyal-Ilal-ligero/deployer/app//results//MyPuzzle/catalogs/TESTCATALOG/Somatometria_Signos_Vitales/medicion_aprevenir_567725313-1507523380.json, skipping.
WARNING Cannot read input file /home/domizzi/Documents/Muyal-Ilal-ligero/deployer/app//results//MyPuzzle/catalogs/TESTCATALOG/Somatometria_Signos_Vitales/medicion_aprevenir_612024257-1507523380.json, skipping.
WARNING Cannot read input file /home/domizzi/Documents/Muyal-Ilal-ligero/deployer/app//results//MyPuzzle/catalogs/TESTCATALOG/Somatometria_Signos_Vitales/medicion_aprevenir_607955257-1507523380.json, skipping.
WARNING Cannot read input file /home/domizzi/Documents/Muyal-Ilal-ligero/deployer/app//results//MyPuzzle/catalogs/TESTCATALOG/Somatometria_Signos_Vitales/medicion_aprevenir_-750225876-1507523380.json, skipping.
WARNING Cannot read input file /home/domizzi/Documents/Muyal-Ilal-ligero/deployer/app//results//MyPuzzle/catalogs/TESTCATALOG/Somatometria_Signos_Vitales/medicion_aprevenir_-1724872329-1507523380.json, skipping.
WARNING Cannot read input file /home/domizzi/Documents/Muyal-Ilal-ligero/deployer/app//results//MyPuzzle/catalogs/TESTCATALOG/Somatometria_Signos_Vitales/medicion_aprevenir_1665042775-1507523380.json, skipping.
WARNING Cannot read input file /home/domizzi/Documents/Muyal-Ilal-ligero/deployer/app//results//MyPuzzle/catalogs/TESTCATALOG/Somatometria_Signos_Vitales/medicion_aprevenir_-1967085798-1507523380.json, skipping.
WARNING Cannot read input file /home/domizzi/Documents/Muyal-Ilal-ligero/deployer/app//results//MyPuzzle/catalogs/TESTCATALOG/Somatometria_Signos_Vitales/medicion_aprevenir_1110332606-1507523380.json, skipping.
WARNING Cannot read input file /home/domizzi/Documents/Muyal-Ilal-ligero/deployer/app//results//MyPuzzle/catalogs/TESTCATALOG/Somatometria_Signos_Vitales/medicion_aprevenir_401486785-1507523380.json, skipping.
WARNING Cannot read input file /home/domizzi/Documents/Muyal-Ilal-ligero/deployer/app//results//MyPuzzle/catalogs/TESTCATALOG/Somatometria_Signos_Vitales/medicion_aprevenir_1906501847-1507523380.json, skipping.
WARNING Cannot read input file /home/domizzi/Documents/Muyal-Ilal-ligero/deployer/app//results//MyPuzzle/catalogs/TESTCATALOG/Somatometria_Signos_Vitales/medicion_aprevenir_-1554832397-1507523380.json, skipping.
WARNING Cannot read input file /home/domizzi/Documents/Muyal-Ilal-ligero/deployer/app//results//MyPuzzle/catalogs/TESTCATALOG/Somatometria_Signos_Vitales/medicion_aprevenir_-799933548-1507523380.json, skipping.
WARNING Cannot read input file /home/domizzi/Documents/Muyal-Ilal-ligero/deployer/app//results//MyPuzzle/catalogs/TESTCATALOG/Somatometria_Signos_Vitales/medicion_aprevenir_-909322121-1507523380.json, skipping.
WARNING Cannot read input file /home/domizzi/Documents/Muyal-Ilal-ligero/deployer/app//results//MyPuzzle/catalogs/TESTCATALOG/Somatometria_Signos_Vitales/medicion_aprevenir_492461757-1507523380.json, skipping.
WARNING Cannot read input file /home/domizzi/Documents/Muyal-Ilal-ligero/deployer/app//results//MyPuzzle/catalogs/TESTCATALOG/Somatometria_Signos_Vitales/medicion_aprevenir_-1248888161-1507523380.json, skipping.
WARNING Cannot read input file /home/domizzi/Documents/Muyal-Ilal-ligero/deployer/app//results//MyPuzzle/catalogs/TESTCATALOG/Somatometria_Signos_Vitales/medicion_aprevenir_-324743792-1507523380.json, skipping.
WARNING Cannot read input file /home/domizzi/Documents/Muyal-Ilal-ligero/deployer/app//results//MyPuzzle/catalogs/TESTCATALOG/Somatometria_Signos_Vitales/medicion_aprevenir_1982612621-1507523380.json, skipping.
WARNING Cannot read input file /home/domizzi/Documents/Muyal-Ilal-ligero/deployer/app//results//MyPuzzle/catalogs/TESTCATALOG/Somatometria_Signos_Vitales/medicion_aprevenir_99009921-1507523380.json, skipping.
WARNING Cannot read input file /home/domizzi/Documents/Muyal-Ilal-ligero/deployer/app//results//MyPuzzle/catalogs/TESTCATALOG/Somatometria_Signos_Vitales/medicion_aprevenir_-37254536-1507523380.json, skipping.
WARNING Cannot read input file /home/domizzi/Documents/Muyal-Ilal-ligero/deployer/app//results//MyPuzzle/catalogs/TESTCATALOG/Somatometria_Signos_Vitales/medicion_aprevenir_-715070008-1507523380.json, skipping.
WARNING Cannot read input file /home/domizzi/Documents/Muyal-Ilal-ligero/deployer/app//results//MyPuzzle/catalogs/TESTCATALOG/Somatometria_Signos_Vitales/medicion_aprevenir_1093503740-1507523380.json, skipping.
WARNING Cannot read input file /home/domizzi/Documents/Muyal-Ilal-ligero/deployer/app//results//MyPuzzle/catalogs/TESTCATALOG/Somatometria_Signos_Vitales/medicion_aprevenir_896640724-1507523380.json, skipping.
WARNING Cannot read input file /home/domizzi/Documents/Muyal-Ilal-ligero/deployer/app//results//MyPuzzle/catalogs/TESTCATALOG/Somatometria_Signos_Vitales/medicion_aprevenir_1560490886-1507523380.json, skipping.
WARNING Cannot read input file /home/domizzi/Documents/Muyal-Ilal-ligero/deployer/app//results//MyPuzzle/catalogs/TESTCATALOG/Somatometria_Signos_Vitales/medicion_aprevenir_816553560-1507523380.json, skipping.
WARNING Cannot read input file /home/domizzi/Documents/Muyal-Ilal-ligero/deployer/app//results//MyPuzzle/catalogs/TESTCATALOG/Somatometria_Signos_Vitales/medicion_aprevenir_-1074895146-1507523380.json, skipping.
WARNING Cannot read input file /home/domizzi/Documents/Muyal-Ilal-ligero/deployer/app//results//MyPuzzle/catalogs/TESTCATALOG/Somatometria_Signos_Vitales/medicion_aprevenir_1714743273-1507523380.json, skipping.
python3 /code/process_dir.py --input /home/domizzi/Documents/Muyal-Ilal-ligero/deployer/app//results//MyPuzzle/catalogs/TESTCATALOG/P1 --outfolder "/home/domizzi/Documents/Muyal-Ilal-ligero/deployer/app//results/MyPuzzle/stage_Anonimizacion/Anonimizacionpattern/Anonimizacion/" --save dicom
docker-compose --log-level ERROR -p /home/domizzi/Documents/Muyal-Ilal-ligero/deployer/app//results/MyPuzzle -f /home/domizzi/Documents/Muyal-Ilal-ligero/deployer/app//results/MyPuzzle/docker-compose.yml  exec -T Anonimizacion sh -c "python3 /code/process_dir.py --input /home/domizzi/Documents/Muyal-Ilal-ligero/deployer/app//results//MyPuzzle/catalogs/TESTCATALOG/P1 --outfolder "/home/domizzi/Documents/Muyal-Ilal-ligero/deployer/app//results/MyPuzzle/stage_Anonimizacion/Anonimizacionpattern/Anonimizacion/" --save dicom"
WARNING No specification, loading default base deid.dicom
WARNING Cannot read input file /home/domizzi/Documents/Muyal-Ilal-ligero/deployer/app//results//MyPuzzle/catalogs/TESTCATALOG/workflowengine.jpg, skipping.
WARNING Cannot read input file /home/domizzi/Documents/Muyal-Ilal-ligero/deployer/app//results//MyPuzzle/catalogs/TESTCATALOG/espirometrias/225_1b1_Pl_sc_Meditron.wav, skipping.
WARNING Cannot read input file /home/domizzi/Documents/Muyal-Ilal-ligero/deployer/app//results//MyPuzzle/catalogs/TESTCATALOG/espirometrias/223_1b1_Pr_sc_Meditron.wav, skipping.
WARNING Cannot read input file /home/domizzi/Documents/Muyal-Ilal-ligero/deployer/app//results//MyPuzzle/catalogs/TESTCATALOG/espirometrias/224_1b2_Al_sc_Meditron.wav, skipping.
WARNING Cannot read input file /home/domizzi/Documents/Muyal-Ilal-ligero/deployer/app//results//MyPuzzle/catalogs/TESTCATALOG/espirometrias/226_1b1_Al_sc_Meditron.wav, skipping.
WARNING Cannot read input file /home/domizzi/Documents/Muyal-Ilal-ligero/deployer/app//results//MyPuzzle/catalogs/TESTCATALOG/espirometrias/224_1b1_Tc_sc_Meditron.txt, skipping.
WARNING Cannot read input file /home/domizzi/Documents/Muyal-Ilal-ligero/deployer/app//results//MyPuzzle/catalogs/TESTCATALOG/espirometrias/224_1b2_Al_sc_Meditron.txt, skipping.
WARNING Cannot read input file /home/domizzi/Documents/Muyal-Ilal-ligero/deployer/app//results//MyPuzzle/catalogs/TESTCATALOG/espirometrias/226_1b1_Pl_sc_LittC2SE.wav, skipping.
WARNING Cannot read input file /home/domizzi/Documents/Muyal-Ilal-ligero/deployer/app//results//MyPuzzle/catalogs/TESTCATALOG/espirometrias/225_1b1_Pl_sc_Meditron.txt, skipping.
WARNING Cannot read input file /home/domizzi/Documents/Muyal-Ilal-ligero/deployer/app//results//MyPuzzle/catalogs/TESTCATALOG/espirometrias/226_1b1_Ll_sc_Meditron.txt, skipping.
WARNING Cannot read input file /home/domizzi/Documents/Muyal-Ilal-ligero/deployer/app//results//MyPuzzle/catalogs/TESTCATALOG/espirometrias/226_1b1_Al_sc_Meditron.txt, skipping.
WARNING Cannot read input file /home/domizzi/Documents/Muyal-Ilal-ligero/deployer/app//results//MyPuzzle/catalogs/TESTCATALOG/espirometrias/226_1b1_Pl_sc_LittC2SE.txt, skipping.
WARNING Cannot read input file /home/domizzi/Documents/Muyal-Ilal-ligero/deployer/app//results//MyPuzzle/catalogs/TESTCATALOG/espirometrias/218_1b1_Ar_sc_Meditron.wav, skipping.
WARNING Cannot read input file /home/domizzi/Documents/Muyal-Ilal-ligero/deployer/app//results//MyPuzzle/catalogs/TESTCATALOG/espirometrias/226_1b1_Ll_sc_Meditron.wav, skipping.
WARNING Cannot read input file /home/domizzi/Documents/Muyal-Ilal-ligero/deployer/app//results//MyPuzzle/catalogs/TESTCATALOG/espirometrias/224_1b1_Tc_sc_Meditron.wav, skipping.
WARNING Cannot read input file /home/domizzi/Documents/Muyal-Ilal-ligero/deployer/app//results//MyPuzzle/catalogs/TESTCATALOG/espirometrias/218_1b1_Al_sc_Meditron.txt, skipping.
WARNING Cannot read input file /home/domizzi/Documents/Muyal-Ilal-ligero/deployer/app//results//MyPuzzle/catalogs/TESTCATALOG/espirometrias/216_1b1_Al_sc_Meditron.wav, skipping.
WARNING Cannot read input file /home/domizzi/Documents/Muyal-Ilal-ligero/deployer/app//results//MyPuzzle/catalogs/TESTCATALOG/espirometrias/218_1b1_Ar_sc_Meditron.txt, skipping.
WARNING Cannot read input file /home/domizzi/Documents/Muyal-Ilal-ligero/deployer/app//results//MyPuzzle/catalogs/TESTCATALOG/espirometrias/217_1b1_Tc_sc_Meditron.wav, skipping.
WARNING Cannot read input file /home/domizzi/Documents/Muyal-Ilal-ligero/deployer/app//results//MyPuzzle/catalogs/TESTCATALOG/espirometrias/216_1b1_Pl_sc_Meditron.wav, skipping.
WARNING Cannot read input file /home/domizzi/Documents/Muyal-Ilal-ligero/deployer/app//results//MyPuzzle/catalogs/TESTCATALOG/espirometrias/216_1b1_Pl_sc_Meditron.txt, skipping.
WARNING Cannot read input file /home/domizzi/Documents/Muyal-Ilal-ligero/deployer/app//results//MyPuzzle/catalogs/TESTCATALOG/espirometrias/218_1b1_Al_sc_Meditron.wav, skipping.
WARNING Cannot read input file /home/domizzi/Documents/Muyal-Ilal-ligero/deployer/app//results//MyPuzzle/catalogs/TESTCATALOG/espirometrias/217_1b1_Tc_sc_Meditron.txt, skipping.
WARNING Cannot read input file /home/domizzi/Documents/Muyal-Ilal-ligero/deployer/app//results//MyPuzzle/catalogs/TESTCATALOG/espirometrias/216_1b1_Al_sc_Meditron.txt, skipping.
WARNING Cannot read input file /home/domizzi/Documents/Muyal-Ilal-ligero/deployer/app//results//MyPuzzle/catalogs/TESTCATALOG/ecgs/sensor1.txt, skipping.
WARNING Cannot read input file /home/domizzi/Documents/Muyal-Ilal-ligero/deployer/app//results//MyPuzzle/catalogs/TESTCATALOG/ecgs/sensor0.txt, skipping.
WARNING Cannot read input file /home/domizzi/Documents/Muyal-Ilal-ligero/deployer/app//results//MyPuzzle/catalogs/TESTCATALOG/Prueba_FINDRISC/prueba_findrisc_aprevenir_-1716717365-1507523380.json, skipping.
WARNING Cannot read input file /home/domizzi/Documents/Muyal-Ilal-ligero/deployer/app//results//MyPuzzle/catalogs/TESTCATALOG/Prueba_FINDRISC/prueba_findrisc_aprevenir_1884191915-1507523380.json, skipping.
WARNING Cannot read input file /home/domizzi/Documents/Muyal-Ilal-ligero/deployer/app//results//MyPuzzle/catalogs/TESTCATALOG/Prueba_FINDRISC/prueba_findrisc_aprevenir_-1568605943-1507523380.json, skipping.
WARNING Cannot read input file /home/domizzi/Documents/Muyal-Ilal-ligero/deployer/app//results//MyPuzzle/catalogs/TESTCATALOG/Prueba_FINDRISC/prueba_findrisc_aprevenir_-1652169977-1507523380.json, skipping.
WARNING Cannot read input file /home/domizzi/Documents/Muyal-Ilal-ligero/deployer/app//results//MyPuzzle/catalogs/TESTCATALOG/Prueba_FINDRISC/prueba_findrisc_aprevenir_-1294782248-1507523380.json, skipping.
WARNING Cannot read input file /home/domizzi/Documents/Muyal-Ilal-ligero/deployer/app//results//MyPuzzle/catalogs/TESTCATALOG/Prueba_FINDRISC/prueba_findrisc_aprevenir_-1772930693-1507523380.json, skipping.
WARNING Cannot read input file /home/domizzi/Documents/Muyal-Ilal-ligero/deployer/app//results//MyPuzzle/catalogs/TESTCATALOG/Prueba_FINDRISC/prueba_findrisc_aprevenir_-174163047-1507523380.json, skipping.
WARNING Cannot read input file /home/domizzi/Documents/Muyal-Ilal-ligero/deployer/app//results//MyPuzzle/catalogs/TESTCATALOG/Prueba_FINDRISC/prueba_findrisc_aprevenir_1333970158-1507523380.json, skipping.
WARNING Cannot read input file /home/domizzi/Documents/Muyal-Ilal-ligero/deployer/app//results//MyPuzzle/catalogs/TESTCATALOG/Prueba_FINDRISC/prueba_findrisc_aprevenir_1469178095-1507523380.json, skipping.
WARNING Cannot read input file /home/domizzi/Documents/Muyal-Ilal-ligero/deployer/app//results//MyPuzzle/catalogs/TESTCATALOG/Prueba_FINDRISC/prueba_findrisc_aprevenir_230630530-1507523380.json, skipping.
WARNING Cannot read input file /home/domizzi/Documents/Muyal-Ilal-ligero/deployer/app//results//MyPuzzle/catalogs/TESTCATALOG/Prueba_FINDRISC/prueba_findrisc_aprevenir_-1201105640-1507523380.json, skipping.
WARNING Cannot read input file /home/domizzi/Documents/Muyal-Ilal-ligero/deployer/app//results//MyPuzzle/catalogs/TESTCATALOG/Prueba_FINDRISC/prueba_findrisc_aprevenir_-321744568-1507523380.json, skipping.
WARNING Cannot read input file /home/domizzi/Documents/Muyal-Ilal-ligero/deployer/app//results//MyPuzzle/catalogs/TESTCATALOG/Prueba_FINDRISC/prueba_findrisc_aprevenir_-1956265704-1507523380.json, skipping.
WARNING Cannot read input file /home/domizzi/Documents/Muyal-Ilal-ligero/deployer/app//results//MyPuzzle/catalogs/TESTCATALOG/Prueba_FINDRISC/prueba_findrisc_aprevenir_-1231451750-1507523380.json, skipping.
WARNING Cannot read input file /home/domizzi/Documents/Muyal-Ilal-ligero/deployer/app//results//MyPuzzle/catalogs/TESTCATALOG/Prueba_FINDRISC/prueba_findrisc_aprevenir_-1006295372-1507523380.json, skipping.
WARNING Cannot read input file /home/domizzi/Documents/Muyal-Ilal-ligero/deployer/app//results//MyPuzzle/catalogs/TESTCATALOG/Prueba_FINDRISC/prueba_findrisc_aprevenir_2123467908-1507523380.json, skipping.
WARNING Cannot read input file /home/domizzi/Documents/Muyal-Ilal-ligero/deployer/app//results//MyPuzzle/catalogs/TESTCATALOG/Prueba_FINDRISC/prueba_findrisc_aprevenir_811274023-1507523380.json, skipping.
WARNING Cannot read input file /home/domizzi/Documents/Muyal-Ilal-ligero/deployer/app//results//MyPuzzle/catalogs/TESTCATALOG/Prueba_FINDRISC/prueba_findrisc_aprevenir_1578209575-1507523380.json, skipping.
WARNING Cannot read input file /home/domizzi/Documents/Muyal-Ilal-ligero/deployer/app//results//MyPuzzle/catalogs/TESTCATALOG/Prueba_FINDRISC/prueba_findrisc_aprevenir_-1856225558-1507523380.json, skipping.
WARNING Cannot read input file /home/domizzi/Documents/Muyal-Ilal-ligero/deployer/app//results//MyPuzzle/catalogs/TESTCATALOG/Prueba_FINDRISC/prueba_findrisc_aprevenir_1720620656-1507523380.json, skipping.
WARNING Cannot read input file /home/domizzi/Documents/Muyal-Ilal-ligero/deployer/app//results//MyPuzzle/catalogs/TESTCATALOG/Prueba_FINDRISC/prueba_findrisc_aprevenir_917457947-1507523380.json, skipping.
WARNING Cannot read input file /home/domizzi/Documents/Muyal-Ilal-ligero/deployer/app//results//MyPuzzle/catalogs/TESTCATALOG/Prueba_FINDRISC/prueba_findrisc_aprevenir_1113172312-1507523380.json, skipping.
WARNING Cannot read input file /home/domizzi/Documents/Muyal-Ilal-ligero/deployer/app//results//MyPuzzle/catalogs/TESTCATALOG/Prueba_FINDRISC/prueba_findrisc_aprevenir_-1388272094-1507523380.json, skipping.
WARNING Cannot read input file /home/domizzi/Documents/Muyal-Ilal-ligero/deployer/app//results//MyPuzzle/catalogs/TESTCATALOG/Prueba_FINDRISC/prueba_findrisc_aprevenir_-394309992-1507523380.json, skipping.
WARNING Cannot read input file /home/domizzi/Documents/Muyal-Ilal-ligero/deployer/app//results//MyPuzzle/catalogs/TESTCATALOG/Somatometria_Signos_Vitales/medicion_aprevenir_567725313-1507523380.json, skipping.
WARNING Cannot read input file /home/domizzi/Documents/Muyal-Ilal-ligero/deployer/app//results//MyPuzzle/catalogs/TESTCATALOG/Somatometria_Signos_Vitales/medicion_aprevenir_612024257-1507523380.json, skipping.
WARNING Cannot read input file /home/domizzi/Documents/Muyal-Ilal-ligero/deployer/app//results//MyPuzzle/catalogs/TESTCATALOG/Somatometria_Signos_Vitales/medicion_aprevenir_607955257-1507523380.json, skipping.
WARNING Cannot read input file /home/domizzi/Documents/Muyal-Ilal-ligero/deployer/app//results//MyPuzzle/catalogs/TESTCATALOG/Somatometria_Signos_Vitales/medicion_aprevenir_-750225876-1507523380.json, skipping.
WARNING Cannot read input file /home/domizzi/Documents/Muyal-Ilal-ligero/deployer/app//results//MyPuzzle/catalogs/TESTCATALOG/Somatometria_Signos_Vitales/medicion_aprevenir_-1724872329-1507523380.json, skipping.
WARNING Cannot read input file /home/domizzi/Documents/Muyal-Ilal-ligero/deployer/app//results//MyPuzzle/catalogs/TESTCATALOG/Somatometria_Signos_Vitales/medicion_aprevenir_1665042775-1507523380.json, skipping.
WARNING Cannot read input file /home/domizzi/Documents/Muyal-Ilal-ligero/deployer/app//results//MyPuzzle/catalogs/TESTCATALOG/Somatometria_Signos_Vitales/medicion_aprevenir_-1967085798-1507523380.json, skipping.
WARNING Cannot read input file /home/domizzi/Documents/Muyal-Ilal-ligero/deployer/app//results//MyPuzzle/catalogs/TESTCATALOG/Somatometria_Signos_Vitales/medicion_aprevenir_1110332606-1507523380.json, skipping.
WARNING Cannot read input file /home/domizzi/Documents/Muyal-Ilal-ligero/deployer/app//results//MyPuzzle/catalogs/TESTCATALOG/Somatometria_Signos_Vitales/medicion_aprevenir_401486785-1507523380.json, skipping.
WARNING Cannot read input file /home/domizzi/Documents/Muyal-Ilal-ligero/deployer/app//results//MyPuzzle/catalogs/TESTCATALOG/Somatometria_Signos_Vitales/medicion_aprevenir_1906501847-1507523380.json, skipping.
WARNING Cannot read input file /home/domizzi/Documents/Muyal-Ilal-ligero/deployer/app//results//MyPuzzle/catalogs/TESTCATALOG/Somatometria_Signos_Vitales/medicion_aprevenir_-1554832397-1507523380.json, skipping.
WARNING Cannot read input file /home/domizzi/Documents/Muyal-Ilal-ligero/deployer/app//results//MyPuzzle/catalogs/TESTCATALOG/Somatometria_Signos_Vitales/medicion_aprevenir_-799933548-1507523380.json, skipping.
WARNING Cannot read input file /home/domizzi/Documents/Muyal-Ilal-ligero/deployer/app//results//MyPuzzle/catalogs/TESTCATALOG/Somatometria_Signos_Vitales/medicion_aprevenir_-909322121-1507523380.json, skipping.
WARNING Cannot read input file /home/domizzi/Documents/Muyal-Ilal-ligero/deployer/app//results//MyPuzzle/catalogs/TESTCATALOG/Somatometria_Signos_Vitales/medicion_aprevenir_492461757-1507523380.json, skipping.
WARNING Cannot read input file /home/domizzi/Documents/Muyal-Ilal-ligero/deployer/app//results//MyPuzzle/catalogs/TESTCATALOG/Somatometria_Signos_Vitales/medicion_aprevenir_-1248888161-1507523380.json, skipping.
WARNING Cannot read input file /home/domizzi/Documents/Muyal-Ilal-ligero/deployer/app//results//MyPuzzle/catalogs/TESTCATALOG/Somatometria_Signos_Vitales/medicion_aprevenir_-324743792-1507523380.json, skipping.
WARNING Cannot read input file /home/domizzi/Documents/Muyal-Ilal-ligero/deployer/app//results//MyPuzzle/catalogs/TESTCATALOG/Somatometria_Signos_Vitales/medicion_aprevenir_1982612621-1507523380.json, skipping.
WARNING Cannot read input file /home/domizzi/Documents/Muyal-Ilal-ligero/deployer/app//results//MyPuzzle/catalogs/TESTCATALOG/Somatometria_Signos_Vitales/medicion_aprevenir_99009921-1507523380.json, skipping.
WARNING Cannot read input file /home/domizzi/Documents/Muyal-Ilal-ligero/deployer/app//results//MyPuzzle/catalogs/TESTCATALOG/Somatometria_Signos_Vitales/medicion_aprevenir_-37254536-1507523380.json, skipping.
WARNING Cannot read input file /home/domizzi/Documents/Muyal-Ilal-ligero/deployer/app//results//MyPuzzle/catalogs/TESTCATALOG/Somatometria_Signos_Vitales/medicion_aprevenir_-715070008-1507523380.json, skipping.
WARNING Cannot read input file /home/domizzi/Documents/Muyal-Ilal-ligero/deployer/app//results//MyPuzzle/catalogs/TESTCATALOG/Somatometria_Signos_Vitales/medicion_aprevenir_1093503740-1507523380.json, skipping.
WARNING Cannot read input file /home/domizzi/Documents/Muyal-Ilal-ligero/deployer/app//results//MyPuzzle/catalogs/TESTCATALOG/Somatometria_Signos_Vitales/medicion_aprevenir_896640724-1507523380.json, skipping.
WARNING Cannot read input file /home/domizzi/Documents/Muyal-Ilal-ligero/deployer/app//results//MyPuzzle/catalogs/TESTCATALOG/Somatometria_Signos_Vitales/medicion_aprevenir_1560490886-1507523380.json, skipping.
WARNING Cannot read input file /home/domizzi/Documents/Muyal-Ilal-ligero/deployer/app//results//MyPuzzle/catalogs/TESTCATALOG/Somatometria_Signos_Vitales/medicion_aprevenir_816553560-1507523380.json, skipping.
WARNING Cannot read input file /home/domizzi/Documents/Muyal-Ilal-ligero/deployer/app//results//MyPuzzle/catalogs/TESTCATALOG/Somatometria_Signos_Vitales/medicion_aprevenir_-1074895146-1507523380.json, skipping.
WARNING Cannot read input file /home/domizzi/Documents/Muyal-Ilal-ligero/deployer/app//results//MyPuzzle/catalogs/TESTCATALOG/Somatometria_Signos_Vitales/medicion_aprevenir_1714743273-1507523380.json, skipping.
python3 /code/process_dir.py --input /home/domizzi/Documents/Muyal-Ilal-ligero/deployer/app//results//MyPuzzle/catalogs/TESTCATALOG/Prueba_FINDRISC --outfolder "/home/domizzi/Documents/Muyal-Ilal-ligero/deployer/app//results/MyPuzzle/stage_Anonimizacion/Anonimizacionpattern/Anonimizacion/" --save dicom
docker-compose --log-level ERROR -p /home/domizzi/Documents/Muyal-Ilal-ligero/deployer/app//results/MyPuzzle -f /home/domizzi/Documents/Muyal-Ilal-ligero/deployer/app//results/MyPuzzle/docker-compose.yml  exec -T Anonimizacion sh -c "python3 /code/process_dir.py --input /home/domizzi/Documents/Muyal-Ilal-ligero/deployer/app//results//MyPuzzle/catalogs/TESTCATALOG/Prueba_FINDRISC --outfolder "/home/domizzi/Documents/Muyal-Ilal-ligero/deployer/app//results/MyPuzzle/stage_Anonimizacion/Anonimizacionpattern/Anonimizacion/" --save dicom"
WARNING No specification, loading default base deid.dicom
WARNING No specification, loading default base deid.dicom
WARNING Cannot read input file /home/domizzi/Documents/Muyal-Ilal-ligero/deployer/app//results//MyPuzzle/catalogs/TESTCATALOG/Prueba_FINDRISC/prueba_findrisc_aprevenir_-1716717365-1507523380.json, skipping.
WARNING Cannot read input file /home/domizzi/Documents/Muyal-Ilal-ligero/deployer/app//results//MyPuzzle/catalogs/TESTCATALOG/Prueba_FINDRISC/prueba_findrisc_aprevenir_1884191915-1507523380.json, skipping.
WARNING Cannot read input file /home/domizzi/Documents/Muyal-Ilal-ligero/deployer/app//results//MyPuzzle/catalogs/TESTCATALOG/Prueba_FINDRISC/prueba_findrisc_aprevenir_-1568605943-1507523380.json, skipping.
WARNING Cannot read input file /home/domizzi/Documents/Muyal-Ilal-ligero/deployer/app//results//MyPuzzle/catalogs/TESTCATALOG/Prueba_FINDRISC/prueba_findrisc_aprevenir_-1652169977-1507523380.json, skipping.
WARNING Cannot read input file /home/domizzi/Documents/Muyal-Ilal-ligero/deployer/app//results//MyPuzzle/catalogs/TESTCATALOG/Prueba_FINDRISC/prueba_findrisc_aprevenir_-1294782248-1507523380.json, skipping.
WARNING Cannot read input file /home/domizzi/Documents/Muyal-Ilal-ligero/deployer/app//results//MyPuzzle/catalogs/TESTCATALOG/Prueba_FINDRISC/prueba_findrisc_aprevenir_-1772930693-1507523380.json, skipping.
WARNING Cannot read input file /home/domizzi/Documents/Muyal-Ilal-ligero/deployer/app//results//MyPuzzle/catalogs/TESTCATALOG/Prueba_FINDRISC/prueba_findrisc_aprevenir_-174163047-1507523380.json, skipping.
WARNING Cannot read input file /home/domizzi/Documents/Muyal-Ilal-ligero/deployer/app//results//MyPuzzle/catalogs/TESTCATALOG/Prueba_FINDRISC/prueba_findrisc_aprevenir_1333970158-1507523380.json, skipping.
WARNING Cannot read input file /home/domizzi/Documents/Muyal-Ilal-ligero/deployer/app//results//MyPuzzle/catalogs/TESTCATALOG/Prueba_FINDRISC/prueba_findrisc_aprevenir_1469178095-1507523380.json, skipping.
WARNING Cannot read input file /home/domizzi/Documents/Muyal-Ilal-ligero/deployer/app//results//MyPuzzle/catalogs/TESTCATALOG/Prueba_FINDRISC/prueba_findrisc_aprevenir_230630530-1507523380.json, skipping.
WARNING Cannot read input file /home/domizzi/Documents/Muyal-Ilal-ligero/deployer/app//results//MyPuzzle/catalogs/TESTCATALOG/Prueba_FINDRISC/prueba_findrisc_aprevenir_-1201105640-1507523380.json, skipping.
WARNING Cannot read input file /home/domizzi/Documents/Muyal-Ilal-ligero/deployer/app//results//MyPuzzle/catalogs/TESTCATALOG/Prueba_FINDRISC/prueba_findrisc_aprevenir_-321744568-1507523380.json, skipping.
WARNING Cannot read input file /home/domizzi/Documents/Muyal-Ilal-ligero/deployer/app//results//MyPuzzle/catalogs/TESTCATALOG/Prueba_FINDRISC/prueba_findrisc_aprevenir_-1956265704-1507523380.json, skipping.
WARNING Cannot read input file /home/domizzi/Documents/Muyal-Ilal-ligero/deployer/app//results//MyPuzzle/catalogs/TESTCATALOG/Prueba_FINDRISC/prueba_findrisc_aprevenir_-1231451750-1507523380.json, skipping.
WARNING Cannot read input file /home/domizzi/Documents/Muyal-Ilal-ligero/deployer/app//results//MyPuzzle/catalogs/TESTCATALOG/Prueba_FINDRISC/prueba_findrisc_aprevenir_-1006295372-1507523380.json, skipping.
WARNING Cannot read input file /home/domizzi/Documents/Muyal-Ilal-ligero/deployer/app//results//MyPuzzle/catalogs/TESTCATALOG/Prueba_FINDRISC/prueba_findrisc_aprevenir_2123467908-1507523380.json, skipping.
WARNING Cannot read input file /home/domizzi/Documents/Muyal-Ilal-ligero/deployer/app//results//MyPuzzle/catalogs/TESTCATALOG/Prueba_FINDRISC/prueba_findrisc_aprevenir_811274023-1507523380.json, skipping.
WARNING Cannot read input file /home/domizzi/Documents/Muyal-Ilal-ligero/deployer/app//results//MyPuzzle/catalogs/TESTCATALOG/Prueba_FINDRISC/prueba_findrisc_aprevenir_1578209575-1507523380.json, skipping.
WARNING Cannot read input file /home/domizzi/Documents/Muyal-Ilal-ligero/deployer/app//results//MyPuzzle/catalogs/TESTCATALOG/Prueba_FINDRISC/prueba_findrisc_aprevenir_-1856225558-1507523380.json, skipping.
WARNING Cannot read input file /home/domizzi/Documents/Muyal-Ilal-ligero/deployer/app//results//MyPuzzle/catalogs/TESTCATALOG/Prueba_FINDRISC/prueba_findrisc_aprevenir_1720620656-1507523380.json, skipping.
WARNING Cannot read input file /home/domizzi/Documents/Muyal-Ilal-ligero/deployer/app//results//MyPuzzle/catalogs/TESTCATALOG/Prueba_FINDRISC/prueba_findrisc_aprevenir_917457947-1507523380.json, skipping.
WARNING Cannot read input file /home/domizzi/Documents/Muyal-Ilal-ligero/deployer/app//results//MyPuzzle/catalogs/TESTCATALOG/Prueba_FINDRISC/prueba_findrisc_aprevenir_1113172312-1507523380.json, skipping.
WARNING Cannot read input file /home/domizzi/Documents/Muyal-Ilal-ligero/deployer/app//results//MyPuzzle/catalogs/TESTCATALOG/Prueba_FINDRISC/prueba_findrisc_aprevenir_-1388272094-1507523380.json, skipping.
WARNING Cannot read input file /home/domizzi/Documents/Muyal-Ilal-ligero/deployer/app//results//MyPuzzle/catalogs/TESTCATALOG/Prueba_FINDRISC/prueba_findrisc_aprevenir_-394309992-1507523380.json, skipping.
python3 /code/process_dir.py --input /home/domizzi/Documents/Muyal-Ilal-ligero/deployer/app//results//MyPuzzle/catalogs/TESTCATALOG/espirometrias --outfolder "/home/domizzi/Documents/Muyal-Ilal-ligero/deployer/app//results/MyPuzzle/stage_Anonimizacion/Anonimizacionpattern/Anonimizacion/" --save dicom
docker-compose --log-level ERROR -p /home/domizzi/Documents/Muyal-Ilal-ligero/deployer/app//results/MyPuzzle -f /home/domizzi/Documents/Muyal-Ilal-ligero/deployer/app//results/MyPuzzle/docker-compose.yml  exec -T Anonimizacion sh -c "python3 /code/process_dir.py --input /home/domizzi/Documents/Muyal-Ilal-ligero/deployer/app//results//MyPuzzle/catalogs/TESTCATALOG/espirometrias --outfolder "/home/domizzi/Documents/Muyal-Ilal-ligero/deployer/app//results/MyPuzzle/stage_Anonimizacion/Anonimizacionpattern/Anonimizacion/" --save dicom"
python3 /code/process_dir.py --input /home/domizzi/Documents/Muyal-Ilal-ligero/deployer/app//results//MyPuzzle/catalogs/TESTCATALOG/ecgs --outfolder "/home/domizzi/Documents/Muyal-Ilal-ligero/deployer/app//results/MyPuzzle/stage_Anonimizacion/Anonimizacionpattern/Anonimizacion/" --save dicom
docker-compose --log-level ERROR -p /home/domizzi/Documents/Muyal-Ilal-ligero/deployer/app//results/MyPuzzle -f /home/domizzi/Documents/Muyal-Ilal-ligero/deployer/app//results/MyPuzzle/docker-compose.yml  exec -T Anonimizacion sh -c "python3 /code/process_dir.py --input /home/domizzi/Documents/Muyal-Ilal-ligero/deployer/app//results//MyPuzzle/catalogs/TESTCATALOG/ecgs --outfolder "/home/domizzi/Documents/Muyal-Ilal-ligero/deployer/app//results/MyPuzzle/stage_Anonimizacion/Anonimizacionpattern/Anonimizacion/" --save dicom"
WARNING No specification, loading default base deid.dicom
WARNING Cannot read input file /home/domizzi/Documents/Muyal-Ilal-ligero/deployer/app//results//MyPuzzle/catalogs/TESTCATALOG/espirometrias/225_1b1_Pl_sc_Meditron.wav, skipping.
WARNING Cannot read input file /home/domizzi/Documents/Muyal-Ilal-ligero/deployer/app//results//MyPuzzle/catalogs/TESTCATALOG/espirometrias/223_1b1_Pr_sc_Meditron.wav, skipping.
WARNING Cannot read input file /home/domizzi/Documents/Muyal-Ilal-ligero/deployer/app//results//MyPuzzle/catalogs/TESTCATALOG/espirometrias/224_1b2_Al_sc_Meditron.wav, skipping.
WARNING Cannot read input file /home/domizzi/Documents/Muyal-Ilal-ligero/deployer/app//results//MyPuzzle/catalogs/TESTCATALOG/espirometrias/226_1b1_Al_sc_Meditron.wav, skipping.
WARNING Cannot read input file /home/domizzi/Documents/Muyal-Ilal-ligero/deployer/app//results//MyPuzzle/catalogs/TESTCATALOG/espirometrias/224_1b1_Tc_sc_Meditron.txt, skipping.
WARNING Cannot read input file /home/domizzi/Documents/Muyal-Ilal-ligero/deployer/app//results//MyPuzzle/catalogs/TESTCATALOG/espirometrias/224_1b2_Al_sc_Meditron.txt, skipping.
WARNING Cannot read input file /home/domizzi/Documents/Muyal-Ilal-ligero/deployer/app//results//MyPuzzle/catalogs/TESTCATALOG/espirometrias/226_1b1_Pl_sc_LittC2SE.wav, skipping.
WARNING Cannot read input file /home/domizzi/Documents/Muyal-Ilal-ligero/deployer/app//results//MyPuzzle/catalogs/TESTCATALOG/espirometrias/225_1b1_Pl_sc_Meditron.txt, skipping.
WARNING Cannot read input file /home/domizzi/Documents/Muyal-Ilal-ligero/deployer/app//results//MyPuzzle/catalogs/TESTCATALOG/espirometrias/226_1b1_Ll_sc_Meditron.txt, skipping.
WARNING Cannot read input file /home/domizzi/Documents/Muyal-Ilal-ligero/deployer/app//results//MyPuzzle/catalogs/TESTCATALOG/espirometrias/226_1b1_Al_sc_Meditron.txt, skipping.
WARNING Cannot read input file /home/domizzi/Documents/Muyal-Ilal-ligero/deployer/app//results//MyPuzzle/catalogs/TESTCATALOG/espirometrias/226_1b1_Pl_sc_LittC2SE.txt, skipping.
WARNING Cannot read input file /home/domizzi/Documents/Muyal-Ilal-ligero/deployer/app//results//MyPuzzle/catalogs/TESTCATALOG/espirometrias/218_1b1_Ar_sc_Meditron.wav, skipping.
WARNING Cannot read input file /home/domizzi/Documents/Muyal-Ilal-ligero/deployer/app//results//MyPuzzle/catalogs/TESTCATALOG/espirometrias/226_1b1_Ll_sc_Meditron.wav, skipping.
WARNING Cannot read input file /home/domizzi/Documents/Muyal-Ilal-ligero/deployer/app//results//MyPuzzle/catalogs/TESTCATALOG/espirometrias/224_1b1_Tc_sc_Meditron.wav, skipping.
WARNING Cannot read input file /home/domizzi/Documents/Muyal-Ilal-ligero/deployer/app//results//MyPuzzle/catalogs/TESTCATALOG/espirometrias/218_1b1_Al_sc_Meditron.txt, skipping.
WARNING Cannot read input file /home/domizzi/Documents/Muyal-Ilal-ligero/deployer/app//results//MyPuzzle/catalogs/TESTCATALOG/espirometrias/216_1b1_Al_sc_Meditron.wav, skipping.
WARNING Cannot read input file /home/domizzi/Documents/Muyal-Ilal-ligero/deployer/app//results//MyPuzzle/catalogs/TESTCATALOG/espirometrias/218_1b1_Ar_sc_Meditron.txt, skipping.
WARNING Cannot read input file /home/domizzi/Documents/Muyal-Ilal-ligero/deployer/app//results//MyPuzzle/catalogs/TESTCATALOG/espirometrias/217_1b1_Tc_sc_Meditron.wav, skipping.
WARNING Cannot read input file /home/domizzi/Documents/Muyal-Ilal-ligero/deployer/app//results//MyPuzzle/catalogs/TESTCATALOG/espirometrias/216_1b1_Pl_sc_Meditron.wav, skipping.
WARNING Cannot read input file /home/domizzi/Documents/Muyal-Ilal-ligero/deployer/app//results//MyPuzzle/catalogs/TESTCATALOG/espirometrias/216_1b1_Pl_sc_Meditron.txt, skipping.
WARNING Cannot read input file /home/domizzi/Documents/Muyal-Ilal-ligero/deployer/app//results//MyPuzzle/catalogs/TESTCATALOG/espirometrias/218_1b1_Al_sc_Meditron.wav, skipping.
WARNING Cannot read input file /home/domizzi/Documents/Muyal-Ilal-ligero/deployer/app//results//MyPuzzle/catalogs/TESTCATALOG/espirometrias/217_1b1_Tc_sc_Meditron.txt, skipping.
WARNING Cannot read input file /home/domizzi/Documents/Muyal-Ilal-ligero/deployer/app//results//MyPuzzle/catalogs/TESTCATALOG/espirometrias/216_1b1_Al_sc_Meditron.txt, skipping.
WARNING No specification, loading default base deid.dicom
WARNING Cannot read input file /home/domizzi/Documents/Muyal-Ilal-ligero/deployer/app//results//MyPuzzle/catalogs/TESTCATALOG/ecgs/sensor1.txt, skipping.
WARNING Cannot read input file /home/domizzi/Documents/Muyal-Ilal-ligero/deployer/app//results//MyPuzzle/catalogs/TESTCATALOG/ecgs/sensor0.txt, skipping.
2023-02-14 00:36:36	Anonimizacion: processed 12288 bytes in ST=0.000000 RT = 3097 miliseconds
2023-02-14 00:36:36	Anonimizacion: processed 12288 bytes in ST=0.000000 RT = 3131 miliseconds
2023-02-14 00:36:36	Anonimizacionpattern: pattern executed in ST = 3701 miliseconds
{ "catalogname": " TESTCATALOG/MyPuzzle-1676334993024/stage_Anonimizacion-1676334996760 ", "dispersemode": "IDA", "encryption":"true", "fathers_token":"56b5e6b82a79b8a0a672c16da81eb3f1e048ba1c9fc99c73b7de82a0dc24fe87", "processed": "true" }
192.168.0.62:20500//pub_sub/v1/catalogs/create?access_token=51e74d96c067eb841f91958e0405f70546bff5c61011d6ffbc2ae7d5c4bba77a
java -jar Upload.jar 3fb2b0aa44c05fa0c68f29088ff7de1bd0b2c2587374712e0c2bd3f18d4d4e68 fc1d04879b21feb34c75cf61ca975f18ea3e508e 088f3580a5886acdcb51f6d6773e1697c11fb1ee6c97d63f4243626bed4595bc IDA bob 2 '/home/domizzi/Documents/Muyal-Ilal-ligero/deployer/app//results/MyPuzzle/stage_Anonimizacion' cinves true 51e74d96c067eb841f91958e0405f70546bff5c61011d6ffbc2ae7d5c4bba77a true true 4
java -jar Upload.jar 3fb2b0aa44c05fa0c68f29088ff7de1bd0b2c2587374712e0c2bd3f18d4d4e68 fc1d04879b21feb34c75cf61ca975f18ea3e508e 088f3580a5886acdcb51f6d6773e1697c11fb1ee6c97d63f4243626bed4595bc IDA bob 2 '/home/domizzi/Documents/Muyal-Ilal-ligero/deployer/app//results/MyPuzzle/stage_Anonimizacion' cinves true 51e74d96c067eb841f91958e0405f70546bff5c61011d6ffbc2ae7d5c4bba77a true true 4
2023-02-14 00:36:37	stage_Anonimizacion: data satage upload in ST = 343 miliseconds
2023-02-14 00:36:37	stage_Anonimizacion: stage executed in ST = 4045 miliseconds
2023-02-14 00:36:37	stage_ToRGB: WORKING
2023-02-14 00:36:37	stage_ToRGB: has 1 sources
2023-02-14 00:36:37	ToRGBpattern: waiting
2023-02-14 00:36:37	ToRGBpattern: running
2023-02-14 00:36:37	ToRGBpattern: executing load balancer
docker-compose --log-level ERROR -p /home/domizzi/Documents/Muyal-Ilal-ligero/deployer/app//results/MyPuzzle -f /home/domizzi/Documents/Muyal-Ilal-ligero/deployer/app//results/MyPuzzle/docker-compose.yml  exec -T lbToRGBpattern  sh -c "./main 2 DL /home/domizzi/Documents/Muyal-Ilal-ligero/deployer/app//results/MyPuzzle//stage_Anonimizacion/Anonimizacionpattern/Anonimizacion "
docker-compose --log-level ERROR -p /home/domizzi/Documents/Muyal-Ilal-ligero/deployer/app//results/MyPuzzle -f /home/domizzi/Documents/Muyal-Ilal-ligero/deployer/app//results/MyPuzzle/docker-compose.yml  exec -T lbToRGBpattern  sh -c "./main 2 DL /home/domizzi/Documents/Muyal-Ilal-ligero/deployer/app//results/MyPuzzle//stage_Anonimizacion/Anonimizacionpattern/Anonimizacion "
{"result": [[],["/home/domizzi/Documents/Muyal-Ilal-ligero/deployer/app//results/MyPuzzle//stage_Anonimizacion/Anonimizacionpattern/Anonimizacion/P1"]]}
2023-02-14 00:36:37	ToRGBpattern: load balancer executed in RT = 625 miliseconds
2023-02-14 00:36:37	ToRGB: waiting
2023-02-14 00:36:37	ToRGB: waiting
2023-02-14 00:36:37	ToRGB: running
2023-02-14 00:36:37	ToRGB: running
2023-02-14 00:36:37	ToRGB: processed 0 bytes in ST=0.000000 RT = 0 miliseconds
python3 /code/dicom2rgb.py /home/domizzi/Documents/Muyal-Ilal-ligero/deployer/app//results/MyPuzzle//stage_Anonimizacion/Anonimizacionpattern/Anonimizacion/P1 /home/domizzi/Documents/Muyal-Ilal-ligero/deployer/app//results/MyPuzzle/stage_ToRGB/ToRGBpattern/ToRGB//P1
docker-compose --log-level ERROR -p /home/domizzi/Documents/Muyal-Ilal-ligero/deployer/app//results/MyPuzzle -f /home/domizzi/Documents/Muyal-Ilal-ligero/deployer/app//results/MyPuzzle/docker-compose.yml  exec -T ToRGB sh -c "python3 /code/dicom2rgb.py /home/domizzi/Documents/Muyal-Ilal-ligero/deployer/app//results/MyPuzzle//stage_Anonimizacion/Anonimizacionpattern/Anonimizacion/P1 /home/domizzi/Documents/Muyal-Ilal-ligero/deployer/app//results/MyPuzzle/stage_ToRGB/ToRGBpattern/ToRGB//P1"
2023-02-14 00:36:40	ToRGB: processed 4096 bytes in ST=0.000000 RT = 3024 miliseconds
2023-02-14 00:36:40	ToRGBpattern: pattern executed in ST = 3650 miliseconds
{ "catalogname": " TESTCATALOG/MyPuzzle-1676334993024/stage_ToRGB-1676335000755 ", "dispersemode": "IDA", "encryption":"true", "fathers_token":"56b5e6b82a79b8a0a672c16da81eb3f1e048ba1c9fc99c73b7de82a0dc24fe87", "processed": "true" }
192.168.0.62:20500//pub_sub/v1/catalogs/create?access_token=51e74d96c067eb841f91958e0405f70546bff5c61011d6ffbc2ae7d5c4bba77a
java -jar Upload.jar 3fb2b0aa44c05fa0c68f29088ff7de1bd0b2c2587374712e0c2bd3f18d4d4e68 fc1d04879b21feb34c75cf61ca975f18ea3e508e 2b0c8979e892dcc32cca85aa5036c1faa50b2b9a9f87662a28f45cf690047477 IDA bob 2 '/home/domizzi/Documents/Muyal-Ilal-ligero/deployer/app//results/MyPuzzle/stage_ToRGB' cinves true 51e74d96c067eb841f91958e0405f70546bff5c61011d6ffbc2ae7d5c4bba77a true true 4
java -jar Upload.jar 3fb2b0aa44c05fa0c68f29088ff7de1bd0b2c2587374712e0c2bd3f18d4d4e68 fc1d04879b21feb34c75cf61ca975f18ea3e508e 2b0c8979e892dcc32cca85aa5036c1faa50b2b9a9f87662a28f45cf690047477 IDA bob 2 '/home/domizzi/Documents/Muyal-Ilal-ligero/deployer/app//results/MyPuzzle/stage_ToRGB' cinves true 51e74d96c067eb841f91958e0405f70546bff5c61011d6ffbc2ae7d5c4bba77a true true 4
2023-02-14 00:36:47	stage_ToRGB: data satage upload in ST = 6294 miliseconds
2023-02-14 00:36:47	stage_ToRGB: stage executed in ST = 9944 miliseconds
2023-02-14 00:36:47	stage_DetectorPulmon: WORKING
2023-02-14 00:36:47	stage_DetectorPulmon: has 1 sources
2023-02-14 00:36:47	DetectorPulmonpattern: waiting
2023-02-14 00:36:47	DetectorPulmonpattern: running
2023-02-14 00:36:47	DetectorPulmonpattern: executing load balancer
docker-compose --log-level ERROR -p /home/domizzi/Documents/Muyal-Ilal-ligero/deployer/app//results/MyPuzzle -f /home/domizzi/Documents/Muyal-Ilal-ligero/deployer/app//results/MyPuzzle/docker-compose.yml  exec -T lbDetectorPulmonpattern  sh -c "./main 2 DL /home/domizzi/Documents/Muyal-Ilal-ligero/deployer/app//results/MyPuzzle//stage_ToRGB/ToRGBpattern/ToRGB "
docker-compose --log-level ERROR -p /home/domizzi/Documents/Muyal-Ilal-ligero/deployer/app//results/MyPuzzle -f /home/domizzi/Documents/Muyal-Ilal-ligero/deployer/app//results/MyPuzzle/docker-compose.yml  exec -T lbDetectorPulmonpattern  sh -c "./main 2 DL /home/domizzi/Documents/Muyal-Ilal-ligero/deployer/app//results/MyPuzzle//stage_ToRGB/ToRGBpattern/ToRGB "
{"result": [[],["/home/domizzi/Documents/Muyal-Ilal-ligero/deployer/app//results/MyPuzzle//stage_ToRGB/ToRGBpattern/ToRGB/P1"]]}
2023-02-14 00:36:47	DetectorPulmonpattern: load balancer executed in RT = 602 miliseconds
2023-02-14 00:36:47	DetectorPulmon: waiting
2023-02-14 00:36:47	DetectorPulmon: running
2023-02-14 00:36:47	DetectorPulmon: waiting
2023-02-14 00:36:47	DetectorPulmon: processed 0 bytes in ST=0.000000 RT = 0 miliseconds
2023-02-14 00:36:47	DetectorPulmon: running
python3 /code/detectorPulmones.py /home/domizzi/Documents/Muyal-Ilal-ligero/deployer/app//results/MyPuzzle//stage_ToRGB/ToRGBpattern/ToRGB/P1 /home/domizzi/Documents/Muyal-Ilal-ligero/deployer/app//results/MyPuzzle/stage_DetectorPulmon/DetectorPulmonpattern/DetectorPulmon//P1
docker-compose --log-level ERROR -p /home/domizzi/Documents/Muyal-Ilal-ligero/deployer/app//results/MyPuzzle -f /home/domizzi/Documents/Muyal-Ilal-ligero/deployer/app//results/MyPuzzle/docker-compose.yml  exec -T DetectorPulmon sh -c "python3 /code/detectorPulmones.py /home/domizzi/Documents/Muyal-Ilal-ligero/deployer/app//results/MyPuzzle//stage_ToRGB/ToRGBpattern/ToRGB/P1 /home/domizzi/Documents/Muyal-Ilal-ligero/deployer/app//results/MyPuzzle/stage_DetectorPulmon/DetectorPulmonpattern/DetectorPulmon//P1"
2023-02-14 00:36:48.542556: W tensorflow/stream_executor/platform/default/dso_loader.cc:64] Could not load dynamic library 'libcudart.so.11.0'; dlerror: libcudart.so.11.0: cannot open shared object file: No such file or directory
2023-02-14 00:36:48.542583: I tensorflow/stream_executor/cuda/cudart_stub.cc:29] Ignore above cudart dlerror if you do not have a GPU set up on your machine.
2023-02-14 00:36:49.681576: I tensorflow/core/platform/cpu_feature_guard.cc:142] This TensorFlow binary is optimized with oneAPI Deep Neural Network Library (oneDNN) to use the following CPU instructions in performance-critical operations:  AVX2 FMA
To enable them in other operations, rebuild TensorFlow with the appropriate compiler flags.
2023-02-14 00:36:49.682631: W tensorflow/stream_executor/platform/default/dso_loader.cc:64] Could not load dynamic library 'libcuda.so.1'; dlerror: libcuda.so.1: cannot open shared object file: No such file or directory
2023-02-14 00:36:49.682657: W tensorflow/stream_executor/cuda/cuda_driver.cc:326] failed call to cuInit: UNKNOWN ERROR (303)
2023-02-14 00:36:49.682677: I tensorflow/stream_executor/cuda/cuda_diagnostics.cc:156] kernel driver does not appear to be running on this host (6e88f5317169): /proc/driver/nvidia/version does not exist
2023-02-14 00:36:51.809536: W tensorflow/core/framework/cpu_allocator_impl.cc:80] Allocation of 963379200 exceeds 10% of free system memory.
2023-02-14 00:36:51.884271: W tensorflow/core/framework/cpu_allocator_impl.cc:80] Allocation of 963379200 exceeds 10% of free system memory.
WARNING:tensorflow:From /code/models/research/object_detection/utils/model_util.py:57: Tensor.experimental_ref (from tensorflow.python.framework.ops) is deprecated and will be removed in a future version.
Instructions for updating:
Use ref() instead.
2023-02-14 00:36:53.354563: W tensorflow/core/framework/cpu_allocator_impl.cc:80] Allocation of 963379200 exceeds 10% of free system memory.
2023-02-14 00:36:53.433239: W tensorflow/core/framework/cpu_allocator_impl.cc:80] Allocation of 963379200 exceeds 10% of free system memory.
2023-02-14 00:36:54.835424: W tensorflow/core/framework/cpu_allocator_impl.cc:80] Allocation of 963379200 exceeds 10% of free system memory.
/code/detectorPulmones.py:240: RuntimeWarning: More than 20 figures have been opened. Figures created through the pyplot interface (`matplotlib.pyplot.figure`) are retained until explicitly closed and may consume too much memory. (To control this warning, see the rcParam `figure.max_open_warning`).
  plt.figure(figsize=(15,10))
2023-02-14 00:37:24	DetectorPulmon: processed 4096 bytes in ST=0.000000 RT = 36748 miliseconds
2023-02-14 00:37:24	DetectorPulmonpattern: pattern executed in ST = 37352 miliseconds
{ "catalogname": " TESTCATALOG/MyPuzzle-1676334993024/stage_DetectorPulmon-1676335044402 ", "dispersemode": "IDA", "encryption":"true", "fathers_token":"56b5e6b82a79b8a0a672c16da81eb3f1e048ba1c9fc99c73b7de82a0dc24fe87", "processed": "true" }
192.168.0.62:20500//pub_sub/v1/catalogs/create?access_token=51e74d96c067eb841f91958e0405f70546bff5c61011d6ffbc2ae7d5c4bba77a
java -jar Upload.jar 3fb2b0aa44c05fa0c68f29088ff7de1bd0b2c2587374712e0c2bd3f18d4d4e68 fc1d04879b21feb34c75cf61ca975f18ea3e508e 08c9b031f3d8c6b9050ba921b1e2e295c9bda122f6db1951c80385a49a8141d4 IDA bob 2 '/home/domizzi/Documents/Muyal-Ilal-ligero/deployer/app//results/MyPuzzle/stage_DetectorPulmon' cinves true 51e74d96c067eb841f91958e0405f70546bff5c61011d6ffbc2ae7d5c4bba77a true true 4
java -jar Upload.jar 3fb2b0aa44c05fa0c68f29088ff7de1bd0b2c2587374712e0c2bd3f18d4d4e68 fc1d04879b21feb34c75cf61ca975f18ea3e508e 08c9b031f3d8c6b9050ba921b1e2e295c9bda122f6db1951c80385a49a8141d4 IDA bob 2 '/home/domizzi/Documents/Muyal-Ilal-ligero/deployer/app//results/MyPuzzle/stage_DetectorPulmon' cinves true 51e74d96c067eb841f91958e0405f70546bff5c61011d6ffbc2ae7d5c4bba77a true true 4
2023-02-14 00:37:24	stage_DetectorPulmon: data satage upload in ST = 382 miliseconds
2023-02-14 00:37:24	stage_DetectorPulmon: stage executed in ST = 37735 miliseconds
