2022-08-19 13:21:03	PARSER: Configured single Deidentification
2022-08-19 13:21:03	PARSER: Configured single ToPNG
2022-08-19 13:21:03	PARSER: Configured single DetectorPulmon
2022-08-19 13:21:03	PARSER: Configured pattern Deidentificationpattern
2022-08-19 13:21:03	PARSER: Configured pattern ToPNGpattern
2022-08-19 13:21:03	PARSER: Configured pattern DetectorPulmonpattern
2022-08-19 13:21:03	PARSER: Configured stage stage_Deidentification
2022-08-19 13:21:03	PARSER: Configured stage stage_ToPNG
2022-08-19 13:21:03	PARSER: Configured stage stage_DetectorPulmon
2022-08-19 13:21:03	PARSER: Configured workflow ProcesamientoPulmon
2022-08-19 13:21:03	LAUCHER: Coupling stages and building blocks
2022-08-19 13:21:03	ProcesamientoPulmon: Workdir ProcesamientoPulmon
2022-08-19 13:21:03	ProcesamientoPulmon: Workdir exists
2022-08-19 13:21:03	ProcesamientoPulmon: Stage stage_Deidentification added
2022-08-19 13:21:03	stage_Deidentification: Workdir stage_Deidentification
2022-08-19 13:21:03	stage_Deidentification: Workdir exists
2022-08-19 13:21:03	stage_Deidentification: Added sink stage_ToPNG
2022-08-19 13:21:03	stage_Deidentification: Added building block Deidentificationpattern
2022-08-19 13:21:03	Deidentificationpattern: Workdir Deidentificationpattern
2022-08-19 13:21:03	Deidentificationpattern: Workdir exists
2022-08-19 13:21:03	Deidentification: Workdir Deidentification
2022-08-19 13:21:03	Deidentification: Workdir exists
2022-08-19 13:21:03	ProcesamientoPulmon: Stage stage_ToPNG added
2022-08-19 13:21:03	stage_ToPNG: Workdir stage_ToPNG
2022-08-19 13:21:03	stage_ToPNG: Workdir exists
2022-08-19 13:21:03	stage_ToPNG: Added source stage_Deidentification
2022-08-19 13:21:03	stage_ToPNG: Added sink stage_DetectorPulmon
2022-08-19 13:21:03	stage_ToPNG: Added building block ToPNGpattern
2022-08-19 13:21:03	ToPNGpattern: Workdir ToPNGpattern
2022-08-19 13:21:03	ToPNGpattern: Workdir exists
2022-08-19 13:21:03	ToPNG: Workdir ToPNG
2022-08-19 13:21:03	ToPNG: Workdir exists
2022-08-19 13:21:03	ProcesamientoPulmon: Stage stage_DetectorPulmon added
2022-08-19 13:21:03	stage_DetectorPulmon: Workdir stage_DetectorPulmon
2022-08-19 13:21:03	stage_DetectorPulmon: Workdir exists
2022-08-19 13:21:03	stage_DetectorPulmon: Added source stage_ToPNG
2022-08-19 13:21:03	stage_DetectorPulmon: Added building block DetectorPulmonpattern
2022-08-19 13:21:03	DetectorPulmonpattern: Workdir DetectorPulmonpattern
2022-08-19 13:21:03	DetectorPulmonpattern: Workdir exists
2022-08-19 13:21:03	DetectorPulmon: Workdir DetectorPulmon
2022-08-19 13:21:03	DetectorPulmon: Workdir exists
2022-08-19 13:21:03	LAUNCHER: Creating YML file at ProcesamientoPulmon/docker-compose.yml
DetectorPulmon
ToPNG
Deidentification
2022-08-19 13:21:03	LAUCHER: deploying virtual containers of workflow ProcesamientoPulmon
java -jar Download.jar 276f6c4fd4bbb53e1e3a2b0a9078185206225d7e2381e70fbc59ae02daef445f 515bb9a6f4f8f858f7e1dd3469b93461201ad4a1 1b0063418c5902e5a4eb850df0b62b1f9c575834bbcc2edfdd81573bdbca4d7f 2 1 cinves '/home/domizzi/Documents/PRONACES/puzzle/deployer/app//results/ProcesamientoPulmon/catalogs/OtroCat' 69a3dfaf1007f5a923149e389aa01288cc065a9e82cd86b381e652b1b6108e78 true false 1
2022-08-19 13:21:05	ProcesamientoPulmon: executing 
{ "catalogname": " OtroCat/ProcesamientoPulmon-1660915265233 ", "dispersemode": "IDA", "encryption":"true", "fathers_token":"1b0063418c5902e5a4eb850df0b62b1f9c575834bbcc2edfdd81573bdbca4d7f", "processed": "true" }
192.168.125.1:20500//pub_sub/v1/catalogs/create?access_token=69a3dfaf1007f5a923149e389aa01288cc065a9e82cd86b381e652b1b6108e78
2022-08-19 13:21:05	stage_DetectorPulmon: waiting
2022-08-19 13:21:05	stage_Deidentification: waiting
2022-08-19 13:21:05	stage_Deidentification: WORKING
2022-08-19 13:21:05	stage_ToPNG: waiting
2022-08-19 13:21:05	stage_Deidentification: has 1 sources
2022-08-19 13:21:05	Deidentificationpattern: waiting
2022-08-19 13:21:05	Deidentificationpattern: running
2022-08-19 13:21:05	Deidentificationpattern: executing load balancer
2022-08-19 13:21:05	Deidentificationpattern: load balancer executed in RT = 648 miliseconds
2022-08-19 13:21:05	Deidentification: waiting
2022-08-19 13:21:05	Deidentification: waiting
2022-08-19 13:21:05	Deidentification: running
2022-08-19 13:21:05	Deidentification: running
python3 /code/process_dir.py --input /home/domizzi/Documents/PRONACES/puzzle/deployer/app//results//ProcesamientoPulmon/catalogs/OtroCat/CT1 --outfolder '/home/domizzi/Documents/PRONACES/puzzle/deployer/app//results/ProcesamientoPulmon/stage_Deidentification/Deidentificationpattern/Deidentification/' --save dicom
python3 /code/process_dir.py --input /home/domizzi/Documents/PRONACES/puzzle/deployer/app//results//ProcesamientoPulmon/catalogs/OtroCat/lala --outfolder '/home/domizzi/Documents/PRONACES/puzzle/deployer/app//results/ProcesamientoPulmon/stage_Deidentification/Deidentificationpattern/Deidentification/' --save dicom
WARNING No specification, loading default base deid.dicom
WARNING use detect() --> clean() before saving is possible.
WARNING use detect() --> clean() before saving is possible.
WARNING No specification, loading default base deid.dicom
2022-08-19 13:21:07	Deidentification: processed 4096 bytes in ST=0.000000 RT = 1126 miliseconds
2022-08-19 13:21:07	Deidentification: processed 4096 bytes in ST=0.000000 RT = 1397 miliseconds
2022-08-19 13:21:07	Deidentificationpattern: pattern executed in ST = 2046 miliseconds
{ "catalogname": " OtroCat/ProcesamientoPulmon-1660915265233/stage_Deidentification-1660915267324 ", "dispersemode": "IDA", "encryption":"true", "fathers_token":"7d0ab1b63ce99e33e0168ca95652547649bfe1ef2770185fd0025f99c2542c28", "processed": "true" }
192.168.125.1:20500//pub_sub/v1/catalogs/create?access_token=69a3dfaf1007f5a923149e389aa01288cc065a9e82cd86b381e652b1b6108e78
java -jar Upload.jar 276f6c4fd4bbb53e1e3a2b0a9078185206225d7e2381e70fbc59ae02daef445f 515bb9a6f4f8f858f7e1dd3469b93461201ad4a1 5f5f3befb32ea4855a71b6348f239cc7bc91824c94e49187a4ceb60bca241aff IDA bob 2 '/home/domizzi/Documents/PRONACES/puzzle/deployer/app//results/ProcesamientoPulmon/stage_Deidentification' cinves true 69a3dfaf1007f5a923149e389aa01288cc065a9e82cd86b381e652b1b6108e78 true true 4
2022-08-19 13:21:16	stage_Deidentification: data satage upload in ST = 9057 miliseconds
2022-08-19 13:21:16	stage_Deidentification: stage executed in ST = 11104 miliseconds
2022-08-19 13:21:16	stage_ToPNG: WORKING
2022-08-19 13:21:16	stage_ToPNG: has 1 sources
2022-08-19 13:21:16	ToPNGpattern: waiting
2022-08-19 13:21:16	ToPNGpattern: running
2022-08-19 13:21:16	ToPNGpattern: executing load balancer
2022-08-19 13:21:16	ToPNGpattern: load balancer executed in RT = 617 miliseconds
2022-08-19 13:21:16	ToPNG: waiting
2022-08-19 13:21:17	ToPNG: waiting
2022-08-19 13:21:17	ToPNG: running
2022-08-19 13:21:17	ToPNG: running
python3 /code/dicom2rgb.py /home/domizzi/Documents/PRONACES/puzzle/deployer/app//results/ProcesamientoPulmon//stage_Deidentification/Deidentificationpattern/Deidentification/lala /home/domizzi/Documents/PRONACES/puzzle/deployer/app//results/ProcesamientoPulmon/stage_ToPNG/ToPNGpattern/ToPNG//lala
python3 /code/dicom2rgb.py /home/domizzi/Documents/PRONACES/puzzle/deployer/app//results/ProcesamientoPulmon//stage_Deidentification/Deidentificationpattern/Deidentification/CT1 /home/domizzi/Documents/PRONACES/puzzle/deployer/app//results/ProcesamientoPulmon/stage_ToPNG/ToPNGpattern/ToPNG//CT1
/usr/local/lib/python3.7/site-packages/pydicom/filereader.py:353: UserWarning: Expected explicit VR, but found implicit VR - using implicit VR for reading
  warnings.warn(msg + f" - using {found_vr} VR for reading", UserWarning)
2022-08-19 13:21:18	ToPNG: processed 4096 bytes in ST=0.000000 RT = 1886 miliseconds
2022-08-19 13:21:20	ToPNG: processed 4096 bytes in ST=0.000000 RT = 3497 miliseconds
2022-08-19 13:21:20	ToPNGpattern: pattern executed in ST = 4116 miliseconds
{ "catalogname": " OtroCat/ProcesamientoPulmon-1660915265233/stage_ToPNG-1660915280499 ", "dispersemode": "IDA", "encryption":"true", "fathers_token":"7d0ab1b63ce99e33e0168ca95652547649bfe1ef2770185fd0025f99c2542c28", "processed": "true" }
192.168.125.1:20500//pub_sub/v1/catalogs/create?access_token=69a3dfaf1007f5a923149e389aa01288cc065a9e82cd86b381e652b1b6108e78
java -jar Upload.jar 276f6c4fd4bbb53e1e3a2b0a9078185206225d7e2381e70fbc59ae02daef445f 515bb9a6f4f8f858f7e1dd3469b93461201ad4a1 e846db14ef4de577211c8f98e0705b79449b64bbd0ade99434a03c69f9201008 IDA bob 2 '/home/domizzi/Documents/PRONACES/puzzle/deployer/app//results/ProcesamientoPulmon/stage_ToPNG' cinves true 69a3dfaf1007f5a923149e389aa01288cc065a9e82cd86b381e652b1b6108e78 true true 4
2022-08-19 13:21:29	stage_ToPNG: data satage upload in ST = 9015 miliseconds
2022-08-19 13:21:29	stage_ToPNG: stage executed in ST = 13132 miliseconds
2022-08-19 13:21:29	stage_DetectorPulmon: WORKING
2022-08-19 13:21:29	stage_DetectorPulmon: has 1 sources
2022-08-19 13:21:29	DetectorPulmonpattern: waiting
2022-08-19 13:21:29	DetectorPulmonpattern: running
2022-08-19 13:21:29	DetectorPulmonpattern: executing load balancer
2022-08-19 13:21:30	DetectorPulmonpattern: load balancer executed in RT = 622 miliseconds
2022-08-19 13:21:30	DetectorPulmon: waiting
2022-08-19 13:21:30	DetectorPulmon: waiting
2022-08-19 13:21:30	DetectorPulmon: running
2022-08-19 13:21:30	DetectorPulmon: running
python3 /code/detectorPulmones.py /home/domizzi/Documents/PRONACES/puzzle/deployer/app//results/ProcesamientoPulmon//stage_ToPNG/ToPNGpattern/ToPNG/lala /home/domizzi/Documents/PRONACES/puzzle/deployer/app//results/ProcesamientoPulmon/stage_DetectorPulmon/DetectorPulmonpattern/DetectorPulmon//lala
python3 /code/detectorPulmones.py /home/domizzi/Documents/PRONACES/puzzle/deployer/app//results/ProcesamientoPulmon//stage_ToPNG/ToPNGpattern/ToPNG/CT1 /home/domizzi/Documents/PRONACES/puzzle/deployer/app//results/ProcesamientoPulmon/stage_DetectorPulmon/DetectorPulmonpattern/DetectorPulmon//CT1
2022-08-19 13:21:30.955213: W tensorflow/stream_executor/platform/default/dso_loader.cc:64] Could not load dynamic library 'libcudart.so.11.0'; dlerror: libcudart.so.11.0: cannot open shared object file: No such file or directory
2022-08-19 13:21:30.955251: I tensorflow/stream_executor/cuda/cudart_stub.cc:29] Ignore above cudart dlerror if you do not have a GPU set up on your machine.
2022-08-19 13:21:31.058021: W tensorflow/stream_executor/platform/default/dso_loader.cc:64] Could not load dynamic library 'libcudart.so.11.0'; dlerror: libcudart.so.11.0: cannot open shared object file: No such file or directory
2022-08-19 13:21:31.058051: I tensorflow/stream_executor/cuda/cudart_stub.cc:29] Ignore above cudart dlerror if you do not have a GPU set up on your machine.
2022-08-19 13:21:32.087975: I tensorflow/core/platform/cpu_feature_guard.cc:142] This TensorFlow binary is optimized with oneAPI Deep Neural Network Library (oneDNN) to use the following CPU instructions in performance-critical operations:  AVX2 FMA
To enable them in other operations, rebuild TensorFlow with the appropriate compiler flags.
2022-08-19 13:21:32.088744: W tensorflow/stream_executor/platform/default/dso_loader.cc:64] Could not load dynamic library 'libcuda.so.1'; dlerror: libcuda.so.1: cannot open shared object file: No such file or directory
2022-08-19 13:21:32.088814: W tensorflow/stream_executor/cuda/cuda_driver.cc:326] failed call to cuInit: UNKNOWN ERROR (303)
2022-08-19 13:21:32.088870: I tensorflow/stream_executor/cuda/cuda_diagnostics.cc:163] no NVIDIA GPU device is present: /dev/nvidia0 does not exist
2022-08-19 13:21:32.184430: I tensorflow/core/platform/cpu_feature_guard.cc:142] This TensorFlow binary is optimized with oneAPI Deep Neural Network Library (oneDNN) to use the following CPU instructions in performance-critical operations:  AVX2 FMA
To enable them in other operations, rebuild TensorFlow with the appropriate compiler flags.
2022-08-19 13:21:32.185383: W tensorflow/stream_executor/platform/default/dso_loader.cc:64] Could not load dynamic library 'libcuda.so.1'; dlerror: libcuda.so.1: cannot open shared object file: No such file or directory
2022-08-19 13:21:32.185405: W tensorflow/stream_executor/cuda/cuda_driver.cc:326] failed call to cuInit: UNKNOWN ERROR (303)
2022-08-19 13:21:32.185423: I tensorflow/stream_executor/cuda/cuda_diagnostics.cc:163] no NVIDIA GPU device is present: /dev/nvidia0 does not exist
2022-08-19 13:21:34.409923: W tensorflow/core/framework/cpu_allocator_impl.cc:80] Allocation of 963379200 exceeds 10% of free system memory.
2022-08-19 13:21:34.494868: W tensorflow/core/framework/cpu_allocator_impl.cc:80] Allocation of 963379200 exceeds 10% of free system memory.
2022-08-19 13:21:34.726296: W tensorflow/core/framework/cpu_allocator_impl.cc:80] Allocation of 963379200 exceeds 10% of free system memory.
2022-08-19 13:21:34.811683: W tensorflow/core/framework/cpu_allocator_impl.cc:80] Allocation of 963379200 exceeds 10% of free system memory.
WARNING:tensorflow:From /code/models/research/object_detection/utils/model_util.py:57: Tensor.experimental_ref (from tensorflow.python.framework.ops) is deprecated and will be removed in a future version.
Instructions for updating:
Use ref() instead.
WARNING:tensorflow:From /code/models/research/object_detection/utils/model_util.py:57: Tensor.experimental_ref (from tensorflow.python.framework.ops) is deprecated and will be removed in a future version.
Instructions for updating:
Use ref() instead.
2022-08-19 13:21:36.900167: W tensorflow/core/framework/cpu_allocator_impl.cc:80] Allocation of 963379200 exceeds 10% of free system memory.
2022-08-19 13:21:36.950012: W tensorflow/core/framework/cpu_allocator_impl.cc:80] Allocation of 963379200 exceeds 10% of free system memory.
2022-08-19 13:21:37.018917: W tensorflow/core/framework/cpu_allocator_impl.cc:80] Allocation of 963379200 exceeds 10% of free system memory.
2022-08-19 13:21:37.141778: W tensorflow/core/framework/cpu_allocator_impl.cc:80] Allocation of 963379200 exceeds 10% of free system memory.
2022-08-19 13:21:38.962774: W tensorflow/core/framework/cpu_allocator_impl.cc:80] Allocation of 963379200 exceeds 10% of free system memory.
/code/detectorPulmones.py:240: RuntimeWarning: More than 20 figures have been opened. Figures created through the pyplot interface (`matplotlib.pyplot.figure`) are retained until explicitly closed and may consume too much memory. (To control this warning, see the rcParam `figure.max_open_warning`).
  plt.figure(figsize=(15,10))
2022-08-19 13:21:39	DetectorPulmon: processed 4096 bytes in ST=0.000000 RT = 9602 miliseconds
2022-08-19 13:22:11	DetectorPulmon: processed 4096 bytes in ST=0.000000 RT = 41144 miliseconds
2022-08-19 13:22:11	DetectorPulmonpattern: pattern executed in ST = 41767 miliseconds
{ "catalogname": " OtroCat/ProcesamientoPulmon-1660915265233/stage_DetectorPulmon-1660915331282 ", "dispersemode": "IDA", "encryption":"true", "fathers_token":"7d0ab1b63ce99e33e0168ca95652547649bfe1ef2770185fd0025f99c2542c28", "processed": "true" }
192.168.125.1:20500//pub_sub/v1/catalogs/create?access_token=69a3dfaf1007f5a923149e389aa01288cc065a9e82cd86b381e652b1b6108e78
java -jar Upload.jar 276f6c4fd4bbb53e1e3a2b0a9078185206225d7e2381e70fbc59ae02daef445f 515bb9a6f4f8f858f7e1dd3469b93461201ad4a1 67662a5f3b78052943e9c0b746bde043cbe7a4ae6cfe4cece1f05555f03ac0e7 IDA bob 2 '/home/domizzi/Documents/PRONACES/puzzle/deployer/app//results/ProcesamientoPulmon/stage_DetectorPulmon' cinves true 69a3dfaf1007f5a923149e389aa01288cc065a9e82cd86b381e652b1b6108e78 true true 4
2022-08-19 13:22:21	stage_DetectorPulmon: data satage upload in ST = 9969 miliseconds
2022-08-19 13:22:21	stage_DetectorPulmon: stage executed in ST = 51736 miliseconds
