2023-08-21 15:12:56	PARSER: Configured single Anonimizacion
2023-08-21 15:12:56	PARSER: Configured single ToRGB
2023-08-21 15:12:56	PARSER: Configured single DetectorPulmon
2023-08-21 15:12:56	PARSER: Configured pattern Anonimizacionpattern
2023-08-21 15:12:56	PARSER: Configured pattern ToRGBpattern
2023-08-21 15:12:56	PARSER: Configured pattern DetectorPulmonpattern
2023-08-21 15:12:56	PARSER: Configured stage stage_Anonimizacion
2023-08-21 15:12:56	PARSER: Configured stage stage_ToRGB
2023-08-21 15:12:56	PARSER: Configured stage stage_DetectorPulmon
2023-08-21 15:12:56	PARSER: Configured workflow pruba
2023-08-21 15:12:56	LAUCHER: Coupling stages and building blocks
2023-08-21 15:12:56	pruba: Workdir pruba
2023-08-21 15:12:56	pruba: Workdir exists
2023-08-21 15:12:56	pruba: Stage stage_Anonimizacion added
2023-08-21 15:12:56	stage_Anonimizacion: Workdir stage_Anonimizacion
2023-08-21 15:12:56	stage_Anonimizacion: Workdir exists
2023-08-21 15:12:56	stage_Anonimizacion: Added sink stage_ToRGB
2023-08-21 15:12:56	stage_Anonimizacion: Added building block Anonimizacionpattern
2023-08-21 15:12:56	Anonimizacionpattern: Workdir Anonimizacionpattern
2023-08-21 15:12:56	Anonimizacionpattern: Workdir exists
2023-08-21 15:12:56	Anonimizacion: Workdir Anonimizacion
2023-08-21 15:12:56	Anonimizacion: Workdir exists
2023-08-21 15:12:56	pruba: Stage stage_ToRGB added
2023-08-21 15:12:56	stage_ToRGB: Workdir stage_ToRGB
2023-08-21 15:12:56	stage_ToRGB: Workdir exists
2023-08-21 15:12:56	stage_ToRGB: Added source stage_Anonimizacion
2023-08-21 15:12:56	stage_ToRGB: Added sink stage_DetectorPulmon
2023-08-21 15:12:56	stage_ToRGB: Added building block ToRGBpattern
2023-08-21 15:12:56	ToRGBpattern: Workdir ToRGBpattern
2023-08-21 15:12:56	ToRGBpattern: Workdir exists
2023-08-21 15:12:56	ToRGB: Workdir ToRGB
2023-08-21 15:12:56	ToRGB: Workdir exists
2023-08-21 15:12:56	pruba: Stage stage_DetectorPulmon added
2023-08-21 15:12:56	stage_DetectorPulmon: Workdir stage_DetectorPulmon
2023-08-21 15:12:56	stage_DetectorPulmon: Workdir exists
2023-08-21 15:12:56	stage_DetectorPulmon: Added source stage_ToRGB
2023-08-21 15:12:56	stage_DetectorPulmon: Added building block DetectorPulmonpattern
2023-08-21 15:12:56	DetectorPulmonpattern: Workdir DetectorPulmonpattern
2023-08-21 15:12:56	DetectorPulmonpattern: Workdir exists
2023-08-21 15:12:56	DetectorPulmon: Workdir DetectorPulmon
2023-08-21 15:12:56	DetectorPulmon: Workdir exists
2023-08-21 15:12:56	LAUNCHER: Creating YML file at pruba/docker-compose.yml
ToRGB
DetectorPulmon
Anonimizacion
2023-08-21 15:12:56	LAUCHER: deploying virtual containers of workflow pruba
/home/domizzi/Documents/MuyalNezEntregable/CodigoFuente/deployer/app//results/pruba
java -jar Download.jar 187687f60a315f9a7a75086a5d57264d25ceb0a82fcec7a73a1f68a80b5873d1 2870aeb0a153c2985275c64ee1a5030c12692eff 5e3c005f8aa4e0a65274b925483afdab261aaf8d76956815f3857b6a793a4d8a 2 1 cinves '/home/domizzi/Documents/MuyalNezEntregable/CodigoFuente/deployer/app//results/pruba/catalogs/TESTCATALOG' e0ca8d9aa56319fd68a2853f2ddc0153dd36211b11c16e76b261d3c6cd6a2477 true false 1
java -jar Download.jar 187687f60a315f9a7a75086a5d57264d25ceb0a82fcec7a73a1f68a80b5873d1 2870aeb0a153c2985275c64ee1a5030c12692eff 5e3c005f8aa4e0a65274b925483afdab261aaf8d76956815f3857b6a793a4d8a 2 1 cinves '/home/domizzi/Documents/MuyalNezEntregable/CodigoFuente/deployer/app//results/pruba/catalogs/TESTCATALOG' e0ca8d9aa56319fd68a2853f2ddc0153dd36211b11c16e76b261d3c6cd6a2477 true false 1
2023-08-21 15:12:56	pruba: executing 
{ "catalogname": " TESTCATALOG/pruba-1692630776829 ", "dispersemode": "IDA", "encryption":"true", "fathers_token":"5e3c005f8aa4e0a65274b925483afdab261aaf8d76956815f3857b6a793a4d8a", "processed": "true" }
192.168.1.227:20500//pub_sub/v1/catalogs/create?access_token=e0ca8d9aa56319fd68a2853f2ddc0153dd36211b11c16e76b261d3c6cd6a2477
2023-08-21 15:12:56	stage_Anonimizacion: waiting
2023-08-21 15:12:56	stage_ToRGB: waiting
2023-08-21 15:12:56	stage_Anonimizacion: WORKING
2023-08-21 15:12:56	stage_DetectorPulmon: waiting
2023-08-21 15:12:56	stage_Anonimizacion: has 1 sources
2023-08-21 15:12:56	Anonimizacionpattern: waiting
2023-08-21 15:12:56	Anonimizacionpattern: running
2023-08-21 15:12:56	Anonimizacionpattern: executing load balancer
docker-compose --log-level ERROR -p /home/domizzi/Documents/MuyalNezEntregable/CodigoFuente/deployer/app//results/pruba -f /home/domizzi/Documents/MuyalNezEntregable/CodigoFuente/deployer/app//results/pruba/docker-compose.yml  exec -T lbAnonimizacionpattern  sh -c "./main 2 DL /home/domizzi/Documents/MuyalNezEntregable/CodigoFuente/deployer/app//results//pruba/catalogs/TESTCATALOG "
docker-compose --log-level ERROR -p /home/domizzi/Documents/MuyalNezEntregable/CodigoFuente/deployer/app//results/pruba -f /home/domizzi/Documents/MuyalNezEntregable/CodigoFuente/deployer/app//results/pruba/docker-compose.yml  exec -T lbAnonimizacionpattern  sh -c "./main 2 DL /home/domizzi/Documents/MuyalNezEntregable/CodigoFuente/deployer/app//results//pruba/catalogs/TESTCATALOG "
{"result": [["/home/domizzi/Documents/MuyalNezEntregable/CodigoFuente/deployer/app//results//pruba/catalogs/TESTCATALOG/P2"],["/home/domizzi/Documents/MuyalNezEntregable/CodigoFuente/deployer/app//results//pruba/catalogs/TESTCATALOG/P1"]]}
2023-08-21 15:12:57	Anonimizacionpattern: load balancer executed in RT = 604 miliseconds
2023-08-21 15:12:57	Anonimizacion: waiting
2023-08-21 15:12:57	Anonimizacion: waiting
2023-08-21 15:12:57	Anonimizacion: running
2023-08-21 15:12:57	Anonimizacion: running
python3 /code/process_dir.py --input /home/domizzi/Documents/MuyalNezEntregable/CodigoFuente/deployer/app//results//pruba/catalogs/TESTCATALOG/P1 --outfolder "/home/domizzi/Documents/MuyalNezEntregable/CodigoFuente/deployer/app//results/pruba/stage_Anonimizacion/Anonimizacionpattern/Anonimizacion/" --save dicom
python3 /code/process_dir.py --input /home/domizzi/Documents/MuyalNezEntregable/CodigoFuente/deployer/app//results//pruba/catalogs/TESTCATALOG/P2 --outfolder "/home/domizzi/Documents/MuyalNezEntregable/CodigoFuente/deployer/app//results/pruba/stage_Anonimizacion/Anonimizacionpattern/Anonimizacion/" --save dicom
docker-compose --log-level ERROR -p /home/domizzi/Documents/MuyalNezEntregable/CodigoFuente/deployer/app//results/pruba -f /home/domizzi/Documents/MuyalNezEntregable/CodigoFuente/deployer/app//results/pruba/docker-compose.yml  exec -T Anonimizacion sh -c "python3 /code/process_dir.py --input /home/domizzi/Documents/MuyalNezEntregable/CodigoFuente/deployer/app//results//pruba/catalogs/TESTCATALOG/P1 --outfolder "/home/domizzi/Documents/MuyalNezEntregable/CodigoFuente/deployer/app//results/pruba/stage_Anonimizacion/Anonimizacionpattern/Anonimizacion/" --save dicom"
docker-compose --log-level ERROR -p /home/domizzi/Documents/MuyalNezEntregable/CodigoFuente/deployer/app//results/pruba -f /home/domizzi/Documents/MuyalNezEntregable/CodigoFuente/deployer/app//results/pruba/docker-compose.yml  exec -T Anonimizacion sh -c "python3 /code/process_dir.py --input /home/domizzi/Documents/MuyalNezEntregable/CodigoFuente/deployer/app//results//pruba/catalogs/TESTCATALOG/P2 --outfolder "/home/domizzi/Documents/MuyalNezEntregable/CodigoFuente/deployer/app//results/pruba/stage_Anonimizacion/Anonimizacionpattern/Anonimizacion/" --save dicom"
WARNING No specification, loading default base deid.dicom
WARNING No specification, loading default base deid.dicom
2023-08-21 15:12:58	Anonimizacion: processed 4096 bytes in ST=0.000000 RT = 1297 miliseconds
2023-08-21 15:12:58	Anonimizacion: processed 4096 bytes in ST=0.000000 RT = 1401 miliseconds
2023-08-21 15:12:58	Anonimizacionpattern: pattern executed in ST = 2006 miliseconds
{ "catalogname": " TESTCATALOG/pruba-1692630776829/stage_Anonimizacion-1692630778870 ", "dispersemode": "IDA", "encryption":"true", "fathers_token":"4615257a748ca2140dc776bb9c6187bdb82812ab63153c1ffa837f4c93eebe68", "processed": "true" }
192.168.1.227:20500//pub_sub/v1/catalogs/create?access_token=e0ca8d9aa56319fd68a2853f2ddc0153dd36211b11c16e76b261d3c6cd6a2477
java -jar Upload.jar 187687f60a315f9a7a75086a5d57264d25ceb0a82fcec7a73a1f68a80b5873d1 2870aeb0a153c2985275c64ee1a5030c12692eff cb8ce69d5fbe4e3b1a2c380c51809f03e76f1c0524aaa9808ff88628af7dc8cc SINGLE bob 2 '/home/domizzi/Documents/MuyalNezEntregable/CodigoFuente/deployer/app//results/pruba/stage_Anonimizacion' cinves true e0ca8d9aa56319fd68a2853f2ddc0153dd36211b11c16e76b261d3c6cd6a2477 true true 4
java -jar Upload.jar 187687f60a315f9a7a75086a5d57264d25ceb0a82fcec7a73a1f68a80b5873d1 2870aeb0a153c2985275c64ee1a5030c12692eff cb8ce69d5fbe4e3b1a2c380c51809f03e76f1c0524aaa9808ff88628af7dc8cc SINGLE bob 2 '/home/domizzi/Documents/MuyalNezEntregable/CodigoFuente/deployer/app//results/pruba/stage_Anonimizacion' cinves true e0ca8d9aa56319fd68a2853f2ddc0153dd36211b11c16e76b261d3c6cd6a2477 true true 4
2023-08-21 15:13:03	stage_Anonimizacion: data satage upload in ST = 4151 miliseconds
2023-08-21 15:13:03	stage_Anonimizacion: stage executed in ST = 6157 miliseconds
2023-08-21 15:13:03	stage_ToRGB: WORKING
2023-08-21 15:13:03	stage_ToRGB: has 1 sources
2023-08-21 15:13:03	ToRGBpattern: waiting
2023-08-21 15:13:03	ToRGBpattern: running
2023-08-21 15:13:03	ToRGBpattern: executing load balancer
docker-compose --log-level ERROR -p /home/domizzi/Documents/MuyalNezEntregable/CodigoFuente/deployer/app//results/pruba -f /home/domizzi/Documents/MuyalNezEntregable/CodigoFuente/deployer/app//results/pruba/docker-compose.yml  exec -T lbToRGBpattern  sh -c "./main 2 DL /home/domizzi/Documents/MuyalNezEntregable/CodigoFuente/deployer/app//results/pruba//stage_Anonimizacion/Anonimizacionpattern/Anonimizacion "
docker-compose --log-level ERROR -p /home/domizzi/Documents/MuyalNezEntregable/CodigoFuente/deployer/app//results/pruba -f /home/domizzi/Documents/MuyalNezEntregable/CodigoFuente/deployer/app//results/pruba/docker-compose.yml  exec -T lbToRGBpattern  sh -c "./main 2 DL /home/domizzi/Documents/MuyalNezEntregable/CodigoFuente/deployer/app//results/pruba//stage_Anonimizacion/Anonimizacionpattern/Anonimizacion "
{"result": [["/home/domizzi/Documents/MuyalNezEntregable/CodigoFuente/deployer/app//results/pruba//stage_Anonimizacion/Anonimizacionpattern/Anonimizacion/P2"],["/home/domizzi/Documents/MuyalNezEntregable/CodigoFuente/deployer/app//results/pruba//stage_Anonimizacion/Anonimizacionpattern/Anonimizacion/P1"]]}
2023-08-21 15:13:03	ToRGBpattern: load balancer executed in RT = 597 miliseconds
2023-08-21 15:13:03	ToRGB: waiting
2023-08-21 15:13:03	ToRGB: waiting
2023-08-21 15:13:03	ToRGB: running
2023-08-21 15:13:03	ToRGB: running
python3 /code/dicom2rgb.py /home/domizzi/Documents/MuyalNezEntregable/CodigoFuente/deployer/app//results/pruba//stage_Anonimizacion/Anonimizacionpattern/Anonimizacion/P2 /home/domizzi/Documents/MuyalNezEntregable/CodigoFuente/deployer/app//results/pruba/stage_ToRGB/ToRGBpattern/ToRGB//P2
docker-compose --log-level ERROR -p /home/domizzi/Documents/MuyalNezEntregable/CodigoFuente/deployer/app//results/pruba -f /home/domizzi/Documents/MuyalNezEntregable/CodigoFuente/deployer/app//results/pruba/docker-compose.yml  exec -T ToRGB sh -c "python3 /code/dicom2rgb.py /home/domizzi/Documents/MuyalNezEntregable/CodigoFuente/deployer/app//results/pruba//stage_Anonimizacion/Anonimizacionpattern/Anonimizacion/P2 /home/domizzi/Documents/MuyalNezEntregable/CodigoFuente/deployer/app//results/pruba/stage_ToRGB/ToRGBpattern/ToRGB//P2"
python3 /code/dicom2rgb.py /home/domizzi/Documents/MuyalNezEntregable/CodigoFuente/deployer/app//results/pruba//stage_Anonimizacion/Anonimizacionpattern/Anonimizacion/P1 /home/domizzi/Documents/MuyalNezEntregable/CodigoFuente/deployer/app//results/pruba/stage_ToRGB/ToRGBpattern/ToRGB//P1
docker-compose --log-level ERROR -p /home/domizzi/Documents/MuyalNezEntregable/CodigoFuente/deployer/app//results/pruba -f /home/domizzi/Documents/MuyalNezEntregable/CodigoFuente/deployer/app//results/pruba/docker-compose.yml  exec -T ToRGB sh -c "python3 /code/dicom2rgb.py /home/domizzi/Documents/MuyalNezEntregable/CodigoFuente/deployer/app//results/pruba//stage_Anonimizacion/Anonimizacionpattern/Anonimizacion/P1 /home/domizzi/Documents/MuyalNezEntregable/CodigoFuente/deployer/app//results/pruba/stage_ToRGB/ToRGBpattern/ToRGB//P1"
2023-08-21 15:13:07	ToRGB: processed 4096 bytes in ST=0.000000 RT = 3446 miliseconds
2023-08-21 15:13:07	ToRGB: processed 4096 bytes in ST=0.000000 RT = 3447 miliseconds
2023-08-21 15:13:07	ToRGBpattern: pattern executed in ST = 4045 miliseconds
{ "catalogname": " TESTCATALOG/pruba-1692630776829/stage_ToRGB-1692630787067 ", "dispersemode": "IDA", "encryption":"true", "fathers_token":"4615257a748ca2140dc776bb9c6187bdb82812ab63153c1ffa837f4c93eebe68", "processed": "true" }
192.168.1.227:20500//pub_sub/v1/catalogs/create?access_token=e0ca8d9aa56319fd68a2853f2ddc0153dd36211b11c16e76b261d3c6cd6a2477
java -jar Upload.jar 187687f60a315f9a7a75086a5d57264d25ceb0a82fcec7a73a1f68a80b5873d1 2870aeb0a153c2985275c64ee1a5030c12692eff 75437371daf582888c03527a9834d6893b77ef7e6b52cef7d0767cd855ab36e0 SINGLE bob 2 '/home/domizzi/Documents/MuyalNezEntregable/CodigoFuente/deployer/app//results/pruba/stage_ToRGB' cinves true e0ca8d9aa56319fd68a2853f2ddc0153dd36211b11c16e76b261d3c6cd6a2477 true true 4
java -jar Upload.jar 187687f60a315f9a7a75086a5d57264d25ceb0a82fcec7a73a1f68a80b5873d1 2870aeb0a153c2985275c64ee1a5030c12692eff 75437371daf582888c03527a9834d6893b77ef7e6b52cef7d0767cd855ab36e0 SINGLE bob 2 '/home/domizzi/Documents/MuyalNezEntregable/CodigoFuente/deployer/app//results/pruba/stage_ToRGB' cinves true e0ca8d9aa56319fd68a2853f2ddc0153dd36211b11c16e76b261d3c6cd6a2477 true true 4
2023-08-21 15:13:11	stage_ToRGB: data satage upload in ST = 4098 miliseconds
2023-08-21 15:13:11	stage_ToRGB: stage executed in ST = 8143 miliseconds
2023-08-21 15:13:11	stage_DetectorPulmon: WORKING
2023-08-21 15:13:11	stage_DetectorPulmon: has 1 sources
2023-08-21 15:13:11	DetectorPulmonpattern: waiting
2023-08-21 15:13:11	DetectorPulmonpattern: running
2023-08-21 15:13:11	DetectorPulmonpattern: executing load balancer
docker-compose --log-level ERROR -p /home/domizzi/Documents/MuyalNezEntregable/CodigoFuente/deployer/app//results/pruba -f /home/domizzi/Documents/MuyalNezEntregable/CodigoFuente/deployer/app//results/pruba/docker-compose.yml  exec -T lbDetectorPulmonpattern  sh -c "./main 2 DL /home/domizzi/Documents/MuyalNezEntregable/CodigoFuente/deployer/app//results/pruba//stage_ToRGB/ToRGBpattern/ToRGB "
docker-compose --log-level ERROR -p /home/domizzi/Documents/MuyalNezEntregable/CodigoFuente/deployer/app//results/pruba -f /home/domizzi/Documents/MuyalNezEntregable/CodigoFuente/deployer/app//results/pruba/docker-compose.yml  exec -T lbDetectorPulmonpattern  sh -c "./main 2 DL /home/domizzi/Documents/MuyalNezEntregable/CodigoFuente/deployer/app//results/pruba//stage_ToRGB/ToRGBpattern/ToRGB "
{"result": [["/home/domizzi/Documents/MuyalNezEntregable/CodigoFuente/deployer/app//results/pruba//stage_ToRGB/ToRGBpattern/ToRGB/P1"],["/home/domizzi/Documents/MuyalNezEntregable/CodigoFuente/deployer/app//results/pruba//stage_ToRGB/ToRGBpattern/ToRGB/P2"]]}
2023-08-21 15:13:11	DetectorPulmonpattern: load balancer executed in RT = 636 miliseconds
2023-08-21 15:13:11	DetectorPulmon: waiting
2023-08-21 15:13:11	DetectorPulmon: waiting
2023-08-21 15:13:11	DetectorPulmon: running
2023-08-21 15:13:11	DetectorPulmon: running
python3 /code/detectorPulmones.py /home/domizzi/Documents/MuyalNezEntregable/CodigoFuente/deployer/app//results/pruba//stage_ToRGB/ToRGBpattern/ToRGB/P2 /home/domizzi/Documents/MuyalNezEntregable/CodigoFuente/deployer/app//results/pruba/stage_DetectorPulmon/DetectorPulmonpattern/DetectorPulmon//P2
python3 /code/detectorPulmones.py /home/domizzi/Documents/MuyalNezEntregable/CodigoFuente/deployer/app//results/pruba//stage_ToRGB/ToRGBpattern/ToRGB/P1 /home/domizzi/Documents/MuyalNezEntregable/CodigoFuente/deployer/app//results/pruba/stage_DetectorPulmon/DetectorPulmonpattern/DetectorPulmon//P1
docker-compose --log-level ERROR -p /home/domizzi/Documents/MuyalNezEntregable/CodigoFuente/deployer/app//results/pruba -f /home/domizzi/Documents/MuyalNezEntregable/CodigoFuente/deployer/app//results/pruba/docker-compose.yml  exec -T DetectorPulmon sh -c "python3 /code/detectorPulmones.py /home/domizzi/Documents/MuyalNezEntregable/CodigoFuente/deployer/app//results/pruba//stage_ToRGB/ToRGBpattern/ToRGB/P2 /home/domizzi/Documents/MuyalNezEntregable/CodigoFuente/deployer/app//results/pruba/stage_DetectorPulmon/DetectorPulmonpattern/DetectorPulmon//P2"
docker-compose --log-level ERROR -p /home/domizzi/Documents/MuyalNezEntregable/CodigoFuente/deployer/app//results/pruba -f /home/domizzi/Documents/MuyalNezEntregable/CodigoFuente/deployer/app//results/pruba/docker-compose.yml  exec -T DetectorPulmon sh -c "python3 /code/detectorPulmones.py /home/domizzi/Documents/MuyalNezEntregable/CodigoFuente/deployer/app//results/pruba//stage_ToRGB/ToRGBpattern/ToRGB/P1 /home/domizzi/Documents/MuyalNezEntregable/CodigoFuente/deployer/app//results/pruba/stage_DetectorPulmon/DetectorPulmonpattern/DetectorPulmon//P1"
2023-08-21 15:13:12.725514: W tensorflow/stream_executor/platform/default/dso_loader.cc:64] Could not load dynamic library 'libcudart.so.11.0'; dlerror: libcudart.so.11.0: cannot open shared object file: No such file or directory
2023-08-21 15:13:12.725545: I tensorflow/stream_executor/cuda/cudart_stub.cc:29] Ignore above cudart dlerror if you do not have a GPU set up on your machine.
2023-08-21 15:13:12.751096: W tensorflow/stream_executor/platform/default/dso_loader.cc:64] Could not load dynamic library 'libcudart.so.11.0'; dlerror: libcudart.so.11.0: cannot open shared object file: No such file or directory
2023-08-21 15:13:12.751130: I tensorflow/stream_executor/cuda/cudart_stub.cc:29] Ignore above cudart dlerror if you do not have a GPU set up on your machine.
2023-08-21 15:13:13.940879: I tensorflow/core/platform/cpu_feature_guard.cc:142] This TensorFlow binary is optimized with oneAPI Deep Neural Network Library (oneDNN) to use the following CPU instructions in performance-critical operations:  AVX2 FMA
To enable them in other operations, rebuild TensorFlow with the appropriate compiler flags.
2023-08-21 15:13:13.942078: W tensorflow/stream_executor/platform/default/dso_loader.cc:64] Could not load dynamic library 'libcuda.so.1'; dlerror: libcuda.so.1: cannot open shared object file: No such file or directory
2023-08-21 15:13:13.942101: W tensorflow/stream_executor/cuda/cuda_driver.cc:326] failed call to cuInit: UNKNOWN ERROR (303)
2023-08-21 15:13:13.942123: I tensorflow/stream_executor/cuda/cuda_diagnostics.cc:163] no NVIDIA GPU device is present: /dev/nvidia0 does not exist
2023-08-21 15:13:13.950850: I tensorflow/core/platform/cpu_feature_guard.cc:142] This TensorFlow binary is optimized with oneAPI Deep Neural Network Library (oneDNN) to use the following CPU instructions in performance-critical operations:  AVX2 FMA
To enable them in other operations, rebuild TensorFlow with the appropriate compiler flags.
2023-08-21 15:13:13.951828: W tensorflow/stream_executor/platform/default/dso_loader.cc:64] Could not load dynamic library 'libcuda.so.1'; dlerror: libcuda.so.1: cannot open shared object file: No such file or directory
2023-08-21 15:13:13.951852: W tensorflow/stream_executor/cuda/cuda_driver.cc:326] failed call to cuInit: UNKNOWN ERROR (303)
2023-08-21 15:13:13.951870: I tensorflow/stream_executor/cuda/cuda_diagnostics.cc:163] no NVIDIA GPU device is present: /dev/nvidia0 does not exist
2023-08-21 15:13:16.108471: W tensorflow/core/framework/cpu_allocator_impl.cc:80] Allocation of 26214400 exceeds 10% of free system memory.
2023-08-21 15:13:16.136418: W tensorflow/core/framework/cpu_allocator_impl.cc:80] Allocation of 26214400 exceeds 10% of free system memory.
2023-08-21 15:13:16.151951: W tensorflow/core/framework/cpu_allocator_impl.cc:80] Allocation of 26214400 exceeds 10% of free system memory.
2023-08-21 15:13:16.157315: W tensorflow/core/framework/cpu_allocator_impl.cc:80] Allocation of 26214400 exceeds 10% of free system memory.
2023-08-21 15:13:16.178918: W tensorflow/core/framework/cpu_allocator_impl.cc:80] Allocation of 26214400 exceeds 10% of free system memory.
2023-08-21 15:13:16.189726: W tensorflow/core/framework/cpu_allocator_impl.cc:80] Allocation of 26214400 exceeds 10% of free system memory.
2023-08-21 15:13:16.189990: W tensorflow/core/framework/cpu_allocator_impl.cc:80] Allocation of 26214400 exceeds 10% of free system memory.
2023-08-21 15:13:16.207766: W tensorflow/core/framework/cpu_allocator_impl.cc:80] Allocation of 26214400 exceeds 10% of free system memory.
2023-08-21 15:13:16.241982: W tensorflow/core/framework/cpu_allocator_impl.cc:80] Allocation of 26214400 exceeds 10% of free system memory.
2023-08-21 15:13:16.247831: W tensorflow/core/framework/cpu_allocator_impl.cc:80] Allocation of 26214400 exceeds 10% of free system memory.
WARNING:tensorflow:From /code/models/research/object_detection/utils/model_util.py:57: Tensor.experimental_ref (from tensorflow.python.framework.ops) is deprecated and will be removed in a future version.
Instructions for updating:
Use ref() instead.
WARNING:tensorflow:From /code/models/research/object_detection/utils/model_util.py:57: Tensor.experimental_ref (from tensorflow.python.framework.ops) is deprecated and will be removed in a future version.
Instructions for updating:
Use ref() instead.
/code/detectorPulmones.py:240: RuntimeWarning: More than 20 figures have been opened. Figures created through the pyplot interface (`matplotlib.pyplot.figure`) are retained until explicitly closed and may consume too much memory. (To control this warning, see the rcParam `figure.max_open_warning`).
  plt.figure(figsize=(15,10))
/code/detectorPulmones.py:240: RuntimeWarning: More than 20 figures have been opened. Figures created through the pyplot interface (`matplotlib.pyplot.figure`) are retained until explicitly closed and may consume too much memory. (To control this warning, see the rcParam `figure.max_open_warning`).
  plt.figure(figsize=(15,10))
2023-08-21 15:14:06	DetectorPulmon: processed 4096 bytes in ST=0.000000 RT = 54312 miliseconds
2023-08-21 15:14:06	DetectorPulmon: processed 4096 bytes in ST=0.000000 RT = 55186 miliseconds
2023-08-21 15:14:06	DetectorPulmonpattern: pattern executed in ST = 55823 miliseconds
{ "catalogname": " TESTCATALOG/pruba-1692630776829/stage_DetectorPulmon-1692630846988 ", "dispersemode": "IDA", "encryption":"true", "fathers_token":"4615257a748ca2140dc776bb9c6187bdb82812ab63153c1ffa837f4c93eebe68", "processed": "true" }
192.168.1.227:20500//pub_sub/v1/catalogs/create?access_token=e0ca8d9aa56319fd68a2853f2ddc0153dd36211b11c16e76b261d3c6cd6a2477
java -jar Upload.jar 187687f60a315f9a7a75086a5d57264d25ceb0a82fcec7a73a1f68a80b5873d1 2870aeb0a153c2985275c64ee1a5030c12692eff 2900191891cc50dd522643a016058cd7bcdc485b997398be0dc6c415b5fe368d SINGLE bob 2 '/home/domizzi/Documents/MuyalNezEntregable/CodigoFuente/deployer/app//results/pruba/stage_DetectorPulmon' cinves true e0ca8d9aa56319fd68a2853f2ddc0153dd36211b11c16e76b261d3c6cd6a2477 true true 4
java -jar Upload.jar 187687f60a315f9a7a75086a5d57264d25ceb0a82fcec7a73a1f68a80b5873d1 2870aeb0a153c2985275c64ee1a5030c12692eff 2900191891cc50dd522643a016058cd7bcdc485b997398be0dc6c415b5fe368d SINGLE bob 2 '/home/domizzi/Documents/MuyalNezEntregable/CodigoFuente/deployer/app//results/pruba/stage_DetectorPulmon' cinves true e0ca8d9aa56319fd68a2853f2ddc0153dd36211b11c16e76b261d3c6cd6a2477 true true 4
2023-08-21 15:14:11	stage_DetectorPulmon: data satage upload in ST = 4336 miliseconds
2023-08-21 15:14:11	stage_DetectorPulmon: stage executed in ST = 60160 miliseconds
