2022-08-23 21:15:31	PARSER: Configured single Deidentification
2022-08-23 21:15:31	PARSER: Configured single ToPNG
2022-08-23 21:15:31	PARSER: Configured single DetectorPulmon
2022-08-23 21:15:31	PARSER: Configured pattern Deidentificationpattern
2022-08-23 21:15:31	PARSER: Configured pattern ToPNGpattern
2022-08-23 21:15:31	PARSER: Configured pattern DetectorPulmonpattern
2022-08-23 21:15:31	PARSER: Configured stage stage_Deidentification
2022-08-23 21:15:31	PARSER: Configured stage stage_ToPNG
2022-08-23 21:15:31	PARSER: Configured stage stage_DetectorPulmon
2022-08-23 21:15:31	PARSER: Configured workflow PruebaPuebla
2022-08-23 21:15:31	LAUCHER: Coupling stages and building blocks
2022-08-23 21:15:31	PruebaPuebla: Workdir PruebaPuebla
2022-08-23 21:15:31	PruebaPuebla: Workdir exists
2022-08-23 21:15:31	PruebaPuebla: Stage stage_Deidentification added
2022-08-23 21:15:31	stage_Deidentification: Workdir stage_Deidentification
2022-08-23 21:15:31	stage_Deidentification: Workdir exists
2022-08-23 21:15:31	stage_Deidentification: Added sink stage_ToPNG
2022-08-23 21:15:31	stage_Deidentification: Added building block Deidentificationpattern
2022-08-23 21:15:31	Deidentificationpattern: Workdir Deidentificationpattern
2022-08-23 21:15:31	Deidentificationpattern: Workdir exists
2022-08-23 21:15:31	Deidentification: Workdir Deidentification
2022-08-23 21:15:31	Deidentification: Workdir exists
2022-08-23 21:15:31	PruebaPuebla: Stage stage_ToPNG added
2022-08-23 21:15:31	stage_ToPNG: Workdir stage_ToPNG
2022-08-23 21:15:31	stage_ToPNG: Workdir exists
2022-08-23 21:15:31	stage_ToPNG: Added source stage_Deidentification
2022-08-23 21:15:31	stage_ToPNG: Added sink stage_DetectorPulmon
2022-08-23 21:15:31	stage_ToPNG: Added building block ToPNGpattern
2022-08-23 21:15:31	ToPNGpattern: Workdir ToPNGpattern
2022-08-23 21:15:31	ToPNGpattern: Workdir exists
2022-08-23 21:15:31	ToPNG: Workdir ToPNG
2022-08-23 21:15:31	ToPNG: Workdir exists
2022-08-23 21:15:31	PruebaPuebla: Stage stage_DetectorPulmon added
2022-08-23 21:15:31	stage_DetectorPulmon: Workdir stage_DetectorPulmon
2022-08-23 21:15:31	stage_DetectorPulmon: Workdir exists
2022-08-23 21:15:31	stage_DetectorPulmon: Added source stage_ToPNG
2022-08-23 21:15:31	stage_DetectorPulmon: Added building block DetectorPulmonpattern
2022-08-23 21:15:31	DetectorPulmonpattern: Workdir DetectorPulmonpattern
2022-08-23 21:15:31	DetectorPulmonpattern: Workdir exists
2022-08-23 21:15:31	DetectorPulmon: Workdir DetectorPulmon
2022-08-23 21:15:31	DetectorPulmon: Workdir exists
2022-08-23 21:15:31	LAUNCHER: Creating YML file at PruebaPuebla/docker-compose.yml
DetectorPulmon
ToPNG
Deidentification
2022-08-23 21:15:31	LAUCHER: deploying virtual containers of workflow PruebaPuebla
java -jar Download.jar 34eeb2703e3701662fa639068f08f032906ba4625663d41244f8608726143071 e3ef70e68d07024115430db2534a7735c68eb4f9 1a395247df2ee8fe074807f0c5db431fa6f36fc57688067efb85f7b377a77d40 2 1 cinves '/home/domizzi/Documents/PRONACES/puzzle/deployer/app//results/PruebaPuebla/catalogs/OtroCat' 1da0574d2df35dd4e64392cdd9378c30b082c8c404d73af47798fb9cac544d80 true false 1
2022-08-23 21:15:34	PruebaPuebla: executing 
{ "catalogname": " OtroCat/PruebaPuebla-1661289334555 ", "dispersemode": "IDA", "encryption":"true", "fathers_token":"1a395247df2ee8fe074807f0c5db431fa6f36fc57688067efb85f7b377a77d40", "processed": "true" }
192.168.28.1:20500//pub_sub/v1/catalogs/create?access_token=1da0574d2df35dd4e64392cdd9378c30b082c8c404d73af47798fb9cac544d80
2022-08-23 21:15:34	stage_Deidentification: waiting
2022-08-23 21:15:34	stage_ToPNG: waiting
2022-08-23 21:15:34	stage_Deidentification: WORKING
2022-08-23 21:15:34	stage_Deidentification: has 1 sources
2022-08-23 21:15:34	stage_DetectorPulmon: waiting
2022-08-23 21:15:34	Deidentificationpattern: waiting
2022-08-23 21:15:34	Deidentificationpattern: running
2022-08-23 21:15:34	Deidentificationpattern: executing load balancer
2022-08-23 21:15:35	Deidentificationpattern: load balancer executed in RT = 634 miliseconds
2022-08-23 21:15:35	Deidentification: waiting
2022-08-23 21:15:35	Deidentification: running
2022-08-23 21:15:35	Deidentification: waiting
2022-08-23 21:15:35	Deidentification: running
python3 /code/process_dir.py --input /home/domizzi/Documents/PRONACES/puzzle/deployer/app//results//PruebaPuebla/catalogs/OtroCat/CT1 --outfolder '/home/domizzi/Documents/PRONACES/puzzle/deployer/app//results/PruebaPuebla/stage_Deidentification/Deidentificationpattern/Deidentification/' --save dicom
python3 /code/process_dir.py --input /home/domizzi/Documents/PRONACES/puzzle/deployer/app//results//PruebaPuebla/catalogs/OtroCat/lala --outfolder '/home/domizzi/Documents/PRONACES/puzzle/deployer/app//results/PruebaPuebla/stage_Deidentification/Deidentificationpattern/Deidentification/' --save dicom
WARNING No specification, loading default base deid.dicom
WARNING use detect() --> clean() before saving is possible.
WARNING use detect() --> clean() before saving is possible.
WARNING No specification, loading default base deid.dicom
2022-08-23 21:15:36	Deidentification: processed 4096 bytes in ST=0.000000 RT = 1093 miliseconds
2022-08-23 21:15:36	Deidentification: processed 4096 bytes in ST=0.000000 RT = 1531 miliseconds
2022-08-23 21:15:36	Deidentificationpattern: pattern executed in ST = 2167 miliseconds
{ "catalogname": " OtroCat/PruebaPuebla-1661289334555/stage_Deidentification-1661289336767 ", "dispersemode": "IDA", "encryption":"true", "fathers_token":"96283c34e8b847e5f26482d54ac7129887151882527237c7acec8c27b3c24ece", "processed": "true" }
192.168.28.1:20500//pub_sub/v1/catalogs/create?access_token=1da0574d2df35dd4e64392cdd9378c30b082c8c404d73af47798fb9cac544d80
java -jar Upload.jar 34eeb2703e3701662fa639068f08f032906ba4625663d41244f8608726143071 e3ef70e68d07024115430db2534a7735c68eb4f9 15acc66aef8ecbeb60c8eee0eb5e4798d6be90dff86082c4401d75af63a2127a IDA bob 2 '/home/domizzi/Documents/PRONACES/puzzle/deployer/app//results/PruebaPuebla/stage_Deidentification' cinves true 1da0574d2df35dd4e64392cdd9378c30b082c8c404d73af47798fb9cac544d80 true true 4
2022-08-23 21:15:37	stage_Deidentification: data satage upload in ST = 451 miliseconds
2022-08-23 21:15:37	stage_Deidentification: stage executed in ST = 2619 miliseconds
2022-08-23 21:15:37	stage_ToPNG: WORKING
2022-08-23 21:15:37	stage_ToPNG: has 1 sources
2022-08-23 21:15:37	ToPNGpattern: waiting
2022-08-23 21:15:37	ToPNGpattern: running
2022-08-23 21:15:37	ToPNGpattern: executing load balancer
2022-08-23 21:15:37	ToPNGpattern: load balancer executed in RT = 668 miliseconds
2022-08-23 21:15:37	ToPNG: waiting
2022-08-23 21:15:37	ToPNG: waiting
2022-08-23 21:15:37	ToPNG: running
2022-08-23 21:15:37	ToPNG: running
python3 /code/dicom2rgb.py /home/domizzi/Documents/PRONACES/puzzle/deployer/app//results/PruebaPuebla//stage_Deidentification/Deidentificationpattern/Deidentification/lala /home/domizzi/Documents/PRONACES/puzzle/deployer/app//results/PruebaPuebla/stage_ToPNG/ToPNGpattern/ToPNG//lala
python3 /code/dicom2rgb.py /home/domizzi/Documents/PRONACES/puzzle/deployer/app//results/PruebaPuebla//stage_Deidentification/Deidentificationpattern/Deidentification/CT1 /home/domizzi/Documents/PRONACES/puzzle/deployer/app//results/PruebaPuebla/stage_ToPNG/ToPNGpattern/ToPNG//CT1
/usr/local/lib/python3.7/site-packages/pydicom/filereader.py:353: UserWarning: Expected explicit VR, but found implicit VR - using implicit VR for reading
  warnings.warn(msg + f" - using {found_vr} VR for reading", UserWarning)
2022-08-23 21:15:40	ToPNG: processed 4096 bytes in ST=0.000000 RT = 2126 miliseconds
2022-08-23 21:15:41	ToPNG: processed 4096 bytes in ST=0.000000 RT = 3486 miliseconds
2022-08-23 21:15:41	ToPNGpattern: pattern executed in ST = 4155 miliseconds
{ "catalogname": " OtroCat/PruebaPuebla-1661289334555/stage_ToPNG-1661289341375 ", "dispersemode": "IDA", "encryption":"true", "fathers_token":"96283c34e8b847e5f26482d54ac7129887151882527237c7acec8c27b3c24ece", "processed": "true" }
192.168.28.1:20500//pub_sub/v1/catalogs/create?access_token=1da0574d2df35dd4e64392cdd9378c30b082c8c404d73af47798fb9cac544d80
java -jar Upload.jar 34eeb2703e3701662fa639068f08f032906ba4625663d41244f8608726143071 e3ef70e68d07024115430db2534a7735c68eb4f9 c5bbb9f7c0ccf90aa6e33be1789356b9d06041087f05a9979c6ac38bcc958529 IDA bob 2 '/home/domizzi/Documents/PRONACES/puzzle/deployer/app//results/PruebaPuebla/stage_ToPNG' cinves true 1da0574d2df35dd4e64392cdd9378c30b082c8c404d73af47798fb9cac544d80 true true 4
2022-08-23 21:15:51	stage_ToPNG: data satage upload in ST = 10006 miliseconds
2022-08-23 21:15:51	stage_ToPNG: stage executed in ST = 14162 miliseconds
2022-08-23 21:15:51	stage_DetectorPulmon: WORKING
2022-08-23 21:15:51	stage_DetectorPulmon: has 1 sources
2022-08-23 21:15:51	DetectorPulmonpattern: waiting
2022-08-23 21:15:51	DetectorPulmonpattern: running
2022-08-23 21:15:51	DetectorPulmonpattern: executing load balancer
2022-08-23 21:15:52	DetectorPulmonpattern: load balancer executed in RT = 649 miliseconds
2022-08-23 21:15:52	DetectorPulmon: waiting
2022-08-23 21:15:52	DetectorPulmon: waiting
2022-08-23 21:15:52	DetectorPulmon: running
2022-08-23 21:15:52	DetectorPulmon: running
python3 /code/detectorPulmones.py /home/domizzi/Documents/PRONACES/puzzle/deployer/app//results/PruebaPuebla//stage_ToPNG/ToPNGpattern/ToPNG/CT1 /home/domizzi/Documents/PRONACES/puzzle/deployer/app//results/PruebaPuebla/stage_DetectorPulmon/DetectorPulmonpattern/DetectorPulmon//CT1
python3 /code/detectorPulmones.py /home/domizzi/Documents/PRONACES/puzzle/deployer/app//results/PruebaPuebla//stage_ToPNG/ToPNGpattern/ToPNG/lala /home/domizzi/Documents/PRONACES/puzzle/deployer/app//results/PruebaPuebla/stage_DetectorPulmon/DetectorPulmonpattern/DetectorPulmon//lala
2022-08-23 21:15:52.953435: W tensorflow/stream_executor/platform/default/dso_loader.cc:64] Could not load dynamic library 'libcudart.so.11.0'; dlerror: libcudart.so.11.0: cannot open shared object file: No such file or directory
2022-08-23 21:15:52.953465: I tensorflow/stream_executor/cuda/cudart_stub.cc:29] Ignore above cudart dlerror if you do not have a GPU set up on your machine.
2022-08-23 21:15:52.980808: W tensorflow/stream_executor/platform/default/dso_loader.cc:64] Could not load dynamic library 'libcudart.so.11.0'; dlerror: libcudart.so.11.0: cannot open shared object file: No such file or directory
2022-08-23 21:15:52.980836: I tensorflow/stream_executor/cuda/cudart_stub.cc:29] Ignore above cudart dlerror if you do not have a GPU set up on your machine.
2022-08-23 21:15:54.266392: I tensorflow/core/platform/cpu_feature_guard.cc:142] This TensorFlow binary is optimized with oneAPI Deep Neural Network Library (oneDNN) to use the following CPU instructions in performance-critical operations:  AVX2 FMA
To enable them in other operations, rebuild TensorFlow with the appropriate compiler flags.
2022-08-23 21:15:54.267461: W tensorflow/stream_executor/platform/default/dso_loader.cc:64] Could not load dynamic library 'libcuda.so.1'; dlerror: libcuda.so.1: cannot open shared object file: No such file or directory
2022-08-23 21:15:54.267493: W tensorflow/stream_executor/cuda/cuda_driver.cc:326] failed call to cuInit: UNKNOWN ERROR (303)
2022-08-23 21:15:54.267513: I tensorflow/stream_executor/cuda/cuda_diagnostics.cc:163] no NVIDIA GPU device is present: /dev/nvidia0 does not exist
2022-08-23 21:15:54.269575: I tensorflow/core/platform/cpu_feature_guard.cc:142] This TensorFlow binary is optimized with oneAPI Deep Neural Network Library (oneDNN) to use the following CPU instructions in performance-critical operations:  AVX2 FMA
To enable them in other operations, rebuild TensorFlow with the appropriate compiler flags.
2022-08-23 21:15:54.270768: W tensorflow/stream_executor/platform/default/dso_loader.cc:64] Could not load dynamic library 'libcuda.so.1'; dlerror: libcuda.so.1: cannot open shared object file: No such file or directory
2022-08-23 21:15:54.270804: W tensorflow/stream_executor/cuda/cuda_driver.cc:326] failed call to cuInit: UNKNOWN ERROR (303)
2022-08-23 21:15:54.270832: I tensorflow/stream_executor/cuda/cuda_diagnostics.cc:163] no NVIDIA GPU device is present: /dev/nvidia0 does not exist
2022-08-23 21:15:56.642359: W tensorflow/core/framework/cpu_allocator_impl.cc:80] Allocation of 963379200 exceeds 10% of free system memory.
2022-08-23 21:15:56.729005: W tensorflow/core/framework/cpu_allocator_impl.cc:80] Allocation of 963379200 exceeds 10% of free system memory.
WARNING:tensorflow:From /code/models/research/object_detection/utils/model_util.py:57: Tensor.experimental_ref (from tensorflow.python.framework.ops) is deprecated and will be removed in a future version.
Instructions for updating:
Use ref() instead.
2022-08-23 21:15:57.067932: W tensorflow/core/framework/cpu_allocator_impl.cc:80] Allocation of 963379200 exceeds 10% of free system memory.
2022-08-23 21:15:57.143703: W tensorflow/core/framework/cpu_allocator_impl.cc:80] Allocation of 963379200 exceeds 10% of free system memory.
WARNING:tensorflow:From /code/models/research/object_detection/utils/model_util.py:57: Tensor.experimental_ref (from tensorflow.python.framework.ops) is deprecated and will be removed in a future version.
Instructions for updating:
Use ref() instead.
2022-08-23 21:15:58.941381: W tensorflow/core/framework/cpu_allocator_impl.cc:80] Allocation of 963379200 exceeds 10% of free system memory.
2022-08-23 21:15:59.019445: W tensorflow/core/framework/cpu_allocator_impl.cc:80] Allocation of 963379200 exceeds 10% of free system memory.
2022-08-23 21:15:59.753986: W tensorflow/core/framework/cpu_allocator_impl.cc:80] Allocation of 963379200 exceeds 10% of free system memory.
2022-08-23 21:15:59.852492: W tensorflow/core/framework/cpu_allocator_impl.cc:80] Allocation of 963379200 exceeds 10% of free system memory.
2022-08-23 21:16:01.060060: W tensorflow/core/framework/cpu_allocator_impl.cc:80] Allocation of 963379200 exceeds 10% of free system memory.
/code/detectorPulmones.py:240: RuntimeWarning: More than 20 figures have been opened. Figures created through the pyplot interface (`matplotlib.pyplot.figure`) are retained until explicitly closed and may consume too much memory. (To control this warning, see the rcParam `figure.max_open_warning`).
  plt.figure(figsize=(15,10))
2022-08-23 21:16:02	DetectorPulmon: processed 4096 bytes in ST=0.000000 RT = 10032 miliseconds
2022-08-23 21:16:33	DetectorPulmon: processed 4096 bytes in ST=0.000000 RT = 41482 miliseconds
2022-08-23 21:16:33	DetectorPulmonpattern: pattern executed in ST = 42131 miliseconds
{ "catalogname": " OtroCat/PruebaPuebla-1661289334555/stage_DetectorPulmon-1661289393513 ", "dispersemode": "IDA", "encryption":"true", "fathers_token":"96283c34e8b847e5f26482d54ac7129887151882527237c7acec8c27b3c24ece", "processed": "true" }
192.168.28.1:20500//pub_sub/v1/catalogs/create?access_token=1da0574d2df35dd4e64392cdd9378c30b082c8c404d73af47798fb9cac544d80
java -jar Upload.jar 34eeb2703e3701662fa639068f08f032906ba4625663d41244f8608726143071 e3ef70e68d07024115430db2534a7735c68eb4f9 38a02030d3a24eee2de82aa125c13a058dca22453f5396cac65fafdd7b91c1aa IDA bob 2 '/home/domizzi/Documents/PRONACES/puzzle/deployer/app//results/PruebaPuebla/stage_DetectorPulmon' cinves true 1da0574d2df35dd4e64392cdd9378c30b082c8c404d73af47798fb9cac544d80 true true 4
2022-08-23 21:16:34	stage_DetectorPulmon: data satage upload in ST = 496 miliseconds
2022-08-23 21:16:34	stage_DetectorPulmon: stage executed in ST = 42628 miliseconds
