2022-08-19 00:47:44	PARSER: Configured single Deidentification
2022-08-19 00:47:44	PARSER: Configured single ToPNG
2022-08-19 00:47:44	PARSER: Configured single Detector Pulmon
2022-08-19 00:47:44	PARSER: Configured stage stage_Deidentification
2022-08-19 00:47:44	PARSER: Configured stage stage_ToPNG
2022-08-19 00:47:44	PARSER: Configured stage stage_Detector Pulmon
2022-08-19 00:47:44	PARSER: Configured workflow PruebaFlujoLocal
2022-08-19 00:47:44	LAUCHER: Coupling stages and building blocks
2022-08-19 00:47:44	PruebaFlujoLocal: Workdir PruebaFlujoLocal
2022-08-19 00:47:44	PruebaFlujoLocal: Workdir exists
2022-08-19 00:47:44	PruebaFlujoLocal: Stage stage_Deidentification added
2022-08-19 00:47:44	stage_Deidentification: Workdir stage_Deidentification
2022-08-19 00:47:44	stage_Deidentification: Workdir exists
2022-08-19 00:47:44	stage_Deidentification: Added sink stage_ToPNG
2022-08-19 00:47:44	stage_Deidentification: Added building block Deidentification
2022-08-19 00:47:44	Deidentification: Workdir Deidentification
2022-08-19 00:47:44	Deidentification: Workdir exists
2022-08-19 00:47:44	PruebaFlujoLocal: Stage stage_ToPNG added
2022-08-19 00:47:44	stage_ToPNG: Workdir stage_ToPNG
2022-08-19 00:47:44	stage_ToPNG: Workdir exists
2022-08-19 00:47:44	stage_ToPNG: Added source stage_Deidentification
2022-08-19 00:47:44	stage_ToPNG: Added building block ToPNG
2022-08-19 00:47:44	ToPNG: Workdir ToPNG
2022-08-19 00:47:44	ToPNG: Workdir exists
2022-08-19 00:47:44	LAUNCHER: Creating YML file at PruebaFlujoLocal/docker-compose.yml
Detector Pulmon
ToPNG
Deidentification
Exception in thread "main" java.lang.NullPointerException
	at logic.Api.sendGet(Api.java:149)
	at logic.Api._getCatalogInfo(Api.java:106)
	at logic.APIServices.getCatalogInfo(APIServices.java:59)
	at mx.cinvestav.tamps.integracion.gui.RobotHelper.prepare(RobotHelper.java:182)
	at mx.cinvestav.tamps.integracion.gui.RobotHelper.download(RobotHelper.java:147)
	at mx.cinvestav.tamps.integracion.gui.RobotHelper.run(RobotHelper.java:143)
	at mx.cinvestav.tamps.integracion.gui.RobotDownloader.<init>(RobotDownloader.java:46)
	at mx.cinvestav.tamps.integracion.gui.RobotDownloader.main(RobotDownloader.java:39)
2022-08-19 00:47:44	LAUCHER: deploying virtual containers of workflow PruebaFlujoLocal
2022-08-19 00:47:45	PruebaFlujoLocal: executing 
{ "catalogname": " PruebaCat/PruebaFlujoLocal-1660870065048 ", "dispersemode": "IDA", "encryption":"true", "fathers_token":"178f90a59777a8f47d132af616b87731ab4a093fa3f0a0aa4025b242995622c1", "processed": "true" }
localhost:20500/pub_sub/v1/catalogs/create?access_token=69a3dfaf1007f5a923149e389aa01288cc065a9e82cd86b381e652b1b6108e78
curl_easy_perform() failed: Couldn't connect to server
2022-08-19 00:47:45	stage_Deidentification: waiting
2022-08-19 00:47:45	stage_ToPNG: waiting
2022-08-19 00:47:45	stage_Deidentification: WORKING
2022-08-19 00:47:45	stage_Deidentification: has 1 sources
2022-08-19 00:47:45	Deidentification: waiting
2022-08-19 00:47:45	Deidentification: running
python3 /code/process_dir.py --input /home/domizzi/Documents/PRONACES/puzzle/deployer/app//results//PruebaFlujoLocal/catalogs/PruebaCat --outfolder '/home/domizzi/Documents/PRONACES/puzzle/deployer/app//results/PruebaFlujoLocal/stage_Deidentification/Deidentification/' --save dicom
The Compose file '/home/domizzi/Documents/PRONACES/puzzle/deployer/app//results/PruebaFlujoLocal/docker-compose.yml' is invalid because:
Invalid service name 'Detector Pulmon' - only [a-zA-Z0-9\._\-] characters are allowed
Segmentation fault (core dumped)
