2022-08-19 02:35:44	PARSER: Configured single Deidentification
2022-08-19 02:35:44	PARSER: Configured single ToPNG
2022-08-19 02:35:44	PARSER: Configured single DetectorPulmon
2022-08-19 02:35:44	PARSER: Configured pattern Deidentificationpattern
2022-08-19 02:35:44	PARSER: Configured pattern ToPNGpattern
2022-08-19 02:35:44	PARSER: Configured pattern DetectorPulmonpattern
2022-08-19 02:35:44	PARSER: Configured stage stage_Deidentification
2022-08-19 02:35:44	PARSER: Configured stage stage_ToPNG
2022-08-19 02:35:44	PARSER: Configured stage stage_DetectorPulmon
2022-08-19 02:35:44	PARSER: Configured workflow pruebapulmon
2022-08-19 02:35:44	LAUCHER: Coupling stages and building blocks
2022-08-19 02:35:44	pruebapulmon: Workdir pruebapulmon
2022-08-19 02:35:44	pruebapulmon: Workdir exists
2022-08-19 02:35:44	pruebapulmon: Stage stage_Deidentification added
2022-08-19 02:35:44	stage_Deidentification: Workdir stage_Deidentification
2022-08-19 02:35:44	stage_Deidentification: Workdir exists
2022-08-19 02:35:44	stage_Deidentification: Added sink stage_ToPNG
2022-08-19 02:35:44	stage_Deidentification: Added building block Deidentificationpattern
2022-08-19 02:35:44	Deidentificationpattern: Workdir Deidentificationpattern
2022-08-19 02:35:44	Deidentificationpattern: Workdir exists
2022-08-19 02:35:44	Deidentification: Workdir Deidentification
2022-08-19 02:35:44	Deidentification: Workdir exists
2022-08-19 02:35:44	pruebapulmon: Stage stage_ToPNG added
2022-08-19 02:35:44	stage_ToPNG: Workdir stage_ToPNG
2022-08-19 02:35:44	stage_ToPNG: Workdir exists
2022-08-19 02:35:44	stage_ToPNG: Added source stage_Deidentification
2022-08-19 02:35:44	stage_ToPNG: Added sink stage_DetectorPulmon
2022-08-19 02:35:44	stage_ToPNG: Added building block ToPNGpattern
2022-08-19 02:35:44	ToPNGpattern: Workdir ToPNGpattern
2022-08-19 02:35:44	ToPNGpattern: Workdir exists
2022-08-19 02:35:44	ToPNG: Workdir ToPNG
2022-08-19 02:35:44	ToPNG: Workdir exists
2022-08-19 02:35:44	pruebapulmon: Stage stage_DetectorPulmon added
2022-08-19 02:35:44	stage_DetectorPulmon: Workdir stage_DetectorPulmon
2022-08-19 02:35:44	stage_DetectorPulmon: Workdir exists
2022-08-19 02:35:44	stage_DetectorPulmon: Added source stage_ToPNG
2022-08-19 02:35:44	stage_DetectorPulmon: Added building block DetectorPulmonpattern
2022-08-19 02:35:44	DetectorPulmonpattern: Workdir DetectorPulmonpattern
2022-08-19 02:35:44	DetectorPulmonpattern: Workdir exists
2022-08-19 02:35:44	DetectorPulmon: Workdir DetectorPulmon
2022-08-19 02:35:44	DetectorPulmon: Workdir exists
2022-08-19 02:35:44	LAUNCHER: Creating YML file at pruebapulmon/docker-compose.yml
DetectorPulmon
ToPNG
Deidentification
2022-08-19 02:35:44	LAUCHER: deploying virtual containers of workflow pruebapulmon
java -jar Download.jar 276f6c4fd4bbb53e1e3a2b0a9078185206225d7e2381e70fbc59ae02daef445f 515bb9a6f4f8f858f7e1dd3469b93461201ad4a1 1b0063418c5902e5a4eb850df0b62b1f9c575834bbcc2edfdd81573bdbca4d7f 2 1 cinves '/home/domizzi/Documents/PRONACES/puzzle/deployer/app//results/pruebapulmon/catalogs/OtroCat' 69a3dfaf1007f5a923149e389aa01288cc065a9e82cd86b381e652b1b6108e78 true false 1
2022-08-19 02:35:52	pruebapulmon: executing 
{ "catalogname": " OtroCat/pruebapulmon-1660876552634 ", "dispersemode": "IDA", "encryption":"true", "fathers_token":"1b0063418c5902e5a4eb850df0b62b1f9c575834bbcc2edfdd81573bdbca4d7f", "processed": "true" }
10.10.2.93:20500//pub_sub/v1/catalogs/create?access_token=69a3dfaf1007f5a923149e389aa01288cc065a9e82cd86b381e652b1b6108e78
2022-08-19 02:35:52	stage_Deidentification: waiting
2022-08-19 02:35:52	stage_Deidentification: WORKING
2022-08-19 02:35:52	stage_DetectorPulmon: waiting
2022-08-19 02:35:52	stage_Deidentification: has 1 sources
2022-08-19 02:35:52	Deidentificationpattern: waiting
2022-08-19 02:35:52	stage_ToPNG: waiting
2022-08-19 02:35:52	Deidentificationpattern: running
2022-08-19 02:35:52	Deidentificationpattern: executing load balancer
2022-08-19 02:35:53	Deidentificationpattern: load balancer executed in RT = 683 miliseconds
2022-08-19 02:35:53	Deidentification: waiting
2022-08-19 02:35:53	Deidentification: waiting
2022-08-19 02:35:53	Deidentification: running
2022-08-19 02:35:53	Deidentification: running
python3 /code/process_dir.py --input /home/domizzi/Documents/PRONACES/puzzle/deployer/app//results//pruebapulmon/catalogs/OtroCat/CT1 --outfolder '/home/domizzi/Documents/PRONACES/puzzle/deployer/app//results/pruebapulmon/stage_Deidentification/Deidentificationpattern/Deidentification/' --save dicom
python3 /code/process_dir.py --input /home/domizzi/Documents/PRONACES/puzzle/deployer/app//results//pruebapulmon/catalogs/OtroCat/lala --outfolder '/home/domizzi/Documents/PRONACES/puzzle/deployer/app//results/pruebapulmon/stage_Deidentification/Deidentificationpattern/Deidentification/' --save dicom
WARNING No specification, loading default base deid.dicom
WARNING use detect() --> clean() before saving is possible.
WARNING use detect() --> clean() before saving is possible.
python3 /code/process_dir.py --input /home/domizzi/Documents/PRONACES/puzzle/deployer/app//results//pruebapulmon/catalogs/OtroCat/otrocat --outfolder '/home/domizzi/Documents/PRONACES/puzzle/deployer/app//results/pruebapulmon/stage_Deidentification/Deidentificationpattern/Deidentification/' --save dicom
WARNING No specification, loading default base deid.dicom
WARNING Cannot read input file /home/domizzi/Documents/PRONACES/puzzle/deployer/app//results//pruebapulmon/catalogs/OtroCat/lala/1-080.dcm.part, skipping.
WARNING No specification, loading default base deid.dicom
2022-08-19 02:35:55	Deidentification: processed 4096 bytes in ST=0.000000 RT = 2203 miliseconds
2022-08-19 02:35:56	Deidentification: processed 8192 bytes in ST=0.000000 RT = 2711 miliseconds
2022-08-19 02:35:56	Deidentificationpattern: pattern executed in ST = 3396 miliseconds
{ "catalogname": " OtroCat/pruebapulmon-1660876552634/stage_Deidentification-1660876556071 ", "dispersemode": "IDA", "encryption":"true", "fathers_token":"03985ec202f2eb667e8261a60aa1317972a6d80c8c7271c6053f49cd0ec1fdcb", "processed": "true" }
10.10.2.93:20500//pub_sub/v1/catalogs/create?access_token=69a3dfaf1007f5a923149e389aa01288cc065a9e82cd86b381e652b1b6108e78
java -jar Upload.jar 276f6c4fd4bbb53e1e3a2b0a9078185206225d7e2381e70fbc59ae02daef445f 515bb9a6f4f8f858f7e1dd3469b93461201ad4a1 53eec70a4ea2a519e0008ecd1d382aade5a1a05e724a55257ff45c7a68a19263 IDA bob 2 '/home/domizzi/Documents/PRONACES/puzzle/deployer/app//results/pruebapulmon/stage_Deidentification' cinves true 69a3dfaf1007f5a923149e389aa01288cc065a9e82cd86b381e652b1b6108e78 true true 4
2022-08-19 02:36:25	stage_Deidentification: data satage upload in ST = 29043 miliseconds
2022-08-19 02:36:25	stage_Deidentification: stage executed in ST = 32440 miliseconds
2022-08-19 02:36:25	stage_ToPNG: WORKING
2022-08-19 02:36:25	stage_ToPNG: has 1 sources
2022-08-19 02:36:25	ToPNGpattern: waiting
2022-08-19 02:36:25	ToPNGpattern: running
2022-08-19 02:36:25	ToPNGpattern: executing load balancer
2022-08-19 02:36:25	ToPNGpattern: load balancer executed in RT = 711 miliseconds
2022-08-19 02:36:25	ToPNG: waiting
2022-08-19 02:36:25	ToPNG: running
2022-08-19 02:36:25	ToPNG: waiting
2022-08-19 02:36:25	ToPNG: running
python3 /code/dicom2rgb.py /home/domizzi/Documents/PRONACES/puzzle/deployer/app//results/pruebapulmon//stage_Deidentification/Deidentificationpattern/Deidentification/CT1 /home/domizzi/Documents/PRONACES/puzzle/deployer/app//results/pruebapulmon/stage_ToPNG/ToPNGpattern/ToPNG//CT1
python3 /code/dicom2rgb.py /home/domizzi/Documents/PRONACES/puzzle/deployer/app//results/pruebapulmon//stage_Deidentification/Deidentificationpattern/Deidentification/lala /home/domizzi/Documents/PRONACES/puzzle/deployer/app//results/pruebapulmon/stage_ToPNG/ToPNGpattern/ToPNG//lala
/usr/local/lib/python3.7/site-packages/pydicom/filereader.py:353: UserWarning: Expected explicit VR, but found implicit VR - using implicit VR for reading
  warnings.warn(msg + f" - using {found_vr} VR for reading", UserWarning)
python3 /code/dicom2rgb.py /home/domizzi/Documents/PRONACES/puzzle/deployer/app//results/pruebapulmon//stage_Deidentification/Deidentificationpattern/Deidentification/otrocat /home/domizzi/Documents/PRONACES/puzzle/deployer/app//results/pruebapulmon/stage_ToPNG/ToPNGpattern/ToPNG//otrocat
2022-08-19 02:36:32	ToPNG: processed 4096 bytes in ST=0.000000 RT = 6693 miliseconds
2022-08-19 02:36:34	ToPNG: processed 8192 bytes in ST=0.000000 RT = 8830 miliseconds
2022-08-19 02:36:34	ToPNGpattern: pattern executed in ST = 9542 miliseconds
{ "catalogname": " OtroCat/pruebapulmon-1660876552634/stage_ToPNG-1660876594658 ", "dispersemode": "IDA", "encryption":"true", "fathers_token":"03985ec202f2eb667e8261a60aa1317972a6d80c8c7271c6053f49cd0ec1fdcb", "processed": "true" }
10.10.2.93:20500//pub_sub/v1/catalogs/create?access_token=69a3dfaf1007f5a923149e389aa01288cc065a9e82cd86b381e652b1b6108e78
java -jar Upload.jar 276f6c4fd4bbb53e1e3a2b0a9078185206225d7e2381e70fbc59ae02daef445f 515bb9a6f4f8f858f7e1dd3469b93461201ad4a1 e6f2e39cfe9bb6babaede21864d5c6bc43c96d21f488bcc8fea87e3cb468485e IDA bob 2 '/home/domizzi/Documents/PRONACES/puzzle/deployer/app//results/pruebapulmon/stage_ToPNG' cinves true 69a3dfaf1007f5a923149e389aa01288cc065a9e82cd86b381e652b1b6108e78 true true 4
2022-08-19 02:37:03	stage_ToPNG: data satage upload in ST = 28790 miliseconds
2022-08-19 02:37:03	stage_ToPNG: stage executed in ST = 38333 miliseconds
2022-08-19 02:37:03	stage_DetectorPulmon: WORKING
2022-08-19 02:37:03	stage_DetectorPulmon: has 1 sources
2022-08-19 02:37:03	DetectorPulmonpattern: waiting
2022-08-19 02:37:03	DetectorPulmonpattern: running
2022-08-19 02:37:03	DetectorPulmonpattern: executing load balancer
2022-08-19 02:37:04	DetectorPulmonpattern: load balancer executed in RT = 776 miliseconds
2022-08-19 02:37:04	DetectorPulmon: waiting
2022-08-19 02:37:04	DetectorPulmon: waiting
2022-08-19 02:37:04	DetectorPulmon: running
2022-08-19 02:37:04	DetectorPulmon: running
python3 /code/detectorPulmones.py /home/domizzi/Documents/PRONACES/puzzle/deployer/app//results/pruebapulmon//stage_ToPNG/ToPNGpattern/ToPNG/lala /home/domizzi/Documents/PRONACES/puzzle/deployer/app//results/pruebapulmon/stage_DetectorPulmon/DetectorPulmonpattern/DetectorPulmon//lala
python3 /code/detectorPulmones.py /home/domizzi/Documents/PRONACES/puzzle/deployer/app//results/pruebapulmon//stage_ToPNG/ToPNGpattern/ToPNG/CT1 /home/domizzi/Documents/PRONACES/puzzle/deployer/app//results/pruebapulmon/stage_DetectorPulmon/DetectorPulmonpattern/DetectorPulmon//CT1
2022-08-19 02:37:05.247089: W tensorflow/stream_executor/platform/default/dso_loader.cc:64] Could not load dynamic library 'libcudart.so.11.0'; dlerror: libcudart.so.11.0: cannot open shared object file: No such file or directory
2022-08-19 02:37:05.247169: I tensorflow/stream_executor/cuda/cudart_stub.cc:29] Ignore above cudart dlerror if you do not have a GPU set up on your machine.
2022-08-19 02:37:05.304885: W tensorflow/stream_executor/platform/default/dso_loader.cc:64] Could not load dynamic library 'libcudart.so.11.0'; dlerror: libcudart.so.11.0: cannot open shared object file: No such file or directory
2022-08-19 02:37:05.304916: I tensorflow/stream_executor/cuda/cudart_stub.cc:29] Ignore above cudart dlerror if you do not have a GPU set up on your machine.
2022-08-19 02:37:06.748405: I tensorflow/core/platform/cpu_feature_guard.cc:142] This TensorFlow binary is optimized with oneAPI Deep Neural Network Library (oneDNN) to use the following CPU instructions in performance-critical operations:  AVX2 FMA
To enable them in other operations, rebuild TensorFlow with the appropriate compiler flags.
2022-08-19 02:37:06.749656: W tensorflow/stream_executor/platform/default/dso_loader.cc:64] Could not load dynamic library 'libcuda.so.1'; dlerror: libcuda.so.1: cannot open shared object file: No such file or directory
2022-08-19 02:37:06.749696: W tensorflow/stream_executor/cuda/cuda_driver.cc:326] failed call to cuInit: UNKNOWN ERROR (303)
2022-08-19 02:37:06.749728: I tensorflow/stream_executor/cuda/cuda_diagnostics.cc:163] no NVIDIA GPU device is present: /dev/nvidia0 does not exist
2022-08-19 02:37:06.769412: I tensorflow/core/platform/cpu_feature_guard.cc:142] This TensorFlow binary is optimized with oneAPI Deep Neural Network Library (oneDNN) to use the following CPU instructions in performance-critical operations:  AVX2 FMA
To enable them in other operations, rebuild TensorFlow with the appropriate compiler flags.
2022-08-19 02:37:06.770362: W tensorflow/stream_executor/platform/default/dso_loader.cc:64] Could not load dynamic library 'libcuda.so.1'; dlerror: libcuda.so.1: cannot open shared object file: No such file or directory
2022-08-19 02:37:06.770393: W tensorflow/stream_executor/cuda/cuda_driver.cc:326] failed call to cuInit: UNKNOWN ERROR (303)
2022-08-19 02:37:06.770411: I tensorflow/stream_executor/cuda/cuda_diagnostics.cc:163] no NVIDIA GPU device is present: /dev/nvidia0 does not exist
2022-08-19 02:37:09.735869: W tensorflow/core/framework/cpu_allocator_impl.cc:80] Allocation of 963379200 exceeds 10% of free system memory.
2022-08-19 02:37:09.805835: W tensorflow/core/framework/cpu_allocator_impl.cc:80] Allocation of 963379200 exceeds 10% of free system memory.
2022-08-19 02:37:09.895100: W tensorflow/core/framework/cpu_allocator_impl.cc:80] Allocation of 963379200 exceeds 10% of free system memory.
2022-08-19 02:37:09.908771: W tensorflow/core/framework/cpu_allocator_impl.cc:80] Allocation of 963379200 exceeds 10% of free system memory.
WARNING:tensorflow:From /code/models/research/object_detection/utils/model_util.py:57: Tensor.experimental_ref (from tensorflow.python.framework.ops) is deprecated and will be removed in a future version.
Instructions for updating:
Use ref() instead.
WARNING:tensorflow:From /code/models/research/object_detection/utils/model_util.py:57: Tensor.experimental_ref (from tensorflow.python.framework.ops) is deprecated and will be removed in a future version.
Instructions for updating:
Use ref() instead.
2022-08-19 02:37:12.645494: W tensorflow/core/framework/cpu_allocator_impl.cc:80] Allocation of 963379200 exceeds 10% of free system memory.
2022-08-19 02:37:12.749401: W tensorflow/core/framework/cpu_allocator_impl.cc:80] Allocation of 963379200 exceeds 10% of free system memory.
2022-08-19 02:37:13.097598: W tensorflow/core/framework/cpu_allocator_impl.cc:80] Allocation of 963379200 exceeds 10% of free system memory.
2022-08-19 02:37:13.197967: W tensorflow/core/framework/cpu_allocator_impl.cc:80] Allocation of 963379200 exceeds 10% of free system memory.
2022-08-19 02:37:14.875559: W tensorflow/core/framework/cpu_allocator_impl.cc:80] Allocation of 963379200 exceeds 10% of free system memory.
python3 /code/detectorPulmones.py /home/domizzi/Documents/PRONACES/puzzle/deployer/app//results/pruebapulmon//stage_ToPNG/ToPNGpattern/ToPNG/otrocat /home/domizzi/Documents/PRONACES/puzzle/deployer/app//results/pruebapulmon/stage_DetectorPulmon/DetectorPulmonpattern/DetectorPulmon//otrocat
2022-08-19 02:37:17.169194: W tensorflow/stream_executor/platform/default/dso_loader.cc:64] Could not load dynamic library 'libcudart.so.11.0'; dlerror: libcudart.so.11.0: cannot open shared object file: No such file or directory
2022-08-19 02:37:17.169320: I tensorflow/stream_executor/cuda/cudart_stub.cc:29] Ignore above cudart dlerror if you do not have a GPU set up on your machine.
2022-08-19 02:37:19.240066: I tensorflow/core/platform/cpu_feature_guard.cc:142] This TensorFlow binary is optimized with oneAPI Deep Neural Network Library (oneDNN) to use the following CPU instructions in performance-critical operations:  AVX2 FMA
To enable them in other operations, rebuild TensorFlow with the appropriate compiler flags.
2022-08-19 02:37:19.241425: W tensorflow/stream_executor/platform/default/dso_loader.cc:64] Could not load dynamic library 'libcuda.so.1'; dlerror: libcuda.so.1: cannot open shared object file: No such file or directory
2022-08-19 02:37:19.241468: W tensorflow/stream_executor/cuda/cuda_driver.cc:326] failed call to cuInit: UNKNOWN ERROR (303)
2022-08-19 02:37:19.241500: I tensorflow/stream_executor/cuda/cuda_diagnostics.cc:163] no NVIDIA GPU device is present: /dev/nvidia0 does not exist
2022-08-19 02:37:23.041013: W tensorflow/core/framework/cpu_allocator_impl.cc:80] Allocation of 963379200 exceeds 10% of free system memory.
2022-08-19 02:37:23.124631: W tensorflow/core/framework/cpu_allocator_impl.cc:80] Allocation of 963379200 exceeds 10% of free system memory.
WARNING:tensorflow:From /code/models/research/object_detection/utils/model_util.py:57: Tensor.experimental_ref (from tensorflow.python.framework.ops) is deprecated and will be removed in a future version.
Instructions for updating:
Use ref() instead.
2022-08-19 02:37:25.918179: W tensorflow/core/framework/cpu_allocator_impl.cc:80] Allocation of 963379200 exceeds 10% of free system memory.
2022-08-19 02:37:25.997326: W tensorflow/core/framework/cpu_allocator_impl.cc:80] Allocation of 963379200 exceeds 10% of free system memory.
2022-08-19 02:37:28.518038: W tensorflow/core/framework/cpu_allocator_impl.cc:80] Allocation of 963379200 exceeds 10% of free system memory.
/code/detectorPulmones.py:240: RuntimeWarning: More than 20 figures have been opened. Figures created through the pyplot interface (`matplotlib.pyplot.figure`) are retained until explicitly closed and may consume too much memory. (To control this warning, see the rcParam `figure.max_open_warning`).
  plt.figure(figsize=(15,10))
/code/detectorPulmones.py:240: RuntimeWarning: More than 20 figures have been opened. Figures created through the pyplot interface (`matplotlib.pyplot.figure`) are retained until explicitly closed and may consume too much memory. (To control this warning, see the rcParam `figure.max_open_warning`).
  plt.figure(figsize=(15,10))
2022-08-19 02:38:37	DetectorPulmon: processed 8192 bytes in ST=0.000000 RT = 92890 miliseconds
2022-08-19 02:38:53	DetectorPulmon: processed 4096 bytes in ST=0.000000 RT = 109182 miliseconds
2022-08-19 02:38:53	DetectorPulmonpattern: pattern executed in ST = 109959 miliseconds
{ "catalogname": " OtroCat/pruebapulmon-1660876552634/stage_DetectorPulmon-1660876733409 ", "dispersemode": "IDA", "encryption":"true", "fathers_token":"03985ec202f2eb667e8261a60aa1317972a6d80c8c7271c6053f49cd0ec1fdcb", "processed": "true" }
10.10.2.93:20500//pub_sub/v1/catalogs/create?access_token=69a3dfaf1007f5a923149e389aa01288cc065a9e82cd86b381e652b1b6108e78
java -jar Upload.jar 276f6c4fd4bbb53e1e3a2b0a9078185206225d7e2381e70fbc59ae02daef445f 515bb9a6f4f8f858f7e1dd3469b93461201ad4a1 77ed7ab2aa00b4b8dea49316044ea90ebe54d990e5ec51a562c6e8df58219c82 IDA bob 2 '/home/domizzi/Documents/PRONACES/puzzle/deployer/app//results/pruebapulmon/stage_DetectorPulmon' cinves true 69a3dfaf1007f5a923149e389aa01288cc065a9e82cd86b381e652b1b6108e78 true true 4
2022-08-19 02:39:20	stage_DetectorPulmon: data satage upload in ST = 26617 miliseconds
2022-08-19 02:39:20	stage_DetectorPulmon: stage executed in ST = 136578 miliseconds
