2023-07-17 19:26:02	PARSER: Configured single Anonimizacion
2023-07-17 19:26:02	PARSER: Configured single ToRGB
2023-07-17 19:26:02	PARSER: Configured pattern Anonimizacionpattern
2023-07-17 19:26:02	PARSER: Configured pattern ToRGBpattern
2023-07-17 19:26:02	PARSER: Configured stage stage_Anonimizacion
2023-07-17 19:26:02	PARSER: Configured stage stage_ToRGB
2023-07-17 19:26:02	PARSER: Configured workflow pruebalunes
2023-07-17 19:26:02	LAUCHER: Coupling stages and building blocks
2023-07-17 19:26:02	pruebalunes: Workdir pruebalunes
2023-07-17 19:26:02	pruebalunes: Workdir exists
2023-07-17 19:26:02	pruebalunes: Stage stage_Anonimizacion added
2023-07-17 19:26:02	stage_Anonimizacion: Workdir stage_Anonimizacion
2023-07-17 19:26:02	stage_Anonimizacion: Workdir exists
2023-07-17 19:26:02	stage_Anonimizacion: Added sink stage_ToRGB
2023-07-17 19:26:02	stage_Anonimizacion: Added building block Anonimizacionpattern
2023-07-17 19:26:02	Anonimizacionpattern: Workdir Anonimizacionpattern
2023-07-17 19:26:02	Anonimizacionpattern: Workdir exists
2023-07-17 19:26:02	Anonimizacion: Workdir Anonimizacion
2023-07-17 19:26:02	Anonimizacion: Workdir exists
2023-07-17 19:26:02	pruebalunes: Stage stage_ToRGB added
2023-07-17 19:26:02	stage_ToRGB: Workdir stage_ToRGB
2023-07-17 19:26:02	stage_ToRGB: Workdir exists
2023-07-17 19:26:02	stage_ToRGB: Added source stage_Anonimizacion
2023-07-17 19:26:02	stage_ToRGB: Added building block ToRGBpattern
2023-07-17 19:26:02	ToRGBpattern: Workdir ToRGBpattern
2023-07-17 19:26:02	ToRGBpattern: Workdir exists
2023-07-17 19:26:02	ToRGB: Workdir ToRGB
2023-07-17 19:26:02	ToRGB: Workdir exists
2023-07-17 19:26:02	LAUNCHER: Creating YML file at pruebalunes/docker-compose.yml
ToRGB
Anonimizacion
2023-07-17 19:26:02	LAUCHER: deploying virtual containers of workflow pruebalunes
/home/domizzi/Documents/MuyalNezEntregable/CodigoFuente/deployer/app//results/pruebalunes
java -jar Download.jar e5e201cc3ad6866403af5c344e2528398045d1edd4f4373dbc2883b5391a4c6a b022d64cf2dfa4e51e1b0f0f418d4f843ada4889 5ba71e8c9000561b799d0850bf1c38e7aa44b75095caeb6691ddaad20d4dc4d5 2 1 cinves '/home/domizzi/Documents/MuyalNezEntregable/CodigoFuente/deployer/app//results/pruebalunes/catalogs/TESTCATALOG' 2f035d54fb698993ddbe723d29b935ef13a3f4293d99a948c2b96c80ac0e6f4e true false 1
java -jar Download.jar e5e201cc3ad6866403af5c344e2528398045d1edd4f4373dbc2883b5391a4c6a b022d64cf2dfa4e51e1b0f0f418d4f843ada4889 5ba71e8c9000561b799d0850bf1c38e7aa44b75095caeb6691ddaad20d4dc4d5 2 1 cinves '/home/domizzi/Documents/MuyalNezEntregable/CodigoFuente/deployer/app//results/pruebalunes/catalogs/TESTCATALOG' 2f035d54fb698993ddbe723d29b935ef13a3f4293d99a948c2b96c80ac0e6f4e true false 1
2023-07-17 19:26:07	pruebalunes: executing 
{ "catalogname": " TESTCATALOG/pruebalunes-1689621967216 ", "dispersemode": "IDA", "encryption":"true", "fathers_token":"5ba71e8c9000561b799d0850bf1c38e7aa44b75095caeb6691ddaad20d4dc4d5", "processed": "true" }
192.168.1.227:20500//pub_sub/v1/catalogs/create?access_token=2f035d54fb698993ddbe723d29b935ef13a3f4293d99a948c2b96c80ac0e6f4e
2023-07-17 19:26:07	stage_Anonimizacion: waiting
2023-07-17 19:26:07	stage_Anonimizacion: WORKING
2023-07-17 19:26:07	stage_Anonimizacion: has 1 sources
2023-07-17 19:26:07	Anonimizacionpattern: waiting
2023-07-17 19:26:07	Anonimizacionpattern: running
2023-07-17 19:26:07	Anonimizacionpattern: executing load balancer
docker-compose --log-level ERROR -p /home/domizzi/Documents/MuyalNezEntregable/CodigoFuente/deployer/app//results/pruebalunes -f /home/domizzi/Documents/MuyalNezEntregable/CodigoFuente/deployer/app//results/pruebalunes/docker-compose.yml  exec -T lbAnonimizacionpattern  sh -c "./main 2 DL /home/domizzi/Documents/MuyalNezEntregable/CodigoFuente/deployer/app//results//pruebalunes/catalogs/TESTCATALOG "
2023-07-17 19:26:07	stage_ToRGB: waiting
docker-compose --log-level ERROR -p /home/domizzi/Documents/MuyalNezEntregable/CodigoFuente/deployer/app//results/pruebalunes -f /home/domizzi/Documents/MuyalNezEntregable/CodigoFuente/deployer/app//results/pruebalunes/docker-compose.yml  exec -T lbAnonimizacionpattern  sh -c "./main 2 DL /home/domizzi/Documents/MuyalNezEntregable/CodigoFuente/deployer/app//results//pruebalunes/catalogs/TESTCATALOG "
{"result": [["/home/domizzi/Documents/MuyalNezEntregable/CodigoFuente/deployer/app//results//pruebalunes/catalogs/TESTCATALOG/P1"],["/home/domizzi/Documents/MuyalNezEntregable/CodigoFuente/deployer/app//results//pruebalunes/catalogs/TESTCATALOG/P2"]]}
2023-07-17 19:26:07	Anonimizacionpattern: load balancer executed in RT = 646 miliseconds
2023-07-17 19:26:07	Anonimizacion: waiting
2023-07-17 19:26:07	Anonimizacion: running
2023-07-17 19:26:07	Anonimizacion: waiting
2023-07-17 19:26:07	Anonimizacion: running
python3 /code/process_dir.py --input /home/domizzi/Documents/MuyalNezEntregable/CodigoFuente/deployer/app//results//pruebalunes/catalogs/TESTCATALOG/P1 --outfolder "/home/domizzi/Documents/MuyalNezEntregable/CodigoFuente/deployer/app//results/pruebalunes/stage_Anonimizacion/Anonimizacionpattern/Anonimizacion/" --save dicom
docker-compose --log-level ERROR -p /home/domizzi/Documents/MuyalNezEntregable/CodigoFuente/deployer/app//results/pruebalunes -f /home/domizzi/Documents/MuyalNezEntregable/CodigoFuente/deployer/app//results/pruebalunes/docker-compose.yml  exec -T Anonimizacion sh -c "python3 /code/process_dir.py --input /home/domizzi/Documents/MuyalNezEntregable/CodigoFuente/deployer/app//results//pruebalunes/catalogs/TESTCATALOG/P1 --outfolder "/home/domizzi/Documents/MuyalNezEntregable/CodigoFuente/deployer/app//results/pruebalunes/stage_Anonimizacion/Anonimizacionpattern/Anonimizacion/" --save dicom"
python3 /code/process_dir.py --input /home/domizzi/Documents/MuyalNezEntregable/CodigoFuente/deployer/app//results//pruebalunes/catalogs/TESTCATALOG/P2 --outfolder "/home/domizzi/Documents/MuyalNezEntregable/CodigoFuente/deployer/app//results/pruebalunes/stage_Anonimizacion/Anonimizacionpattern/Anonimizacion/" --save dicom
docker-compose --log-level ERROR -p /home/domizzi/Documents/MuyalNezEntregable/CodigoFuente/deployer/app//results/pruebalunes -f /home/domizzi/Documents/MuyalNezEntregable/CodigoFuente/deployer/app//results/pruebalunes/docker-compose.yml  exec -T Anonimizacion sh -c "python3 /code/process_dir.py --input /home/domizzi/Documents/MuyalNezEntregable/CodigoFuente/deployer/app//results//pruebalunes/catalogs/TESTCATALOG/P2 --outfolder "/home/domizzi/Documents/MuyalNezEntregable/CodigoFuente/deployer/app//results/pruebalunes/stage_Anonimizacion/Anonimizacionpattern/Anonimizacion/" --save dicom"
WARNING No specification, loading default base deid.dicom
WARNING No specification, loading default base deid.dicom
2023-07-17 19:26:09	Anonimizacion: processed 4096 bytes in ST=0.000000 RT = 1249 miliseconds
2023-07-17 19:26:09	Anonimizacion: processed 4096 bytes in ST=0.000000 RT = 1274 miliseconds
2023-07-17 19:26:09	Anonimizacionpattern: pattern executed in ST = 1920 miliseconds
{ "catalogname": " TESTCATALOG/pruebalunes-1689621967216/stage_Anonimizacion-1689621969170 ", "dispersemode": "IDA", "encryption":"true", "fathers_token":"8910b01d05d5953065ab80d3a95e1dd770ca9e59b816a662ba191eb88aa0ed3a", "processed": "true" }
192.168.1.227:20500//pub_sub/v1/catalogs/create?access_token=2f035d54fb698993ddbe723d29b935ef13a3f4293d99a948c2b96c80ac0e6f4e
java -jar Upload.jar e5e201cc3ad6866403af5c344e2528398045d1edd4f4373dbc2883b5391a4c6a b022d64cf2dfa4e51e1b0f0f418d4f843ada4889 d89bc8972d1bd768d34532a586a46f144631e281a4307c8e80ca87cf22e4c4f9 IDA bob 2 '/home/domizzi/Documents/MuyalNezEntregable/CodigoFuente/deployer/app//results/pruebalunes/stage_Anonimizacion' cinves true 2f035d54fb698993ddbe723d29b935ef13a3f4293d99a948c2b96c80ac0e6f4e true true 4
java -jar Upload.jar e5e201cc3ad6866403af5c344e2528398045d1edd4f4373dbc2883b5391a4c6a b022d64cf2dfa4e51e1b0f0f418d4f843ada4889 d89bc8972d1bd768d34532a586a46f144631e281a4307c8e80ca87cf22e4c4f9 IDA bob 2 '/home/domizzi/Documents/MuyalNezEntregable/CodigoFuente/deployer/app//results/pruebalunes/stage_Anonimizacion' cinves true 2f035d54fb698993ddbe723d29b935ef13a3f4293d99a948c2b96c80ac0e6f4e true true 4
2023-07-17 19:26:09	stage_Anonimizacion: data satage upload in ST = 360 miliseconds
2023-07-17 19:26:09	stage_ToRGB: WORKING
2023-07-17 19:26:09	stage_Anonimizacion: stage executed in ST = 2281 miliseconds
2023-07-17 19:26:09	stage_ToRGB: has 1 sources
2023-07-17 19:26:09	ToRGBpattern: waiting
2023-07-17 19:26:09	ToRGBpattern: running
2023-07-17 19:26:09	ToRGBpattern: executing load balancer
docker-compose --log-level ERROR -p /home/domizzi/Documents/MuyalNezEntregable/CodigoFuente/deployer/app//results/pruebalunes -f /home/domizzi/Documents/MuyalNezEntregable/CodigoFuente/deployer/app//results/pruebalunes/docker-compose.yml  exec -T lbToRGBpattern  sh -c "./main 2 DL /home/domizzi/Documents/MuyalNezEntregable/CodigoFuente/deployer/app//results/pruebalunes//stage_Anonimizacion/Anonimizacionpattern/Anonimizacion "
docker-compose --log-level ERROR -p /home/domizzi/Documents/MuyalNezEntregable/CodigoFuente/deployer/app//results/pruebalunes -f /home/domizzi/Documents/MuyalNezEntregable/CodigoFuente/deployer/app//results/pruebalunes/docker-compose.yml  exec -T lbToRGBpattern  sh -c "./main 2 DL /home/domizzi/Documents/MuyalNezEntregable/CodigoFuente/deployer/app//results/pruebalunes//stage_Anonimizacion/Anonimizacionpattern/Anonimizacion "
{"result": [["/home/domizzi/Documents/MuyalNezEntregable/CodigoFuente/deployer/app//results/pruebalunes//stage_Anonimizacion/Anonimizacionpattern/Anonimizacion/P1"],["/home/domizzi/Documents/MuyalNezEntregable/CodigoFuente/deployer/app//results/pruebalunes//stage_Anonimizacion/Anonimizacionpattern/Anonimizacion/P2"]]}
2023-07-17 19:26:10	ToRGBpattern: load balancer executed in RT = 703 miliseconds
2023-07-17 19:26:10	ToRGB: waiting
2023-07-17 19:26:10	ToRGB: waiting
2023-07-17 19:26:10	ToRGB: running
2023-07-17 19:26:10	ToRGB: running
python3 /code/dicom2rgb.py /home/domizzi/Documents/MuyalNezEntregable/CodigoFuente/deployer/app//results/pruebalunes//stage_Anonimizacion/Anonimizacionpattern/Anonimizacion/P1 /home/domizzi/Documents/MuyalNezEntregable/CodigoFuente/deployer/app//results/pruebalunes/stage_ToRGB/ToRGBpattern/ToRGB//P1
docker-compose --log-level ERROR -p /home/domizzi/Documents/MuyalNezEntregable/CodigoFuente/deployer/app//results/pruebalunes -f /home/domizzi/Documents/MuyalNezEntregable/CodigoFuente/deployer/app//results/pruebalunes/docker-compose.yml  exec -T ToRGB sh -c "python3 /code/dicom2rgb.py /home/domizzi/Documents/MuyalNezEntregable/CodigoFuente/deployer/app//results/pruebalunes//stage_Anonimizacion/Anonimizacionpattern/Anonimizacion/P1 /home/domizzi/Documents/MuyalNezEntregable/CodigoFuente/deployer/app//results/pruebalunes/stage_ToRGB/ToRGBpattern/ToRGB//P1"
python3 /code/dicom2rgb.py /home/domizzi/Documents/MuyalNezEntregable/CodigoFuente/deployer/app//results/pruebalunes//stage_Anonimizacion/Anonimizacionpattern/Anonimizacion/P2 /home/domizzi/Documents/MuyalNezEntregable/CodigoFuente/deployer/app//results/pruebalunes/stage_ToRGB/ToRGBpattern/ToRGB//P2
docker-compose --log-level ERROR -p /home/domizzi/Documents/MuyalNezEntregable/CodigoFuente/deployer/app//results/pruebalunes -f /home/domizzi/Documents/MuyalNezEntregable/CodigoFuente/deployer/app//results/pruebalunes/docker-compose.yml  exec -T ToRGB sh -c "python3 /code/dicom2rgb.py /home/domizzi/Documents/MuyalNezEntregable/CodigoFuente/deployer/app//results/pruebalunes//stage_Anonimizacion/Anonimizacionpattern/Anonimizacion/P2 /home/domizzi/Documents/MuyalNezEntregable/CodigoFuente/deployer/app//results/pruebalunes/stage_ToRGB/ToRGBpattern/ToRGB//P2"
2023-07-17 19:26:13	ToRGB: processed 4096 bytes in ST=0.000000 RT = 3456 miliseconds
2023-07-17 19:26:13	ToRGB: processed 4096 bytes in ST=0.000000 RT = 3480 miliseconds
2023-07-17 19:26:13	ToRGBpattern: pattern executed in ST = 4185 miliseconds
{ "catalogname": " TESTCATALOG/pruebalunes-1689621967216/stage_ToRGB-1689621973716 ", "dispersemode": "IDA", "encryption":"true", "fathers_token":"8910b01d05d5953065ab80d3a95e1dd770ca9e59b816a662ba191eb88aa0ed3a", "processed": "true" }
192.168.1.227:20500//pub_sub/v1/catalogs/create?access_token=2f035d54fb698993ddbe723d29b935ef13a3f4293d99a948c2b96c80ac0e6f4e
java -jar Upload.jar e5e201cc3ad6866403af5c344e2528398045d1edd4f4373dbc2883b5391a4c6a b022d64cf2dfa4e51e1b0f0f418d4f843ada4889 a7040ef9867d5af7e1e3c5ceba98aa8a9b9f147406066957ff778521ffb1dd15 IDA bob 2 '/home/domizzi/Documents/MuyalNezEntregable/CodigoFuente/deployer/app//results/pruebalunes/stage_ToRGB' cinves true 2f035d54fb698993ddbe723d29b935ef13a3f4293d99a948c2b96c80ac0e6f4e true true 4
java -jar Upload.jar e5e201cc3ad6866403af5c344e2528398045d1edd4f4373dbc2883b5391a4c6a b022d64cf2dfa4e51e1b0f0f418d4f843ada4889 a7040ef9867d5af7e1e3c5ceba98aa8a9b9f147406066957ff778521ffb1dd15 IDA bob 2 '/home/domizzi/Documents/MuyalNezEntregable/CodigoFuente/deployer/app//results/pruebalunes/stage_ToRGB' cinves true 2f035d54fb698993ddbe723d29b935ef13a3f4293d99a948c2b96c80ac0e6f4e true true 4
2023-07-17 19:26:25	stage_ToRGB: data satage upload in ST = 11731 miliseconds
2023-07-17 19:26:25	stage_ToRGB: stage executed in ST = 15917 miliseconds
