2022-08-23 21:54:17	PARSER: Configured single Deidentification
2022-08-23 21:54:17	PARSER: Configured single ToPNG
2022-08-23 21:54:17	PARSER: Configured single DetectorPulmon
2022-08-23 21:54:17	PARSER: Configured pattern Deidentificationpattern
2022-08-23 21:54:17	PARSER: Configured pattern ToPNGpattern
2022-08-23 21:54:17	PARSER: Configured pattern DetectorPulmonpattern
2022-08-23 21:54:17	PARSER: Configured stage stage_Deidentification
2022-08-23 21:54:17	PARSER: Configured stage stage_ToPNG
2022-08-23 21:54:17	PARSER: Configured stage stage_DetectorPulmon
2022-08-23 21:54:17	PARSER: Configured workflow PruebaPuebla
2022-08-23 21:54:17	LAUCHER: Coupling stages and building blocks
2022-08-23 21:54:17	PruebaPuebla: Workdir PruebaPuebla
2022-08-23 21:54:17	PruebaPuebla: Workdir exists
2022-08-23 21:54:17	PruebaPuebla: Stage stage_Deidentification added
2022-08-23 21:54:17	stage_Deidentification: Workdir stage_Deidentification
2022-08-23 21:54:17	stage_Deidentification: Workdir exists
2022-08-23 21:54:17	stage_Deidentification: Added sink stage_ToPNG
2022-08-23 21:54:17	stage_Deidentification: Added building block Deidentificationpattern
2022-08-23 21:54:17	Deidentificationpattern: Workdir Deidentificationpattern
2022-08-23 21:54:17	Deidentificationpattern: Workdir exists
2022-08-23 21:54:17	Deidentification: Workdir Deidentification
2022-08-23 21:54:17	Deidentification: Workdir exists
2022-08-23 21:54:17	PruebaPuebla: Stage stage_ToPNG added
2022-08-23 21:54:17	stage_ToPNG: Workdir stage_ToPNG
2022-08-23 21:54:17	stage_ToPNG: Workdir exists
2022-08-23 21:54:17	stage_ToPNG: Added source stage_Deidentification
2022-08-23 21:54:17	stage_ToPNG: Added sink stage_DetectorPulmon
2022-08-23 21:54:17	stage_ToPNG: Added building block ToPNGpattern
2022-08-23 21:54:17	ToPNGpattern: Workdir ToPNGpattern
2022-08-23 21:54:17	ToPNGpattern: Workdir exists
2022-08-23 21:54:17	ToPNG: Workdir ToPNG
2022-08-23 21:54:17	ToPNG: Workdir exists
2022-08-23 21:54:17	PruebaPuebla: Stage stage_DetectorPulmon added
2022-08-23 21:54:17	stage_DetectorPulmon: Workdir stage_DetectorPulmon
2022-08-23 21:54:17	stage_DetectorPulmon: Workdir exists
2022-08-23 21:54:17	stage_DetectorPulmon: Added source stage_ToPNG
2022-08-23 21:54:17	stage_DetectorPulmon: Added building block DetectorPulmonpattern
2022-08-23 21:54:17	DetectorPulmonpattern: Workdir DetectorPulmonpattern
2022-08-23 21:54:17	DetectorPulmonpattern: Workdir exists
2022-08-23 21:54:17	DetectorPulmon: Workdir DetectorPulmon
2022-08-23 21:54:17	DetectorPulmon: Workdir exists
2022-08-23 21:54:17	LAUNCHER: Creating YML file at PruebaPuebla/docker-compose.yml
DetectorPulmon
ToPNG
Deidentification
2022-08-23 21:54:17	LAUCHER: deploying virtual containers of workflow PruebaPuebla
java -jar Download.jar 34eeb2703e3701662fa639068f08f032906ba4625663d41244f8608726143071 e3ef70e68d07024115430db2534a7735c68eb4f9 1a395247df2ee8fe074807f0c5db431fa6f36fc57688067efb85f7b377a77d40 2 1 cinves '/home/domizzi/Documents/PRONACES/puzzle/deployer/app//results/PruebaPuebla/catalogs/OtroCat' 1da0574d2df35dd4e64392cdd9378c30b082c8c404d73af47798fb9cac544d80 true false 1
2022-08-23 21:54:21	PruebaPuebla: executing 
{ "catalogname": " OtroCat/PruebaPuebla-1661291661310 ", "dispersemode": "IDA", "encryption":"true", "fathers_token":"1a395247df2ee8fe074807f0c5db431fa6f36fc57688067efb85f7b377a77d40", "processed": "true" }
192.168.28.1:20500//pub_sub/v1/catalogs/create?access_token=1da0574d2df35dd4e64392cdd9378c30b082c8c404d73af47798fb9cac544d80
2022-08-23 21:54:21	stage_Deidentification: waiting
2022-08-23 21:54:21	stage_ToPNG: waiting
2022-08-23 21:54:21	stage_Deidentification: WORKING
2022-08-23 21:54:21	stage_Deidentification: has 1 sources
2022-08-23 21:54:21	stage_DetectorPulmon: waiting
2022-08-23 21:54:21	Deidentificationpattern: waiting
2022-08-23 21:54:21	Deidentificationpattern: running
2022-08-23 21:54:21	Deidentificationpattern: executing load balancer
2022-08-23 21:54:22	Deidentificationpattern: load balancer executed in RT = 668 miliseconds
2022-08-23 21:54:22	Deidentification: waiting
2022-08-23 21:54:22	Deidentification: waiting
2022-08-23 21:54:22	Deidentification: running
2022-08-23 21:54:22	Deidentification: running
python3 /code/process_dir.py --input /home/domizzi/Documents/PRONACES/puzzle/deployer/app//results//PruebaPuebla/catalogs/OtroCat/lala --outfolder '/home/domizzi/Documents/PRONACES/puzzle/deployer/app//results/PruebaPuebla/stage_Deidentification/Deidentificationpattern/Deidentification/' --save dicom
python3 /code/process_dir.py --input /home/domizzi/Documents/PRONACES/puzzle/deployer/app//results//PruebaPuebla/catalogs/OtroCat/CT1 --outfolder '/home/domizzi/Documents/PRONACES/puzzle/deployer/app//results/PruebaPuebla/stage_Deidentification/Deidentificationpattern/Deidentification/' --save dicom
WARNING No specification, loading default base deid.dicom
WARNING use detect() --> clean() before saving is possible.
WARNING use detect() --> clean() before saving is possible.
WARNING No specification, loading default base deid.dicom
2022-08-23 21:54:23	Deidentification: processed 4096 bytes in ST=0.000000 RT = 1153 miliseconds
2022-08-23 21:54:23	Deidentification: processed 4096 bytes in ST=0.000000 RT = 1460 miliseconds
2022-08-23 21:54:23	Deidentificationpattern: pattern executed in ST = 2129 miliseconds
{ "catalogname": " OtroCat/PruebaPuebla-1661291661310/stage_Deidentification-1661291663492 ", "dispersemode": "IDA", "encryption":"true", "fathers_token":"29f697cc4fd282a64a5ef6f83b172d07de7bfec388fefa665135f3f4b709e5ef", "processed": "true" }
192.168.28.1:20500//pub_sub/v1/catalogs/create?access_token=1da0574d2df35dd4e64392cdd9378c30b082c8c404d73af47798fb9cac544d80
java -jar Upload.jar 34eeb2703e3701662fa639068f08f032906ba4625663d41244f8608726143071 e3ef70e68d07024115430db2534a7735c68eb4f9 c30898e5497412497cf3ce4b28ce197e66ffd000c82a53998f175a21be29b006 IDA bob 2 '/home/domizzi/Documents/PRONACES/puzzle/deployer/app//results/PruebaPuebla/stage_Deidentification' cinves true 1da0574d2df35dd4e64392cdd9378c30b082c8c404d73af47798fb9cac544d80 true true 4
2022-08-23 21:54:23	stage_Deidentification: data satage upload in ST = 469 miliseconds
2022-08-23 21:54:23	stage_Deidentification: stage executed in ST = 2599 miliseconds
2022-08-23 21:54:23	stage_ToPNG: WORKING
2022-08-23 21:54:23	stage_ToPNG: has 1 sources
2022-08-23 21:54:23	ToPNGpattern: waiting
2022-08-23 21:54:23	ToPNGpattern: running
2022-08-23 21:54:23	ToPNGpattern: executing load balancer
2022-08-23 21:54:24	ToPNGpattern: load balancer executed in RT = 648 miliseconds
2022-08-23 21:54:24	ToPNG: waiting
2022-08-23 21:54:24	ToPNG: waiting
2022-08-23 21:54:24	ToPNG: running
2022-08-23 21:54:24	ToPNG: running
python3 /code/dicom2rgb.py /home/domizzi/Documents/PRONACES/puzzle/deployer/app//results/PruebaPuebla//stage_Deidentification/Deidentificationpattern/Deidentification/lala /home/domizzi/Documents/PRONACES/puzzle/deployer/app//results/PruebaPuebla/stage_ToPNG/ToPNGpattern/ToPNG//lala
python3 /code/dicom2rgb.py /home/domizzi/Documents/PRONACES/puzzle/deployer/app//results/PruebaPuebla//stage_Deidentification/Deidentificationpattern/Deidentification/CT1 /home/domizzi/Documents/PRONACES/puzzle/deployer/app//results/PruebaPuebla/stage_ToPNG/ToPNGpattern/ToPNG//CT1
/usr/local/lib/python3.7/site-packages/pydicom/filereader.py:353: UserWarning: Expected explicit VR, but found implicit VR - using implicit VR for reading
  warnings.warn(msg + f" - using {found_vr} VR for reading", UserWarning)
2022-08-23 21:54:26	ToPNG: processed 4096 bytes in ST=0.000000 RT = 2176 miliseconds
2022-08-23 21:54:28	ToPNG: processed 4096 bytes in ST=0.000000 RT = 3707 miliseconds
2022-08-23 21:54:28	ToPNGpattern: pattern executed in ST = 4356 miliseconds
{ "catalogname": " OtroCat/PruebaPuebla-1661291661310/stage_ToPNG-1661291668318 ", "dispersemode": "IDA", "encryption":"true", "fathers_token":"29f697cc4fd282a64a5ef6f83b172d07de7bfec388fefa665135f3f4b709e5ef", "processed": "true" }
192.168.28.1:20500//pub_sub/v1/catalogs/create?access_token=1da0574d2df35dd4e64392cdd9378c30b082c8c404d73af47798fb9cac544d80
java -jar Upload.jar 34eeb2703e3701662fa639068f08f032906ba4625663d41244f8608726143071 e3ef70e68d07024115430db2534a7735c68eb4f9 1dfa1239c579db18cd8ec60437e1b6f3348ec6a0220c33deedd43034ab628a8b IDA bob 2 '/home/domizzi/Documents/PRONACES/puzzle/deployer/app//results/PruebaPuebla/stage_ToPNG' cinves true 1da0574d2df35dd4e64392cdd9378c30b082c8c404d73af47798fb9cac544d80 true true 4
2022-08-23 21:54:37	stage_ToPNG: data satage upload in ST = 9190 miliseconds
2022-08-23 21:54:37	stage_ToPNG: stage executed in ST = 13546 miliseconds
2022-08-23 21:54:37	stage_DetectorPulmon: WORKING
2022-08-23 21:54:37	stage_DetectorPulmon: has 1 sources
2022-08-23 21:54:37	DetectorPulmonpattern: waiting
2022-08-23 21:54:37	DetectorPulmonpattern: running
2022-08-23 21:54:37	DetectorPulmonpattern: executing load balancer
2022-08-23 21:54:38	DetectorPulmonpattern: load balancer executed in RT = 690 miliseconds
2022-08-23 21:54:38	DetectorPulmon: waiting
2022-08-23 21:54:38	DetectorPulmon: waiting
2022-08-23 21:54:38	DetectorPulmon: running
2022-08-23 21:54:38	DetectorPulmon: running
python3 /code/detectorPulmones.py /home/domizzi/Documents/PRONACES/puzzle/deployer/app//results/PruebaPuebla//stage_ToPNG/ToPNGpattern/ToPNG/lala /home/domizzi/Documents/PRONACES/puzzle/deployer/app//results/PruebaPuebla/stage_DetectorPulmon/DetectorPulmonpattern/DetectorPulmon//lala
python3 /code/detectorPulmones.py /home/domizzi/Documents/PRONACES/puzzle/deployer/app//results/PruebaPuebla//stage_ToPNG/ToPNGpattern/ToPNG/CT1 /home/domizzi/Documents/PRONACES/puzzle/deployer/app//results/PruebaPuebla/stage_DetectorPulmon/DetectorPulmonpattern/DetectorPulmon//CT1
2022-08-23 21:54:39.088293: W tensorflow/stream_executor/platform/default/dso_loader.cc:64] Could not load dynamic library 'libcudart.so.11.0'; dlerror: libcudart.so.11.0: cannot open shared object file: No such file or directory
2022-08-23 21:54:39.088324: I tensorflow/stream_executor/cuda/cudart_stub.cc:29] Ignore above cudart dlerror if you do not have a GPU set up on your machine.
2022-08-23 21:54:39.156662: W tensorflow/stream_executor/platform/default/dso_loader.cc:64] Could not load dynamic library 'libcudart.so.11.0'; dlerror: libcudart.so.11.0: cannot open shared object file: No such file or directory
2022-08-23 21:54:39.156710: I tensorflow/stream_executor/cuda/cudart_stub.cc:29] Ignore above cudart dlerror if you do not have a GPU set up on your machine.
2022-08-23 21:54:40.341989: I tensorflow/core/platform/cpu_feature_guard.cc:142] This TensorFlow binary is optimized with oneAPI Deep Neural Network Library (oneDNN) to use the following CPU instructions in performance-critical operations:  AVX2 FMA
To enable them in other operations, rebuild TensorFlow with the appropriate compiler flags.
2022-08-23 21:54:40.343140: W tensorflow/stream_executor/platform/default/dso_loader.cc:64] Could not load dynamic library 'libcuda.so.1'; dlerror: libcuda.so.1: cannot open shared object file: No such file or directory
2022-08-23 21:54:40.343457: W tensorflow/stream_executor/cuda/cuda_driver.cc:326] failed call to cuInit: UNKNOWN ERROR (303)
2022-08-23 21:54:40.343679: I tensorflow/stream_executor/cuda/cuda_diagnostics.cc:163] no NVIDIA GPU device is present: /dev/nvidia0 does not exist
2022-08-23 21:54:40.531447: I tensorflow/core/platform/cpu_feature_guard.cc:142] This TensorFlow binary is optimized with oneAPI Deep Neural Network Library (oneDNN) to use the following CPU instructions in performance-critical operations:  AVX2 FMA
To enable them in other operations, rebuild TensorFlow with the appropriate compiler flags.
2022-08-23 21:54:40.532371: W tensorflow/stream_executor/platform/default/dso_loader.cc:64] Could not load dynamic library 'libcuda.so.1'; dlerror: libcuda.so.1: cannot open shared object file: No such file or directory
2022-08-23 21:54:40.532400: W tensorflow/stream_executor/cuda/cuda_driver.cc:326] failed call to cuInit: UNKNOWN ERROR (303)
2022-08-23 21:54:40.532424: I tensorflow/stream_executor/cuda/cuda_diagnostics.cc:163] no NVIDIA GPU device is present: /dev/nvidia0 does not exist
2022-08-23 21:54:43.086881: W tensorflow/core/framework/cpu_allocator_impl.cc:80] Allocation of 963379200 exceeds 10% of free system memory.
2022-08-23 21:54:43.175329: W tensorflow/core/framework/cpu_allocator_impl.cc:80] Allocation of 963379200 exceeds 10% of free system memory.
WARNING:tensorflow:From /code/models/research/object_detection/utils/model_util.py:57: Tensor.experimental_ref (from tensorflow.python.framework.ops) is deprecated and will be removed in a future version.
Instructions for updating:
Use ref() instead.
2022-08-23 21:54:43.554294: W tensorflow/core/framework/cpu_allocator_impl.cc:80] Allocation of 963379200 exceeds 10% of free system memory.
2022-08-23 21:54:43.632489: W tensorflow/core/framework/cpu_allocator_impl.cc:80] Allocation of 963379200 exceeds 10% of free system memory.
WARNING:tensorflow:From /code/models/research/object_detection/utils/model_util.py:57: Tensor.experimental_ref (from tensorflow.python.framework.ops) is deprecated and will be removed in a future version.
Instructions for updating:
Use ref() instead.
2022-08-23 21:54:45.420613: W tensorflow/core/framework/cpu_allocator_impl.cc:80] Allocation of 963379200 exceeds 10% of free system memory.
2022-08-23 21:54:45.498850: W tensorflow/core/framework/cpu_allocator_impl.cc:80] Allocation of 963379200 exceeds 10% of free system memory.
2022-08-23 21:54:46.333886: W tensorflow/core/framework/cpu_allocator_impl.cc:80] Allocation of 963379200 exceeds 10% of free system memory.
2022-08-23 21:54:46.431614: W tensorflow/core/framework/cpu_allocator_impl.cc:80] Allocation of 963379200 exceeds 10% of free system memory.
2022-08-23 21:54:47.619054: W tensorflow/core/framework/cpu_allocator_impl.cc:80] Allocation of 963379200 exceeds 10% of free system memory.
/code/detectorPulmones.py:240: RuntimeWarning: More than 20 figures have been opened. Figures created through the pyplot interface (`matplotlib.pyplot.figure`) are retained until explicitly closed and may consume too much memory. (To control this warning, see the rcParam `figure.max_open_warning`).
  plt.figure(figsize=(15,10))
2022-08-23 21:54:48	DetectorPulmon: processed 4096 bytes in ST=0.000000 RT = 10458 miliseconds
2022-08-23 21:55:20	DetectorPulmon: processed 4096 bytes in ST=0.000000 RT = 42184 miliseconds
2022-08-23 21:55:20	DetectorPulmonpattern: pattern executed in ST = 42875 miliseconds
{ "catalogname": " OtroCat/PruebaPuebla-1661291661310/stage_DetectorPulmon-1661291720384 ", "dispersemode": "IDA", "encryption":"true", "fathers_token":"29f697cc4fd282a64a5ef6f83b172d07de7bfec388fefa665135f3f4b709e5ef", "processed": "true" }
192.168.28.1:20500//pub_sub/v1/catalogs/create?access_token=1da0574d2df35dd4e64392cdd9378c30b082c8c404d73af47798fb9cac544d80
java -jar Upload.jar 34eeb2703e3701662fa639068f08f032906ba4625663d41244f8608726143071 e3ef70e68d07024115430db2534a7735c68eb4f9 b07ee9cfe74be21d4f4a76428450fa4f1fd4aa43dc663c794ed553d5d1be103d IDA bob 2 '/home/domizzi/Documents/PRONACES/puzzle/deployer/app//results/PruebaPuebla/stage_DetectorPulmon' cinves true 1da0574d2df35dd4e64392cdd9378c30b082c8c404d73af47798fb9cac544d80 true true 4
2022-08-23 21:55:20	stage_DetectorPulmon: data satage upload in ST = 489 miliseconds
2022-08-23 21:55:20	stage_DetectorPulmon: stage executed in ST = 43364 miliseconds
