2023-02-23 22:14:29	PARSER: Configured single Anonimizacion
2023-02-23 22:14:29	PARSER: Configured single ToRGB
2023-02-23 22:14:29	PARSER: Configured single DetectorPulmon
2023-02-23 22:14:29	PARSER: Configured pattern Anonimizacionpattern
2023-02-23 22:14:29	PARSER: Configured pattern ToRGBpattern
2023-02-23 22:14:29	PARSER: Configured pattern DetectorPulmonpattern
2023-02-23 22:14:29	PARSER: Configured stage stage_Anonimizacion
2023-02-23 22:14:29	PARSER: Configured stage stage_ToRGB
2023-02-23 22:14:29	PARSER: Configured stage stage_DetectorPulmon
2023-02-23 22:14:29	PARSER: Configured workflow Prueba1
2023-02-23 22:14:29	LAUCHER: Coupling stages and building blocks
2023-02-23 22:14:29	Prueba1: Workdir Prueba1
2023-02-23 22:14:29	Prueba1: Workdir exists
2023-02-23 22:14:29	Prueba1: Stage stage_Anonimizacion added
2023-02-23 22:14:29	stage_Anonimizacion: Workdir stage_Anonimizacion
2023-02-23 22:14:29	stage_Anonimizacion: Workdir exists
2023-02-23 22:14:29	stage_Anonimizacion: Added sink stage_ToRGB
2023-02-23 22:14:29	stage_Anonimizacion: Added building block Anonimizacionpattern
2023-02-23 22:14:29	Anonimizacionpattern: Workdir Anonimizacionpattern
2023-02-23 22:14:29	Anonimizacionpattern: Workdir exists
2023-02-23 22:14:29	Anonimizacion: Workdir Anonimizacion
2023-02-23 22:14:29	Anonimizacion: Workdir exists
2023-02-23 22:14:29	Prueba1: Stage stage_ToRGB added
2023-02-23 22:14:29	stage_ToRGB: Workdir stage_ToRGB
2023-02-23 22:14:29	stage_ToRGB: Workdir exists
2023-02-23 22:14:29	stage_ToRGB: Added source stage_Anonimizacion
2023-02-23 22:14:29	stage_ToRGB: Added sink stage_DetectorPulmon
2023-02-23 22:14:29	stage_ToRGB: Added building block ToRGBpattern
2023-02-23 22:14:29	ToRGBpattern: Workdir ToRGBpattern
2023-02-23 22:14:29	ToRGBpattern: Workdir exists
2023-02-23 22:14:29	ToRGB: Workdir ToRGB
2023-02-23 22:14:29	ToRGB: Workdir exists
2023-02-23 22:14:29	Prueba1: Stage stage_DetectorPulmon added
2023-02-23 22:14:29	stage_DetectorPulmon: Workdir stage_DetectorPulmon
2023-02-23 22:14:29	stage_DetectorPulmon: Workdir exists
2023-02-23 22:14:29	stage_DetectorPulmon: Added source stage_ToRGB
2023-02-23 22:14:29	stage_DetectorPulmon: Added building block DetectorPulmonpattern
2023-02-23 22:14:29	DetectorPulmonpattern: Workdir DetectorPulmonpattern
2023-02-23 22:14:29	DetectorPulmonpattern: Workdir exists
2023-02-23 22:14:29	DetectorPulmon: Workdir DetectorPulmon
2023-02-23 22:14:29	DetectorPulmon: Workdir exists
2023-02-23 22:14:29	LAUNCHER: Creating YML file at Prueba1/docker-compose.yml
ToRGB
DetectorPulmon
Anonimizacion
2023-02-23 22:14:29	LAUCHER: deploying virtual containers of workflow Prueba1
/home/domizzi/Documents/Muyal-Ilal-ligero/deployer/app//results/Prueba1
java -jar Download.jar aa86b81b5420f047e4dd11c68244c5c0e7f9d3829566914cc9a5ec399d8ece9c 1dbef3833c5c7137d4096eafc28f4673012b12f0 06ee4a3fa13ce02bc8ebf5b29b5ed03e9ed6ba8a20d64c43e20b7ceb4bab4b81 2 1 cinves '/home/domizzi/Documents/Muyal-Ilal-ligero/deployer/app//results/Prueba1/catalogs/TESTCATALOG' bdc3f892eaa8625df735e43075ab7bc7e5151a3c0f3794043c2d833157ba4a2e true false 1
java -jar Download.jar aa86b81b5420f047e4dd11c68244c5c0e7f9d3829566914cc9a5ec399d8ece9c 1dbef3833c5c7137d4096eafc28f4673012b12f0 06ee4a3fa13ce02bc8ebf5b29b5ed03e9ed6ba8a20d64c43e20b7ceb4bab4b81 2 1 cinves '/home/domizzi/Documents/Muyal-Ilal-ligero/deployer/app//results/Prueba1/catalogs/TESTCATALOG' bdc3f892eaa8625df735e43075ab7bc7e5151a3c0f3794043c2d833157ba4a2e true false 1
2023-02-23 22:14:32	Prueba1: executing 
{ "catalogname": " TESTCATALOG/Prueba1-1677190472162 ", "dispersemode": "IDA", "encryption":"true", "fathers_token":"06ee4a3fa13ce02bc8ebf5b29b5ed03e9ed6ba8a20d64c43e20b7ceb4bab4b81", "processed": "true" }
148.247.204.198:20500//pub_sub/v1/catalogs/create?access_token=bdc3f892eaa8625df735e43075ab7bc7e5151a3c0f3794043c2d833157ba4a2e
2023-02-23 22:14:32	stage_ToRGB: waiting
2023-02-23 22:14:32	stage_DetectorPulmon: waiting
2023-02-23 22:14:32	stage_Anonimizacion: waiting
2023-02-23 22:14:32	stage_Anonimizacion: WORKING
2023-02-23 22:14:32	stage_Anonimizacion: has 1 sources
2023-02-23 22:14:32	Anonimizacionpattern: waiting
2023-02-23 22:14:32	Anonimizacionpattern: running
2023-02-23 22:14:32	Anonimizacionpattern: executing load balancer
docker-compose --log-level ERROR -p /home/domizzi/Documents/Muyal-Ilal-ligero/deployer/app//results/Prueba1 -f /home/domizzi/Documents/Muyal-Ilal-ligero/deployer/app//results/Prueba1/docker-compose.yml  exec -T lbAnonimizacionpattern  sh -c "./main 2 DL /home/domizzi/Documents/Muyal-Ilal-ligero/deployer/app//results//Prueba1/catalogs/TESTCATALOG "
docker-compose --log-level ERROR -p /home/domizzi/Documents/Muyal-Ilal-ligero/deployer/app//results/Prueba1 -f /home/domizzi/Documents/Muyal-Ilal-ligero/deployer/app//results/Prueba1/docker-compose.yml  exec -T lbAnonimizacionpattern  sh -c "./main 2 DL /home/domizzi/Documents/Muyal-Ilal-ligero/deployer/app//results//Prueba1/catalogs/TESTCATALOG "
{"result": [[],["/home/domizzi/Documents/Muyal-Ilal-ligero/deployer/app//results//Prueba1/catalogs/TESTCATALOG/P1"]]}
2023-02-23 22:14:32	Anonimizacionpattern: load balancer executed in RT = 566 miliseconds
2023-02-23 22:14:32	Anonimizacion: waiting
2023-02-23 22:14:32	Anonimizacion: running
2023-02-23 22:14:32	Anonimizacion: waiting
2023-02-23 22:14:32	Anonimizacion: processed 0 bytes in ST=0.000000 RT = 0 miliseconds
2023-02-23 22:14:32	Anonimizacion: running
python3 /code/process_dir.py --input /home/domizzi/Documents/Muyal-Ilal-ligero/deployer/app//results//Prueba1/catalogs/TESTCATALOG/P1 --outfolder "/home/domizzi/Documents/Muyal-Ilal-ligero/deployer/app//results/Prueba1/stage_Anonimizacion/Anonimizacionpattern/Anonimizacion/" --save dicom
docker-compose --log-level ERROR -p /home/domizzi/Documents/Muyal-Ilal-ligero/deployer/app//results/Prueba1 -f /home/domizzi/Documents/Muyal-Ilal-ligero/deployer/app//results/Prueba1/docker-compose.yml  exec -T Anonimizacion sh -c "python3 /code/process_dir.py --input /home/domizzi/Documents/Muyal-Ilal-ligero/deployer/app//results//Prueba1/catalogs/TESTCATALOG/P1 --outfolder "/home/domizzi/Documents/Muyal-Ilal-ligero/deployer/app//results/Prueba1/stage_Anonimizacion/Anonimizacionpattern/Anonimizacion/" --save dicom"
WARNING No specification, loading default base deid.dicom
2023-02-23 22:14:33	Anonimizacion: processed 4096 bytes in ST=0.000000 RT = 1156 miliseconds
2023-02-23 22:14:33	Anonimizacionpattern: pattern executed in ST = 1723 miliseconds
{ "catalogname": " TESTCATALOG/Prueba1-1677190472162/stage_Anonimizacion-1677190473920 ", "dispersemode": "IDA", "encryption":"true", "fathers_token":"b94f875ed189c95836f081518a948c2c10f5bb3c7df75c81e808cebfd302b729", "processed": "true" }
148.247.204.198:20500//pub_sub/v1/catalogs/create?access_token=bdc3f892eaa8625df735e43075ab7bc7e5151a3c0f3794043c2d833157ba4a2e
java -jar Upload.jar aa86b81b5420f047e4dd11c68244c5c0e7f9d3829566914cc9a5ec399d8ece9c 1dbef3833c5c7137d4096eafc28f4673012b12f0 0e721084195b971c9f68f5948c31fa67ec78ecd0275316432abc3462c70e1fcc IDA bob 2 '/home/domizzi/Documents/Muyal-Ilal-ligero/deployer/app//results/Prueba1/stage_Anonimizacion' cinves true bdc3f892eaa8625df735e43075ab7bc7e5151a3c0f3794043c2d833157ba4a2e true true 4
java -jar Upload.jar aa86b81b5420f047e4dd11c68244c5c0e7f9d3829566914cc9a5ec399d8ece9c 1dbef3833c5c7137d4096eafc28f4673012b12f0 0e721084195b971c9f68f5948c31fa67ec78ecd0275316432abc3462c70e1fcc IDA bob 2 '/home/domizzi/Documents/Muyal-Ilal-ligero/deployer/app//results/Prueba1/stage_Anonimizacion' cinves true bdc3f892eaa8625df735e43075ab7bc7e5151a3c0f3794043c2d833157ba4a2e true true 4
2023-02-23 22:14:34	stage_Anonimizacion: data satage upload in ST = 328 miliseconds
2023-02-23 22:14:34	stage_ToRGB: WORKING
2023-02-23 22:14:34	stage_Anonimizacion: stage executed in ST = 2051 miliseconds
2023-02-23 22:14:34	stage_ToRGB: has 1 sources
2023-02-23 22:14:34	ToRGBpattern: waiting
2023-02-23 22:14:34	ToRGBpattern: running
2023-02-23 22:14:34	ToRGBpattern: executing load balancer
docker-compose --log-level ERROR -p /home/domizzi/Documents/Muyal-Ilal-ligero/deployer/app//results/Prueba1 -f /home/domizzi/Documents/Muyal-Ilal-ligero/deployer/app//results/Prueba1/docker-compose.yml  exec -T lbToRGBpattern  sh -c "./main 2 DL /home/domizzi/Documents/Muyal-Ilal-ligero/deployer/app//results/Prueba1//stage_Anonimizacion/Anonimizacionpattern/Anonimizacion "
docker-compose --log-level ERROR -p /home/domizzi/Documents/Muyal-Ilal-ligero/deployer/app//results/Prueba1 -f /home/domizzi/Documents/Muyal-Ilal-ligero/deployer/app//results/Prueba1/docker-compose.yml  exec -T lbToRGBpattern  sh -c "./main 2 DL /home/domizzi/Documents/Muyal-Ilal-ligero/deployer/app//results/Prueba1//stage_Anonimizacion/Anonimizacionpattern/Anonimizacion "
{"result": [["/home/domizzi/Documents/Muyal-Ilal-ligero/deployer/app//results/Prueba1//stage_Anonimizacion/Anonimizacionpattern/Anonimizacion/P1"],[]]}
2023-02-23 22:14:34	ToRGBpattern: load balancer executed in RT = 548 miliseconds
2023-02-23 22:14:34	ToRGB: waiting
2023-02-23 22:14:34	ToRGB: waiting
2023-02-23 22:14:34	ToRGB: running
2023-02-23 22:14:34	ToRGB: running
2023-02-23 22:14:34	ToRGB: processed 0 bytes in ST=0.000000 RT = 0 miliseconds
python3 /code/dicom2rgb.py /home/domizzi/Documents/Muyal-Ilal-ligero/deployer/app//results/Prueba1//stage_Anonimizacion/Anonimizacionpattern/Anonimizacion/P1 /home/domizzi/Documents/Muyal-Ilal-ligero/deployer/app//results/Prueba1/stage_ToRGB/ToRGBpattern/ToRGB//P1
docker-compose --log-level ERROR -p /home/domizzi/Documents/Muyal-Ilal-ligero/deployer/app//results/Prueba1 -f /home/domizzi/Documents/Muyal-Ilal-ligero/deployer/app//results/Prueba1/docker-compose.yml  exec -T ToRGB sh -c "python3 /code/dicom2rgb.py /home/domizzi/Documents/Muyal-Ilal-ligero/deployer/app//results/Prueba1//stage_Anonimizacion/Anonimizacionpattern/Anonimizacion/P1 /home/domizzi/Documents/Muyal-Ilal-ligero/deployer/app//results/Prueba1/stage_ToRGB/ToRGBpattern/ToRGB//P1"
2023-02-23 22:14:37	ToRGB: processed 4096 bytes in ST=0.000000 RT = 3104 miliseconds
2023-02-23 22:14:37	ToRGBpattern: pattern executed in ST = 3652 miliseconds
{ "catalogname": " TESTCATALOG/Prueba1-1677190472162/stage_ToRGB-1677190477901 ", "dispersemode": "IDA", "encryption":"true", "fathers_token":"b94f875ed189c95836f081518a948c2c10f5bb3c7df75c81e808cebfd302b729", "processed": "true" }
148.247.204.198:20500//pub_sub/v1/catalogs/create?access_token=bdc3f892eaa8625df735e43075ab7bc7e5151a3c0f3794043c2d833157ba4a2e
java -jar Upload.jar aa86b81b5420f047e4dd11c68244c5c0e7f9d3829566914cc9a5ec399d8ece9c 1dbef3833c5c7137d4096eafc28f4673012b12f0 13ce786ceef4df5d22efd52e967c589f689dca89df57bf3ba76a1087b1312dd6 IDA bob 2 '/home/domizzi/Documents/Muyal-Ilal-ligero/deployer/app//results/Prueba1/stage_ToRGB' cinves true bdc3f892eaa8625df735e43075ab7bc7e5151a3c0f3794043c2d833157ba4a2e true true 4
java -jar Upload.jar aa86b81b5420f047e4dd11c68244c5c0e7f9d3829566914cc9a5ec399d8ece9c 1dbef3833c5c7137d4096eafc28f4673012b12f0 13ce786ceef4df5d22efd52e967c589f689dca89df57bf3ba76a1087b1312dd6 IDA bob 2 '/home/domizzi/Documents/Muyal-Ilal-ligero/deployer/app//results/Prueba1/stage_ToRGB' cinves true bdc3f892eaa8625df735e43075ab7bc7e5151a3c0f3794043c2d833157ba4a2e true true 4
2023-02-23 22:14:43	stage_ToRGB: data satage upload in ST = 5445 miliseconds
2023-02-23 22:14:43	stage_ToRGB: stage executed in ST = 9098 miliseconds
2023-02-23 22:14:43	stage_DetectorPulmon: WORKING
2023-02-23 22:14:43	stage_DetectorPulmon: has 1 sources
2023-02-23 22:14:43	DetectorPulmonpattern: waiting
2023-02-23 22:14:43	DetectorPulmonpattern: running
2023-02-23 22:14:43	DetectorPulmonpattern: executing load balancer
docker-compose --log-level ERROR -p /home/domizzi/Documents/Muyal-Ilal-ligero/deployer/app//results/Prueba1 -f /home/domizzi/Documents/Muyal-Ilal-ligero/deployer/app//results/Prueba1/docker-compose.yml  exec -T lbDetectorPulmonpattern  sh -c "./main 2 DL /home/domizzi/Documents/Muyal-Ilal-ligero/deployer/app//results/Prueba1//stage_ToRGB/ToRGBpattern/ToRGB "
docker-compose --log-level ERROR -p /home/domizzi/Documents/Muyal-Ilal-ligero/deployer/app//results/Prueba1 -f /home/domizzi/Documents/Muyal-Ilal-ligero/deployer/app//results/Prueba1/docker-compose.yml  exec -T lbDetectorPulmonpattern  sh -c "./main 2 DL /home/domizzi/Documents/Muyal-Ilal-ligero/deployer/app//results/Prueba1//stage_ToRGB/ToRGBpattern/ToRGB "
{"result": [["/home/domizzi/Documents/Muyal-Ilal-ligero/deployer/app//results/Prueba1//stage_ToRGB/ToRGBpattern/ToRGB/P1"],[]]}
2023-02-23 22:14:43	DetectorPulmonpattern: load balancer executed in RT = 550 miliseconds
2023-02-23 22:14:43	DetectorPulmon: waiting
2023-02-23 22:14:432023-02-23 22:14:43		DetectorPulmon: running
DetectorPulmon: waiting
2023-02-23 22:14:43	DetectorPulmon: running
2023-02-23 22:14:43	DetectorPulmon: processed 0 bytes in ST=0.000000 RT = 0 miliseconds
python3 /code/detectorPulmones.py /home/domizzi/Documents/Muyal-Ilal-ligero/deployer/app//results/Prueba1//stage_ToRGB/ToRGBpattern/ToRGB/P1 /home/domizzi/Documents/Muyal-Ilal-ligero/deployer/app//results/Prueba1/stage_DetectorPulmon/DetectorPulmonpattern/DetectorPulmon//P1
docker-compose --log-level ERROR -p /home/domizzi/Documents/Muyal-Ilal-ligero/deployer/app//results/Prueba1 -f /home/domizzi/Documents/Muyal-Ilal-ligero/deployer/app//results/Prueba1/docker-compose.yml  exec -T DetectorPulmon sh -c "python3 /code/detectorPulmones.py /home/domizzi/Documents/Muyal-Ilal-ligero/deployer/app//results/Prueba1//stage_ToRGB/ToRGBpattern/ToRGB/P1 /home/domizzi/Documents/Muyal-Ilal-ligero/deployer/app//results/Prueba1/stage_DetectorPulmon/DetectorPulmonpattern/DetectorPulmon//P1"
2023-02-23 22:14:44.636454: W tensorflow/stream_executor/platform/default/dso_loader.cc:64] Could not load dynamic library 'libcudart.so.11.0'; dlerror: libcudart.so.11.0: cannot open shared object file: No such file or directory
2023-02-23 22:14:44.636515: I tensorflow/stream_executor/cuda/cudart_stub.cc:29] Ignore above cudart dlerror if you do not have a GPU set up on your machine.
2023-02-23 22:14:45.794833: I tensorflow/core/platform/cpu_feature_guard.cc:142] This TensorFlow binary is optimized with oneAPI Deep Neural Network Library (oneDNN) to use the following CPU instructions in performance-critical operations:  AVX2 FMA
To enable them in other operations, rebuild TensorFlow with the appropriate compiler flags.
2023-02-23 22:14:45.795988: W tensorflow/stream_executor/platform/default/dso_loader.cc:64] Could not load dynamic library 'libcuda.so.1'; dlerror: libcuda.so.1: cannot open shared object file: No such file or directory
2023-02-23 22:14:45.796016: W tensorflow/stream_executor/cuda/cuda_driver.cc:326] failed call to cuInit: UNKNOWN ERROR (303)
2023-02-23 22:14:45.796037: I tensorflow/stream_executor/cuda/cuda_diagnostics.cc:156] kernel driver does not appear to be running on this host (67dda3534326): /proc/driver/nvidia/version does not exist
WARNING:tensorflow:From /code/models/research/object_detection/utils/model_util.py:57: Tensor.experimental_ref (from tensorflow.python.framework.ops) is deprecated and will be removed in a future version.
Instructions for updating:
Use ref() instead.
/code/detectorPulmones.py:240: RuntimeWarning: More than 20 figures have been opened. Figures created through the pyplot interface (`matplotlib.pyplot.figure`) are retained until explicitly closed and may consume too much memory. (To control this warning, see the rcParam `figure.max_open_warning`).
  plt.figure(figsize=(15,10))
2023-02-23 22:15:16	DetectorPulmon: processed 4096 bytes in ST=0.000000 RT = 32986 miliseconds
2023-02-23 22:15:16	DetectorPulmonpattern: pattern executed in ST = 33538 miliseconds
{ "catalogname": " TESTCATALOG/Prueba1-1677190472162/stage_DetectorPulmon-1677190516885 ", "dispersemode": "IDA", "encryption":"true", "fathers_token":"b94f875ed189c95836f081518a948c2c10f5bb3c7df75c81e808cebfd302b729", "processed": "true" }
148.247.204.198:20500//pub_sub/v1/catalogs/create?access_token=bdc3f892eaa8625df735e43075ab7bc7e5151a3c0f3794043c2d833157ba4a2e
java -jar Upload.jar aa86b81b5420f047e4dd11c68244c5c0e7f9d3829566914cc9a5ec399d8ece9c 1dbef3833c5c7137d4096eafc28f4673012b12f0 9f6db44dcb19b6c553e05e25f09edf44d4b02e2413eb08a425f2e77633ac8a9e IDA bob 2 '/home/domizzi/Documents/Muyal-Ilal-ligero/deployer/app//results/Prueba1/stage_DetectorPulmon' cinves true bdc3f892eaa8625df735e43075ab7bc7e5151a3c0f3794043c2d833157ba4a2e true true 4
java -jar Upload.jar aa86b81b5420f047e4dd11c68244c5c0e7f9d3829566914cc9a5ec399d8ece9c 1dbef3833c5c7137d4096eafc28f4673012b12f0 9f6db44dcb19b6c553e05e25f09edf44d4b02e2413eb08a425f2e77633ac8a9e IDA bob 2 '/home/domizzi/Documents/Muyal-Ilal-ligero/deployer/app//results/Prueba1/stage_DetectorPulmon' cinves true bdc3f892eaa8625df735e43075ab7bc7e5151a3c0f3794043c2d833157ba4a2e true true 4
2023-02-23 22:15:17	stage_DetectorPulmon: data satage upload in ST = 434 miliseconds
2023-02-23 22:15:17	stage_DetectorPulmon: stage executed in ST = 33972 miliseconds
