2022-09-27 00:19:03	PARSER: Configured single Deidentification
2022-09-27 00:19:03	PARSER: Configured single ToPNG
2022-09-27 00:19:03	PARSER: Configured single DetectorPulmon
2022-09-27 00:19:03	PARSER: Configured pattern Deidentificationpattern
2022-09-27 00:19:03	PARSER: Configured pattern ToPNGpattern
2022-09-27 00:19:03	PARSER: Configured pattern DetectorPulmonpattern
2022-09-27 00:19:03	PARSER: Configured stage stage_Deidentification
2022-09-27 00:19:03	PARSER: Configured stage stage_ToPNG
2022-09-27 00:19:03	PARSER: Configured stage stage_DetectorPulmon
2022-09-27 00:19:03	PARSER: Configured workflow PuzzlePrueba
2022-09-27 00:19:03	LAUCHER: Coupling stages and building blocks
2022-09-27 00:19:03	PuzzlePrueba: Workdir PuzzlePrueba
2022-09-27 00:19:03	PuzzlePrueba: Workdir exists
2022-09-27 00:19:03	PuzzlePrueba: Stage stage_Deidentification added
2022-09-27 00:19:03	stage_Deidentification: Workdir stage_Deidentification
2022-09-27 00:19:03	stage_Deidentification: Workdir exists
2022-09-27 00:19:03	stage_Deidentification: Added sink stage_ToPNG
2022-09-27 00:19:03	stage_Deidentification: Added building block Deidentificationpattern
2022-09-27 00:19:03	Deidentificationpattern: Workdir Deidentificationpattern
2022-09-27 00:19:03	Deidentificationpattern: Workdir exists
2022-09-27 00:19:03	Deidentification: Workdir Deidentification
2022-09-27 00:19:03	Deidentification: Workdir exists
2022-09-27 00:19:03	PuzzlePrueba: Stage stage_ToPNG added
2022-09-27 00:19:03	stage_ToPNG: Workdir stage_ToPNG
2022-09-27 00:19:03	stage_ToPNG: Workdir exists
2022-09-27 00:19:03	stage_ToPNG: Added source stage_Deidentification
2022-09-27 00:19:03	stage_ToPNG: Added sink stage_DetectorPulmon
2022-09-27 00:19:03	stage_ToPNG: Added building block ToPNGpattern
2022-09-27 00:19:03	ToPNGpattern: Workdir ToPNGpattern
2022-09-27 00:19:03	ToPNGpattern: Workdir exists
2022-09-27 00:19:03	ToPNG: Workdir ToPNG
2022-09-27 00:19:03	ToPNG: Workdir exists
2022-09-27 00:19:03	PuzzlePrueba: Stage stage_DetectorPulmon added
2022-09-27 00:19:03	stage_DetectorPulmon: Workdir stage_DetectorPulmon
2022-09-27 00:19:03	stage_DetectorPulmon: Workdir exists
2022-09-27 00:19:03	stage_DetectorPulmon: Added source stage_ToPNG
2022-09-27 00:19:03	stage_DetectorPulmon: Added building block DetectorPulmonpattern
2022-09-27 00:19:03	DetectorPulmonpattern: Workdir DetectorPulmonpattern
2022-09-27 00:19:03	DetectorPulmonpattern: Workdir exists
2022-09-27 00:19:03	DetectorPulmon: Workdir DetectorPulmon
2022-09-27 00:19:03	DetectorPulmon: Workdir exists
2022-09-27 00:19:03	LAUNCHER: Creating YML file at PuzzlePrueba/docker-compose.yml
DetectorPulmon
ToPNG
Deidentification
2022-09-27 00:19:03	LAUCHER: deploying virtual containers of workflow PuzzlePrueba
java -jar Download.jar 6a9ac2be1e48146a675229bec3f2b1a409a1643bcb714a801d00ff7faebf00d4 fbf9acf7898c61c27ca88169a056fecf6f89ae94 b6c16b6341e636471f89b42f0b3600fcba5d6c62df2c72537c7a5b0a230cca75 2 1 cinves '/home/domizzi/Documents/PRONACES/puzzle/deployer/app//results/PuzzlePrueba/catalogs/MyCat' f1177aa780511b8a417ceeb59fd886431d2cc4dc6526a29761cc93e697885188 true false 1
2022-09-27 00:19:06	PuzzlePrueba: executing 
{ "catalogname": " MyCat/PuzzlePrueba-1664237946025 ", "dispersemode": "IDA", "encryption":"true", "fathers_token":"b6c16b6341e636471f89b42f0b3600fcba5d6c62df2c72537c7a5b0a230cca75", "processed": "true" }
192.168.68.116:20500//pub_sub/v1/catalogs/create?access_token=f1177aa780511b8a417ceeb59fd886431d2cc4dc6526a29761cc93e697885188
2022-09-27 00:19:06	stage_Deidentification: waiting
2022-09-27 00:19:06	stage_Deidentification: WORKING
2022-09-27 00:19:06	stage_ToPNG: waiting
2022-09-27 00:19:06	stage_Deidentification: has 1 sources
2022-09-27 00:19:062022-09-27 00:19:06	Deidentificationpattern: waiting
	stage_DetectorPulmon: waiting
2022-09-27 00:19:06	Deidentificationpattern: running
2022-09-27 00:19:06	Deidentificationpattern: executing load balancer
2022-09-27 00:19:06	Deidentificationpattern: load balancer executed in RT = 532 miliseconds
2022-09-27 00:19:06	Deidentification: waiting
2022-09-27 00:19:06	Deidentification: waiting
2022-09-27 00:19:06	Deidentification: running
2022-09-27 00:19:06	Deidentification: running
2022-09-27 00:19:06	Deidentification: processed 0 bytes in ST=0.000000 RT = 0 miliseconds
python3 /code/process_dir.py --input /home/domizzi/Documents/PRONACES/puzzle/deployer/app//results//PuzzlePrueba/catalogs/MyCat/lala --outfolder '/home/domizzi/Documents/PRONACES/puzzle/deployer/app//results/PuzzlePrueba/stage_Deidentification/Deidentificationpattern/Deidentification/' --save dicom
WARNING No specification, loading default base deid.dicom
2022-09-27 00:19:07	Deidentification: processed 4096 bytes in ST=0.000000 RT = 1086 miliseconds
2022-09-27 00:19:07	Deidentificationpattern: pattern executed in ST = 1618 miliseconds
{ "catalogname": " MyCat/PuzzlePrueba-1664237946025/stage_Deidentification-1664237947675 ", "dispersemode": "IDA", "encryption":"true", "fathers_token":"6461c20d4ec69741cd5f53ae1ddbd1a555859ae9d67b09dcb9434e5060d7554d", "processed": "true" }
192.168.68.116:20500//pub_sub/v1/catalogs/create?access_token=f1177aa780511b8a417ceeb59fd886431d2cc4dc6526a29761cc93e697885188
java -jar Upload.jar 6a9ac2be1e48146a675229bec3f2b1a409a1643bcb714a801d00ff7faebf00d4 fbf9acf7898c61c27ca88169a056fecf6f89ae94 053df898af16e222c2662ebf3c3efd635995a3dd3fb4444c8f952768d3ee67ac IDA bob 2 '/home/domizzi/Documents/PRONACES/puzzle/deployer/app//results/PuzzlePrueba/stage_Deidentification' cinves true f1177aa780511b8a417ceeb59fd886431d2cc4dc6526a29761cc93e697885188 true true 4
2022-09-27 00:19:08	stage_Deidentification: data satage upload in ST = 333 miliseconds
2022-09-27 00:19:08	stage_Deidentification: stage executed in ST = 1952 miliseconds
2022-09-27 00:19:08	stage_ToPNG: WORKING
2022-09-27 00:19:08	stage_ToPNG: has 1 sources
2022-09-27 00:19:08	ToPNGpattern: waiting
2022-09-27 00:19:08	ToPNGpattern: running
2022-09-27 00:19:08	ToPNGpattern: executing load balancer
2022-09-27 00:19:08	ToPNGpattern: load balancer executed in RT = 548 miliseconds
2022-09-27 00:19:08	ToPNG: waiting
2022-09-27 00:19:08	ToPNG: running
2022-09-27 00:19:08	ToPNG: waiting
2022-09-27 00:19:08	ToPNG: processed 0 bytes in ST=0.000000 RT = 0 miliseconds
2022-09-27 00:19:08	ToPNG: running
python3 /code/dicom2rgb.py /home/domizzi/Documents/PRONACES/puzzle/deployer/app//results/PuzzlePrueba//stage_Deidentification/Deidentificationpattern/Deidentification/lala /home/domizzi/Documents/PRONACES/puzzle/deployer/app//results/PuzzlePrueba/stage_ToPNG/ToPNGpattern/ToPNG//lala
2022-09-27 00:19:11	ToPNG: processed 4096 bytes in ST=0.000000 RT = 3102 miliseconds
2022-09-27 00:19:11	ToPNGpattern: pattern executed in ST = 3651 miliseconds
{ "catalogname": " MyCat/PuzzlePrueba-1664237946025/stage_ToPNG-1664237951660 ", "dispersemode": "IDA", "encryption":"true", "fathers_token":"6461c20d4ec69741cd5f53ae1ddbd1a555859ae9d67b09dcb9434e5060d7554d", "processed": "true" }
192.168.68.116:20500//pub_sub/v1/catalogs/create?access_token=f1177aa780511b8a417ceeb59fd886431d2cc4dc6526a29761cc93e697885188
java -jar Upload.jar 6a9ac2be1e48146a675229bec3f2b1a409a1643bcb714a801d00ff7faebf00d4 fbf9acf7898c61c27ca88169a056fecf6f89ae94 ec85b8cf9e9ed9d2cbb1c95f2c5560287a052e49ec9b32c3834de2a7f5b63a7c IDA bob 2 '/home/domizzi/Documents/PRONACES/puzzle/deployer/app//results/PuzzlePrueba/stage_ToPNG' cinves true f1177aa780511b8a417ceeb59fd886431d2cc4dc6526a29761cc93e697885188 true true 4
java.lang.IndexOutOfBoundsException: Index 0 out of bounds for length 0
	at java.base/jdk.internal.util.Preconditions.outOfBounds(Preconditions.java:64)
	at java.base/jdk.internal.util.Preconditions.outOfBoundsCheckIndex(Preconditions.java:70)
	at java.base/jdk.internal.util.Preconditions.checkIndex(Preconditions.java:248)
	at java.base/java.util.Objects.checkIndex(Objects.java:372)
	at java.base/java.util.ArrayList.get(ArrayList.java:459)
	at Communication.Communication.delivery(Communication.java:530)
	at mx.cinvestav.tamps.integracion.gui.RobotUploaderWorker.run(RobotUploaderWorker.java:104)
	at mx.cinvestav.tamps.integracion.gui.Work.run(RobotUploaderHelper.java:109)
	at java.base/java.lang.Thread.run(Thread.java:829)
java.lang.IndexOutOfBoundsException: Index 0 out of bounds for length 0
	at java.base/jdk.internal.util.Preconditions.outOfBounds(Preconditions.java:64)
	at java.base/jdk.internal.util.Preconditions.outOfBoundsCheckIndex(Preconditions.java:70)
	at java.base/jdk.internal.util.Preconditions.checkIndex(Preconditions.java:248)
	at java.base/java.util.Objects.checkIndex(Objects.java:372)
	at java.base/java.util.ArrayList.get(ArrayList.java:459)
	at Communication.Communication.delivery(Communication.java:530)
	at mx.cinvestav.tamps.integracion.gui.RobotUploaderWorker.run(RobotUploaderWorker.java:104)
	at mx.cinvestav.tamps.integracion.gui.Work.run(RobotUploaderHelper.java:109)
	at java.base/java.lang.Thread.run(Thread.java:829)
java.lang.IndexOutOfBoundsException: Index 0 out of bounds for length 0
	at java.base/jdk.internal.util.Preconditions.outOfBounds(Preconditions.java:64)
	at java.base/jdk.internal.util.Preconditions.outOfBoundsCheckIndex(Preconditions.java:70)
	at java.base/jdk.internal.util.Preconditions.checkIndex(Preconditions.java:248)
	at java.base/java.util.Objects.checkIndex(Objects.java:372)
	at java.base/java.util.ArrayList.get(ArrayList.java:459)
	at Communication.Communication.delivery(Communication.java:530)
	at mx.cinvestav.tamps.integracion.gui.RobotUploaderWorker.run(RobotUploaderWorker.java:104)
	at mx.cinvestav.tamps.integracion.gui.Work.run(RobotUploaderHelper.java:109)
	at java.base/java.lang.Thread.run(Thread.java:829)
java.lang.IndexOutOfBoundsException: Index 0 out of bounds for length 0
	at java.base/jdk.internal.util.Preconditions.outOfBounds(Preconditions.java:64)
	at java.base/jdk.internal.util.Preconditions.outOfBoundsCheckIndex(Preconditions.java:70)
	at java.base/jdk.internal.util.Preconditions.checkIndex(Preconditions.java:248)
	at java.base/java.util.Objects.checkIndex(Objects.java:372)
	at java.base/java.util.ArrayList.get(ArrayList.java:459)
	at Communication.Communication.delivery(Communication.java:530)
	at mx.cinvestav.tamps.integracion.gui.RobotUploaderWorker.run(RobotUploaderWorker.java:104)
	at mx.cinvestav.tamps.integracion.gui.Work.run(RobotUploaderHelper.java:109)
	at java.base/java.lang.Thread.run(Thread.java:829)
java.lang.IndexOutOfBoundsException: Index 0 out of bounds for length 0
	at java.base/jdk.internal.util.Preconditions.outOfBounds(Preconditions.java:64)
	at java.base/jdk.internal.util.Preconditions.outOfBoundsCheckIndex(Preconditions.java:70)
	at java.base/jdk.internal.util.Preconditions.checkIndex(Preconditions.java:248)
	at java.base/java.util.Objects.checkIndex(Objects.java:372)
	at java.base/java.util.ArrayList.get(ArrayList.java:459)
	at Communication.Communication.delivery(Communication.java:530)
	at mx.cinvestav.tamps.integracion.gui.RobotUploaderWorker.run(RobotUploaderWorker.java:104)
	at mx.cinvestav.tamps.integracion.gui.Work.run(RobotUploaderHelper.java:109)
	at java.base/java.lang.Thread.run(Thread.java:829)
java.lang.IndexOutOfBoundsException: Index 0 out of bounds for length 0
	at java.base/jdk.internal.util.Preconditions.outOfBounds(Preconditions.java:64)
	at java.base/jdk.internal.util.Preconditions.outOfBoundsCheckIndex(Preconditions.java:70)
	at java.base/jdk.internal.util.Preconditions.checkIndex(Preconditions.java:248)
	at java.base/java.util.Objects.checkIndex(Objects.java:372)
	at java.base/java.util.ArrayList.get(ArrayList.java:459)
	at Communication.Communication.delivery(Communication.java:530)
	at mx.cinvestav.tamps.integracion.gui.RobotUploaderWorker.run(RobotUploaderWorker.java:104)
	at mx.cinvestav.tamps.integracion.gui.Work.run(RobotUploaderHelper.java:109)
	at java.base/java.lang.Thread.run(Thread.java:829)
java.lang.IndexOutOfBoundsException: Index 0 out of bounds for length 0
	at java.base/jdk.internal.util.Preconditions.outOfBounds(Preconditions.java:64)
	at java.base/jdk.internal.util.Preconditions.outOfBoundsCheckIndex(Preconditions.java:70)
	at java.base/jdk.internal.util.Preconditions.checkIndex(Preconditions.java:248)
	at java.base/java.util.Objects.checkIndex(Objects.java:372)
	at java.base/java.util.ArrayList.get(ArrayList.java:459)
	at Communication.Communication.delivery(Communication.java:530)
	at mx.cinvestav.tamps.integracion.gui.RobotUploaderWorker.run(RobotUploaderWorker.java:104)
	at mx.cinvestav.tamps.integracion.gui.Work.run(RobotUploaderHelper.java:109)
	at java.base/java.lang.Thread.run(Thread.java:829)
java.lang.IndexOutOfBoundsException: Index 0 out of bounds for length 0
	at java.base/jdk.internal.util.Preconditions.outOfBounds(Preconditions.java:64)
	at java.base/jdk.internal.util.Preconditions.outOfBoundsCheckIndex(Preconditions.java:70)
	at java.base/jdk.internal.util.Preconditions.checkIndex(Preconditions.java:248)
	at java.base/java.util.Objects.checkIndex(Objects.java:372)
	at java.base/java.util.ArrayList.get(ArrayList.java:459)
	at Communication.Communication.delivery(Communication.java:530)
	at mx.cinvestav.tamps.integracion.gui.RobotUploaderWorker.run(RobotUploaderWorker.java:104)
	at mx.cinvestav.tamps.integracion.gui.Work.run(RobotUploaderHelper.java:109)
	at java.base/java.lang.Thread.run(Thread.java:829)
java.lang.IndexOutOfBoundsException: Index 0 out of bounds for length 0
	at java.base/jdk.internal.util.Preconditions.outOfBounds(Preconditions.java:64)
	at java.base/jdk.internal.util.Preconditions.outOfBoundsCheckIndex(Preconditions.java:70)
	at java.base/jdk.internal.util.Preconditions.checkIndex(Preconditions.java:248)
	at java.base/java.util.Objects.checkIndex(Objects.java:372)
	at java.base/java.util.ArrayList.get(ArrayList.java:459)
	at Communication.Communication.delivery(Communication.java:530)
	at mx.cinvestav.tamps.integracion.gui.RobotUploaderWorker.run(RobotUploaderWorker.java:104)
	at mx.cinvestav.tamps.integracion.gui.Work.run(RobotUploaderHelper.java:109)
	at java.base/java.lang.Thread.run(Thread.java:829)
java.lang.IndexOutOfBoundsException: Index 0 out of bounds for length 0
	at java.base/jdk.internal.util.Preconditions.outOfBounds(Preconditions.java:64)
	at java.base/jdk.internal.util.Preconditions.outOfBoundsCheckIndex(Preconditions.java:70)
	at java.base/jdk.internal.util.Preconditions.checkIndex(Preconditions.java:248)
	at java.base/java.util.Objects.checkIndex(Objects.java:372)
	at java.base/java.util.ArrayList.get(ArrayList.java:459)
	at Communication.Communication.delivery(Communication.java:530)
	at mx.cinvestav.tamps.integracion.gui.RobotUploaderWorker.run(RobotUploaderWorker.java:104)
	at mx.cinvestav.tamps.integracion.gui.Work.run(RobotUploaderHelper.java:109)
	at java.base/java.lang.Thread.run(Thread.java:829)
java.lang.IndexOutOfBoundsException: Index 0 out of bounds for length 0
	at java.base/jdk.internal.util.Preconditions.outOfBounds(Preconditions.java:64)
	at java.base/jdk.internal.util.Preconditions.outOfBoundsCheckIndex(Preconditions.java:70)
	at java.base/jdk.internal.util.Preconditions.checkIndex(Preconditions.java:248)
	at java.base/java.util.Objects.checkIndex(Objects.java:372)
	at java.base/java.util.ArrayList.get(ArrayList.java:459)
	at Communication.Communication.delivery(Communication.java:530)
	at mx.cinvestav.tamps.integracion.gui.RobotUploaderWorker.run(RobotUploaderWorker.java:104)
	at mx.cinvestav.tamps.integracion.gui.Work.run(RobotUploaderHelper.java:109)
	at java.base/java.lang.Thread.run(Thread.java:829)
java.lang.IndexOutOfBoundsException: Index 0 out of bounds for length 0
	at java.base/jdk.internal.util.Preconditions.outOfBounds(Preconditions.java:64)
	at java.base/jdk.internal.util.Preconditions.outOfBoundsCheckIndex(Preconditions.java:70)
	at java.base/jdk.internal.util.Preconditions.checkIndex(Preconditions.java:248)
	at java.base/java.util.Objects.checkIndex(Objects.java:372)
	at java.base/java.util.ArrayList.get(ArrayList.java:459)
	at Communication.Communication.delivery(Communication.java:530)
	at mx.cinvestav.tamps.integracion.gui.RobotUploaderWorker.run(RobotUploaderWorker.java:104)
	at mx.cinvestav.tamps.integracion.gui.Work.run(RobotUploaderHelper.java:109)
	at java.base/java.lang.Thread.run(Thread.java:829)
java.lang.IndexOutOfBoundsException: Index 0 out of bounds for length 0
	at java.base/jdk.internal.util.Preconditions.outOfBounds(Preconditions.java:64)
	at java.base/jdk.internal.util.Preconditions.outOfBoundsCheckIndex(Preconditions.java:70)
	at java.base/jdk.internal.util.Preconditions.checkIndex(Preconditions.java:248)
	at java.base/java.util.Objects.checkIndex(Objects.java:372)
	at java.base/java.util.ArrayList.get(ArrayList.java:459)
	at Communication.Communication.delivery(Communication.java:530)
	at mx.cinvestav.tamps.integracion.gui.RobotUploaderWorker.run(RobotUploaderWorker.java:104)
	at mx.cinvestav.tamps.integracion.gui.Work.run(RobotUploaderHelper.java:109)
	at java.base/java.lang.Thread.run(Thread.java:829)
java.lang.IndexOutOfBoundsException: Index 0 out of bounds for length 0
	at java.base/jdk.internal.util.Preconditions.outOfBounds(Preconditions.java:64)
	at java.base/jdk.internal.util.Preconditions.outOfBoundsCheckIndex(Preconditions.java:70)
	at java.base/jdk.internal.util.Preconditions.checkIndex(Preconditions.java:248)
	at java.base/java.util.Objects.checkIndex(Objects.java:372)
	at java.base/java.util.ArrayList.get(ArrayList.java:459)
	at Communication.Communication.delivery(Communication.java:530)
	at mx.cinvestav.tamps.integracion.gui.RobotUploaderWorker.run(RobotUploaderWorker.java:104)
	at mx.cinvestav.tamps.integracion.gui.Work.run(RobotUploaderHelper.java:109)
	at java.base/java.lang.Thread.run(Thread.java:829)
java.lang.IndexOutOfBoundsException: Index 0 out of bounds for length 0
	at java.base/jdk.internal.util.Preconditions.outOfBounds(Preconditions.java:64)
	at java.base/jdk.internal.util.Preconditions.outOfBoundsCheckIndex(Preconditions.java:70)
	at java.base/jdk.internal.util.Preconditions.checkIndex(Preconditions.java:248)
	at java.base/java.util.Objects.checkIndex(Objects.java:372)
	at java.base/java.util.ArrayList.get(ArrayList.java:459)
	at Communication.Communication.delivery(Communication.java:530)
	at mx.cinvestav.tamps.integracion.gui.RobotUploaderWorker.run(RobotUploaderWorker.java:104)
	at mx.cinvestav.tamps.integracion.gui.Work.run(RobotUploaderHelper.java:109)
	at java.base/java.lang.Thread.run(Thread.java:829)
java.lang.IndexOutOfBoundsException: Index 0 out of bounds for length 0
	at java.base/jdk.internal.util.Preconditions.outOfBounds(Preconditions.java:64)
	at java.base/jdk.internal.util.Preconditions.outOfBoundsCheckIndex(Preconditions.java:70)
	at java.base/jdk.internal.util.Preconditions.checkIndex(Preconditions.java:248)
	at java.base/java.util.Objects.checkIndex(Objects.java:372)
	at java.base/java.util.ArrayList.get(ArrayList.java:459)
	at Communication.Communication.delivery(Communication.java:530)
	at mx.cinvestav.tamps.integracion.gui.RobotUploaderWorker.run(RobotUploaderWorker.java:104)
	at mx.cinvestav.tamps.integracion.gui.Work.run(RobotUploaderHelper.java:109)
	at java.base/java.lang.Thread.run(Thread.java:829)
java.lang.IndexOutOfBoundsException: Index 0 out of bounds for length 0
	at java.base/jdk.internal.util.Preconditions.outOfBounds(Preconditions.java:64)
	at java.base/jdk.internal.util.Preconditions.outOfBoundsCheckIndex(Preconditions.java:70)
	at java.base/jdk.internal.util.Preconditions.checkIndex(Preconditions.java:248)
	at java.base/java.util.Objects.checkIndex(Objects.java:372)
	at java.base/java.util.ArrayList.get(ArrayList.java:459)
	at Communication.Communication.delivery(Communication.java:530)
	at mx.cinvestav.tamps.integracion.gui.RobotUploaderWorker.run(RobotUploaderWorker.java:104)
	at mx.cinvestav.tamps.integracion.gui.Work.run(RobotUploaderHelper.java:109)
	at java.base/java.lang.Thread.run(Thread.java:829)
java.lang.IndexOutOfBoundsException: Index 0 out of bounds for length 0
	at java.base/jdk.internal.util.Preconditions.outOfBounds(Preconditions.java:64)
	at java.base/jdk.internal.util.Preconditions.outOfBoundsCheckIndex(Preconditions.java:70)
	at java.base/jdk.internal.util.Preconditions.checkIndex(Preconditions.java:248)
	at java.base/java.util.Objects.checkIndex(Objects.java:372)
	at java.base/java.util.ArrayList.get(ArrayList.java:459)
	at Communication.Communication.delivery(Communication.java:530)
	at mx.cinvestav.tamps.integracion.gui.RobotUploaderWorker.run(RobotUploaderWorker.java:104)
	at mx.cinvestav.tamps.integracion.gui.Work.run(RobotUploaderHelper.java:109)
	at java.base/java.lang.Thread.run(Thread.java:829)
java.lang.IndexOutOfBoundsException: Index 0 out of bounds for length 0
	at java.base/jdk.internal.util.Preconditions.outOfBounds(Preconditions.java:64)
	at java.base/jdk.internal.util.Preconditions.outOfBoundsCheckIndex(Preconditions.java:70)
	at java.base/jdk.internal.util.Preconditions.checkIndex(Preconditions.java:248)
	at java.base/java.util.Objects.checkIndex(Objects.java:372)
	at java.base/java.util.ArrayList.get(ArrayList.java:459)
	at Communication.Communication.delivery(Communication.java:530)
	at mx.cinvestav.tamps.integracion.gui.RobotUploaderWorker.run(RobotUploaderWorker.java:104)
	at mx.cinvestav.tamps.integracion.gui.Work.run(RobotUploaderHelper.java:109)
	at java.base/java.lang.Thread.run(Thread.java:829)
java.lang.IndexOutOfBoundsException: Index 0 out of bounds for length 0
	at java.base/jdk.internal.util.Preconditions.outOfBounds(Preconditions.java:64)
	at java.base/jdk.internal.util.Preconditions.outOfBoundsCheckIndex(Preconditions.java:70)
	at java.base/jdk.internal.util.Preconditions.checkIndex(Preconditions.java:248)
	at java.base/java.util.Objects.checkIndex(Objects.java:372)
	at java.base/java.util.ArrayList.get(ArrayList.java:459)
	at Communication.Communication.delivery(Communication.java:530)
	at mx.cinvestav.tamps.integracion.gui.RobotUploaderWorker.run(RobotUploaderWorker.java:104)
	at mx.cinvestav.tamps.integracion.gui.Work.run(RobotUploaderHelper.java:109)
	at java.base/java.lang.Thread.run(Thread.java:829)
java.lang.IndexOutOfBoundsException: Index 0 out of bounds for length 0
	at java.base/jdk.internal.util.Preconditions.outOfBounds(Preconditions.java:64)
	at java.base/jdk.internal.util.Preconditions.outOfBoundsCheckIndex(Preconditions.java:70)
	at java.base/jdk.internal.util.Preconditions.checkIndex(Preconditions.java:248)
	at java.base/java.util.Objects.checkIndex(Objects.java:372)
	at java.base/java.util.ArrayList.get(ArrayList.java:459)
	at Communication.Communication.delivery(Communication.java:530)
	at mx.cinvestav.tamps.integracion.gui.RobotUploaderWorker.run(RobotUploaderWorker.java:104)
	at mx.cinvestav.tamps.integracion.gui.Work.run(RobotUploaderHelper.java:109)
	at java.base/java.lang.Thread.run(Thread.java:829)
java.lang.IndexOutOfBoundsException: Index 0 out of bounds for length 0
	at java.base/jdk.internal.util.Preconditions.outOfBounds(Preconditions.java:64)
	at java.base/jdk.internal.util.Preconditions.outOfBoundsCheckIndex(Preconditions.java:70)
	at java.base/jdk.internal.util.Preconditions.checkIndex(Preconditions.java:248)
	at java.base/java.util.Objects.checkIndex(Objects.java:372)
	at java.base/java.util.ArrayList.get(ArrayList.java:459)
	at Communication.Communication.delivery(Communication.java:530)
	at mx.cinvestav.tamps.integracion.gui.RobotUploaderWorker.run(RobotUploaderWorker.java:104)
	at mx.cinvestav.tamps.integracion.gui.Work.run(RobotUploaderHelper.java:109)
	at java.base/java.lang.Thread.run(Thread.java:829)
2022-09-27 00:19:13	stage_ToPNG: data satage upload in ST = 2217 miliseconds
2022-09-27 00:19:13	stage_ToPNG: stage executed in ST = 5869 miliseconds
2022-09-27 00:19:13	stage_DetectorPulmon: WORKING
2022-09-27 00:19:13	stage_DetectorPulmon: has 1 sources
2022-09-27 00:19:13	DetectorPulmonpattern: waiting
2022-09-27 00:19:13	DetectorPulmonpattern: running
2022-09-27 00:19:13	DetectorPulmonpattern: executing load balancer
2022-09-27 00:19:14	DetectorPulmonpattern: load balancer executed in RT = 552 miliseconds
2022-09-27 00:19:14	DetectorPulmon: waiting
2022-09-27 00:19:14	DetectorPulmon: waiting
2022-09-27 00:19:14	DetectorPulmon: running
2022-09-27 00:19:14	DetectorPulmon: running
2022-09-27 00:19:14	DetectorPulmon: processed 0 bytes in ST=0.000000 RT = 0 miliseconds
python3 /code/detectorPulmones.py /home/domizzi/Documents/PRONACES/puzzle/deployer/app//results/PuzzlePrueba//stage_ToPNG/ToPNGpattern/ToPNG/lala /home/domizzi/Documents/PRONACES/puzzle/deployer/app//results/PuzzlePrueba/stage_DetectorPulmon/DetectorPulmonpattern/DetectorPulmon//lala
2022-09-27 00:19:15.172016: W tensorflow/stream_executor/platform/default/dso_loader.cc:64] Could not load dynamic library 'libcudart.so.11.0'; dlerror: libcudart.so.11.0: cannot open shared object file: No such file or directory
2022-09-27 00:19:15.172081: I tensorflow/stream_executor/cuda/cudart_stub.cc:29] Ignore above cudart dlerror if you do not have a GPU set up on your machine.
2022-09-27 00:19:16.341303: I tensorflow/core/platform/cpu_feature_guard.cc:142] This TensorFlow binary is optimized with oneAPI Deep Neural Network Library (oneDNN) to use the following CPU instructions in performance-critical operations:  AVX2 FMA
To enable them in other operations, rebuild TensorFlow with the appropriate compiler flags.
2022-09-27 00:19:16.342586: W tensorflow/stream_executor/platform/default/dso_loader.cc:64] Could not load dynamic library 'libcuda.so.1'; dlerror: libcuda.so.1: cannot open shared object file: No such file or directory
2022-09-27 00:19:16.342611: W tensorflow/stream_executor/cuda/cuda_driver.cc:326] failed call to cuInit: UNKNOWN ERROR (303)
2022-09-27 00:19:16.342633: I tensorflow/stream_executor/cuda/cuda_diagnostics.cc:163] no NVIDIA GPU device is present: /dev/nvidia0 does not exist
WARNING:tensorflow:From /code/models/research/object_detection/utils/model_util.py:57: Tensor.experimental_ref (from tensorflow.python.framework.ops) is deprecated and will be removed in a future version.
Instructions for updating:
Use ref() instead.
/code/detectorPulmones.py:240: RuntimeWarning: More than 20 figures have been opened. Figures created through the pyplot interface (`matplotlib.pyplot.figure`) are retained until explicitly closed and may consume too much memory. (To control this warning, see the rcParam `figure.max_open_warning`).
  plt.figure(figsize=(15,10))
2022-09-27 00:19:49	DetectorPulmon: processed 4096 bytes in ST=0.000000 RT = 34973 miliseconds
2022-09-27 00:19:49	DetectorPulmonpattern: pattern executed in ST = 35525 miliseconds
{ "catalogname": " MyCat/PuzzlePrueba-1664237946025/stage_DetectorPulmon-1664237989404 ", "dispersemode": "IDA", "encryption":"true", "fathers_token":"6461c20d4ec69741cd5f53ae1ddbd1a555859ae9d67b09dcb9434e5060d7554d", "processed": "true" }
192.168.68.116:20500//pub_sub/v1/catalogs/create?access_token=f1177aa780511b8a417ceeb59fd886431d2cc4dc6526a29761cc93e697885188
java -jar Upload.jar 6a9ac2be1e48146a675229bec3f2b1a409a1643bcb714a801d00ff7faebf00d4 fbf9acf7898c61c27ca88169a056fecf6f89ae94 2aa00f89d34b2dbee673dc2ea78b1166feda11ed21187effbe0abd30ba9fd2f7 IDA bob 2 '/home/domizzi/Documents/PRONACES/puzzle/deployer/app//results/PuzzlePrueba/stage_DetectorPulmon' cinves true f1177aa780511b8a417ceeb59fd886431d2cc4dc6526a29761cc93e697885188 true true 4
2022-09-27 00:19:49	stage_DetectorPulmon: data satage upload in ST = 364 miliseconds
2022-09-27 00:19:49	stage_DetectorPulmon: stage executed in ST = 35890 miliseconds
