2022-09-27 14:16:50	PARSER: Configured single Deidentification
2022-09-27 14:16:50	PARSER: Configured single ToPNG
2022-09-27 14:16:50	PARSER: Configured single DetectorPulmon
2022-09-27 14:16:50	PARSER: Configured pattern Deidentificationpattern
2022-09-27 14:16:50	PARSER: Configured pattern ToPNGpattern
2022-09-27 14:16:50	PARSER: Configured pattern DetectorPulmonpattern
2022-09-27 14:16:50	PARSER: Configured stage stage_Deidentification
2022-09-27 14:16:50	PARSER: Configured stage stage_ToPNG
2022-09-27 14:16:50	PARSER: Configured stage stage_DetectorPulmon
2022-09-27 14:16:50	PARSER: Configured workflow PuzzlePrueba
2022-09-27 14:16:50	LAUCHER: Coupling stages and building blocks
2022-09-27 14:16:50	PuzzlePrueba: Workdir PuzzlePrueba
2022-09-27 14:16:50	PuzzlePrueba: Workdir exists
2022-09-27 14:16:50	PuzzlePrueba: Stage stage_Deidentification added
2022-09-27 14:16:50	stage_Deidentification: Workdir stage_Deidentification
2022-09-27 14:16:50	stage_Deidentification: Workdir exists
2022-09-27 14:16:50	stage_Deidentification: Added sink stage_ToPNG
2022-09-27 14:16:50	stage_Deidentification: Added building block Deidentificationpattern
2022-09-27 14:16:50	Deidentificationpattern: Workdir Deidentificationpattern
2022-09-27 14:16:50	Deidentificationpattern: Workdir exists
2022-09-27 14:16:50	Deidentification: Workdir Deidentification
2022-09-27 14:16:50	Deidentification: Workdir exists
2022-09-27 14:16:50	PuzzlePrueba: Stage stage_ToPNG added
2022-09-27 14:16:50	stage_ToPNG: Workdir stage_ToPNG
2022-09-27 14:16:50	stage_ToPNG: Workdir exists
2022-09-27 14:16:50	stage_ToPNG: Added source stage_Deidentification
2022-09-27 14:16:50	stage_ToPNG: Added sink stage_DetectorPulmon
2022-09-27 14:16:50	stage_ToPNG: Added building block ToPNGpattern
2022-09-27 14:16:50	ToPNGpattern: Workdir ToPNGpattern
2022-09-27 14:16:50	ToPNGpattern: Workdir exists
2022-09-27 14:16:50	ToPNG: Workdir ToPNG
2022-09-27 14:16:50	ToPNG: Workdir exists
2022-09-27 14:16:50	PuzzlePrueba: Stage stage_DetectorPulmon added
2022-09-27 14:16:50	stage_DetectorPulmon: Workdir stage_DetectorPulmon
2022-09-27 14:16:50	stage_DetectorPulmon: Workdir exists
2022-09-27 14:16:50	stage_DetectorPulmon: Added source stage_ToPNG
2022-09-27 14:16:50	stage_DetectorPulmon: Added building block DetectorPulmonpattern
2022-09-27 14:16:50	DetectorPulmonpattern: Workdir DetectorPulmonpattern
2022-09-27 14:16:50	DetectorPulmonpattern: Workdir exists
2022-09-27 14:16:50	DetectorPulmon: Workdir DetectorPulmon
2022-09-27 14:16:50	DetectorPulmon: Workdir exists
2022-09-27 14:16:50	LAUNCHER: Creating YML file at PuzzlePrueba/docker-compose.yml
DetectorPulmon
ToPNG
Deidentification
2022-09-27 14:16:50	LAUCHER: deploying virtual containers of workflow PuzzlePrueba
java -jar Download.jar 6a9ac2be1e48146a675229bec3f2b1a409a1643bcb714a801d00ff7faebf00d4 fbf9acf7898c61c27ca88169a056fecf6f89ae94 b6c16b6341e636471f89b42f0b3600fcba5d6c62df2c72537c7a5b0a230cca75 2 1 cinves '/home/domizzi/Documents/PRONACES/puzzle/deployer/app//results/PuzzlePrueba/catalogs/MyCat' f1177aa780511b8a417ceeb59fd886431d2cc4dc6526a29761cc93e697885188 true false 1
2022-09-27 14:17:10	PuzzlePrueba: executing 
{ "catalogname": " MyCat/PuzzlePrueba-1664288230217 ", "dispersemode": "IDA", "encryption":"true", "fathers_token":"b6c16b6341e636471f89b42f0b3600fcba5d6c62df2c72537c7a5b0a230cca75", "processed": "true" }
148.247.204.224:20500//pub_sub/v1/catalogs/create?access_token=f1177aa780511b8a417ceeb59fd886431d2cc4dc6526a29761cc93e697885188
2022-09-27 14:17:10	stage_ToPNG: waiting
2022-09-27 14:17:10	stage_Deidentification: waiting
2022-09-27 14:17:10	stage_Deidentification: WORKING
2022-09-27 14:17:10	stage_Deidentification: has 1 sources
2022-09-27 14:17:10	Deidentificationpattern: waiting
2022-09-27 14:17:10	Deidentificationpattern: running
2022-09-27 14:17:10	Deidentificationpattern: executing load balancer
2022-09-27 14:17:10	stage_DetectorPulmon: waiting
2022-09-27 14:17:11	Deidentificationpattern: load balancer executed in RT = 1253 miliseconds
2022-09-27 14:17:11	Deidentification: waiting
2022-09-27 14:17:11	Deidentification: running
python3 /code/process_dir.py --input /home/domizzi/Documents/PRONACES/puzzle/deployer/app//results//PuzzlePrueba/catalogs/MyCat/P1 --outfolder '/home/domizzi/Documents/PRONACES/puzzle/deployer/app//results/PuzzlePrueba/stage_Deidentification/Deidentificationpattern/Deidentification/' --save dicom
2022-09-27 14:17:11	Deidentification: waiting
2022-09-27 14:17:11	Deidentification: running
python3 /code/process_dir.py --input /home/domizzi/Documents/PRONACES/puzzle/deployer/app//results//PuzzlePrueba/catalogs/MyCat/lala --outfolder '/home/domizzi/Documents/PRONACES/puzzle/deployer/app//results/PuzzlePrueba/stage_Deidentification/Deidentificationpattern/Deidentification/' --save dicom
WARNING No specification, loading default base deid.dicom
WARNING No specification, loading default base deid.dicom
2022-09-27 14:17:14	Deidentification: processed 4096 bytes in ST=0.000000 RT = 2675 miliseconds
2022-09-27 14:17:16	Deidentification: processed 4096 bytes in ST=0.000000 RT = 5442 miliseconds
2022-09-27 14:17:16	Deidentificationpattern: pattern executed in ST = 6701 miliseconds
{ "catalogname": " MyCat/PuzzlePrueba-1664288230217/stage_Deidentification-1664288236957 ", "dispersemode": "IDA", "encryption":"true", "fathers_token":"a9b8f812a2429dfc55f1d8672255e4ba4ed6fa7831b003f806bbeb82ba650b5a", "processed": "true" }
148.247.204.224:20500//pub_sub/v1/catalogs/create?access_token=f1177aa780511b8a417ceeb59fd886431d2cc4dc6526a29761cc93e697885188
java -jar Upload.jar 6a9ac2be1e48146a675229bec3f2b1a409a1643bcb714a801d00ff7faebf00d4 fbf9acf7898c61c27ca88169a056fecf6f89ae94 e9f31adce06a287f5f70e145452e4c96dba11d796febab772871ea8e7d994c34 IDA bob 2 '/home/domizzi/Documents/PRONACES/puzzle/deployer/app//results/PuzzlePrueba/stage_Deidentification' cinves true f1177aa780511b8a417ceeb59fd886431d2cc4dc6526a29761cc93e697885188 true true 4
2022-09-27 14:17:18	stage_Deidentification: data satage upload in ST = 1168 miliseconds
2022-09-27 14:17:18	stage_Deidentification: stage executed in ST = 7869 miliseconds
2022-09-27 14:17:18	stage_ToPNG: WORKING
2022-09-27 14:17:18	stage_ToPNG: has 1 sources
2022-09-27 14:17:18	ToPNGpattern: waiting
2022-09-27 14:17:18	ToPNGpattern: running
2022-09-27 14:17:18	ToPNGpattern: executing load balancer
2022-09-27 14:17:19	ToPNGpattern: load balancer executed in RT = 1113 miliseconds
2022-09-27 14:17:19	ToPNG: waiting
2022-09-27 14:17:19	ToPNG: running
python3 /code/dicom2rgb.py /home/domizzi/Documents/PRONACES/puzzle/deployer/app//results/PuzzlePrueba//stage_Deidentification/Deidentificationpattern/Deidentification/lala /home/domizzi/Documents/PRONACES/puzzle/deployer/app//results/PuzzlePrueba/stage_ToPNG/ToPNGpattern/ToPNG//lala
2022-09-27 14:17:19	ToPNG: waiting
2022-09-27 14:17:19	ToPNG: running
python3 /code/dicom2rgb.py /home/domizzi/Documents/PRONACES/puzzle/deployer/app//results/PuzzlePrueba//stage_Deidentification/Deidentificationpattern/Deidentification/P1 /home/domizzi/Documents/PRONACES/puzzle/deployer/app//results/PuzzlePrueba/stage_ToPNG/ToPNGpattern/ToPNG//P1
2022-09-27 14:17:25	ToPNG: processed 4096 bytes in ST=0.000000 RT = 6104 miliseconds
2022-09-27 14:17:37	ToPNG: processed 4096 bytes in ST=0.000000 RT = 18150 miliseconds
2022-09-27 14:17:37	ToPNGpattern: pattern executed in ST = 19266 miliseconds
{ "catalogname": " MyCat/PuzzlePrueba-1664288230217/stage_ToPNG-1664288257393 ", "dispersemode": "IDA", "encryption":"true", "fathers_token":"a9b8f812a2429dfc55f1d8672255e4ba4ed6fa7831b003f806bbeb82ba650b5a", "processed": "true" }
148.247.204.224:20500//pub_sub/v1/catalogs/create?access_token=f1177aa780511b8a417ceeb59fd886431d2cc4dc6526a29761cc93e697885188
java -jar Upload.jar 6a9ac2be1e48146a675229bec3f2b1a409a1643bcb714a801d00ff7faebf00d4 fbf9acf7898c61c27ca88169a056fecf6f89ae94 402c99be06077fa348b4f4e44153252cc0a170bb2c890705082fb5679c259c48 IDA bob 2 '/home/domizzi/Documents/PRONACES/puzzle/deployer/app//results/PuzzlePrueba/stage_ToPNG' cinves true f1177aa780511b8a417ceeb59fd886431d2cc4dc6526a29761cc93e697885188 true true 4
2022-09-27 14:19:27	stage_ToPNG: data satage upload in ST = 110132 miliseconds
2022-09-27 14:19:27	stage_ToPNG: stage executed in ST = 129400 miliseconds
2022-09-27 14:19:27	stage_DetectorPulmon: WORKING
2022-09-27 14:19:27	stage_DetectorPulmon: has 1 sources
2022-09-27 14:19:27	DetectorPulmonpattern: waiting
2022-09-27 14:19:27	DetectorPulmonpattern: running
2022-09-27 14:19:27	DetectorPulmonpattern: executing load balancer
2022-09-27 14:19:28	DetectorPulmonpattern: load balancer executed in RT = 942 miliseconds
2022-09-27 14:19:28	DetectorPulmon: waiting
2022-09-27 14:19:28	DetectorPulmon: waiting
2022-09-27 14:19:28	DetectorPulmon: running
2022-09-27 14:19:28	DetectorPulmon: running
python3 /code/detectorPulmones.py /home/domizzi/Documents/PRONACES/puzzle/deployer/app//results/PuzzlePrueba//stage_ToPNG/ToPNGpattern/ToPNG/P1 /home/domizzi/Documents/PRONACES/puzzle/deployer/app//results/PuzzlePrueba/stage_DetectorPulmon/DetectorPulmonpattern/DetectorPulmon//P1
python3 /code/detectorPulmones.py /home/domizzi/Documents/PRONACES/puzzle/deployer/app//results/PuzzlePrueba//stage_ToPNG/ToPNGpattern/ToPNG/lala /home/domizzi/Documents/PRONACES/puzzle/deployer/app//results/PuzzlePrueba/stage_DetectorPulmon/DetectorPulmonpattern/DetectorPulmon//lala
2022-09-27 14:19:29.874081: W tensorflow/stream_executor/platform/default/dso_loader.cc:64] Could not load dynamic library 'libcudart.so.11.0'; dlerror: libcudart.so.11.0: cannot open shared object file: No such file or directory
2022-09-27 14:19:29.874124: I tensorflow/stream_executor/cuda/cudart_stub.cc:29] Ignore above cudart dlerror if you do not have a GPU set up on your machine.
2022-09-27 14:19:29.950194: W tensorflow/stream_executor/platform/default/dso_loader.cc:64] Could not load dynamic library 'libcudart.so.11.0'; dlerror: libcudart.so.11.0: cannot open shared object file: No such file or directory
2022-09-27 14:19:29.950234: I tensorflow/stream_executor/cuda/cudart_stub.cc:29] Ignore above cudart dlerror if you do not have a GPU set up on your machine.
2022-09-27 14:19:31.707999: I tensorflow/core/platform/cpu_feature_guard.cc:142] This TensorFlow binary is optimized with oneAPI Deep Neural Network Library (oneDNN) to use the following CPU instructions in performance-critical operations:  AVX2 FMA
To enable them in other operations, rebuild TensorFlow with the appropriate compiler flags.
2022-09-27 14:19:31.708900: W tensorflow/stream_executor/platform/default/dso_loader.cc:64] Could not load dynamic library 'libcuda.so.1'; dlerror: libcuda.so.1: cannot open shared object file: No such file or directory
2022-09-27 14:19:31.708974: W tensorflow/stream_executor/cuda/cuda_driver.cc:326] failed call to cuInit: UNKNOWN ERROR (303)
2022-09-27 14:19:31.709030: I tensorflow/stream_executor/cuda/cuda_diagnostics.cc:163] no NVIDIA GPU device is present: /dev/nvidia0 does not exist
2022-09-27 14:19:31.717776: I tensorflow/core/platform/cpu_feature_guard.cc:142] This TensorFlow binary is optimized with oneAPI Deep Neural Network Library (oneDNN) to use the following CPU instructions in performance-critical operations:  AVX2 FMA
To enable them in other operations, rebuild TensorFlow with the appropriate compiler flags.
2022-09-27 14:19:31.721777: W tensorflow/stream_executor/platform/default/dso_loader.cc:64] Could not load dynamic library 'libcuda.so.1'; dlerror: libcuda.so.1: cannot open shared object file: No such file or directory
2022-09-27 14:19:31.721816: W tensorflow/stream_executor/cuda/cuda_driver.cc:326] failed call to cuInit: UNKNOWN ERROR (303)
2022-09-27 14:19:31.721852: I tensorflow/stream_executor/cuda/cuda_diagnostics.cc:163] no NVIDIA GPU device is present: /dev/nvidia0 does not exist
2022-09-27 14:19:36.737514: W tensorflow/core/framework/cpu_allocator_impl.cc:80] Allocation of 963379200 exceeds 10% of free system memory.
2022-09-27 14:19:36.746471: W tensorflow/core/framework/cpu_allocator_impl.cc:80] Allocation of 963379200 exceeds 10% of free system memory.
2022-09-27 14:19:36.943641: W tensorflow/core/framework/cpu_allocator_impl.cc:80] Allocation of 963379200 exceeds 10% of free system memory.
2022-09-27 14:19:37.105911: W tensorflow/core/framework/cpu_allocator_impl.cc:80] Allocation of 963379200 exceeds 10% of free system memory.
WARNING:tensorflow:From /code/models/research/object_detection/utils/model_util.py:57: Tensor.experimental_ref (from tensorflow.python.framework.ops) is deprecated and will be removed in a future version.
Instructions for updating:
Use ref() instead.
WARNING:tensorflow:From /code/models/research/object_detection/utils/model_util.py:57: Tensor.experimental_ref (from tensorflow.python.framework.ops) is deprecated and will be removed in a future version.
Instructions for updating:
Use ref() instead.
2022-09-27 14:19:41.580141: W tensorflow/core/framework/cpu_allocator_impl.cc:80] Allocation of 963379200 exceeds 10% of free system memory.
2022-09-27 14:19:41.762941: W tensorflow/core/framework/cpu_allocator_impl.cc:80] Allocation of 963379200 exceeds 10% of free system memory.
2022-09-27 14:19:41.802908: W tensorflow/core/framework/cpu_allocator_impl.cc:80] Allocation of 963379200 exceeds 10% of free system memory.
2022-09-27 14:19:41.966629: W tensorflow/core/framework/cpu_allocator_impl.cc:80] Allocation of 963379200 exceeds 10% of free system memory.
2022-09-27 14:19:46.415110: W tensorflow/core/framework/cpu_allocator_impl.cc:80] Allocation of 963379200 exceeds 10% of free system memory.
2022-09-27 14:19:46.752214: W tensorflow/core/framework/cpu_allocator_impl.cc:80] Allocation of 963379200 exceeds 10% of free system memory.
/code/detectorPulmones.py:240: RuntimeWarning: More than 20 figures have been opened. Figures created through the pyplot interface (`matplotlib.pyplot.figure`) are retained until explicitly closed and may consume too much memory. (To control this warning, see the rcParam `figure.max_open_warning`).
  plt.figure(figsize=(15,10))
/code/detectorPulmones.py:240: RuntimeWarning: More than 20 figures have been opened. Figures created through the pyplot interface (`matplotlib.pyplot.figure`) are retained until explicitly closed and may consume too much memory. (To control this warning, see the rcParam `figure.max_open_warning`).
  plt.figure(figsize=(15,10))
2022-09-27 14:21:11	DetectorPulmon: processed 4096 bytes in ST=0.000000 RT = 102648 miliseconds
2022-09-27 14:26:54	DetectorPulmon: processed 4096 bytes in ST=0.000000 RT = 446525 miliseconds
2022-09-27 14:26:54	DetectorPulmonpattern: pattern executed in ST = 447468 miliseconds
{ "catalogname": " MyCat/PuzzlePrueba-1664288230217/stage_DetectorPulmon-1664288814995 ", "dispersemode": "IDA", "encryption":"true", "fathers_token":"a9b8f812a2429dfc55f1d8672255e4ba4ed6fa7831b003f806bbeb82ba650b5a", "processed": "true" }
148.247.204.224:20500//pub_sub/v1/catalogs/create?access_token=f1177aa780511b8a417ceeb59fd886431d2cc4dc6526a29761cc93e697885188
java -jar Upload.jar 6a9ac2be1e48146a675229bec3f2b1a409a1643bcb714a801d00ff7faebf00d4 fbf9acf7898c61c27ca88169a056fecf6f89ae94 ff30890b418f5d5626f5ca6c7d5b04ebd96375503542da6b2690e56d20b612bf IDA bob 2 '/home/domizzi/Documents/PRONACES/puzzle/deployer/app//results/PuzzlePrueba/stage_DetectorPulmon' cinves true f1177aa780511b8a417ceeb59fd886431d2cc4dc6526a29761cc93e697885188 true true 4
2022-09-27 14:26:55	stage_DetectorPulmon: data satage upload in ST = 702 miliseconds
2022-09-27 14:26:55	stage_DetectorPulmon: stage executed in ST = 448171 miliseconds
