2022-12-13 17:45:01	PARSER: Configured single Anonimizacion
2022-12-13 17:45:01	PARSER: Configured single ToPNG
2022-12-13 17:45:01	PARSER: Configured single DetectorPulmon
2022-12-13 17:45:01	PARSER: Configured pattern Anonimizacionpattern
2022-12-13 17:45:01	PARSER: Configured pattern ToPNGpattern
2022-12-13 17:45:01	PARSER: Configured pattern DetectorPulmonpattern
2022-12-13 17:45:01	PARSER: Configured stage stage_Anonimizacion
2022-12-13 17:45:01	PARSER: Configured stage stage_ToPNG
2022-12-13 17:45:01	PARSER: Configured stage stage_DetectorPulmon
2022-12-13 17:45:01	PARSER: Configured workflow DemoMiercoles
2022-12-13 17:45:01	LAUCHER: Coupling stages and building blocks
2022-12-13 17:45:01	DemoMiercoles: Workdir DemoMiercoles
2022-12-13 17:45:01	DemoMiercoles: Workdir created
2022-12-13 17:45:01	DemoMiercoles: Stage stage_Anonimizacion added
2022-12-13 17:45:01	stage_Anonimizacion: Workdir stage_Anonimizacion
2022-12-13 17:45:01	stage_Anonimizacion: Workdir created
2022-12-13 17:45:01	stage_Anonimizacion: Added sink stage_ToPNG
2022-12-13 17:45:01	stage_Anonimizacion: Added building block Anonimizacionpattern
2022-12-13 17:45:01	Anonimizacionpattern: Workdir Anonimizacionpattern
2022-12-13 17:45:01	Anonimizacionpattern: Workdir created
2022-12-13 17:45:01	Anonimizacion: Workdir Anonimizacion
2022-12-13 17:45:01	Anonimizacion: Workdir created
2022-12-13 17:45:01	DemoMiercoles: Stage stage_ToPNG added
2022-12-13 17:45:01	stage_ToPNG: Workdir stage_ToPNG
2022-12-13 17:45:01	stage_ToPNG: Workdir created
2022-12-13 17:45:01	stage_ToPNG: Added source stage_Anonimizacion
2022-12-13 17:45:01	stage_ToPNG: Added sink stage_DetectorPulmon
2022-12-13 17:45:01	stage_ToPNG: Added building block ToPNGpattern
2022-12-13 17:45:01	ToPNGpattern: Workdir ToPNGpattern
2022-12-13 17:45:01	ToPNGpattern: Workdir created
2022-12-13 17:45:01	ToPNG: Workdir ToPNG
2022-12-13 17:45:01	ToPNG: Workdir created
2022-12-13 17:45:01	DemoMiercoles: Stage stage_DetectorPulmon added
2022-12-13 17:45:01	stage_DetectorPulmon: Workdir stage_DetectorPulmon
2022-12-13 17:45:01	stage_DetectorPulmon: Workdir created
2022-12-13 17:45:01	stage_DetectorPulmon: Added source stage_ToPNG
2022-12-13 17:45:01	stage_DetectorPulmon: Added building block DetectorPulmonpattern
2022-12-13 17:45:01	DetectorPulmonpattern: Workdir DetectorPulmonpattern
2022-12-13 17:45:01	DetectorPulmonpattern: Workdir created
2022-12-13 17:45:01	DetectorPulmon: Workdir DetectorPulmon
2022-12-13 17:45:01	DetectorPulmon: Workdir created
2022-12-13 17:45:01	LAUNCHER: Creating YML file at DemoMiercoles/docker-compose.yml
ToPNG
DetectorPulmon
Anonimizacion
docker-compose --log-level ERROR -p /home/domizzi/Documents/nez/deployer/app//results/DemoMiercoles -f /home/domizzi/Documents/nez/deployer/app//results/DemoMiercoles/docker-compose.yml  up -d --build --scale DetectorPulmon=2  --scale ToPNG=2  --scale Anonimizacion=2  2> /dev/null
2022-12-13 17:45:01	LAUCHER: deploying virtual containers of workflow DemoMiercoles
2022-12-13 17:45:04	LAUCHER: to shutdown the containers execute  

docker-compose --log-level ERROR -p /home/domizzi/Documents/nez/deployer/app//results/DemoMiercoles -f /home/domizzi/Documents/nez/deployer/app//results/DemoMiercoles/docker-compose.yml  down


/home/domizzi/Documents/nez/deployer/app//results/DemoMiercoles/stages.json
docker-compose --log-level ERROR -p /home/domizzi/Documents/nez/deployer/app//results/DemoMiercoles -f /home/domizzi/Documents/nez/deployer/app//results/DemoMiercoles/docker-compose.yml  ps -q
docker inspect --format='{{.Name}}' f0ccddc9a5b0d37078a27150bb40d685167cab0a84131a8d81e866bb47d41983
docker inspect --format='{{.Name}}' 543f3d922fea4da8c99fff80deca639c12885a4a888b33d93257558f94f8344c
docker inspect --format='{{.Name}}' 97fe1d0cdef3140a821111d2def3232c736b37924a8ba769f306cd0d5c55734b
docker inspect --format='{{.Name}}' aab470bf5b7e31b9201ea2214c291d87f978b7ede2e420d670287f1f43ede519
docker inspect --format='{{.Name}}' 6fb43a97b5b3f9acea80cbb2ad34d93d3fe715639e94fc8204328a0f89290e9c
docker inspect --format='{{.Name}}' f655370db4e54443f1240e7b2afad9c729fc336590605d46e073401798a16813
docker inspect --format='{{.Name}}' 8ff268bbaaf06a77041da54b2352bc2f0e4416d297ded984664334cea956c69c
docker inspect --format='{{.Name}}' 41ad4d3a76cdd5f092c24dc6139100946eb79069c0e04630b4d360c7019f5e33
docker inspect --format='{{.Name}}' 7cebd047e3d7509cdcfb818b0fb23edd84a43370025a147ff6e399ac463b1ae4
docker inspect --format='{{.Name}}' 0e6ddee8b15aafb37ef8b781351d82528daa7db4fbf7db5a1af6a201967e76cd
python3 normas/main.py /home/app/cfg-files/DemoMiercoles.cfg /home/domizzi/Documents/nez/deployer/app//results/DemoMiercoles/stages.json /home/domizzi/Documents/nez/deployer/app//results/DemoMiercoles/docker-compose.yml /home/domizzi/Documents/nez/deployer/app//results/DemoMiercoles
