2022-09-30 18:27:08	PARSER: Configured single Deidentification
2022-09-30 18:27:08	PARSER: Configured single ToPNG
2022-09-30 18:27:08	PARSER: Configured single DetectorPulmon
2022-09-30 18:27:08	PARSER: Configured pattern Deidentificationpattern
2022-09-30 18:27:08	PARSER: Configured pattern ToPNGpattern
2022-09-30 18:27:08	PARSER: Configured pattern DetectorPulmonpattern
2022-09-30 18:27:08	PARSER: Configured stage stage_Deidentification
2022-09-30 18:27:08	PARSER: Configured stage stage_ToPNG
2022-09-30 18:27:08	PARSER: Configured stage stage_DetectorPulmon
2022-09-30 18:27:08	PARSER: Configured workflow DemoUAM
2022-09-30 18:27:08	LAUCHER: Coupling stages and building blocks
2022-09-30 18:27:08	DemoUAM: Workdir DemoUAM
2022-09-30 18:27:08	DemoUAM: Workdir created
2022-09-30 18:27:08	DemoUAM: Stage stage_Deidentification added
2022-09-30 18:27:08	stage_Deidentification: Workdir stage_Deidentification
2022-09-30 18:27:08	stage_Deidentification: Workdir created
2022-09-30 18:27:08	stage_Deidentification: Added sink stage_ToPNG
2022-09-30 18:27:08	stage_Deidentification: Added building block Deidentificationpattern
2022-09-30 18:27:08	Deidentificationpattern: Workdir Deidentificationpattern
2022-09-30 18:27:08	Deidentificationpattern: Workdir created
2022-09-30 18:27:08	Deidentification: Workdir Deidentification
2022-09-30 18:27:08	Deidentification: Workdir created
2022-09-30 18:27:08	DemoUAM: Stage stage_ToPNG added
2022-09-30 18:27:08	stage_ToPNG: Workdir stage_ToPNG
2022-09-30 18:27:08	stage_ToPNG: Workdir created
2022-09-30 18:27:08	stage_ToPNG: Added source stage_Deidentification
2022-09-30 18:27:08	stage_ToPNG: Added sink stage_DetectorPulmon
2022-09-30 18:27:08	stage_ToPNG: Added building block ToPNGpattern
2022-09-30 18:27:08	ToPNGpattern: Workdir ToPNGpattern
2022-09-30 18:27:08	ToPNGpattern: Workdir created
2022-09-30 18:27:08	ToPNG: Workdir ToPNG
2022-09-30 18:27:08	ToPNG: Workdir created
2022-09-30 18:27:08	DemoUAM: Stage stage_DetectorPulmon added
2022-09-30 18:27:08	stage_DetectorPulmon: Workdir stage_DetectorPulmon
2022-09-30 18:27:08	stage_DetectorPulmon: Workdir created
2022-09-30 18:27:08	stage_DetectorPulmon: Added source stage_ToPNG
2022-09-30 18:27:08	stage_DetectorPulmon: Added building block DetectorPulmonpattern
2022-09-30 18:27:08	DetectorPulmonpattern: Workdir DetectorPulmonpattern
2022-09-30 18:27:08	DetectorPulmonpattern: Workdir created
2022-09-30 18:27:08	DetectorPulmon: Workdir DetectorPulmon
2022-09-30 18:27:08	DetectorPulmon: Workdir created
2022-09-30 18:27:08	LAUNCHER: Creating YML file at DemoUAM/docker-compose.yml
DetectorPulmon
ToPNG
Deidentification
docker-compose --log-level ERROR -p /home/domizzi/Documents/PRONACES/puzzle/deployer/app//results/DemoUAM -f /home/domizzi/Documents/PRONACES/puzzle/deployer/app//results/DemoUAM/docker-compose.yml  up -d --build --scale ToPNG=2  --scale DetectorPulmon=2  --scale Deidentification=2  2> /dev/null
2022-09-30 18:27:08	LAUCHER: deploying virtual containers of workflow DemoUAM
2022-09-30 18:27:11	LAUCHER: to shutdown the containers execute  

docker-compose --log-level ERROR -p /home/domizzi/Documents/PRONACES/puzzle/deployer/app//results/DemoUAM -f /home/domizzi/Documents/PRONACES/puzzle/deployer/app//results/DemoUAM/docker-compose.yml  down


/home/domizzi/Documents/PRONACES/puzzle/deployer/app//results/DemoUAM/stages.json
