2022-10-13 15:29:18	PARSER: Configured single Deidentification
2022-10-13 15:29:18	PARSER: Configured single ToPNG
2022-10-13 15:29:18	PARSER: Configured single DetectorPulmon
2022-10-13 15:29:18	PARSER: Configured pattern Deidentificationpattern
2022-10-13 15:29:18	PARSER: Configured pattern ToPNGpattern
2022-10-13 15:29:18	PARSER: Configured pattern DetectorPulmonpattern
2022-10-13 15:29:18	PARSER: Configured stage stage_Deidentification
2022-10-13 15:29:18	PARSER: Configured stage stage_ToPNG
2022-10-13 15:29:18	PARSER: Configured stage stage_DetectorPulmon
2022-10-13 15:29:18	PARSER: Configured workflow DemoUAM
2022-10-13 15:29:18	LAUCHER: Coupling stages and building blocks
2022-10-13 15:29:18	DemoUAM: Workdir DemoUAM
2022-10-13 15:29:18	DemoUAM: Workdir exists
2022-10-13 15:29:18	DemoUAM: Stage stage_Deidentification added
2022-10-13 15:29:18	stage_Deidentification: Workdir stage_Deidentification
2022-10-13 15:29:18	stage_Deidentification: Workdir exists
2022-10-13 15:29:18	stage_Deidentification: Added sink stage_ToPNG
2022-10-13 15:29:18	stage_Deidentification: Added building block Deidentificationpattern
2022-10-13 15:29:18	Deidentificationpattern: Workdir Deidentificationpattern
2022-10-13 15:29:18	Deidentificationpattern: Workdir exists
2022-10-13 15:29:18	Deidentification: Workdir Deidentification
2022-10-13 15:29:18	Deidentification: Workdir exists
2022-10-13 15:29:18	DemoUAM: Stage stage_ToPNG added
2022-10-13 15:29:18	stage_ToPNG: Workdir stage_ToPNG
2022-10-13 15:29:18	stage_ToPNG: Workdir exists
2022-10-13 15:29:18	stage_ToPNG: Added source stage_Deidentification
2022-10-13 15:29:18	stage_ToPNG: Added sink stage_DetectorPulmon
2022-10-13 15:29:18	stage_ToPNG: Added building block ToPNGpattern
2022-10-13 15:29:18	ToPNGpattern: Workdir ToPNGpattern
2022-10-13 15:29:18	ToPNGpattern: Workdir exists
2022-10-13 15:29:18	ToPNG: Workdir ToPNG
2022-10-13 15:29:18	ToPNG: Workdir exists
2022-10-13 15:29:18	DemoUAM: Stage stage_DetectorPulmon added
2022-10-13 15:29:18	stage_DetectorPulmon: Workdir stage_DetectorPulmon
2022-10-13 15:29:18	stage_DetectorPulmon: Workdir exists
2022-10-13 15:29:18	stage_DetectorPulmon: Added source stage_ToPNG
2022-10-13 15:29:18	stage_DetectorPulmon: Added building block DetectorPulmonpattern
2022-10-13 15:29:18	DetectorPulmonpattern: Workdir DetectorPulmonpattern
2022-10-13 15:29:18	DetectorPulmonpattern: Workdir exists
2022-10-13 15:29:18	DetectorPulmon: Workdir DetectorPulmon
2022-10-13 15:29:18	DetectorPulmon: Workdir exists
2022-10-13 15:29:18	LAUNCHER: Creating YML file at DemoUAM/docker-compose.yml
DetectorPulmon
ToPNG
Deidentification
docker-compose --log-level ERROR -p /home/domizzi/Documents/PRONACES/puzzle/deployer/app//results/DemoUAM -f /home/domizzi/Documents/PRONACES/puzzle/deployer/app//results/DemoUAM/docker-compose.yml  up -d --build --scale ToPNG=2  --scale DetectorPulmon=2  --scale Deidentification=2  2> /dev/null
2022-10-13 15:29:18	LAUCHER: deploying virtual containers of workflow DemoUAM
2022-10-13 15:29:21	LAUCHER: to shutdown the containers execute  

docker-compose --log-level ERROR -p /home/domizzi/Documents/PRONACES/puzzle/deployer/app//results/DemoUAM -f /home/domizzi/Documents/PRONACES/puzzle/deployer/app//results/DemoUAM/docker-compose.yml  down


/home/domizzi/Documents/PRONACES/puzzle/deployer/app//results/DemoUAM/stages.json
Traceback (most recent call last):
  File "normas/main.py", line 38, in <module>
    main(cfg_path, json_path, yml_path, output_path)
  File "normas/main.py", line 14, in main
    compliance.compliance(cfg, js, yml, output_path)
  File "/home/app/normas/compliance.py", line 55, in compliance
    reports.generate_checklist_report(COBIT, compliance, percentage, number_requirements, n_asisted_requirements, output_path)
  File "/home/app/normas/reports.py", line 26, in generate_checklist_report
    f.write( tabl.draw())
UnicodeEncodeError: 'ascii' codec can't encode character '\xf3' in position 662: ordinal not in range(128)
