2021-08-30 20:55:43	PARSER: Configured single cleaning
2021-08-30 20:55:43	PARSER: Configured single Meshin256
2021-08-30 20:55:43	PARSER: Configured pattern cleaningpattern
2021-08-30 20:55:43	PARSER: Configured pattern Meshin256pattern
2021-08-30 20:55:43	PARSER: Configured stage stage_cleaning
2021-08-30 20:55:43	PARSER: Configured stage stage_Meshin256
2021-08-30 20:55:43	PARSER: Configured workflow MeshingPuzzle
2021-08-30 20:55:43	LAUCHER: Coupling stages and building blocks
2021-08-30 20:55:43	MeshingPuzzle: Workdir MeshingPuzzle
2021-08-30 20:55:43	MeshingPuzzle: Workdir exists
2021-08-30 20:55:43	MeshingPuzzle: Stage stage_cleaning added
2021-08-30 20:55:43	stage_cleaning: Workdir stage_cleaning
2021-08-30 20:55:43	stage_cleaning: Workdir created
2021-08-30 20:55:43	stage_cleaning: Added sink stage_Meshin256
2021-08-30 20:55:43	stage_cleaning: Added building block cleaningpattern
2021-08-30 20:55:43	cleaningpattern: Workdir cleaningpattern
2021-08-30 20:55:43	cleaningpattern: Workdir created
2021-08-30 20:55:43	cleaning: Workdir cleaning
2021-08-30 20:55:43	cleaning: Workdir created
2021-08-30 20:55:43	MeshingPuzzle: Stage stage_Meshin256 added
2021-08-30 20:55:43	stage_Meshin256: Workdir stage_Meshin256
2021-08-30 20:55:43	stage_Meshin256: Workdir created
2021-08-30 20:55:43	stage_Meshin256: Added source stage_cleaning
2021-08-30 20:55:43	stage_Meshin256: Added building block Meshin256pattern
2021-08-30 20:55:43	Meshin256pattern: Workdir Meshin256pattern
2021-08-30 20:55:43	Meshin256pattern: Workdir created
2021-08-30 20:55:43	Meshin256: Workdir Meshin256
2021-08-30 20:55:43	Meshin256: Workdir created
2021-08-30 20:55:43	LAUNCHER: Creating YML file at MeshingPuzzle/docker-compose.yml
Meshin256
cleaning
docker-compose --log-level ERROR -p /home/domizzi/Documents/GitHub/PuzzleMesh/deployer/app//results/MeshingPuzzle -f /home/domizzi/Documents/GitHub/PuzzleMesh/deployer/app//results/MeshingPuzzle/docker-compose.yml  up -d --build --scale Meshin256=4  --scale cleaning=4  2> /dev/null
2021-08-30 20:55:43	LAUCHER: deploying virtual containers of workflow MeshingPuzzle
2021-08-30 20:55:45	LAUCHER: to shutdown the containers execute  

docker-compose --log-level ERROR -p /home/domizzi/Documents/GitHub/PuzzleMesh/deployer/app//results/MeshingPuzzle -f /home/domizzi/Documents/GitHub/PuzzleMesh/deployer/app//results/MeshingPuzzle/docker-compose.yml  down


