2022-08-23 14:12:55	PARSER: Configured single Deidentification
2022-08-23 14:12:55	PARSER: Configured single ToPNG
2022-08-23 14:12:55	PARSER: Configured single DetectorPulmon
2022-08-23 14:12:55	PARSER: Configured pattern Deidentificationpattern
2022-08-23 14:12:55	PARSER: Configured pattern ToPNGpattern
2022-08-23 14:12:55	PARSER: Configured pattern DetectorPulmonpattern
2022-08-23 14:12:55	PARSER: Configured stage stage_Deidentification
2022-08-23 14:12:55	PARSER: Configured stage stage_ToPNG
2022-08-23 14:12:55	PARSER: Configured stage stage_DetectorPulmon
2022-08-23 14:12:55	PARSER: Configured workflow PruebaPuebla
2022-08-23 14:12:55	LAUCHER: Coupling stages and building blocks
2022-08-23 14:12:55	PruebaPuebla: Workdir PruebaPuebla
2022-08-23 14:12:55	PruebaPuebla: Workdir created
2022-08-23 14:12:55	PruebaPuebla: Stage stage_Deidentification added
2022-08-23 14:12:55	stage_Deidentification: Workdir stage_Deidentification
2022-08-23 14:12:55	stage_Deidentification: Workdir created
2022-08-23 14:12:55	stage_Deidentification: Added sink stage_ToPNG
2022-08-23 14:12:55	stage_Deidentification: Added building block Deidentificationpattern
2022-08-23 14:12:55	Deidentificationpattern: Workdir Deidentificationpattern
2022-08-23 14:12:55	Deidentificationpattern: Workdir created
2022-08-23 14:12:55	Deidentification: Workdir Deidentification
2022-08-23 14:12:55	Deidentification: Workdir created
2022-08-23 14:12:55	PruebaPuebla: Stage stage_ToPNG added
2022-08-23 14:12:55	stage_ToPNG: Workdir stage_ToPNG
2022-08-23 14:12:55	stage_ToPNG: Workdir created
2022-08-23 14:12:55	stage_ToPNG: Added source stage_Deidentification
2022-08-23 14:12:55	stage_ToPNG: Added sink stage_DetectorPulmon
2022-08-23 14:12:55	stage_ToPNG: Added building block ToPNGpattern
2022-08-23 14:12:55	ToPNGpattern: Workdir ToPNGpattern
2022-08-23 14:12:55	ToPNGpattern: Workdir created
2022-08-23 14:12:55	ToPNG: Workdir ToPNG
2022-08-23 14:12:55	ToPNG: Workdir created
2022-08-23 14:12:55	PruebaPuebla: Stage stage_DetectorPulmon added
2022-08-23 14:12:55	stage_DetectorPulmon: Workdir stage_DetectorPulmon
2022-08-23 14:12:55	stage_DetectorPulmon: Workdir created
2022-08-23 14:12:55	stage_DetectorPulmon: Added source stage_ToPNG
2022-08-23 14:12:55	stage_DetectorPulmon: Added building block DetectorPulmonpattern
2022-08-23 14:12:55	DetectorPulmonpattern: Workdir DetectorPulmonpattern
2022-08-23 14:12:55	DetectorPulmonpattern: Workdir created
2022-08-23 14:12:55	DetectorPulmon: Workdir DetectorPulmon
2022-08-23 14:12:55	DetectorPulmon: Workdir created
2022-08-23 14:12:55	LAUNCHER: Creating YML file at PruebaPuebla/docker-compose.yml
DetectorPulmon
ToPNG
Deidentification
docker-compose --log-level ERROR -p /home/domizzi/Documents/PRONACES/puzzle/deployer/app//results/PruebaPuebla -f /home/domizzi/Documents/PRONACES/puzzle/deployer/app//results/PruebaPuebla/docker-compose.yml  up -d --build --scale ToPNG=2  --scale DetectorPulmon=2  --scale Deidentification=2  2> /dev/null
Traceback (most recent call last):
  File "normas/main.py", line 2, in <module>
    import compliance
  File "/home/app/normas/compliance.py", line 1, in <module>
    import external, checklists_final, reports
  File "/home/app/normas/reports.py", line 2, in <module>
    import plotly.graph_objects as go #pip install plotly==5.3.1    pip install -U kaleido
ModuleNotFoundError: No module named 'plotly'
2022-08-23 14:12:55	LAUCHER: deploying virtual containers of workflow PruebaPuebla
2022-08-23 14:12:58	LAUCHER: to shutdown the containers execute  

docker-compose --log-level ERROR -p /home/domizzi/Documents/PRONACES/puzzle/deployer/app//results/PruebaPuebla -f /home/domizzi/Documents/PRONACES/puzzle/deployer/app//results/PruebaPuebla/docker-compose.yml  down


