2022-08-19 02:05:50	PARSER: Configured single Deidentification
2022-08-19 02:05:50	PARSER: Configured single ToPNG
2022-08-19 02:05:50	PARSER: Configured single DetectorPulmon
2022-08-19 02:05:50	PARSER: Configured pattern Deidentificationpattern
2022-08-19 02:05:50	PARSER: Configured pattern ToPNGpattern
2022-08-19 02:05:50	PARSER: Configured pattern DetectorPulmonpattern
2022-08-19 02:05:50	PARSER: Configured stage stage_Deidentification
2022-08-19 02:05:50	PARSER: Configured stage stage_ToPNG
2022-08-19 02:05:50	PARSER: Configured stage stage_DetectorPulmon
2022-08-19 02:05:50	PARSER: Configured workflow PruebaMasImagenes
2022-08-19 02:05:50	LAUCHER: Coupling stages and building blocks
2022-08-19 02:05:50	PruebaMasImagenes: Workdir PruebaMasImagenes
2022-08-19 02:05:50	PruebaMasImagenes: Workdir created
2022-08-19 02:05:50	PruebaMasImagenes: Stage stage_Deidentification added
2022-08-19 02:05:50	stage_Deidentification: Workdir stage_Deidentification
2022-08-19 02:05:50	stage_Deidentification: Workdir created
2022-08-19 02:05:50	stage_Deidentification: Added sink stage_ToPNG
2022-08-19 02:05:50	stage_Deidentification: Added building block Deidentificationpattern
2022-08-19 02:05:50	Deidentificationpattern: Workdir Deidentificationpattern
2022-08-19 02:05:50	Deidentificationpattern: Workdir created
2022-08-19 02:05:50	Deidentification: Workdir Deidentification
2022-08-19 02:05:50	Deidentification: Workdir created
2022-08-19 02:05:50	PruebaMasImagenes: Stage stage_ToPNG added
2022-08-19 02:05:50	stage_ToPNG: Workdir stage_ToPNG
2022-08-19 02:05:50	stage_ToPNG: Workdir created
2022-08-19 02:05:50	stage_ToPNG: Added source stage_Deidentification
2022-08-19 02:05:50	stage_ToPNG: Added sink stage_DetectorPulmon
2022-08-19 02:05:50	stage_ToPNG: Added building block ToPNGpattern
2022-08-19 02:05:50	ToPNGpattern: Workdir ToPNGpattern
2022-08-19 02:05:50	ToPNGpattern: Workdir created
2022-08-19 02:05:50	ToPNG: Workdir ToPNG
2022-08-19 02:05:50	ToPNG: Workdir created
2022-08-19 02:05:50	PruebaMasImagenes: Stage stage_DetectorPulmon added
2022-08-19 02:05:50	stage_DetectorPulmon: Workdir stage_DetectorPulmon
2022-08-19 02:05:50	stage_DetectorPulmon: Workdir created
2022-08-19 02:05:50	stage_DetectorPulmon: Added source stage_ToPNG
2022-08-19 02:05:50	stage_DetectorPulmon: Added building block DetectorPulmonpattern
2022-08-19 02:05:50	DetectorPulmonpattern: Workdir DetectorPulmonpattern
2022-08-19 02:05:50	DetectorPulmonpattern: Workdir created
2022-08-19 02:05:50	DetectorPulmon: Workdir DetectorPulmon
2022-08-19 02:05:50	DetectorPulmon: Workdir created
2022-08-19 02:05:50	LAUNCHER: Creating YML file at PruebaMasImagenes/docker-compose.yml
DetectorPulmon
ToPNG
Deidentification
docker-compose --log-level ERROR -p /home/domizzi/Documents/PRONACES/puzzle/deployer/app//results/PruebaMasImagenes -f /home/domizzi/Documents/PRONACES/puzzle/deployer/app//results/PruebaMasImagenes/docker-compose.yml  up -d --build --scale ToPNG=2  --scale DetectorPulmon=2  --scale Deidentification=2  2> /dev/null
2022-08-19 02:05:50	LAUCHER: deploying virtual containers of workflow PruebaMasImagenes
2022-08-19 02:05:55	LAUCHER: to shutdown the containers execute  

docker-compose --log-level ERROR -p /home/domizzi/Documents/PRONACES/puzzle/deployer/app//results/PruebaMasImagenes -f /home/domizzi/Documents/PRONACES/puzzle/deployer/app//results/PruebaMasImagenes/docker-compose.yml  down


