2022-08-23 21:52:19	PARSER: Configured single Deidentification
2022-08-23 21:52:19	PARSER: Configured single meshingdemobuap
2022-08-23 21:52:19	PARSER: Configured pattern Deidentificationpattern
2022-08-23 21:52:19	PARSER: Configured pattern meshingdemobuappattern
2022-08-23 21:52:19	PARSER: Configured stage stage_Deidentification
2022-08-23 21:52:19	PARSER: Configured stage stage_meshingdemobuap
2022-08-23 21:52:19	PARSER: Configured workflow demomeshingbu
2022-08-23 21:52:19	LAUCHER: Coupling stages and building blocks
2022-08-23 21:52:19	demomeshingbu: Workdir demomeshingbu
2022-08-23 21:52:19	demomeshingbu: Workdir exists
2022-08-23 21:52:19	demomeshingbu: Stage stage_Deidentification added
2022-08-23 21:52:19	stage_Deidentification: Workdir stage_Deidentification
2022-08-23 21:52:19	stage_Deidentification: Workdir exists
2022-08-23 21:52:19	stage_Deidentification: Added sink stage_meshingdemobuap
2022-08-23 21:52:19	stage_Deidentification: Added building block Deidentificationpattern
2022-08-23 21:52:19	Deidentificationpattern: Workdir Deidentificationpattern
2022-08-23 21:52:19	Deidentificationpattern: Workdir exists
2022-08-23 21:52:19	Deidentification: Workdir Deidentification
2022-08-23 21:52:19	Deidentification: Workdir exists
2022-08-23 21:52:19	demomeshingbu: Stage stage_meshingdemobuap added
2022-08-23 21:52:19	stage_meshingdemobuap: Workdir stage_meshingdemobuap
2022-08-23 21:52:19	stage_meshingdemobuap: Workdir exists
2022-08-23 21:52:19	stage_meshingdemobuap: Added source stage_Deidentification
2022-08-23 21:52:19	stage_meshingdemobuap: Added building block meshingdemobuappattern
2022-08-23 21:52:19	meshingdemobuappattern: Workdir meshingdemobuappattern
2022-08-23 21:52:19	meshingdemobuappattern: Workdir exists
2022-08-23 21:52:19	meshingdemobuap: Workdir meshingdemobuap
2022-08-23 21:52:19	meshingdemobuap: Workdir exists
2022-08-23 21:52:19	LAUNCHER: Creating YML file at demomeshingbu/docker-compose.yml
meshingdemobuap
Deidentification
2022-08-23 21:52:19	LAUCHER: deploying virtual containers of workflow demomeshingbu
java -jar Download.jar 34eeb2703e3701662fa639068f08f032906ba4625663d41244f8608726143071 e3ef70e68d07024115430db2534a7735c68eb4f9 1a395247df2ee8fe074807f0c5db431fa6f36fc57688067efb85f7b377a77d40 2 1 cinves '/home/domizzi/Documents/PRONACES/puzzle/deployer/app//results/demomeshingbu/catalogs/OtroCat' 1da0574d2df35dd4e64392cdd9378c30b082c8c404d73af47798fb9cac544d80 true false 1
2022-08-23 21:52:23	demomeshingbu: executing 
{ "catalogname": " OtroCat/demomeshingbu-1661291543657 ", "dispersemode": "IDA", "encryption":"true", "fathers_token":"1a395247df2ee8fe074807f0c5db431fa6f36fc57688067efb85f7b377a77d40", "processed": "true" }
192.168.28.1:20500//pub_sub/v1/catalogs/create?access_token=1da0574d2df35dd4e64392cdd9378c30b082c8c404d73af47798fb9cac544d80
2022-08-23 21:52:23	stage_Deidentification: waiting
2022-08-23 21:52:23	stage_meshingdemobuap: waiting
2022-08-23 21:52:23	stage_Deidentification: WORKING
2022-08-23 21:52:23	stage_Deidentification: has 1 sources
2022-08-23 21:52:23	Deidentificationpattern: waiting
2022-08-23 21:52:23	Deidentificationpattern: running
2022-08-23 21:52:23	Deidentificationpattern: executing load balancer
2022-08-23 21:52:24	Deidentificationpattern: load balancer executed in RT = 705 miliseconds
2022-08-23 21:52:24	Deidentification: waiting
2022-08-23 21:52:24	Deidentification: waiting
2022-08-23 21:52:24	Deidentification: running
2022-08-23 21:52:24	Deidentification: running
python3 /code/process_dir.py --input /home/domizzi/Documents/PRONACES/puzzle/deployer/app//results//demomeshingbu/catalogs/OtroCat/lala --outfolder '/home/domizzi/Documents/PRONACES/puzzle/deployer/app//results/demomeshingbu/stage_Deidentification/Deidentificationpattern/Deidentification/' --save dicom
python3 /code/process_dir.py --input /home/domizzi/Documents/PRONACES/puzzle/deployer/app//results//demomeshingbu/catalogs/OtroCat/CT1 --outfolder '/home/domizzi/Documents/PRONACES/puzzle/deployer/app//results/demomeshingbu/stage_Deidentification/Deidentificationpattern/Deidentification/' --save dicom
WARNING No specification, loading default base deid.dicom
WARNING use detect() --> clean() before saving is possible.
WARNING use detect() --> clean() before saving is possible.
WARNING No specification, loading default base deid.dicom
2022-08-23 21:52:25	Deidentification: processed 4096 bytes in ST=0.000000 RT = 1116 miliseconds
2022-08-23 21:52:25	Deidentification: processed 4096 bytes in ST=0.000000 RT = 1448 miliseconds
2022-08-23 21:52:25	Deidentificationpattern: pattern executed in ST = 2155 miliseconds
{ "catalogname": " OtroCat/demomeshingbu-1661291543657/stage_Deidentification-1661291545856 ", "dispersemode": "IDA", "encryption":"true", "fathers_token":"2dfb057138b0238629cbf774dad00a9a09f2fa42bcf9f44c83b6ca72dc1b729e", "processed": "true" }
192.168.28.1:20500//pub_sub/v1/catalogs/create?access_token=1da0574d2df35dd4e64392cdd9378c30b082c8c404d73af47798fb9cac544d80
java -jar Upload.jar 34eeb2703e3701662fa639068f08f032906ba4625663d41244f8608726143071 e3ef70e68d07024115430db2534a7735c68eb4f9 b86e3f8e802e22df9dc9a391fb0a47023a6fcce137369f8815f1b6e1f30e5bed IDA bob 2 '/home/domizzi/Documents/PRONACES/puzzle/deployer/app//results/demomeshingbu/stage_Deidentification' cinves true 1da0574d2df35dd4e64392cdd9378c30b082c8c404d73af47798fb9cac544d80 true true 4
2022-08-23 21:52:26	stage_Deidentification: data satage upload in ST = 490 miliseconds
2022-08-23 21:52:26	stage_Deidentification: stage executed in ST = 2645 miliseconds
2022-08-23 21:52:26	stage_meshingdemobuap: WORKING
2022-08-23 21:52:26	stage_meshingdemobuap: has 1 sources
2022-08-23 21:52:26	meshingdemobuappattern: waiting
2022-08-23 21:52:26	meshingdemobuappattern: running
2022-08-23 21:52:26	meshingdemobuappattern: executing load balancer
2022-08-23 21:52:26	meshingdemobuappattern: load balancer executed in RT = 624 miliseconds
2022-08-23 21:52:26	meshingdemobuap: waiting
2022-08-23 21:52:26	meshingdemobuap: running
2022-08-23 21:52:26	meshingdemobuap: waiting
2022-08-23 21:52:26	meshingdemobuap: running
python3 /code/dicom2stlzip.py -o '/home/domizzi/Documents/PRONACES/puzzle/deployer/app//results/demomeshingbu/stage_meshingdemobuap/meshingdemobuappattern/meshingdemobuap//mesh.stl' '/home/domizzi/Documents/PRONACES/puzzle/deployer/app//results/demomeshingbu//stage_Deidentification/Deidentificationpattern/Deidentification/CT1'
python3 /code/dicom2stlzip.py -o '/home/domizzi/Documents/PRONACES/puzzle/deployer/app//results/demomeshingbu/stage_meshingdemobuap/meshingdemobuappattern/meshingdemobuap//mesh.stl' '/home/domizzi/Documents/PRONACES/puzzle/deployer/app//results/demomeshingbu//stage_Deidentification/Deidentificationpattern/Deidentification/lala'
/usr/local/lib/python3.7/site-packages/vtk/util/numpy_support.py:137: FutureWarning: Conversion of the second argument of issubdtype from `complex` to `np.complexfloating` is deprecated. In future, it will be treated as `np.complex128 == np.dtype(complex).type`.
  assert not numpy.issubdtype(z.dtype, complex), \
/usr/local/lib/python3.7/site-packages/vtk/util/numpy_support.py:137: FutureWarning: Conversion of the second argument of issubdtype from `complex` to `np.complexfloating` is deprecated. In future, it will be treated as `np.complex128 == np.dtype(complex).type`.
  assert not numpy.issubdtype(z.dtype, complex), \
2022-08-23 21:52:29	meshingdemobuap: processed 4096 bytes in ST=0.000000 RT = 2253 miliseconds
2022-08-23 21:52:32	meshingdemobuap: processed 4096 bytes in ST=0.000000 RT = 5184 miliseconds
2022-08-23 21:52:32	meshingdemobuappattern: pattern executed in ST = 5810 miliseconds
{ "catalogname": " OtroCat/demomeshingbu-1661291543657/stage_meshingdemobuap-1661291552156 ", "dispersemode": "IDA", "encryption":"true", "fathers_token":"2dfb057138b0238629cbf774dad00a9a09f2fa42bcf9f44c83b6ca72dc1b729e", "processed": "true" }
192.168.28.1:20500//pub_sub/v1/catalogs/create?access_token=1da0574d2df35dd4e64392cdd9378c30b082c8c404d73af47798fb9cac544d80
java -jar Upload.jar 34eeb2703e3701662fa639068f08f032906ba4625663d41244f8608726143071 e3ef70e68d07024115430db2534a7735c68eb4f9 906afbeb595f56cce7aec9e5f56250bcd3a81d0443f1354becb18640627f65db IDA bob 2 '/home/domizzi/Documents/PRONACES/puzzle/deployer/app//results/demomeshingbu/stage_meshingdemobuap' cinves true 1da0574d2df35dd4e64392cdd9378c30b082c8c404d73af47798fb9cac544d80 true true 4
2022-08-23 21:52:32	stage_meshingdemobuap: data satage upload in ST = 486 miliseconds
2022-08-23 21:52:32	stage_meshingdemobuap: stage executed in ST = 6296 miliseconds
