2023-02-14 02:09:08	PARSER: Configured single Anonimizacion
2023-02-14 02:09:08	PARSER: Configured single ToRGB
2023-02-14 02:09:08	PARSER: Configured single DetectorPulmon
2023-02-14 02:09:08	PARSER: Configured pattern Anonimizacionpattern
2023-02-14 02:09:08	PARSER: Configured pattern ToRGBpattern
2023-02-14 02:09:08	PARSER: Configured pattern DetectorPulmonpattern
2023-02-14 02:09:08	PARSER: Configured stage stage_Anonimizacion
2023-02-14 02:09:08	PARSER: Configured stage stage_ToRGB
2023-02-14 02:09:08	PARSER: Configured stage stage_DetectorPulmon
2023-02-14 02:09:08	PARSER: Configured workflow FlujoDeteccion3
2023-02-14 02:09:08	LAUCHER: Coupling stages and building blocks
2023-02-14 02:09:08	FlujoDeteccion3: Workdir FlujoDeteccion3
2023-02-14 02:09:08	FlujoDeteccion3: Workdir exists
2023-02-14 02:09:08	FlujoDeteccion3: Stage stage_Anonimizacion added
2023-02-14 02:09:08	stage_Anonimizacion: Workdir stage_Anonimizacion
2023-02-14 02:09:08	stage_Anonimizacion: Workdir exists
2023-02-14 02:09:08	stage_Anonimizacion: Added sink stage_ToRGB
2023-02-14 02:09:08	stage_Anonimizacion: Added building block Anonimizacionpattern
2023-02-14 02:09:08	Anonimizacionpattern: Workdir Anonimizacionpattern
2023-02-14 02:09:08	Anonimizacionpattern: Workdir exists
2023-02-14 02:09:08	Anonimizacion: Workdir Anonimizacion
2023-02-14 02:09:08	Anonimizacion: Workdir exists
2023-02-14 02:09:08	FlujoDeteccion3: Stage stage_ToRGB added
2023-02-14 02:09:08	stage_ToRGB: Workdir stage_ToRGB
2023-02-14 02:09:08	stage_ToRGB: Workdir exists
2023-02-14 02:09:08	stage_ToRGB: Added source stage_Anonimizacion
2023-02-14 02:09:08	stage_ToRGB: Added sink stage_DetectorPulmon
2023-02-14 02:09:08	stage_ToRGB: Added building block ToRGBpattern
2023-02-14 02:09:08	ToRGBpattern: Workdir ToRGBpattern
2023-02-14 02:09:08	ToRGBpattern: Workdir exists
2023-02-14 02:09:08	ToRGB: Workdir ToRGB
2023-02-14 02:09:08	ToRGB: Workdir exists
2023-02-14 02:09:08	FlujoDeteccion3: Stage stage_DetectorPulmon added
2023-02-14 02:09:08	stage_DetectorPulmon: Workdir stage_DetectorPulmon
2023-02-14 02:09:08	stage_DetectorPulmon: Workdir exists
2023-02-14 02:09:08	stage_DetectorPulmon: Added source stage_ToRGB
2023-02-14 02:09:08	stage_DetectorPulmon: Added building block DetectorPulmonpattern
2023-02-14 02:09:08	DetectorPulmonpattern: Workdir DetectorPulmonpattern
2023-02-14 02:09:08	DetectorPulmonpattern: Workdir exists
2023-02-14 02:09:08	DetectorPulmon: Workdir DetectorPulmon
2023-02-14 02:09:08	DetectorPulmon: Workdir exists
2023-02-14 02:09:08	LAUNCHER: Creating YML file at FlujoDeteccion3/docker-compose.yml
ToRGB
DetectorPulmon
Anonimizacion
2023-02-14 02:09:08	LAUCHER: deploying virtual containers of workflow FlujoDeteccion3
/home/domizzi/Documents/Muyal-Ilal-ligero/deployer/app//results/FlujoDeteccion3
java -jar Download.jar d194e4965ab1df62e652afd567e17915a07c28245d1336c10e6731e734873620 19b53e446de889fcd160d35c369c51e86d66800c 95d74e52cf0885712a4aeeaa29af11f85a5b3f6e091282d2d4af2bc49ef986ae 2 1 cinves '/home/domizzi/Documents/Muyal-Ilal-ligero/deployer/app//results/FlujoDeteccion3/catalogs/TESTCATALOG' 33421dd8b0b630054ef91df374804512e3b7df1f8c68cd5579c99715f501155c true false 1
java -jar Download.jar d194e4965ab1df62e652afd567e17915a07c28245d1336c10e6731e734873620 19b53e446de889fcd160d35c369c51e86d66800c 95d74e52cf0885712a4aeeaa29af11f85a5b3f6e091282d2d4af2bc49ef986ae 2 1 cinves '/home/domizzi/Documents/Muyal-Ilal-ligero/deployer/app//results/FlujoDeteccion3/catalogs/TESTCATALOG' 33421dd8b0b630054ef91df374804512e3b7df1f8c68cd5579c99715f501155c true false 1
2023-02-14 02:09:19	FlujoDeteccion3: executing 
{ "catalogname": " TESTCATALOG/FlujoDeteccion3-1676340559885 ", "dispersemode": "IDA", "encryption":"true", "fathers_token":"95d74e52cf0885712a4aeeaa29af11f85a5b3f6e091282d2d4af2bc49ef986ae", "processed": "true" }
192.168.0.62:20500//pub_sub/v1/catalogs/create?access_token=33421dd8b0b630054ef91df374804512e3b7df1f8c68cd5579c99715f501155c
2023-02-14 02:09:19	stage_Anonimizacion: waiting
2023-02-14 02:09:19	stage_Anonimizacion: WORKING
2023-02-14 02:09:19	stage_ToRGB: waiting
2023-02-14 02:09:19	stage_Anonimizacion: has 1 sources
2023-02-14 02:09:19	Anonimizacionpattern: waiting
2023-02-14 02:09:19	Anonimizacionpattern: running
2023-02-14 02:09:19	Anonimizacionpattern: executing load balancer
docker-compose --log-level ERROR -p /home/domizzi/Documents/Muyal-Ilal-ligero/deployer/app//results/FlujoDeteccion3 -f /home/domizzi/Documents/Muyal-Ilal-ligero/deployer/app//results/FlujoDeteccion3/docker-compose.yml  exec -T lbAnonimizacionpattern  sh -c "./main 2 DL /home/domizzi/Documents/Muyal-Ilal-ligero/deployer/app//results//FlujoDeteccion3/catalogs/TESTCATALOG "
2023-02-14 02:09:19	stage_DetectorPulmon: waiting
docker-compose --log-level ERROR -p /home/domizzi/Documents/Muyal-Ilal-ligero/deployer/app//results/FlujoDeteccion3 -f /home/domizzi/Documents/Muyal-Ilal-ligero/deployer/app//results/FlujoDeteccion3/docker-compose.yml  exec -T lbAnonimizacionpattern  sh -c "./main 2 DL /home/domizzi/Documents/Muyal-Ilal-ligero/deployer/app//results//FlujoDeteccion3/catalogs/TESTCATALOG "
{"result": [["/home/domizzi/Documents/Muyal-Ilal-ligero/deployer/app//results//FlujoDeteccion3/catalogs/TESTCATALOG","/home/domizzi/Documents/Muyal-Ilal-ligero/deployer/app//results//FlujoDeteccion3/catalogs/TESTCATALOG/Prueba_FINDRISC","/home/domizzi/Documents/Muyal-Ilal-ligero/deployer/app//results//FlujoDeteccion3/catalogs/TESTCATALOG/ecgs"],["/home/domizzi/Documents/Muyal-Ilal-ligero/deployer/app//results//FlujoDeteccion3/catalogs/TESTCATALOG/Somatometria_Signos_Vitales","/home/domizzi/Documents/Muyal-Ilal-ligero/deployer/app//results//FlujoDeteccion3/catalogs/TESTCATALOG/P1","/home/domizzi/Documents/Muyal-Ilal-ligero/deployer/app//results//FlujoDeteccion3/catalogs/TESTCATALOG/espirometrias"]]}
2023-02-14 02:09:20	Anonimizacionpattern: load balancer executed in RT = 607 miliseconds
2023-02-14 02:09:20	Anonimizacion: waiting
2023-02-14 02:09:20	Anonimizacion: waiting
2023-02-14 02:09:20	Anonimizacion: running
2023-02-14 02:09:20	Anonimizacion: running
python3 /code/process_dir.py --input /home/domizzi/Documents/Muyal-Ilal-ligero/deployer/app//results//FlujoDeteccion3/catalogs/TESTCATALOG --outfolder "/home/domizzi/Documents/Muyal-Ilal-ligero/deployer/app//results/FlujoDeteccion3/stage_Anonimizacion/Anonimizacionpattern/Anonimizacion/" --save dicom
python3 /code/process_dir.py --input /home/domizzi/Documents/Muyal-Ilal-ligero/deployer/app//results//FlujoDeteccion3/catalogs/TESTCATALOG/Somatometria_Signos_Vitales --outfolder "/home/domizzi/Documents/Muyal-Ilal-ligero/deployer/app//results/FlujoDeteccion3/stage_Anonimizacion/Anonimizacionpattern/Anonimizacion/" --save dicom
docker-compose --log-level ERROR -p /home/domizzi/Documents/Muyal-Ilal-ligero/deployer/app//results/FlujoDeteccion3 -f /home/domizzi/Documents/Muyal-Ilal-ligero/deployer/app//results/FlujoDeteccion3/docker-compose.yml  exec -T Anonimizacion sh -c "python3 /code/process_dir.py --input /home/domizzi/Documents/Muyal-Ilal-ligero/deployer/app//results//FlujoDeteccion3/catalogs/TESTCATALOG --outfolder "/home/domizzi/Documents/Muyal-Ilal-ligero/deployer/app//results/FlujoDeteccion3/stage_Anonimizacion/Anonimizacionpattern/Anonimizacion/" --save dicom"
docker-compose --log-level ERROR -p /home/domizzi/Documents/Muyal-Ilal-ligero/deployer/app//results/FlujoDeteccion3 -f /home/domizzi/Documents/Muyal-Ilal-ligero/deployer/app//results/FlujoDeteccion3/docker-compose.yml  exec -T Anonimizacion sh -c "python3 /code/process_dir.py --input /home/domizzi/Documents/Muyal-Ilal-ligero/deployer/app//results//FlujoDeteccion3/catalogs/TESTCATALOG/Somatometria_Signos_Vitales --outfolder "/home/domizzi/Documents/Muyal-Ilal-ligero/deployer/app//results/FlujoDeteccion3/stage_Anonimizacion/Anonimizacionpattern/Anonimizacion/" --save dicom"
WARNING No specification, loading default base deid.dicom
WARNING Cannot read input file /home/domizzi/Documents/Muyal-Ilal-ligero/deployer/app//results//FlujoDeteccion3/catalogs/TESTCATALOG/Somatometria_Signos_Vitales/medicion_aprevenir_567725313-1507523380.json, skipping.
WARNING Cannot read input file /home/domizzi/Documents/Muyal-Ilal-ligero/deployer/app//results//FlujoDeteccion3/catalogs/TESTCATALOG/Somatometria_Signos_Vitales/medicion_aprevenir_612024257-1507523380.json, skipping.
WARNING Cannot read input file /home/domizzi/Documents/Muyal-Ilal-ligero/deployer/app//results//FlujoDeteccion3/catalogs/TESTCATALOG/Somatometria_Signos_Vitales/medicion_aprevenir_607955257-1507523380.json, skipping.
WARNING Cannot read input file /home/domizzi/Documents/Muyal-Ilal-ligero/deployer/app//results//FlujoDeteccion3/catalogs/TESTCATALOG/Somatometria_Signos_Vitales/medicion_aprevenir_-750225876-1507523380.json, skipping.
WARNING Cannot read input file /home/domizzi/Documents/Muyal-Ilal-ligero/deployer/app//results//FlujoDeteccion3/catalogs/TESTCATALOG/Somatometria_Signos_Vitales/medicion_aprevenir_-1724872329-1507523380.json, skipping.
WARNING Cannot read input file /home/domizzi/Documents/Muyal-Ilal-ligero/deployer/app//results//FlujoDeteccion3/catalogs/TESTCATALOG/Somatometria_Signos_Vitales/medicion_aprevenir_1665042775-1507523380.json, skipping.
WARNING Cannot read input file /home/domizzi/Documents/Muyal-Ilal-ligero/deployer/app//results//FlujoDeteccion3/catalogs/TESTCATALOG/Somatometria_Signos_Vitales/medicion_aprevenir_-1967085798-1507523380.json, skipping.
WARNING Cannot read input file /home/domizzi/Documents/Muyal-Ilal-ligero/deployer/app//results//FlujoDeteccion3/catalogs/TESTCATALOG/Somatometria_Signos_Vitales/medicion_aprevenir_1110332606-1507523380.json, skipping.
WARNING Cannot read input file /home/domizzi/Documents/Muyal-Ilal-ligero/deployer/app//results//FlujoDeteccion3/catalogs/TESTCATALOG/Somatometria_Signos_Vitales/medicion_aprevenir_401486785-1507523380.json, skipping.
WARNING Cannot read input file /home/domizzi/Documents/Muyal-Ilal-ligero/deployer/app//results//FlujoDeteccion3/catalogs/TESTCATALOG/Somatometria_Signos_Vitales/medicion_aprevenir_1906501847-1507523380.json, skipping.
WARNING Cannot read input file /home/domizzi/Documents/Muyal-Ilal-ligero/deployer/app//results//FlujoDeteccion3/catalogs/TESTCATALOG/Somatometria_Signos_Vitales/medicion_aprevenir_-1554832397-1507523380.json, skipping.
WARNING Cannot read input file /home/domizzi/Documents/Muyal-Ilal-ligero/deployer/app//results//FlujoDeteccion3/catalogs/TESTCATALOG/Somatometria_Signos_Vitales/medicion_aprevenir_-799933548-1507523380.json, skipping.
WARNING Cannot read input file /home/domizzi/Documents/Muyal-Ilal-ligero/deployer/app//results//FlujoDeteccion3/catalogs/TESTCATALOG/Somatometria_Signos_Vitales/medicion_aprevenir_-909322121-1507523380.json, skipping.
WARNING Cannot read input file /home/domizzi/Documents/Muyal-Ilal-ligero/deployer/app//results//FlujoDeteccion3/catalogs/TESTCATALOG/Somatometria_Signos_Vitales/medicion_aprevenir_492461757-1507523380.json, skipping.
WARNING Cannot read input file /home/domizzi/Documents/Muyal-Ilal-ligero/deployer/app//results//FlujoDeteccion3/catalogs/TESTCATALOG/Somatometria_Signos_Vitales/medicion_aprevenir_-1248888161-1507523380.json, skipping.
WARNING Cannot read input file /home/domizzi/Documents/Muyal-Ilal-ligero/deployer/app//results//FlujoDeteccion3/catalogs/TESTCATALOG/Somatometria_Signos_Vitales/medicion_aprevenir_-324743792-1507523380.json, skipping.
WARNING Cannot read input file /home/domizzi/Documents/Muyal-Ilal-ligero/deployer/app//results//FlujoDeteccion3/catalogs/TESTCATALOG/Somatometria_Signos_Vitales/medicion_aprevenir_1982612621-1507523380.json, skipping.
WARNING Cannot read input file /home/domizzi/Documents/Muyal-Ilal-ligero/deployer/app//results//FlujoDeteccion3/catalogs/TESTCATALOG/Somatometria_Signos_Vitales/medicion_aprevenir_99009921-1507523380.json, skipping.
WARNING Cannot read input file /home/domizzi/Documents/Muyal-Ilal-ligero/deployer/app//results//FlujoDeteccion3/catalogs/TESTCATALOG/Somatometria_Signos_Vitales/medicion_aprevenir_-37254536-1507523380.json, skipping.
WARNING Cannot read input file /home/domizzi/Documents/Muyal-Ilal-ligero/deployer/app//results//FlujoDeteccion3/catalogs/TESTCATALOG/Somatometria_Signos_Vitales/medicion_aprevenir_-715070008-1507523380.json, skipping.
WARNING Cannot read input file /home/domizzi/Documents/Muyal-Ilal-ligero/deployer/app//results//FlujoDeteccion3/catalogs/TESTCATALOG/Somatometria_Signos_Vitales/medicion_aprevenir_1093503740-1507523380.json, skipping.
WARNING Cannot read input file /home/domizzi/Documents/Muyal-Ilal-ligero/deployer/app//results//FlujoDeteccion3/catalogs/TESTCATALOG/Somatometria_Signos_Vitales/medicion_aprevenir_896640724-1507523380.json, skipping.
WARNING Cannot read input file /home/domizzi/Documents/Muyal-Ilal-ligero/deployer/app//results//FlujoDeteccion3/catalogs/TESTCATALOG/Somatometria_Signos_Vitales/medicion_aprevenir_1560490886-1507523380.json, skipping.
WARNING Cannot read input file /home/domizzi/Documents/Muyal-Ilal-ligero/deployer/app//results//FlujoDeteccion3/catalogs/TESTCATALOG/Somatometria_Signos_Vitales/medicion_aprevenir_816553560-1507523380.json, skipping.
WARNING Cannot read input file /home/domizzi/Documents/Muyal-Ilal-ligero/deployer/app//results//FlujoDeteccion3/catalogs/TESTCATALOG/Somatometria_Signos_Vitales/medicion_aprevenir_-1074895146-1507523380.json, skipping.
WARNING Cannot read input file /home/domizzi/Documents/Muyal-Ilal-ligero/deployer/app//results//FlujoDeteccion3/catalogs/TESTCATALOG/Somatometria_Signos_Vitales/medicion_aprevenir_1714743273-1507523380.json, skipping.
python3 /code/process_dir.py --input /home/domizzi/Documents/Muyal-Ilal-ligero/deployer/app//results//FlujoDeteccion3/catalogs/TESTCATALOG/P1 --outfolder "/home/domizzi/Documents/Muyal-Ilal-ligero/deployer/app//results/FlujoDeteccion3/stage_Anonimizacion/Anonimizacionpattern/Anonimizacion/" --save dicom
docker-compose --log-level ERROR -p /home/domizzi/Documents/Muyal-Ilal-ligero/deployer/app//results/FlujoDeteccion3 -f /home/domizzi/Documents/Muyal-Ilal-ligero/deployer/app//results/FlujoDeteccion3/docker-compose.yml  exec -T Anonimizacion sh -c "python3 /code/process_dir.py --input /home/domizzi/Documents/Muyal-Ilal-ligero/deployer/app//results//FlujoDeteccion3/catalogs/TESTCATALOG/P1 --outfolder "/home/domizzi/Documents/Muyal-Ilal-ligero/deployer/app//results/FlujoDeteccion3/stage_Anonimizacion/Anonimizacionpattern/Anonimizacion/" --save dicom"
WARNING No specification, loading default base deid.dicom
WARNING Cannot read input file /home/domizzi/Documents/Muyal-Ilal-ligero/deployer/app//results//FlujoDeteccion3/catalogs/TESTCATALOG/workflowengine.jpg, skipping.
WARNING Cannot read input file /home/domizzi/Documents/Muyal-Ilal-ligero/deployer/app//results//FlujoDeteccion3/catalogs/TESTCATALOG/espirometrias/225_1b1_Pl_sc_Meditron.wav, skipping.
WARNING Cannot read input file /home/domizzi/Documents/Muyal-Ilal-ligero/deployer/app//results//FlujoDeteccion3/catalogs/TESTCATALOG/espirometrias/223_1b1_Pr_sc_Meditron.wav, skipping.
WARNING Cannot read input file /home/domizzi/Documents/Muyal-Ilal-ligero/deployer/app//results//FlujoDeteccion3/catalogs/TESTCATALOG/espirometrias/224_1b2_Al_sc_Meditron.wav, skipping.
WARNING Cannot read input file /home/domizzi/Documents/Muyal-Ilal-ligero/deployer/app//results//FlujoDeteccion3/catalogs/TESTCATALOG/espirometrias/226_1b1_Al_sc_Meditron.wav, skipping.
WARNING Cannot read input file /home/domizzi/Documents/Muyal-Ilal-ligero/deployer/app//results//FlujoDeteccion3/catalogs/TESTCATALOG/espirometrias/224_1b1_Tc_sc_Meditron.txt, skipping.
WARNING Cannot read input file /home/domizzi/Documents/Muyal-Ilal-ligero/deployer/app//results//FlujoDeteccion3/catalogs/TESTCATALOG/espirometrias/224_1b2_Al_sc_Meditron.txt, skipping.
WARNING Cannot read input file /home/domizzi/Documents/Muyal-Ilal-ligero/deployer/app//results//FlujoDeteccion3/catalogs/TESTCATALOG/espirometrias/226_1b1_Pl_sc_LittC2SE.wav, skipping.
WARNING Cannot read input file /home/domizzi/Documents/Muyal-Ilal-ligero/deployer/app//results//FlujoDeteccion3/catalogs/TESTCATALOG/espirometrias/225_1b1_Pl_sc_Meditron.txt, skipping.
WARNING Cannot read input file /home/domizzi/Documents/Muyal-Ilal-ligero/deployer/app//results//FlujoDeteccion3/catalogs/TESTCATALOG/espirometrias/226_1b1_Ll_sc_Meditron.txt, skipping.
WARNING Cannot read input file /home/domizzi/Documents/Muyal-Ilal-ligero/deployer/app//results//FlujoDeteccion3/catalogs/TESTCATALOG/espirometrias/226_1b1_Al_sc_Meditron.txt, skipping.
WARNING Cannot read input file /home/domizzi/Documents/Muyal-Ilal-ligero/deployer/app//results//FlujoDeteccion3/catalogs/TESTCATALOG/espirometrias/226_1b1_Pl_sc_LittC2SE.txt, skipping.
WARNING Cannot read input file /home/domizzi/Documents/Muyal-Ilal-ligero/deployer/app//results//FlujoDeteccion3/catalogs/TESTCATALOG/espirometrias/218_1b1_Ar_sc_Meditron.wav, skipping.
WARNING Cannot read input file /home/domizzi/Documents/Muyal-Ilal-ligero/deployer/app//results//FlujoDeteccion3/catalogs/TESTCATALOG/espirometrias/226_1b1_Ll_sc_Meditron.wav, skipping.
WARNING Cannot read input file /home/domizzi/Documents/Muyal-Ilal-ligero/deployer/app//results//FlujoDeteccion3/catalogs/TESTCATALOG/espirometrias/224_1b1_Tc_sc_Meditron.wav, skipping.
WARNING Cannot read input file /home/domizzi/Documents/Muyal-Ilal-ligero/deployer/app//results//FlujoDeteccion3/catalogs/TESTCATALOG/espirometrias/218_1b1_Al_sc_Meditron.txt, skipping.
WARNING Cannot read input file /home/domizzi/Documents/Muyal-Ilal-ligero/deployer/app//results//FlujoDeteccion3/catalogs/TESTCATALOG/espirometrias/216_1b1_Al_sc_Meditron.wav, skipping.
WARNING Cannot read input file /home/domizzi/Documents/Muyal-Ilal-ligero/deployer/app//results//FlujoDeteccion3/catalogs/TESTCATALOG/espirometrias/218_1b1_Ar_sc_Meditron.txt, skipping.
WARNING Cannot read input file /home/domizzi/Documents/Muyal-Ilal-ligero/deployer/app//results//FlujoDeteccion3/catalogs/TESTCATALOG/espirometrias/217_1b1_Tc_sc_Meditron.wav, skipping.
WARNING Cannot read input file /home/domizzi/Documents/Muyal-Ilal-ligero/deployer/app//results//FlujoDeteccion3/catalogs/TESTCATALOG/espirometrias/216_1b1_Pl_sc_Meditron.wav, skipping.
WARNING Cannot read input file /home/domizzi/Documents/Muyal-Ilal-ligero/deployer/app//results//FlujoDeteccion3/catalogs/TESTCATALOG/espirometrias/216_1b1_Pl_sc_Meditron.txt, skipping.
WARNING Cannot read input file /home/domizzi/Documents/Muyal-Ilal-ligero/deployer/app//results//FlujoDeteccion3/catalogs/TESTCATALOG/espirometrias/218_1b1_Al_sc_Meditron.wav, skipping.
WARNING Cannot read input file /home/domizzi/Documents/Muyal-Ilal-ligero/deployer/app//results//FlujoDeteccion3/catalogs/TESTCATALOG/espirometrias/217_1b1_Tc_sc_Meditron.txt, skipping.
WARNING Cannot read input file /home/domizzi/Documents/Muyal-Ilal-ligero/deployer/app//results//FlujoDeteccion3/catalogs/TESTCATALOG/espirometrias/216_1b1_Al_sc_Meditron.txt, skipping.
WARNING Cannot read input file /home/domizzi/Documents/Muyal-Ilal-ligero/deployer/app//results//FlujoDeteccion3/catalogs/TESTCATALOG/ecgs/sensor1.txt, skipping.
WARNING Cannot read input file /home/domizzi/Documents/Muyal-Ilal-ligero/deployer/app//results//FlujoDeteccion3/catalogs/TESTCATALOG/ecgs/sensor0.txt, skipping.
WARNING Cannot read input file /home/domizzi/Documents/Muyal-Ilal-ligero/deployer/app//results//FlujoDeteccion3/catalogs/TESTCATALOG/Prueba_FINDRISC/prueba_findrisc_aprevenir_-1716717365-1507523380.json, skipping.
WARNING Cannot read input file /home/domizzi/Documents/Muyal-Ilal-ligero/deployer/app//results//FlujoDeteccion3/catalogs/TESTCATALOG/Prueba_FINDRISC/prueba_findrisc_aprevenir_1884191915-1507523380.json, skipping.
WARNING Cannot read input file /home/domizzi/Documents/Muyal-Ilal-ligero/deployer/app//results//FlujoDeteccion3/catalogs/TESTCATALOG/Prueba_FINDRISC/prueba_findrisc_aprevenir_-1568605943-1507523380.json, skipping.
WARNING Cannot read input file /home/domizzi/Documents/Muyal-Ilal-ligero/deployer/app//results//FlujoDeteccion3/catalogs/TESTCATALOG/Prueba_FINDRISC/prueba_findrisc_aprevenir_-1652169977-1507523380.json, skipping.
WARNING Cannot read input file /home/domizzi/Documents/Muyal-Ilal-ligero/deployer/app//results//FlujoDeteccion3/catalogs/TESTCATALOG/Prueba_FINDRISC/prueba_findrisc_aprevenir_-1294782248-1507523380.json, skipping.
WARNING Cannot read input file /home/domizzi/Documents/Muyal-Ilal-ligero/deployer/app//results//FlujoDeteccion3/catalogs/TESTCATALOG/Prueba_FINDRISC/prueba_findrisc_aprevenir_-1772930693-1507523380.json, skipping.
WARNING Cannot read input file /home/domizzi/Documents/Muyal-Ilal-ligero/deployer/app//results//FlujoDeteccion3/catalogs/TESTCATALOG/Prueba_FINDRISC/prueba_findrisc_aprevenir_-174163047-1507523380.json, skipping.
WARNING Cannot read input file /home/domizzi/Documents/Muyal-Ilal-ligero/deployer/app//results//FlujoDeteccion3/catalogs/TESTCATALOG/Prueba_FINDRISC/prueba_findrisc_aprevenir_1333970158-1507523380.json, skipping.
WARNING Cannot read input file /home/domizzi/Documents/Muyal-Ilal-ligero/deployer/app//results//FlujoDeteccion3/catalogs/TESTCATALOG/Prueba_FINDRISC/prueba_findrisc_aprevenir_1469178095-1507523380.json, skipping.
WARNING Cannot read input file /home/domizzi/Documents/Muyal-Ilal-ligero/deployer/app//results//FlujoDeteccion3/catalogs/TESTCATALOG/Prueba_FINDRISC/prueba_findrisc_aprevenir_230630530-1507523380.json, skipping.
WARNING Cannot read input file /home/domizzi/Documents/Muyal-Ilal-ligero/deployer/app//results//FlujoDeteccion3/catalogs/TESTCATALOG/Prueba_FINDRISC/prueba_findrisc_aprevenir_-1201105640-1507523380.json, skipping.
WARNING Cannot read input file /home/domizzi/Documents/Muyal-Ilal-ligero/deployer/app//results//FlujoDeteccion3/catalogs/TESTCATALOG/Prueba_FINDRISC/prueba_findrisc_aprevenir_-321744568-1507523380.json, skipping.
WARNING Cannot read input file /home/domizzi/Documents/Muyal-Ilal-ligero/deployer/app//results//FlujoDeteccion3/catalogs/TESTCATALOG/Prueba_FINDRISC/prueba_findrisc_aprevenir_-1956265704-1507523380.json, skipping.
WARNING Cannot read input file /home/domizzi/Documents/Muyal-Ilal-ligero/deployer/app//results//FlujoDeteccion3/catalogs/TESTCATALOG/Prueba_FINDRISC/prueba_findrisc_aprevenir_-1231451750-1507523380.json, skipping.
WARNING Cannot read input file /home/domizzi/Documents/Muyal-Ilal-ligero/deployer/app//results//FlujoDeteccion3/catalogs/TESTCATALOG/Prueba_FINDRISC/prueba_findrisc_aprevenir_-1006295372-1507523380.json, skipping.
WARNING Cannot read input file /home/domizzi/Documents/Muyal-Ilal-ligero/deployer/app//results//FlujoDeteccion3/catalogs/TESTCATALOG/Prueba_FINDRISC/prueba_findrisc_aprevenir_2123467908-1507523380.json, skipping.
WARNING Cannot read input file /home/domizzi/Documents/Muyal-Ilal-ligero/deployer/app//results//FlujoDeteccion3/catalogs/TESTCATALOG/Prueba_FINDRISC/prueba_findrisc_aprevenir_811274023-1507523380.json, skipping.
WARNING Cannot read input file /home/domizzi/Documents/Muyal-Ilal-ligero/deployer/app//results//FlujoDeteccion3/catalogs/TESTCATALOG/Prueba_FINDRISC/prueba_findrisc_aprevenir_1578209575-1507523380.json, skipping.
WARNING Cannot read input file /home/domizzi/Documents/Muyal-Ilal-ligero/deployer/app//results//FlujoDeteccion3/catalogs/TESTCATALOG/Prueba_FINDRISC/prueba_findrisc_aprevenir_-1856225558-1507523380.json, skipping.
WARNING Cannot read input file /home/domizzi/Documents/Muyal-Ilal-ligero/deployer/app//results//FlujoDeteccion3/catalogs/TESTCATALOG/Prueba_FINDRISC/prueba_findrisc_aprevenir_1720620656-1507523380.json, skipping.
WARNING Cannot read input file /home/domizzi/Documents/Muyal-Ilal-ligero/deployer/app//results//FlujoDeteccion3/catalogs/TESTCATALOG/Prueba_FINDRISC/prueba_findrisc_aprevenir_917457947-1507523380.json, skipping.
WARNING Cannot read input file /home/domizzi/Documents/Muyal-Ilal-ligero/deployer/app//results//FlujoDeteccion3/catalogs/TESTCATALOG/Prueba_FINDRISC/prueba_findrisc_aprevenir_1113172312-1507523380.json, skipping.
WARNING Cannot read input file /home/domizzi/Documents/Muyal-Ilal-ligero/deployer/app//results//FlujoDeteccion3/catalogs/TESTCATALOG/Prueba_FINDRISC/prueba_findrisc_aprevenir_-1388272094-1507523380.json, skipping.
WARNING Cannot read input file /home/domizzi/Documents/Muyal-Ilal-ligero/deployer/app//results//FlujoDeteccion3/catalogs/TESTCATALOG/Prueba_FINDRISC/prueba_findrisc_aprevenir_-394309992-1507523380.json, skipping.
WARNING Cannot read input file /home/domizzi/Documents/Muyal-Ilal-ligero/deployer/app//results//FlujoDeteccion3/catalogs/TESTCATALOG/Somatometria_Signos_Vitales/medicion_aprevenir_567725313-1507523380.json, skipping.
WARNING Cannot read input file /home/domizzi/Documents/Muyal-Ilal-ligero/deployer/app//results//FlujoDeteccion3/catalogs/TESTCATALOG/Somatometria_Signos_Vitales/medicion_aprevenir_612024257-1507523380.json, skipping.
WARNING Cannot read input file /home/domizzi/Documents/Muyal-Ilal-ligero/deployer/app//results//FlujoDeteccion3/catalogs/TESTCATALOG/Somatometria_Signos_Vitales/medicion_aprevenir_607955257-1507523380.json, skipping.
WARNING Cannot read input file /home/domizzi/Documents/Muyal-Ilal-ligero/deployer/app//results//FlujoDeteccion3/catalogs/TESTCATALOG/Somatometria_Signos_Vitales/medicion_aprevenir_-750225876-1507523380.json, skipping.
WARNING Cannot read input file /home/domizzi/Documents/Muyal-Ilal-ligero/deployer/app//results//FlujoDeteccion3/catalogs/TESTCATALOG/Somatometria_Signos_Vitales/medicion_aprevenir_-1724872329-1507523380.json, skipping.
WARNING Cannot read input file /home/domizzi/Documents/Muyal-Ilal-ligero/deployer/app//results//FlujoDeteccion3/catalogs/TESTCATALOG/Somatometria_Signos_Vitales/medicion_aprevenir_1665042775-1507523380.json, skipping.
WARNING Cannot read input file /home/domizzi/Documents/Muyal-Ilal-ligero/deployer/app//results//FlujoDeteccion3/catalogs/TESTCATALOG/Somatometria_Signos_Vitales/medicion_aprevenir_-1967085798-1507523380.json, skipping.
WARNING Cannot read input file /home/domizzi/Documents/Muyal-Ilal-ligero/deployer/app//results//FlujoDeteccion3/catalogs/TESTCATALOG/Somatometria_Signos_Vitales/medicion_aprevenir_1110332606-1507523380.json, skipping.
WARNING Cannot read input file /home/domizzi/Documents/Muyal-Ilal-ligero/deployer/app//results//FlujoDeteccion3/catalogs/TESTCATALOG/Somatometria_Signos_Vitales/medicion_aprevenir_401486785-1507523380.json, skipping.
WARNING Cannot read input file /home/domizzi/Documents/Muyal-Ilal-ligero/deployer/app//results//FlujoDeteccion3/catalogs/TESTCATALOG/Somatometria_Signos_Vitales/medicion_aprevenir_1906501847-1507523380.json, skipping.
WARNING Cannot read input file /home/domizzi/Documents/Muyal-Ilal-ligero/deployer/app//results//FlujoDeteccion3/catalogs/TESTCATALOG/Somatometria_Signos_Vitales/medicion_aprevenir_-1554832397-1507523380.json, skipping.
WARNING Cannot read input file /home/domizzi/Documents/Muyal-Ilal-ligero/deployer/app//results//FlujoDeteccion3/catalogs/TESTCATALOG/Somatometria_Signos_Vitales/medicion_aprevenir_-799933548-1507523380.json, skipping.
WARNING Cannot read input file /home/domizzi/Documents/Muyal-Ilal-ligero/deployer/app//results//FlujoDeteccion3/catalogs/TESTCATALOG/Somatometria_Signos_Vitales/medicion_aprevenir_-909322121-1507523380.json, skipping.
WARNING Cannot read input file /home/domizzi/Documents/Muyal-Ilal-ligero/deployer/app//results//FlujoDeteccion3/catalogs/TESTCATALOG/Somatometria_Signos_Vitales/medicion_aprevenir_492461757-1507523380.json, skipping.
WARNING Cannot read input file /home/domizzi/Documents/Muyal-Ilal-ligero/deployer/app//results//FlujoDeteccion3/catalogs/TESTCATALOG/Somatometria_Signos_Vitales/medicion_aprevenir_-1248888161-1507523380.json, skipping.
WARNING Cannot read input file /home/domizzi/Documents/Muyal-Ilal-ligero/deployer/app//results//FlujoDeteccion3/catalogs/TESTCATALOG/Somatometria_Signos_Vitales/medicion_aprevenir_-324743792-1507523380.json, skipping.
WARNING Cannot read input file /home/domizzi/Documents/Muyal-Ilal-ligero/deployer/app//results//FlujoDeteccion3/catalogs/TESTCATALOG/Somatometria_Signos_Vitales/medicion_aprevenir_1982612621-1507523380.json, skipping.
WARNING Cannot read input file /home/domizzi/Documents/Muyal-Ilal-ligero/deployer/app//results//FlujoDeteccion3/catalogs/TESTCATALOG/Somatometria_Signos_Vitales/medicion_aprevenir_99009921-1507523380.json, skipping.
WARNING Cannot read input file /home/domizzi/Documents/Muyal-Ilal-ligero/deployer/app//results//FlujoDeteccion3/catalogs/TESTCATALOG/Somatometria_Signos_Vitales/medicion_aprevenir_-37254536-1507523380.json, skipping.
WARNING Cannot read input file /home/domizzi/Documents/Muyal-Ilal-ligero/deployer/app//results//FlujoDeteccion3/catalogs/TESTCATALOG/Somatometria_Signos_Vitales/medicion_aprevenir_-715070008-1507523380.json, skipping.
WARNING Cannot read input file /home/domizzi/Documents/Muyal-Ilal-ligero/deployer/app//results//FlujoDeteccion3/catalogs/TESTCATALOG/Somatometria_Signos_Vitales/medicion_aprevenir_1093503740-1507523380.json, skipping.
WARNING Cannot read input file /home/domizzi/Documents/Muyal-Ilal-ligero/deployer/app//results//FlujoDeteccion3/catalogs/TESTCATALOG/Somatometria_Signos_Vitales/medicion_aprevenir_896640724-1507523380.json, skipping.
WARNING Cannot read input file /home/domizzi/Documents/Muyal-Ilal-ligero/deployer/app//results//FlujoDeteccion3/catalogs/TESTCATALOG/Somatometria_Signos_Vitales/medicion_aprevenir_1560490886-1507523380.json, skipping.
WARNING Cannot read input file /home/domizzi/Documents/Muyal-Ilal-ligero/deployer/app//results//FlujoDeteccion3/catalogs/TESTCATALOG/Somatometria_Signos_Vitales/medicion_aprevenir_816553560-1507523380.json, skipping.
WARNING Cannot read input file /home/domizzi/Documents/Muyal-Ilal-ligero/deployer/app//results//FlujoDeteccion3/catalogs/TESTCATALOG/Somatometria_Signos_Vitales/medicion_aprevenir_-1074895146-1507523380.json, skipping.
WARNING Cannot read input file /home/domizzi/Documents/Muyal-Ilal-ligero/deployer/app//results//FlujoDeteccion3/catalogs/TESTCATALOG/Somatometria_Signos_Vitales/medicion_aprevenir_1714743273-1507523380.json, skipping.
python3 /code/process_dir.py --input /home/domizzi/Documents/Muyal-Ilal-ligero/deployer/app//results//FlujoDeteccion3/catalogs/TESTCATALOG/Prueba_FINDRISC --outfolder "/home/domizzi/Documents/Muyal-Ilal-ligero/deployer/app//results/FlujoDeteccion3/stage_Anonimizacion/Anonimizacionpattern/Anonimizacion/" --save dicom
docker-compose --log-level ERROR -p /home/domizzi/Documents/Muyal-Ilal-ligero/deployer/app//results/FlujoDeteccion3 -f /home/domizzi/Documents/Muyal-Ilal-ligero/deployer/app//results/FlujoDeteccion3/docker-compose.yml  exec -T Anonimizacion sh -c "python3 /code/process_dir.py --input /home/domizzi/Documents/Muyal-Ilal-ligero/deployer/app//results//FlujoDeteccion3/catalogs/TESTCATALOG/Prueba_FINDRISC --outfolder "/home/domizzi/Documents/Muyal-Ilal-ligero/deployer/app//results/FlujoDeteccion3/stage_Anonimizacion/Anonimizacionpattern/Anonimizacion/" --save dicom"
WARNING No specification, loading default base deid.dicom
WARNING No specification, loading default base deid.dicom
WARNING Cannot read input file /home/domizzi/Documents/Muyal-Ilal-ligero/deployer/app//results//FlujoDeteccion3/catalogs/TESTCATALOG/Prueba_FINDRISC/prueba_findrisc_aprevenir_-1716717365-1507523380.json, skipping.
WARNING Cannot read input file /home/domizzi/Documents/Muyal-Ilal-ligero/deployer/app//results//FlujoDeteccion3/catalogs/TESTCATALOG/Prueba_FINDRISC/prueba_findrisc_aprevenir_1884191915-1507523380.json, skipping.
WARNING Cannot read input file /home/domizzi/Documents/Muyal-Ilal-ligero/deployer/app//results//FlujoDeteccion3/catalogs/TESTCATALOG/Prueba_FINDRISC/prueba_findrisc_aprevenir_-1568605943-1507523380.json, skipping.
WARNING Cannot read input file /home/domizzi/Documents/Muyal-Ilal-ligero/deployer/app//results//FlujoDeteccion3/catalogs/TESTCATALOG/Prueba_FINDRISC/prueba_findrisc_aprevenir_-1652169977-1507523380.json, skipping.
WARNING Cannot read input file /home/domizzi/Documents/Muyal-Ilal-ligero/deployer/app//results//FlujoDeteccion3/catalogs/TESTCATALOG/Prueba_FINDRISC/prueba_findrisc_aprevenir_-1294782248-1507523380.json, skipping.
WARNING Cannot read input file /home/domizzi/Documents/Muyal-Ilal-ligero/deployer/app//results//FlujoDeteccion3/catalogs/TESTCATALOG/Prueba_FINDRISC/prueba_findrisc_aprevenir_-1772930693-1507523380.json, skipping.
WARNING Cannot read input file /home/domizzi/Documents/Muyal-Ilal-ligero/deployer/app//results//FlujoDeteccion3/catalogs/TESTCATALOG/Prueba_FINDRISC/prueba_findrisc_aprevenir_-174163047-1507523380.json, skipping.
WARNING Cannot read input file /home/domizzi/Documents/Muyal-Ilal-ligero/deployer/app//results//FlujoDeteccion3/catalogs/TESTCATALOG/Prueba_FINDRISC/prueba_findrisc_aprevenir_1333970158-1507523380.json, skipping.
WARNING Cannot read input file /home/domizzi/Documents/Muyal-Ilal-ligero/deployer/app//results//FlujoDeteccion3/catalogs/TESTCATALOG/Prueba_FINDRISC/prueba_findrisc_aprevenir_1469178095-1507523380.json, skipping.
WARNING Cannot read input file /home/domizzi/Documents/Muyal-Ilal-ligero/deployer/app//results//FlujoDeteccion3/catalogs/TESTCATALOG/Prueba_FINDRISC/prueba_findrisc_aprevenir_230630530-1507523380.json, skipping.
WARNING Cannot read input file /home/domizzi/Documents/Muyal-Ilal-ligero/deployer/app//results//FlujoDeteccion3/catalogs/TESTCATALOG/Prueba_FINDRISC/prueba_findrisc_aprevenir_-1201105640-1507523380.json, skipping.
WARNING Cannot read input file /home/domizzi/Documents/Muyal-Ilal-ligero/deployer/app//results//FlujoDeteccion3/catalogs/TESTCATALOG/Prueba_FINDRISC/prueba_findrisc_aprevenir_-321744568-1507523380.json, skipping.
WARNING Cannot read input file /home/domizzi/Documents/Muyal-Ilal-ligero/deployer/app//results//FlujoDeteccion3/catalogs/TESTCATALOG/Prueba_FINDRISC/prueba_findrisc_aprevenir_-1956265704-1507523380.json, skipping.
WARNING Cannot read input file /home/domizzi/Documents/Muyal-Ilal-ligero/deployer/app//results//FlujoDeteccion3/catalogs/TESTCATALOG/Prueba_FINDRISC/prueba_findrisc_aprevenir_-1231451750-1507523380.json, skipping.
WARNING Cannot read input file /home/domizzi/Documents/Muyal-Ilal-ligero/deployer/app//results//FlujoDeteccion3/catalogs/TESTCATALOG/Prueba_FINDRISC/prueba_findrisc_aprevenir_-1006295372-1507523380.json, skipping.
WARNING Cannot read input file /home/domizzi/Documents/Muyal-Ilal-ligero/deployer/app//results//FlujoDeteccion3/catalogs/TESTCATALOG/Prueba_FINDRISC/prueba_findrisc_aprevenir_2123467908-1507523380.json, skipping.
WARNING Cannot read input file /home/domizzi/Documents/Muyal-Ilal-ligero/deployer/app//results//FlujoDeteccion3/catalogs/TESTCATALOG/Prueba_FINDRISC/prueba_findrisc_aprevenir_811274023-1507523380.json, skipping.
WARNING Cannot read input file /home/domizzi/Documents/Muyal-Ilal-ligero/deployer/app//results//FlujoDeteccion3/catalogs/TESTCATALOG/Prueba_FINDRISC/prueba_findrisc_aprevenir_1578209575-1507523380.json, skipping.
WARNING Cannot read input file /home/domizzi/Documents/Muyal-Ilal-ligero/deployer/app//results//FlujoDeteccion3/catalogs/TESTCATALOG/Prueba_FINDRISC/prueba_findrisc_aprevenir_-1856225558-1507523380.json, skipping.
WARNING Cannot read input file /home/domizzi/Documents/Muyal-Ilal-ligero/deployer/app//results//FlujoDeteccion3/catalogs/TESTCATALOG/Prueba_FINDRISC/prueba_findrisc_aprevenir_1720620656-1507523380.json, skipping.
WARNING Cannot read input file /home/domizzi/Documents/Muyal-Ilal-ligero/deployer/app//results//FlujoDeteccion3/catalogs/TESTCATALOG/Prueba_FINDRISC/prueba_findrisc_aprevenir_917457947-1507523380.json, skipping.
WARNING Cannot read input file /home/domizzi/Documents/Muyal-Ilal-ligero/deployer/app//results//FlujoDeteccion3/catalogs/TESTCATALOG/Prueba_FINDRISC/prueba_findrisc_aprevenir_1113172312-1507523380.json, skipping.
WARNING Cannot read input file /home/domizzi/Documents/Muyal-Ilal-ligero/deployer/app//results//FlujoDeteccion3/catalogs/TESTCATALOG/Prueba_FINDRISC/prueba_findrisc_aprevenir_-1388272094-1507523380.json, skipping.
WARNING Cannot read input file /home/domizzi/Documents/Muyal-Ilal-ligero/deployer/app//results//FlujoDeteccion3/catalogs/TESTCATALOG/Prueba_FINDRISC/prueba_findrisc_aprevenir_-394309992-1507523380.json, skipping.
python3 /code/process_dir.py --input /home/domizzi/Documents/Muyal-Ilal-ligero/deployer/app//results//FlujoDeteccion3/catalogs/TESTCATALOG/espirometrias --outfolder "/home/domizzi/Documents/Muyal-Ilal-ligero/deployer/app//results/FlujoDeteccion3/stage_Anonimizacion/Anonimizacionpattern/Anonimizacion/" --save dicom
docker-compose --log-level ERROR -p /home/domizzi/Documents/Muyal-Ilal-ligero/deployer/app//results/FlujoDeteccion3 -f /home/domizzi/Documents/Muyal-Ilal-ligero/deployer/app//results/FlujoDeteccion3/docker-compose.yml  exec -T Anonimizacion sh -c "python3 /code/process_dir.py --input /home/domizzi/Documents/Muyal-Ilal-ligero/deployer/app//results//FlujoDeteccion3/catalogs/TESTCATALOG/espirometrias --outfolder "/home/domizzi/Documents/Muyal-Ilal-ligero/deployer/app//results/FlujoDeteccion3/stage_Anonimizacion/Anonimizacionpattern/Anonimizacion/" --save dicom"
python3 /code/process_dir.py --input /home/domizzi/Documents/Muyal-Ilal-ligero/deployer/app//results//FlujoDeteccion3/catalogs/TESTCATALOG/ecgs --outfolder "/home/domizzi/Documents/Muyal-Ilal-ligero/deployer/app//results/FlujoDeteccion3/stage_Anonimizacion/Anonimizacionpattern/Anonimizacion/" --save dicom
docker-compose --log-level ERROR -p /home/domizzi/Documents/Muyal-Ilal-ligero/deployer/app//results/FlujoDeteccion3 -f /home/domizzi/Documents/Muyal-Ilal-ligero/deployer/app//results/FlujoDeteccion3/docker-compose.yml  exec -T Anonimizacion sh -c "python3 /code/process_dir.py --input /home/domizzi/Documents/Muyal-Ilal-ligero/deployer/app//results//FlujoDeteccion3/catalogs/TESTCATALOG/ecgs --outfolder "/home/domizzi/Documents/Muyal-Ilal-ligero/deployer/app//results/FlujoDeteccion3/stage_Anonimizacion/Anonimizacionpattern/Anonimizacion/" --save dicom"
WARNING No specification, loading default base deid.dicom
WARNING Cannot read input file /home/domizzi/Documents/Muyal-Ilal-ligero/deployer/app//results//FlujoDeteccion3/catalogs/TESTCATALOG/ecgs/sensor1.txt, skipping.
WARNING Cannot read input file /home/domizzi/Documents/Muyal-Ilal-ligero/deployer/app//results//FlujoDeteccion3/catalogs/TESTCATALOG/ecgs/sensor0.txt, skipping.
WARNING No specification, loading default base deid.dicom
WARNING Cannot read input file /home/domizzi/Documents/Muyal-Ilal-ligero/deployer/app//results//FlujoDeteccion3/catalogs/TESTCATALOG/espirometrias/225_1b1_Pl_sc_Meditron.wav, skipping.
WARNING Cannot read input file /home/domizzi/Documents/Muyal-Ilal-ligero/deployer/app//results//FlujoDeteccion3/catalogs/TESTCATALOG/espirometrias/223_1b1_Pr_sc_Meditron.wav, skipping.
WARNING Cannot read input file /home/domizzi/Documents/Muyal-Ilal-ligero/deployer/app//results//FlujoDeteccion3/catalogs/TESTCATALOG/espirometrias/224_1b2_Al_sc_Meditron.wav, skipping.
WARNING Cannot read input file /home/domizzi/Documents/Muyal-Ilal-ligero/deployer/app//results//FlujoDeteccion3/catalogs/TESTCATALOG/espirometrias/226_1b1_Al_sc_Meditron.wav, skipping.
WARNING Cannot read input file /home/domizzi/Documents/Muyal-Ilal-ligero/deployer/app//results//FlujoDeteccion3/catalogs/TESTCATALOG/espirometrias/224_1b1_Tc_sc_Meditron.txt, skipping.
WARNING Cannot read input file /home/domizzi/Documents/Muyal-Ilal-ligero/deployer/app//results//FlujoDeteccion3/catalogs/TESTCATALOG/espirometrias/224_1b2_Al_sc_Meditron.txt, skipping.
WARNING Cannot read input file /home/domizzi/Documents/Muyal-Ilal-ligero/deployer/app//results//FlujoDeteccion3/catalogs/TESTCATALOG/espirometrias/226_1b1_Pl_sc_LittC2SE.wav, skipping.
WARNING Cannot read input file /home/domizzi/Documents/Muyal-Ilal-ligero/deployer/app//results//FlujoDeteccion3/catalogs/TESTCATALOG/espirometrias/225_1b1_Pl_sc_Meditron.txt, skipping.
WARNING Cannot read input file /home/domizzi/Documents/Muyal-Ilal-ligero/deployer/app//results//FlujoDeteccion3/catalogs/TESTCATALOG/espirometrias/226_1b1_Ll_sc_Meditron.txt, skipping.
WARNING Cannot read input file /home/domizzi/Documents/Muyal-Ilal-ligero/deployer/app//results//FlujoDeteccion3/catalogs/TESTCATALOG/espirometrias/226_1b1_Al_sc_Meditron.txt, skipping.
WARNING Cannot read input file /home/domizzi/Documents/Muyal-Ilal-ligero/deployer/app//results//FlujoDeteccion3/catalogs/TESTCATALOG/espirometrias/226_1b1_Pl_sc_LittC2SE.txt, skipping.
WARNING Cannot read input file /home/domizzi/Documents/Muyal-Ilal-ligero/deployer/app//results//FlujoDeteccion3/catalogs/TESTCATALOG/espirometrias/218_1b1_Ar_sc_Meditron.wav, skipping.
WARNING Cannot read input file /home/domizzi/Documents/Muyal-Ilal-ligero/deployer/app//results//FlujoDeteccion3/catalogs/TESTCATALOG/espirometrias/226_1b1_Ll_sc_Meditron.wav, skipping.
WARNING Cannot read input file /home/domizzi/Documents/Muyal-Ilal-ligero/deployer/app//results//FlujoDeteccion3/catalogs/TESTCATALOG/espirometrias/224_1b1_Tc_sc_Meditron.wav, skipping.
WARNING Cannot read input file /home/domizzi/Documents/Muyal-Ilal-ligero/deployer/app//results//FlujoDeteccion3/catalogs/TESTCATALOG/espirometrias/218_1b1_Al_sc_Meditron.txt, skipping.
WARNING Cannot read input file /home/domizzi/Documents/Muyal-Ilal-ligero/deployer/app//results//FlujoDeteccion3/catalogs/TESTCATALOG/espirometrias/216_1b1_Al_sc_Meditron.wav, skipping.
WARNING Cannot read input file /home/domizzi/Documents/Muyal-Ilal-ligero/deployer/app//results//FlujoDeteccion3/catalogs/TESTCATALOG/espirometrias/218_1b1_Ar_sc_Meditron.txt, skipping.
WARNING Cannot read input file /home/domizzi/Documents/Muyal-Ilal-ligero/deployer/app//results//FlujoDeteccion3/catalogs/TESTCATALOG/espirometrias/217_1b1_Tc_sc_Meditron.wav, skipping.
WARNING Cannot read input file /home/domizzi/Documents/Muyal-Ilal-ligero/deployer/app//results//FlujoDeteccion3/catalogs/TESTCATALOG/espirometrias/216_1b1_Pl_sc_Meditron.wav, skipping.
WARNING Cannot read input file /home/domizzi/Documents/Muyal-Ilal-ligero/deployer/app//results//FlujoDeteccion3/catalogs/TESTCATALOG/espirometrias/216_1b1_Pl_sc_Meditron.txt, skipping.
WARNING Cannot read input file /home/domizzi/Documents/Muyal-Ilal-ligero/deployer/app//results//FlujoDeteccion3/catalogs/TESTCATALOG/espirometrias/218_1b1_Al_sc_Meditron.wav, skipping.
WARNING Cannot read input file /home/domizzi/Documents/Muyal-Ilal-ligero/deployer/app//results//FlujoDeteccion3/catalogs/TESTCATALOG/espirometrias/217_1b1_Tc_sc_Meditron.txt, skipping.
WARNING Cannot read input file /home/domizzi/Documents/Muyal-Ilal-ligero/deployer/app//results//FlujoDeteccion3/catalogs/TESTCATALOG/espirometrias/216_1b1_Al_sc_Meditron.txt, skipping.
2023-02-14 02:09:23	Anonimizacion: processed 12288 bytes in ST=0.000000 RT = 3013 miliseconds
2023-02-14 02:09:23	Anonimizacion: processed 12288 bytes in ST=0.000000 RT = 3096 miliseconds
2023-02-14 02:09:23	Anonimizacionpattern: pattern executed in ST = 3704 miliseconds
{ "catalogname": " TESTCATALOG/FlujoDeteccion3-1676340559885/stage_Anonimizacion-1676340563623 ", "dispersemode": "IDA", "encryption":"true", "fathers_token":"77e6341458c016453c190974a70152a588d274bf44e36b1e29b66f5800bd76cd", "processed": "true" }
192.168.0.62:20500//pub_sub/v1/catalogs/create?access_token=33421dd8b0b630054ef91df374804512e3b7df1f8c68cd5579c99715f501155c
java -jar Upload.jar d194e4965ab1df62e652afd567e17915a07c28245d1336c10e6731e734873620 19b53e446de889fcd160d35c369c51e86d66800c 6874450e927289332722c9b53237d1add514e31fe4dce9e127aa3a6f334d97d1 IDA bob 2 '/home/domizzi/Documents/Muyal-Ilal-ligero/deployer/app//results/FlujoDeteccion3/stage_Anonimizacion' cinves true 33421dd8b0b630054ef91df374804512e3b7df1f8c68cd5579c99715f501155c true true 4
java -jar Upload.jar d194e4965ab1df62e652afd567e17915a07c28245d1336c10e6731e734873620 19b53e446de889fcd160d35c369c51e86d66800c 6874450e927289332722c9b53237d1add514e31fe4dce9e127aa3a6f334d97d1 IDA bob 2 '/home/domizzi/Documents/Muyal-Ilal-ligero/deployer/app//results/FlujoDeteccion3/stage_Anonimizacion' cinves true 33421dd8b0b630054ef91df374804512e3b7df1f8c68cd5579c99715f501155c true true 4
2023-02-14 02:09:23	stage_Anonimizacion: data satage upload in ST = 339 miliseconds
2023-02-14 02:09:23	stage_ToRGB: WORKING
2023-02-14 02:09:23	stage_Anonimizacion: stage executed in ST = 4044 miliseconds
2023-02-14 02:09:23	stage_ToRGB: has 1 sources
2023-02-14 02:09:23	ToRGBpattern: waiting
2023-02-14 02:09:23	ToRGBpattern: running
2023-02-14 02:09:23	ToRGBpattern: executing load balancer
docker-compose --log-level ERROR -p /home/domizzi/Documents/Muyal-Ilal-ligero/deployer/app//results/FlujoDeteccion3 -f /home/domizzi/Documents/Muyal-Ilal-ligero/deployer/app//results/FlujoDeteccion3/docker-compose.yml  exec -T lbToRGBpattern  sh -c "./main 2 DL /home/domizzi/Documents/Muyal-Ilal-ligero/deployer/app//results/FlujoDeteccion3//stage_Anonimizacion/Anonimizacionpattern/Anonimizacion "
docker-compose --log-level ERROR -p /home/domizzi/Documents/Muyal-Ilal-ligero/deployer/app//results/FlujoDeteccion3 -f /home/domizzi/Documents/Muyal-Ilal-ligero/deployer/app//results/FlujoDeteccion3/docker-compose.yml  exec -T lbToRGBpattern  sh -c "./main 2 DL /home/domizzi/Documents/Muyal-Ilal-ligero/deployer/app//results/FlujoDeteccion3//stage_Anonimizacion/Anonimizacionpattern/Anonimizacion "
{"result": [[],["/home/domizzi/Documents/Muyal-Ilal-ligero/deployer/app//results/FlujoDeteccion3//stage_Anonimizacion/Anonimizacionpattern/Anonimizacion/P1"]]}
2023-02-14 02:09:24	ToRGBpattern: load balancer executed in RT = 535 miliseconds
2023-02-14 02:09:24	ToRGB: waiting
2023-02-14 02:09:24	ToRGB: running
2023-02-14 02:09:24	ToRGB: processed 0 bytes in ST=0.000000 RT = 0 miliseconds
2023-02-14 02:09:24	ToRGB: waiting
2023-02-14 02:09:24	ToRGB: running
python3 /code/dicom2rgb.py /home/domizzi/Documents/Muyal-Ilal-ligero/deployer/app//results/FlujoDeteccion3//stage_Anonimizacion/Anonimizacionpattern/Anonimizacion/P1 /home/domizzi/Documents/Muyal-Ilal-ligero/deployer/app//results/FlujoDeteccion3/stage_ToRGB/ToRGBpattern/ToRGB//P1
docker-compose --log-level ERROR -p /home/domizzi/Documents/Muyal-Ilal-ligero/deployer/app//results/FlujoDeteccion3 -f /home/domizzi/Documents/Muyal-Ilal-ligero/deployer/app//results/FlujoDeteccion3/docker-compose.yml  exec -T ToRGB sh -c "python3 /code/dicom2rgb.py /home/domizzi/Documents/Muyal-Ilal-ligero/deployer/app//results/FlujoDeteccion3//stage_Anonimizacion/Anonimizacionpattern/Anonimizacion/P1 /home/domizzi/Documents/Muyal-Ilal-ligero/deployer/app//results/FlujoDeteccion3/stage_ToRGB/ToRGBpattern/ToRGB//P1"
2023-02-14 02:09:27	ToRGB: processed 4096 bytes in ST=0.000000 RT = 3336 miliseconds
2023-02-14 02:09:27	ToRGBpattern: pattern executed in ST = 3872 miliseconds
{ "catalogname": " TESTCATALOG/FlujoDeteccion3-1676340559885/stage_ToRGB-1676340567836 ", "dispersemode": "IDA", "encryption":"true", "fathers_token":"77e6341458c016453c190974a70152a588d274bf44e36b1e29b66f5800bd76cd", "processed": "true" }
192.168.0.62:20500//pub_sub/v1/catalogs/create?access_token=33421dd8b0b630054ef91df374804512e3b7df1f8c68cd5579c99715f501155c
java -jar Upload.jar d194e4965ab1df62e652afd567e17915a07c28245d1336c10e6731e734873620 19b53e446de889fcd160d35c369c51e86d66800c be374a553489ebff1202ba1f5b78f781f0bdf99c5c285d64e28f355577640d03 IDA bob 2 '/home/domizzi/Documents/Muyal-Ilal-ligero/deployer/app//results/FlujoDeteccion3/stage_ToRGB' cinves true 33421dd8b0b630054ef91df374804512e3b7df1f8c68cd5579c99715f501155c true true 4
java -jar Upload.jar d194e4965ab1df62e652afd567e17915a07c28245d1336c10e6731e734873620 19b53e446de889fcd160d35c369c51e86d66800c be374a553489ebff1202ba1f5b78f781f0bdf99c5c285d64e28f355577640d03 IDA bob 2 '/home/domizzi/Documents/Muyal-Ilal-ligero/deployer/app//results/FlujoDeteccion3/stage_ToRGB' cinves true 33421dd8b0b630054ef91df374804512e3b7df1f8c68cd5579c99715f501155c true true 4
2023-02-14 02:09:33	stage_ToRGB: data satage upload in ST = 5812 miliseconds
2023-02-14 02:09:33	stage_ToRGB: stage executed in ST = 9684 miliseconds
2023-02-14 02:09:33	stage_DetectorPulmon: WORKING
2023-02-14 02:09:33	stage_DetectorPulmon: has 1 sources
2023-02-14 02:09:33	DetectorPulmonpattern: waiting
2023-02-14 02:09:33	DetectorPulmonpattern: running
2023-02-14 02:09:33	DetectorPulmonpattern: executing load balancer
docker-compose --log-level ERROR -p /home/domizzi/Documents/Muyal-Ilal-ligero/deployer/app//results/FlujoDeteccion3 -f /home/domizzi/Documents/Muyal-Ilal-ligero/deployer/app//results/FlujoDeteccion3/docker-compose.yml  exec -T lbDetectorPulmonpattern  sh -c "./main 2 DL /home/domizzi/Documents/Muyal-Ilal-ligero/deployer/app//results/FlujoDeteccion3//stage_ToRGB/ToRGBpattern/ToRGB "
docker-compose --log-level ERROR -p /home/domizzi/Documents/Muyal-Ilal-ligero/deployer/app//results/FlujoDeteccion3 -f /home/domizzi/Documents/Muyal-Ilal-ligero/deployer/app//results/FlujoDeteccion3/docker-compose.yml  exec -T lbDetectorPulmonpattern  sh -c "./main 2 DL /home/domizzi/Documents/Muyal-Ilal-ligero/deployer/app//results/FlujoDeteccion3//stage_ToRGB/ToRGBpattern/ToRGB "
{"result": [[],["/home/domizzi/Documents/Muyal-Ilal-ligero/deployer/app//results/FlujoDeteccion3//stage_ToRGB/ToRGBpattern/ToRGB/P1"]]}
2023-02-14 02:09:34	DetectorPulmonpattern: load balancer executed in RT = 581 miliseconds
2023-02-14 02:09:34	DetectorPulmon: waiting
2023-02-14 02:09:34	DetectorPulmon: running
2023-02-14 02:09:34	DetectorPulmon: waiting
2023-02-14 02:09:34	DetectorPulmon: running
python3 /code/detectorPulmones.py /home/domizzi/Documents/Muyal-Ilal-ligero/deployer/app//results/FlujoDeteccion3//stage_ToRGB/ToRGBpattern/ToRGB/P1 /home/domizzi/Documents/Muyal-Ilal-ligero/deployer/app//results/FlujoDeteccion3/stage_DetectorPulmon/DetectorPulmonpattern/DetectorPulmon//P1
2023-02-14 02:09:34	DetectorPulmon: processed 0 bytes in ST=0.000000 RT = 0 miliseconds
docker-compose --log-level ERROR -p /home/domizzi/Documents/Muyal-Ilal-ligero/deployer/app//results/FlujoDeteccion3 -f /home/domizzi/Documents/Muyal-Ilal-ligero/deployer/app//results/FlujoDeteccion3/docker-compose.yml  exec -T DetectorPulmon sh -c "python3 /code/detectorPulmones.py /home/domizzi/Documents/Muyal-Ilal-ligero/deployer/app//results/FlujoDeteccion3//stage_ToRGB/ToRGBpattern/ToRGB/P1 /home/domizzi/Documents/Muyal-Ilal-ligero/deployer/app//results/FlujoDeteccion3/stage_DetectorPulmon/DetectorPulmonpattern/DetectorPulmon//P1"
2023-02-14 02:09:35.053779: W tensorflow/stream_executor/platform/default/dso_loader.cc:64] Could not load dynamic library 'libcudart.so.11.0'; dlerror: libcudart.so.11.0: cannot open shared object file: No such file or directory
2023-02-14 02:09:35.054178: I tensorflow/stream_executor/cuda/cudart_stub.cc:29] Ignore above cudart dlerror if you do not have a GPU set up on your machine.
2023-02-14 02:09:36.316006: I tensorflow/core/platform/cpu_feature_guard.cc:142] This TensorFlow binary is optimized with oneAPI Deep Neural Network Library (oneDNN) to use the following CPU instructions in performance-critical operations:  AVX2 FMA
To enable them in other operations, rebuild TensorFlow with the appropriate compiler flags.
2023-02-14 02:09:36.316886: W tensorflow/stream_executor/platform/default/dso_loader.cc:64] Could not load dynamic library 'libcuda.so.1'; dlerror: libcuda.so.1: cannot open shared object file: No such file or directory
2023-02-14 02:09:36.316909: W tensorflow/stream_executor/cuda/cuda_driver.cc:326] failed call to cuInit: UNKNOWN ERROR (303)
2023-02-14 02:09:36.316927: I tensorflow/stream_executor/cuda/cuda_diagnostics.cc:156] kernel driver does not appear to be running on this host (2afc8453c480): /proc/driver/nvidia/version does not exist
2023-02-14 02:09:38.836065: W tensorflow/core/framework/cpu_allocator_impl.cc:80] Allocation of 963379200 exceeds 10% of free system memory.
2023-02-14 02:09:38.911438: W tensorflow/core/framework/cpu_allocator_impl.cc:80] Allocation of 963379200 exceeds 10% of free system memory.
WARNING:tensorflow:From /code/models/research/object_detection/utils/model_util.py:57: Tensor.experimental_ref (from tensorflow.python.framework.ops) is deprecated and will be removed in a future version.
Instructions for updating:
Use ref() instead.
2023-02-14 02:09:40.376414: W tensorflow/core/framework/cpu_allocator_impl.cc:80] Allocation of 963379200 exceeds 10% of free system memory.
2023-02-14 02:09:40.448683: W tensorflow/core/framework/cpu_allocator_impl.cc:80] Allocation of 963379200 exceeds 10% of free system memory.
2023-02-14 02:09:41.728774: W tensorflow/core/framework/cpu_allocator_impl.cc:80] Allocation of 963379200 exceeds 10% of free system memory.
/code/detectorPulmones.py:240: RuntimeWarning: More than 20 figures have been opened. Figures created through the pyplot interface (`matplotlib.pyplot.figure`) are retained until explicitly closed and may consume too much memory. (To control this warning, see the rcParam `figure.max_open_warning`).
  plt.figure(figsize=(15,10))
2023-02-14 02:10:09	DetectorPulmon: processed 4096 bytes in ST=0.000000 RT = 35403 miliseconds
2023-02-14 02:10:09	DetectorPulmonpattern: pattern executed in ST = 35985 miliseconds
{ "catalogname": " TESTCATALOG/FlujoDeteccion3-1676340559885/stage_DetectorPulmon-1676340609633 ", "dispersemode": "IDA", "encryption":"true", "fathers_token":"77e6341458c016453c190974a70152a588d274bf44e36b1e29b66f5800bd76cd", "processed": "true" }
192.168.0.62:20500//pub_sub/v1/catalogs/create?access_token=33421dd8b0b630054ef91df374804512e3b7df1f8c68cd5579c99715f501155c
java -jar Upload.jar d194e4965ab1df62e652afd567e17915a07c28245d1336c10e6731e734873620 19b53e446de889fcd160d35c369c51e86d66800c 02281303b32ce446698d1a1331cc87d934174feb38271bc6bdcc3d1b989a7e42 IDA bob 2 '/home/domizzi/Documents/Muyal-Ilal-ligero/deployer/app//results/FlujoDeteccion3/stage_DetectorPulmon' cinves true 33421dd8b0b630054ef91df374804512e3b7df1f8c68cd5579c99715f501155c true true 4
java -jar Upload.jar d194e4965ab1df62e652afd567e17915a07c28245d1336c10e6731e734873620 19b53e446de889fcd160d35c369c51e86d66800c 02281303b32ce446698d1a1331cc87d934174feb38271bc6bdcc3d1b989a7e42 IDA bob 2 '/home/domizzi/Documents/Muyal-Ilal-ligero/deployer/app//results/FlujoDeteccion3/stage_DetectorPulmon' cinves true 33421dd8b0b630054ef91df374804512e3b7df1f8c68cd5579c99715f501155c true true 4
2023-02-14 02:10:10	stage_DetectorPulmon: data satage upload in ST = 441 miliseconds
2023-02-14 02:10:10	stage_DetectorPulmon: stage executed in ST = 36426 miliseconds
