2022-08-23 21:25:18	PARSER: Configured single MeshingDemo
2022-08-23 21:25:18	PARSER: Configured single Deidentification
2022-08-23 21:25:18	PARSER: Configured pattern MeshingDemopattern
2022-08-23 21:25:18	PARSER: Configured pattern Deidentificationpattern
2022-08-23 21:25:18	PARSER: Configured stage stage_MeshingDemo
2022-08-23 21:25:18	PARSER: Configured stage stage_Deidentification
2022-08-23 21:25:18	PARSER: Configured workflow MeshingPrueba2
2022-08-23 21:25:18	LAUCHER: Coupling stages and building blocks
2022-08-23 21:25:18	MeshingPrueba2: Workdir MeshingPrueba2
2022-08-23 21:25:18	MeshingPrueba2: Workdir exists
2022-08-23 21:25:18	MeshingPrueba2: Stage stage_MeshingDemo added
2022-08-23 21:25:18	stage_MeshingDemo: Workdir stage_MeshingDemo
2022-08-23 21:25:18	stage_MeshingDemo: Workdir exists
2022-08-23 21:25:18	stage_MeshingDemo: Added sink stage_Deidentification
2022-08-23 21:25:18	stage_MeshingDemo: Added building block MeshingDemopattern
2022-08-23 21:25:18	MeshingDemopattern: Workdir MeshingDemopattern
2022-08-23 21:25:18	MeshingDemopattern: Workdir exists
2022-08-23 21:25:18	MeshingDemo: Workdir MeshingDemo
2022-08-23 21:25:18	MeshingDemo: Workdir exists
2022-08-23 21:25:18	MeshingPrueba2: Stage stage_Deidentification added
2022-08-23 21:25:18	stage_Deidentification: Workdir stage_Deidentification
2022-08-23 21:25:18	stage_Deidentification: Workdir exists
2022-08-23 21:25:18	stage_Deidentification: Added source stage_MeshingDemo
2022-08-23 21:25:18	stage_Deidentification: Added building block Deidentificationpattern
2022-08-23 21:25:18	Deidentificationpattern: Workdir Deidentificationpattern
2022-08-23 21:25:18	Deidentificationpattern: Workdir exists
2022-08-23 21:25:18	Deidentification: Workdir Deidentification
2022-08-23 21:25:18	Deidentification: Workdir exists
2022-08-23 21:25:18	LAUNCHER: Creating YML file at MeshingPrueba2/docker-compose.yml
Deidentification
MeshingDemo
2022-08-23 21:25:18	LAUCHER: deploying virtual containers of workflow MeshingPrueba2
java -jar Download.jar 34eeb2703e3701662fa639068f08f032906ba4625663d41244f8608726143071 e3ef70e68d07024115430db2534a7735c68eb4f9 1a395247df2ee8fe074807f0c5db431fa6f36fc57688067efb85f7b377a77d40 2 1 cinves '/home/domizzi/Documents/PRONACES/puzzle/deployer/app//results/MeshingPrueba2/catalogs/OtroCat' 1da0574d2df35dd4e64392cdd9378c30b082c8c404d73af47798fb9cac544d80 true false 1
2022-08-23 21:25:22	MeshingPrueba2: executing 
{ "catalogname": " OtroCat/MeshingPrueba2-1661289922645 ", "dispersemode": "IDA", "encryption":"true", "fathers_token":"1a395247df2ee8fe074807f0c5db431fa6f36fc57688067efb85f7b377a77d40", "processed": "true" }
192.168.28.1:20500//pub_sub/v1/catalogs/create?access_token=1da0574d2df35dd4e64392cdd9378c30b082c8c404d73af47798fb9cac544d80
2022-08-23 21:25:22	stage_Deidentification: waiting
2022-08-23 21:25:22	stage_MeshingDemo: waiting
2022-08-23 21:25:22	stage_MeshingDemo: WORKING
2022-08-23 21:25:22	stage_MeshingDemo: has 1 sources
2022-08-23 21:25:22	MeshingDemopattern: waiting
2022-08-23 21:25:22	MeshingDemopattern: running
2022-08-23 21:25:22	MeshingDemopattern: executing load balancer
2022-08-23 21:25:23	MeshingDemopattern: load balancer executed in RT = 652 miliseconds
2022-08-23 21:25:23	MeshingDemo: waiting
2022-08-23 21:25:23	MeshingDemo: waiting
2022-08-23 21:25:23	MeshingDemo: running
2022-08-23 21:25:23	MeshingDemo: running
python3 /code/dicom2stlzip.py -o '/home/domizzi/Documents/PRONACES/puzzle/deployer/app//results/MeshingPrueba2/stage_MeshingDemo/MeshingDemopattern/MeshingDemo//mesh.stl' '/home/domizzi/Documents/PRONACES/puzzle/deployer/app//results//MeshingPrueba2/catalogs/OtroCat/CT1'
python3 /code/dicom2stlzip.py -o '/home/domizzi/Documents/PRONACES/puzzle/deployer/app//results/MeshingPrueba2/stage_MeshingDemo/MeshingDemopattern/MeshingDemo//mesh.stl' '/home/domizzi/Documents/PRONACES/puzzle/deployer/app//results//MeshingPrueba2/catalogs/OtroCat/lala'
/usr/local/lib/python3.7/site-packages/vtk/util/numpy_support.py:137: FutureWarning: Conversion of the second argument of issubdtype from `complex` to `np.complexfloating` is deprecated. In future, it will be treated as `np.complex128 == np.dtype(complex).type`.
  assert not numpy.issubdtype(z.dtype, complex), \
/usr/local/lib/python3.7/site-packages/vtk/util/numpy_support.py:137: FutureWarning: Conversion of the second argument of issubdtype from `complex` to `np.complexfloating` is deprecated. In future, it will be treated as `np.complex128 == np.dtype(complex).type`.
  assert not numpy.issubdtype(z.dtype, complex), \
2022-08-23 21:25:25	MeshingDemo: processed 4096 bytes in ST=0.000000 RT = 2316 miliseconds
2022-08-23 21:25:28	MeshingDemo: processed 4096 bytes in ST=0.000000 RT = 5197 miliseconds
2022-08-23 21:25:28	MeshingDemopattern: pattern executed in ST = 5851 miliseconds
{ "catalogname": " OtroCat/MeshingPrueba2-1661289922645/stage_MeshingDemo-1661289928541 ", "dispersemode": "IDA", "encryption":"true", "fathers_token":"9a6edd210fce7a095c5684f71d5556571aed299363ed6d1884eb10cd93bbf5f4", "processed": "true" }
192.168.28.1:20500//pub_sub/v1/catalogs/create?access_token=1da0574d2df35dd4e64392cdd9378c30b082c8c404d73af47798fb9cac544d80
java -jar Upload.jar 34eeb2703e3701662fa639068f08f032906ba4625663d41244f8608726143071 e3ef70e68d07024115430db2534a7735c68eb4f9 fa1f7942c5bd3ca38cf9b91f6d6db90077b93aca35f74a4434e42d66aa47959a IDA bob 2 '/home/domizzi/Documents/PRONACES/puzzle/deployer/app//results/MeshingPrueba2/stage_MeshingDemo' cinves true 1da0574d2df35dd4e64392cdd9378c30b082c8c404d73af47798fb9cac544d80 true true 4
2022-08-23 21:25:30	stage_MeshingDemo: data satage upload in ST = 1983 miliseconds
2022-08-23 21:25:30	stage_MeshingDemo: stage executed in ST = 7835 miliseconds
2022-08-23 21:25:30	stage_Deidentification: WORKING
2022-08-23 21:25:30	stage_Deidentification: has 1 sources
2022-08-23 21:25:30	Deidentificationpattern: waiting
2022-08-23 21:25:30	Deidentificationpattern: running
2022-08-23 21:25:30	Deidentificationpattern: executing load balancer
2022-08-23 21:25:31	Deidentificationpattern: load balancer executed in RT = 652 miliseconds
2022-08-23 21:25:31	Deidentification: waiting
2022-08-23 21:25:31	Deidentification: waiting
2022-08-23 21:25:31	Deidentification: running
2022-08-23 21:25:31	Deidentification: running
2022-08-23 21:25:31	Deidentification: processed 0 bytes in ST=0.000000 RT = 0 miliseconds
python3 /code/process_dir.py --input /home/domizzi/Documents/PRONACES/puzzle/deployer/app//results/MeshingPrueba2//stage_MeshingDemo/MeshingDemopattern/MeshingDemo --outfolder '/home/domizzi/Documents/PRONACES/puzzle/deployer/app//results/MeshingPrueba2/stage_Deidentification/Deidentificationpattern/Deidentification/' --save dicom
WARNING No specification, loading default base deid.dicom
WARNING Cannot read input file /home/domizzi/Documents/PRONACES/puzzle/deployer/app//results/MeshingPrueba2//stage_MeshingDemo/MeshingDemopattern/MeshingDemo/mesh.stl, skipping.
2022-08-23 21:25:32	Deidentification: processed 4096 bytes in ST=0.000000 RT = 1021 miliseconds
2022-08-23 21:25:32	Deidentificationpattern: pattern executed in ST = 1674 miliseconds
{ "catalogname": " OtroCat/MeshingPrueba2-1661289922645/stage_Deidentification-1661289932200 ", "dispersemode": "IDA", "encryption":"true", "fathers_token":"9a6edd210fce7a095c5684f71d5556571aed299363ed6d1884eb10cd93bbf5f4", "processed": "true" }
192.168.28.1:20500//pub_sub/v1/catalogs/create?access_token=1da0574d2df35dd4e64392cdd9378c30b082c8c404d73af47798fb9cac544d80
java -jar Upload.jar 34eeb2703e3701662fa639068f08f032906ba4625663d41244f8608726143071 e3ef70e68d07024115430db2534a7735c68eb4f9 f6f9775f0130425133ee6dd4526f720e828b7c6409856a9c29210e813270236e IDA bob 2 '/home/domizzi/Documents/PRONACES/puzzle/deployer/app//results/MeshingPrueba2/stage_Deidentification' cinves true 1da0574d2df35dd4e64392cdd9378c30b082c8c404d73af47798fb9cac544d80 true true 4
2022-08-23 21:25:32	stage_Deidentification: data satage upload in ST = 478 miliseconds
2022-08-23 21:25:32	stage_Deidentification: stage executed in ST = 2153 miliseconds
