2022-08-19 00:55:18	PARSER: Configured single Deidentification
2022-08-19 00:55:18	PARSER: Configured single ToPNG
2022-08-19 00:55:18	PARSER: Configured single DetectorPulmon
2022-08-19 00:55:18	PARSER: Configured pattern Deidentificationpattern
2022-08-19 00:55:18	PARSER: Configured pattern ToPNGpattern
2022-08-19 00:55:18	PARSER: Configured pattern DetectorPulmonpattern
2022-08-19 00:55:18	PARSER: Configured stage stage_Deidentification
2022-08-19 00:55:18	PARSER: Configured stage stage_ToPNG
2022-08-19 00:55:18	PARSER: Configured stage stage_DetectorPulmon
2022-08-19 00:55:18	PARSER: Configured workflow OtraPrueba
2022-08-19 00:55:18	LAUCHER: Coupling stages and building blocks
2022-08-19 00:55:18	OtraPrueba: Workdir OtraPrueba
2022-08-19 00:55:18	OtraPrueba: Workdir exists
2022-08-19 00:55:18	OtraPrueba: Stage stage_Deidentification added
2022-08-19 00:55:18	stage_Deidentification: Workdir stage_Deidentification
2022-08-19 00:55:18	stage_Deidentification: Workdir exists
2022-08-19 00:55:18	stage_Deidentification: Added sink stage_ToPNG
2022-08-19 00:55:18	stage_Deidentification: Added building block Deidentificationpattern
2022-08-19 00:55:18	Deidentificationpattern: Workdir Deidentificationpattern
2022-08-19 00:55:18	Deidentificationpattern: Workdir exists
2022-08-19 00:55:18	Deidentification: Workdir Deidentification
2022-08-19 00:55:18	Deidentification: Workdir exists
2022-08-19 00:55:18	OtraPrueba: Stage stage_ToPNG added
2022-08-19 00:55:18	stage_ToPNG: Workdir stage_ToPNG
2022-08-19 00:55:18	stage_ToPNG: Workdir exists
2022-08-19 00:55:18	stage_ToPNG: Added source stage_Deidentification
2022-08-19 00:55:18	stage_ToPNG: Added sink stage_DetectorPulmon
2022-08-19 00:55:18	stage_ToPNG: Added building block ToPNGpattern
2022-08-19 00:55:18	ToPNGpattern: Workdir ToPNGpattern
2022-08-19 00:55:18	ToPNGpattern: Workdir exists
2022-08-19 00:55:18	ToPNG: Workdir ToPNG
2022-08-19 00:55:18	ToPNG: Workdir exists
2022-08-19 00:55:18	OtraPrueba: Stage stage_DetectorPulmon added
2022-08-19 00:55:18	stage_DetectorPulmon: Workdir stage_DetectorPulmon
2022-08-19 00:55:18	stage_DetectorPulmon: Workdir exists
2022-08-19 00:55:18	stage_DetectorPulmon: Added source stage_ToPNG
2022-08-19 00:55:18	stage_DetectorPulmon: Added building block DetectorPulmonpattern
2022-08-19 00:55:18	DetectorPulmonpattern: Workdir DetectorPulmonpattern
2022-08-19 00:55:18	DetectorPulmonpattern: Workdir exists
2022-08-19 00:55:18	DetectorPulmon: Workdir DetectorPulmon
2022-08-19 00:55:18	DetectorPulmon: Workdir exists
2022-08-19 00:55:18	LAUNCHER: Creating YML file at OtraPrueba/docker-compose.yml
DetectorPulmon
ToPNG
Deidentification
Exception in thread "main" java.lang.NullPointerException
	at logic.Api.sendGet(Api.java:149)
	at logic.Api._getCatalogInfo(Api.java:106)
	at logic.APIServices.getCatalogInfo(APIServices.java:59)
	at mx.cinvestav.tamps.integracion.gui.RobotHelper.prepare(RobotHelper.java:182)
	at mx.cinvestav.tamps.integracion.gui.RobotHelper.download(RobotHelper.java:147)
	at mx.cinvestav.tamps.integracion.gui.RobotHelper.run(RobotHelper.java:143)
	at mx.cinvestav.tamps.integracion.gui.RobotDownloader.<init>(RobotDownloader.java:46)
	at mx.cinvestav.tamps.integracion.gui.RobotDownloader.main(RobotDownloader.java:39)
2022-08-19 00:55:18	LAUCHER: deploying virtual containers of workflow OtraPrueba
2022-08-19 00:55:18	OtraPrueba: executing 
{ "catalogname": " PruebaCat/OtraPrueba-1660870518457 ", "dispersemode": "IDA", "encryption":"true", "fathers_token":"178f90a59777a8f47d132af616b87731ab4a093fa3f0a0aa4025b242995622c1", "processed": "true" }
localhost:20500/pub_sub/v1/catalogs/create?access_token=69a3dfaf1007f5a923149e389aa01288cc065a9e82cd86b381e652b1b6108e78
curl_easy_perform() failed: Couldn't connect to server
Segmentation fault (core dumped)
