2022-08-19 16:46:09	PARSER: Configured single Deidentification
2022-08-19 16:46:09	PARSER: Configured single ToPNG
2022-08-19 16:46:09	PARSER: Configured single DetectorPulmon
2022-08-19 16:46:09	PARSER: Configured pattern Deidentificationpattern
2022-08-19 16:46:09	PARSER: Configured pattern ToPNGpattern
2022-08-19 16:46:09	PARSER: Configured pattern DetectorPulmonpattern
2022-08-19 16:46:09	PARSER: Configured stage stage_Deidentification
2022-08-19 16:46:09	PARSER: Configured stage stage_ToPNG
2022-08-19 16:46:09	PARSER: Configured stage stage_DetectorPulmon
2022-08-19 16:46:09	PARSER: Configured workflow ProcesamientoPulmon
2022-08-19 16:46:09	LAUCHER: Coupling stages and building blocks
2022-08-19 16:46:09	ProcesamientoPulmon: Workdir ProcesamientoPulmon
2022-08-19 16:46:09	ProcesamientoPulmon: Workdir exists
2022-08-19 16:46:09	ProcesamientoPulmon: Stage stage_Deidentification added
2022-08-19 16:46:09	stage_Deidentification: Workdir stage_Deidentification
2022-08-19 16:46:09	stage_Deidentification: Workdir exists
2022-08-19 16:46:09	stage_Deidentification: Added sink stage_ToPNG
2022-08-19 16:46:09	stage_Deidentification: Added building block Deidentificationpattern
2022-08-19 16:46:09	Deidentificationpattern: Workdir Deidentificationpattern
2022-08-19 16:46:09	Deidentificationpattern: Workdir exists
2022-08-19 16:46:09	Deidentification: Workdir Deidentification
2022-08-19 16:46:09	Deidentification: Workdir exists
2022-08-19 16:46:09	ProcesamientoPulmon: Stage stage_ToPNG added
2022-08-19 16:46:09	stage_ToPNG: Workdir stage_ToPNG
2022-08-19 16:46:09	stage_ToPNG: Workdir exists
2022-08-19 16:46:09	stage_ToPNG: Added source stage_Deidentification
2022-08-19 16:46:09	stage_ToPNG: Added sink stage_DetectorPulmon
2022-08-19 16:46:09	stage_ToPNG: Added building block ToPNGpattern
2022-08-19 16:46:09	ToPNGpattern: Workdir ToPNGpattern
2022-08-19 16:46:09	ToPNGpattern: Workdir exists
2022-08-19 16:46:09	ToPNG: Workdir ToPNG
2022-08-19 16:46:09	ToPNG: Workdir exists
2022-08-19 16:46:09	ProcesamientoPulmon: Stage stage_DetectorPulmon added
2022-08-19 16:46:09	stage_DetectorPulmon: Workdir stage_DetectorPulmon
2022-08-19 16:46:09	stage_DetectorPulmon: Workdir exists
2022-08-19 16:46:09	stage_DetectorPulmon: Added source stage_ToPNG
2022-08-19 16:46:09	stage_DetectorPulmon: Added building block DetectorPulmonpattern
2022-08-19 16:46:09	DetectorPulmonpattern: Workdir DetectorPulmonpattern
2022-08-19 16:46:09	DetectorPulmonpattern: Workdir exists
2022-08-19 16:46:09	DetectorPulmon: Workdir DetectorPulmon
2022-08-19 16:46:09	DetectorPulmon: Workdir exists
2022-08-19 16:46:09	LAUNCHER: Creating YML file at ProcesamientoPulmon/docker-compose.yml
DetectorPulmon
ToPNG
Deidentification
2022-08-19 16:46:09	LAUCHER: deploying virtual containers of workflow ProcesamientoPulmon
java -jar Download.jar 276f6c4fd4bbb53e1e3a2b0a9078185206225d7e2381e70fbc59ae02daef445f 515bb9a6f4f8f858f7e1dd3469b93461201ad4a1 1b0063418c5902e5a4eb850df0b62b1f9c575834bbcc2edfdd81573bdbca4d7f 2 1 cinves '/home/domizzi/Documents/PRONACES/puzzle/deployer/app//results/ProcesamientoPulmon/catalogs/OtroCat' 69a3dfaf1007f5a923149e389aa01288cc065a9e82cd86b381e652b1b6108e78 true false 1
2022-08-19 16:46:13	ProcesamientoPulmon: executing 
{ "catalogname": " OtroCat/ProcesamientoPulmon-1660927573586 ", "dispersemode": "IDA", "encryption":"true", "fathers_token":"1b0063418c5902e5a4eb850df0b62b1f9c575834bbcc2edfdd81573bdbca4d7f", "processed": "true" }
192.168.100.212:20500//pub_sub/v1/catalogs/create?access_token=69a3dfaf1007f5a923149e389aa01288cc065a9e82cd86b381e652b1b6108e78
2022-08-19 16:46:13	stage_Deidentification: waiting
2022-08-19 16:46:13	stage_DetectorPulmon: waiting
2022-08-19 16:46:13	stage_Deidentification: WORKING
2022-08-19 16:46:13	stage_Deidentification: has 1 sources
2022-08-19 16:46:13	Deidentificationpattern: waiting
2022-08-19 16:46:13	stage_ToPNG: waiting
2022-08-19 16:46:13	Deidentificationpattern: running
2022-08-19 16:46:13	Deidentificationpattern: executing load balancer
2022-08-19 16:46:14	Deidentificationpattern: load balancer executed in RT = 868 miliseconds
2022-08-19 16:46:14	Deidentification: waiting
2022-08-19 16:46:14	Deidentification: waiting
2022-08-19 16:46:14	Deidentification: running
2022-08-19 16:46:14	Deidentification: running
python3 /code/process_dir.py --input /home/domizzi/Documents/PRONACES/puzzle/deployer/app//results//ProcesamientoPulmon/catalogs/OtroCat/lala --outfolder '/home/domizzi/Documents/PRONACES/puzzle/deployer/app//results/ProcesamientoPulmon/stage_Deidentification/Deidentificationpattern/Deidentification/' --save dicom
python3 /code/process_dir.py --input /home/domizzi/Documents/PRONACES/puzzle/deployer/app//results//ProcesamientoPulmon/catalogs/OtroCat/CT1 --outfolder '/home/domizzi/Documents/PRONACES/puzzle/deployer/app//results/ProcesamientoPulmon/stage_Deidentification/Deidentificationpattern/Deidentification/' --save dicom
WARNING No specification, loading default base deid.dicom
WARNING use detect() --> clean() before saving is possible.
WARNING use detect() --> clean() before saving is possible.
WARNING No specification, loading default base deid.dicom
2022-08-19 16:46:16	Deidentification: processed 4096 bytes in ST=0.000000 RT = 1508 miliseconds
2022-08-19 16:46:16	Deidentification: processed 4096 bytes in ST=0.000000 RT = 2177 miliseconds
2022-08-19 16:46:16	Deidentificationpattern: pattern executed in ST = 3045 miliseconds
{ "catalogname": " OtroCat/ProcesamientoPulmon-1660927573586/stage_Deidentification-1660927576676 ", "dispersemode": "IDA", "encryption":"true", "fathers_token":"ad4a89eacf98404f620cabd8f8f30254bea763456eba9baa5e44a1d12234dc68", "processed": "true" }
192.168.100.212:20500//pub_sub/v1/catalogs/create?access_token=69a3dfaf1007f5a923149e389aa01288cc065a9e82cd86b381e652b1b6108e78
java -jar Upload.jar 276f6c4fd4bbb53e1e3a2b0a9078185206225d7e2381e70fbc59ae02daef445f 515bb9a6f4f8f858f7e1dd3469b93461201ad4a1 feecbd281a7f3ee169702c07469d914bd50f3243eb5a23399515d4370d3dbf3f IDA bob 2 '/home/domizzi/Documents/PRONACES/puzzle/deployer/app//results/ProcesamientoPulmon/stage_Deidentification' cinves true 69a3dfaf1007f5a923149e389aa01288cc065a9e82cd86b381e652b1b6108e78 true true 4
2022-08-19 16:46:29	stage_Deidentification: data satage upload in ST = 12818 miliseconds
2022-08-19 16:46:29	stage_Deidentification: stage executed in ST = 15865 miliseconds
2022-08-19 16:46:29	stage_ToPNG: WORKING
2022-08-19 16:46:29	stage_ToPNG: has 1 sources
2022-08-19 16:46:29	ToPNGpattern: waiting
2022-08-19 16:46:29	ToPNGpattern: running
2022-08-19 16:46:29	ToPNGpattern: executing load balancer
2022-08-19 16:46:30	ToPNGpattern: load balancer executed in RT = 807 miliseconds
2022-08-19 16:46:30	ToPNG: waiting
2022-08-19 16:46:302022-08-19 16:46:30		ToPNG: running
ToPNG: waiting
2022-08-19 16:46:30	ToPNG: running
python3 /code/dicom2rgb.py /home/domizzi/Documents/PRONACES/puzzle/deployer/app//results/ProcesamientoPulmon//stage_Deidentification/Deidentificationpattern/Deidentification/CT1 /home/domizzi/Documents/PRONACES/puzzle/deployer/app//results/ProcesamientoPulmon/stage_ToPNG/ToPNGpattern/ToPNG//CT1
python3 /code/dicom2rgb.py /home/domizzi/Documents/PRONACES/puzzle/deployer/app//results/ProcesamientoPulmon//stage_Deidentification/Deidentificationpattern/Deidentification/lala /home/domizzi/Documents/PRONACES/puzzle/deployer/app//results/ProcesamientoPulmon/stage_ToPNG/ToPNGpattern/ToPNG//lala
/usr/local/lib/python3.7/site-packages/pydicom/filereader.py:353: UserWarning: Expected explicit VR, but found implicit VR - using implicit VR for reading
  warnings.warn(msg + f" - using {found_vr} VR for reading", UserWarning)
2022-08-19 16:46:33	ToPNG: processed 4096 bytes in ST=0.000000 RT = 2855 miliseconds
2022-08-19 16:46:35	ToPNG: processed 4096 bytes in ST=0.000000 RT = 4712 miliseconds
2022-08-19 16:46:35	ToPNGpattern: pattern executed in ST = 5519 miliseconds
{ "catalogname": " OtroCat/ProcesamientoPulmon-1660927573586/stage_ToPNG-1660927595015 ", "dispersemode": "IDA", "encryption":"true", "fathers_token":"ad4a89eacf98404f620cabd8f8f30254bea763456eba9baa5e44a1d12234dc68", "processed": "true" }
192.168.100.212:20500//pub_sub/v1/catalogs/create?access_token=69a3dfaf1007f5a923149e389aa01288cc065a9e82cd86b381e652b1b6108e78
java -jar Upload.jar 276f6c4fd4bbb53e1e3a2b0a9078185206225d7e2381e70fbc59ae02daef445f 515bb9a6f4f8f858f7e1dd3469b93461201ad4a1 4ffd5cfd74fbf6bf0b6fd3f4462da4c758fea6e40a4093846534fa3c7ed1b3ef IDA bob 2 '/home/domizzi/Documents/PRONACES/puzzle/deployer/app//results/ProcesamientoPulmon/stage_ToPNG' cinves true 69a3dfaf1007f5a923149e389aa01288cc065a9e82cd86b381e652b1b6108e78 true true 4
2022-08-19 16:46:46	stage_ToPNG: data satage upload in ST = 11644 miliseconds
2022-08-19 16:46:46	stage_DetectorPulmon: WORKING
2022-08-19 16:46:46	stage_DetectorPulmon: has 1 sources
2022-08-19 16:46:46	stage_ToPNG: stage executed in ST = 17164 miliseconds
2022-08-19 16:46:46	DetectorPulmonpattern: waiting
2022-08-19 16:46:46	DetectorPulmonpattern: running
2022-08-19 16:46:46	DetectorPulmonpattern: executing load balancer
2022-08-19 16:46:47	DetectorPulmonpattern: load balancer executed in RT = 732 miliseconds
2022-08-19 16:46:47	DetectorPulmon: waiting
2022-08-19 16:46:47	DetectorPulmon: running
2022-08-19 16:46:47	DetectorPulmon: waiting
python3 /code/detectorPulmones.py /home/domizzi/Documents/PRONACES/puzzle/deployer/app//results/ProcesamientoPulmon//stage_ToPNG/ToPNGpattern/ToPNG/CT1 /home/domizzi/Documents/PRONACES/puzzle/deployer/app//results/ProcesamientoPulmon/stage_DetectorPulmon/DetectorPulmonpattern/DetectorPulmon//CT1
2022-08-19 16:46:47	DetectorPulmon: running
python3 /code/detectorPulmones.py /home/domizzi/Documents/PRONACES/puzzle/deployer/app//results/ProcesamientoPulmon//stage_ToPNG/ToPNGpattern/ToPNG/lala /home/domizzi/Documents/PRONACES/puzzle/deployer/app//results/ProcesamientoPulmon/stage_DetectorPulmon/DetectorPulmonpattern/DetectorPulmon//lala
2022-08-19 16:46:48.636030: W tensorflow/stream_executor/platform/default/dso_loader.cc:64] Could not load dynamic library 'libcudart.so.11.0'; dlerror: libcudart.so.11.0: cannot open shared object file: No such file or directory
2022-08-19 16:46:48.636072: I tensorflow/stream_executor/cuda/cudart_stub.cc:29] Ignore above cudart dlerror if you do not have a GPU set up on your machine.
2022-08-19 16:46:48.727302: W tensorflow/stream_executor/platform/default/dso_loader.cc:64] Could not load dynamic library 'libcudart.so.11.0'; dlerror: libcudart.so.11.0: cannot open shared object file: No such file or directory
2022-08-19 16:46:48.727332: I tensorflow/stream_executor/cuda/cudart_stub.cc:29] Ignore above cudart dlerror if you do not have a GPU set up on your machine.
2022-08-19 16:46:50.129703: I tensorflow/core/platform/cpu_feature_guard.cc:142] This TensorFlow binary is optimized with oneAPI Deep Neural Network Library (oneDNN) to use the following CPU instructions in performance-critical operations:  AVX2 FMA
To enable them in other operations, rebuild TensorFlow with the appropriate compiler flags.
2022-08-19 16:46:50.130966: W tensorflow/stream_executor/platform/default/dso_loader.cc:64] Could not load dynamic library 'libcuda.so.1'; dlerror: libcuda.so.1: cannot open shared object file: No such file or directory
2022-08-19 16:46:50.131001: W tensorflow/stream_executor/cuda/cuda_driver.cc:326] failed call to cuInit: UNKNOWN ERROR (303)
2022-08-19 16:46:50.131023: I tensorflow/stream_executor/cuda/cuda_diagnostics.cc:163] no NVIDIA GPU device is present: /dev/nvidia0 does not exist
2022-08-19 16:46:50.235329: I tensorflow/core/platform/cpu_feature_guard.cc:142] This TensorFlow binary is optimized with oneAPI Deep Neural Network Library (oneDNN) to use the following CPU instructions in performance-critical operations:  AVX2 FMA
To enable them in other operations, rebuild TensorFlow with the appropriate compiler flags.
2022-08-19 16:46:50.236397: W tensorflow/stream_executor/platform/default/dso_loader.cc:64] Could not load dynamic library 'libcuda.so.1'; dlerror: libcuda.so.1: cannot open shared object file: No such file or directory
2022-08-19 16:46:50.236429: W tensorflow/stream_executor/cuda/cuda_driver.cc:326] failed call to cuInit: UNKNOWN ERROR (303)
2022-08-19 16:46:50.236449: I tensorflow/stream_executor/cuda/cuda_diagnostics.cc:163] no NVIDIA GPU device is present: /dev/nvidia0 does not exist
2022-08-19 16:46:53.321438: W tensorflow/core/framework/cpu_allocator_impl.cc:80] Allocation of 963379200 exceeds 10% of free system memory.
2022-08-19 16:46:53.423626: W tensorflow/core/framework/cpu_allocator_impl.cc:80] Allocation of 963379200 exceeds 10% of free system memory.
WARNING:tensorflow:From /code/models/research/object_detection/utils/model_util.py:57: Tensor.experimental_ref (from tensorflow.python.framework.ops) is deprecated and will be removed in a future version.
Instructions for updating:
Use ref() instead.
2022-08-19 16:46:53.876628: W tensorflow/core/framework/cpu_allocator_impl.cc:80] Allocation of 963379200 exceeds 10% of free system memory.
2022-08-19 16:46:53.955621: W tensorflow/core/framework/cpu_allocator_impl.cc:80] Allocation of 963379200 exceeds 10% of free system memory.
WARNING:tensorflow:From /code/models/research/object_detection/utils/model_util.py:57: Tensor.experimental_ref (from tensorflow.python.framework.ops) is deprecated and will be removed in a future version.
Instructions for updating:
Use ref() instead.
2022-08-19 16:46:56.667545: W tensorflow/core/framework/cpu_allocator_impl.cc:80] Allocation of 963379200 exceeds 10% of free system memory.
2022-08-19 16:46:56.749141: W tensorflow/core/framework/cpu_allocator_impl.cc:80] Allocation of 963379200 exceeds 10% of free system memory.
2022-08-19 16:46:56.854495: W tensorflow/core/framework/cpu_allocator_impl.cc:80] Allocation of 963379200 exceeds 10% of free system memory.
2022-08-19 16:46:57.080912: W tensorflow/core/framework/cpu_allocator_impl.cc:80] Allocation of 963379200 exceeds 10% of free system memory.
2022-08-19 16:46:59.521663: W tensorflow/core/framework/cpu_allocator_impl.cc:80] Allocation of 963379200 exceeds 10% of free system memory.
/code/detectorPulmones.py:240: RuntimeWarning: More than 20 figures have been opened. Figures created through the pyplot interface (`matplotlib.pyplot.figure`) are retained until explicitly closed and may consume too much memory. (To control this warning, see the rcParam `figure.max_open_warning`).
  plt.figure(figsize=(15,10))
2022-08-19 16:47:00	DetectorPulmon: processed 4096 bytes in ST=0.000000 RT = 12817 miliseconds
2022-08-19 16:47:38	DetectorPulmon: processed 4096 bytes in ST=0.000000 RT = 51588 miliseconds
2022-08-19 16:47:38	DetectorPulmonpattern: pattern executed in ST = 52321 miliseconds
{ "catalogname": " OtroCat/ProcesamientoPulmon-1660927573586/stage_DetectorPulmon-1660927658982 ", "dispersemode": "IDA", "encryption":"true", "fathers_token":"ad4a89eacf98404f620cabd8f8f30254bea763456eba9baa5e44a1d12234dc68", "processed": "true" }
192.168.100.212:20500//pub_sub/v1/catalogs/create?access_token=69a3dfaf1007f5a923149e389aa01288cc065a9e82cd86b381e652b1b6108e78
java -jar Upload.jar 276f6c4fd4bbb53e1e3a2b0a9078185206225d7e2381e70fbc59ae02daef445f 515bb9a6f4f8f858f7e1dd3469b93461201ad4a1 6bdd12db0fa14178cc83a014d3fa37bfc982bde3053431bb3807dabd4807caa0 IDA bob 2 '/home/domizzi/Documents/PRONACES/puzzle/deployer/app//results/ProcesamientoPulmon/stage_DetectorPulmon' cinves true 69a3dfaf1007f5a923149e389aa01288cc065a9e82cd86b381e652b1b6108e78 true true 4
2022-08-19 16:47:50	stage_DetectorPulmon: data satage upload in ST = 11173 miliseconds
2022-08-19 16:47:50	stage_DetectorPulmon: stage executed in ST = 63495 miliseconds
