2022-08-19 15:09:25	PARSER: Configured single Deidentification
2022-08-19 15:09:25	PARSER: Configured single ToPNG
2022-08-19 15:09:25	PARSER: Configured single DetectorPulmon
2022-08-19 15:09:25	PARSER: Configured pattern Deidentificationpattern
2022-08-19 15:09:25	PARSER: Configured pattern ToPNGpattern
2022-08-19 15:09:25	PARSER: Configured pattern DetectorPulmonpattern
2022-08-19 15:09:25	PARSER: Configured stage stage_Deidentification
2022-08-19 15:09:25	PARSER: Configured stage stage_ToPNG
2022-08-19 15:09:25	PARSER: Configured stage stage_DetectorPulmon
2022-08-19 15:09:25	PARSER: Configured workflow ProcesamientoPulmon
2022-08-19 15:09:25	LAUCHER: Coupling stages and building blocks
2022-08-19 15:09:25	ProcesamientoPulmon: Workdir ProcesamientoPulmon
2022-08-19 15:09:25	ProcesamientoPulmon: Workdir exists
2022-08-19 15:09:25	ProcesamientoPulmon: Stage stage_Deidentification added
2022-08-19 15:09:25	stage_Deidentification: Workdir stage_Deidentification
2022-08-19 15:09:25	stage_Deidentification: Workdir exists
2022-08-19 15:09:25	stage_Deidentification: Added sink stage_ToPNG
2022-08-19 15:09:25	stage_Deidentification: Added building block Deidentificationpattern
2022-08-19 15:09:25	Deidentificationpattern: Workdir Deidentificationpattern
2022-08-19 15:09:25	Deidentificationpattern: Workdir exists
2022-08-19 15:09:25	Deidentification: Workdir Deidentification
2022-08-19 15:09:25	Deidentification: Workdir exists
2022-08-19 15:09:25	ProcesamientoPulmon: Stage stage_ToPNG added
2022-08-19 15:09:25	stage_ToPNG: Workdir stage_ToPNG
2022-08-19 15:09:25	stage_ToPNG: Workdir exists
2022-08-19 15:09:25	stage_ToPNG: Added source stage_Deidentification
2022-08-19 15:09:25	stage_ToPNG: Added sink stage_DetectorPulmon
2022-08-19 15:09:25	stage_ToPNG: Added building block ToPNGpattern
2022-08-19 15:09:25	ToPNGpattern: Workdir ToPNGpattern
2022-08-19 15:09:25	ToPNGpattern: Workdir exists
2022-08-19 15:09:25	ToPNG: Workdir ToPNG
2022-08-19 15:09:25	ToPNG: Workdir exists
2022-08-19 15:09:25	ProcesamientoPulmon: Stage stage_DetectorPulmon added
2022-08-19 15:09:25	stage_DetectorPulmon: Workdir stage_DetectorPulmon
2022-08-19 15:09:25	stage_DetectorPulmon: Workdir exists
2022-08-19 15:09:25	stage_DetectorPulmon: Added source stage_ToPNG
2022-08-19 15:09:25	stage_DetectorPulmon: Added building block DetectorPulmonpattern
2022-08-19 15:09:25	DetectorPulmonpattern: Workdir DetectorPulmonpattern
2022-08-19 15:09:25	DetectorPulmonpattern: Workdir exists
2022-08-19 15:09:25	DetectorPulmon: Workdir DetectorPulmon
2022-08-19 15:09:25	DetectorPulmon: Workdir exists
2022-08-19 15:09:25	LAUNCHER: Creating YML file at ProcesamientoPulmon/docker-compose.yml
DetectorPulmon
ToPNG
Deidentification
2022-08-19 15:09:25	LAUCHER: deploying virtual containers of workflow ProcesamientoPulmon
java -jar Download.jar 276f6c4fd4bbb53e1e3a2b0a9078185206225d7e2381e70fbc59ae02daef445f 515bb9a6f4f8f858f7e1dd3469b93461201ad4a1 1b0063418c5902e5a4eb850df0b62b1f9c575834bbcc2edfdd81573bdbca4d7f 2 1 cinves '/home/domizzi/Documents/PRONACES/puzzle/deployer/app//results/ProcesamientoPulmon/catalogs/OtroCat' 69a3dfaf1007f5a923149e389aa01288cc065a9e82cd86b381e652b1b6108e78 true false 1
2022-08-19 15:09:29	ProcesamientoPulmon: executing 
{ "catalogname": " OtroCat/ProcesamientoPulmon-1660921769538 ", "dispersemode": "IDA", "encryption":"true", "fathers_token":"1b0063418c5902e5a4eb850df0b62b1f9c575834bbcc2edfdd81573bdbca4d7f", "processed": "true" }
192.168.100.212:20500//pub_sub/v1/catalogs/create?access_token=69a3dfaf1007f5a923149e389aa01288cc065a9e82cd86b381e652b1b6108e78
2022-08-19 15:09:29	stage_Deidentification: waiting
2022-08-19 15:09:29	stage_ToPNG: waiting
2022-08-19 15:09:29	stage_DetectorPulmon: waiting
2022-08-19 15:09:29	stage_Deidentification: WORKING
2022-08-19 15:09:29	stage_Deidentification: has 1 sources
2022-08-19 15:09:29	Deidentificationpattern: waiting
2022-08-19 15:09:29	Deidentificationpattern: running
2022-08-19 15:09:29	Deidentificationpattern: executing load balancer
2022-08-19 15:09:30	Deidentificationpattern: load balancer executed in RT = 812 miliseconds
2022-08-19 15:09:30	Deidentification: waiting
2022-08-19 15:09:30	Deidentification: waiting
2022-08-19 15:09:30	Deidentification: running
2022-08-19 15:09:30	Deidentification: running
python3 /code/process_dir.py --input /home/domizzi/Documents/PRONACES/puzzle/deployer/app//results//ProcesamientoPulmon/catalogs/OtroCat/CT1 --outfolder '/home/domizzi/Documents/PRONACES/puzzle/deployer/app//results/ProcesamientoPulmon/stage_Deidentification/Deidentificationpattern/Deidentification/' --save dicom
python3 /code/process_dir.py --input /home/domizzi/Documents/PRONACES/puzzle/deployer/app//results//ProcesamientoPulmon/catalogs/OtroCat/lala --outfolder '/home/domizzi/Documents/PRONACES/puzzle/deployer/app//results/ProcesamientoPulmon/stage_Deidentification/Deidentificationpattern/Deidentification/' --save dicom
WARNING No specification, loading default base deid.dicom
WARNING use detect() --> clean() before saving is possible.
WARNING use detect() --> clean() before saving is possible.
WARNING No specification, loading default base deid.dicom
2022-08-19 15:09:31	Deidentification: processed 4096 bytes in ST=0.000000 RT = 1179 miliseconds
2022-08-19 15:09:31	Deidentification: processed 4096 bytes in ST=0.000000 RT = 1467 miliseconds
2022-08-19 15:09:31	Deidentificationpattern: pattern executed in ST = 2280 miliseconds
{ "catalogname": " OtroCat/ProcesamientoPulmon-1660921769538/stage_Deidentification-1660921771864 ", "dispersemode": "IDA", "encryption":"true", "fathers_token":"a8df59c39e8ee4160a497daae9ba5754774f5a7896fa0483f91baade6cb12094", "processed": "true" }
192.168.100.212:20500//pub_sub/v1/catalogs/create?access_token=69a3dfaf1007f5a923149e389aa01288cc065a9e82cd86b381e652b1b6108e78
java -jar Upload.jar 276f6c4fd4bbb53e1e3a2b0a9078185206225d7e2381e70fbc59ae02daef445f 515bb9a6f4f8f858f7e1dd3469b93461201ad4a1 08ee709c5b6c08280764f4c6616b7344481cd97fd0fa88b445c0529a7ca03dbc IDA bob 2 '/home/domizzi/Documents/PRONACES/puzzle/deployer/app//results/ProcesamientoPulmon/stage_Deidentification' cinves true 69a3dfaf1007f5a923149e389aa01288cc065a9e82cd86b381e652b1b6108e78 true true 4
2022-08-19 15:09:41	stage_Deidentification: data satage upload in ST = 9386 miliseconds
2022-08-19 15:09:41	stage_Deidentification: stage executed in ST = 11667 miliseconds
2022-08-19 15:09:41	stage_ToPNG: WORKING
2022-08-19 15:09:41	stage_ToPNG: has 1 sources
2022-08-19 15:09:41	ToPNGpattern: waiting
2022-08-19 15:09:41	ToPNGpattern: running
2022-08-19 15:09:41	ToPNGpattern: executing load balancer
2022-08-19 15:09:41	ToPNGpattern: load balancer executed in RT = 641 miliseconds
2022-08-19 15:09:41	ToPNG: waiting
2022-08-19 15:09:41	ToPNG: waiting
2022-08-19 15:09:41	ToPNG: running
2022-08-19 15:09:41	ToPNG: running
python3 /code/dicom2rgb.py /home/domizzi/Documents/PRONACES/puzzle/deployer/app//results/ProcesamientoPulmon//stage_Deidentification/Deidentificationpattern/Deidentification/lala /home/domizzi/Documents/PRONACES/puzzle/deployer/app//results/ProcesamientoPulmon/stage_ToPNG/ToPNGpattern/ToPNG//lala
python3 /code/dicom2rgb.py /home/domizzi/Documents/PRONACES/puzzle/deployer/app//results/ProcesamientoPulmon//stage_Deidentification/Deidentificationpattern/Deidentification/CT1 /home/domizzi/Documents/PRONACES/puzzle/deployer/app//results/ProcesamientoPulmon/stage_ToPNG/ToPNGpattern/ToPNG//CT1
/usr/local/lib/python3.7/site-packages/pydicom/filereader.py:353: UserWarning: Expected explicit VR, but found implicit VR - using implicit VR for reading
  warnings.warn(msg + f" - using {found_vr} VR for reading", UserWarning)
2022-08-19 15:09:43	ToPNG: processed 4096 bytes in ST=0.000000 RT = 1949 miliseconds
2022-08-19 15:09:45	ToPNG: processed 4096 bytes in ST=0.000000 RT = 3453 miliseconds
2022-08-19 15:09:45	ToPNGpattern: pattern executed in ST = 4095 miliseconds
{ "catalogname": " OtroCat/ProcesamientoPulmon-1660921769538/stage_ToPNG-1660921785346 ", "dispersemode": "IDA", "encryption":"true", "fathers_token":"a8df59c39e8ee4160a497daae9ba5754774f5a7896fa0483f91baade6cb12094", "processed": "true" }
192.168.100.212:20500//pub_sub/v1/catalogs/create?access_token=69a3dfaf1007f5a923149e389aa01288cc065a9e82cd86b381e652b1b6108e78
java -jar Upload.jar 276f6c4fd4bbb53e1e3a2b0a9078185206225d7e2381e70fbc59ae02daef445f 515bb9a6f4f8f858f7e1dd3469b93461201ad4a1 fe8ff29abbe87fc60cb7d0694c1ed6b2969dae8dd55d637a6560af569ff9b076 IDA bob 2 '/home/domizzi/Documents/PRONACES/puzzle/deployer/app//results/ProcesamientoPulmon/stage_ToPNG' cinves true 69a3dfaf1007f5a923149e389aa01288cc065a9e82cd86b381e652b1b6108e78 true true 4
2022-08-19 15:09:56	stage_ToPNG: data satage upload in ST = 10681 miliseconds
2022-08-19 15:09:56	stage_DetectorPulmon: WORKING
2022-08-19 15:09:56	stage_DetectorPulmon: has 1 sources
2022-08-19 15:09:56	stage_ToPNG: stage executed in ST = 14777 miliseconds
2022-08-19 15:09:56	DetectorPulmonpattern: waiting
2022-08-19 15:09:56	DetectorPulmonpattern: running
2022-08-19 15:09:56	DetectorPulmonpattern: executing load balancer
2022-08-19 15:09:56	DetectorPulmonpattern: load balancer executed in RT = 630 miliseconds
2022-08-19 15:09:56	DetectorPulmon: waiting
2022-08-19 15:09:56	DetectorPulmon: waiting
2022-08-19 15:09:56	DetectorPulmon: running
2022-08-19 15:09:56	DetectorPulmon: running
python3 /code/detectorPulmones.py /home/domizzi/Documents/PRONACES/puzzle/deployer/app//results/ProcesamientoPulmon//stage_ToPNG/ToPNGpattern/ToPNG/CT1 /home/domizzi/Documents/PRONACES/puzzle/deployer/app//results/ProcesamientoPulmon/stage_DetectorPulmon/DetectorPulmonpattern/DetectorPulmon//CT1
python3 /code/detectorPulmones.py /home/domizzi/Documents/PRONACES/puzzle/deployer/app//results/ProcesamientoPulmon//stage_ToPNG/ToPNGpattern/ToPNG/lala /home/domizzi/Documents/PRONACES/puzzle/deployer/app//results/ProcesamientoPulmon/stage_DetectorPulmon/DetectorPulmonpattern/DetectorPulmon//lala
2022-08-19 15:09:57.472000: W tensorflow/stream_executor/platform/default/dso_loader.cc:64] Could not load dynamic library 'libcudart.so.11.0'; dlerror: libcudart.so.11.0: cannot open shared object file: No such file or directory
2022-08-19 15:09:57.472036: I tensorflow/stream_executor/cuda/cudart_stub.cc:29] Ignore above cudart dlerror if you do not have a GPU set up on your machine.
2022-08-19 15:09:57.542029: W tensorflow/stream_executor/platform/default/dso_loader.cc:64] Could not load dynamic library 'libcudart.so.11.0'; dlerror: libcudart.so.11.0: cannot open shared object file: No such file or directory
2022-08-19 15:09:57.542065: I tensorflow/stream_executor/cuda/cudart_stub.cc:29] Ignore above cudart dlerror if you do not have a GPU set up on your machine.
2022-08-19 15:09:58.662486: I tensorflow/core/platform/cpu_feature_guard.cc:142] This TensorFlow binary is optimized with oneAPI Deep Neural Network Library (oneDNN) to use the following CPU instructions in performance-critical operations:  AVX2 FMA
To enable them in other operations, rebuild TensorFlow with the appropriate compiler flags.
2022-08-19 15:09:58.663964: W tensorflow/stream_executor/platform/default/dso_loader.cc:64] Could not load dynamic library 'libcuda.so.1'; dlerror: libcuda.so.1: cannot open shared object file: No such file or directory
2022-08-19 15:09:58.664004: W tensorflow/stream_executor/cuda/cuda_driver.cc:326] failed call to cuInit: UNKNOWN ERROR (303)
2022-08-19 15:09:58.664033: I tensorflow/stream_executor/cuda/cuda_diagnostics.cc:163] no NVIDIA GPU device is present: /dev/nvidia0 does not exist
2022-08-19 15:09:58.730165: I tensorflow/core/platform/cpu_feature_guard.cc:142] This TensorFlow binary is optimized with oneAPI Deep Neural Network Library (oneDNN) to use the following CPU instructions in performance-critical operations:  AVX2 FMA
To enable them in other operations, rebuild TensorFlow with the appropriate compiler flags.
2022-08-19 15:09:58.731143: W tensorflow/stream_executor/platform/default/dso_loader.cc:64] Could not load dynamic library 'libcuda.so.1'; dlerror: libcuda.so.1: cannot open shared object file: No such file or directory
2022-08-19 15:09:58.731164: W tensorflow/stream_executor/cuda/cuda_driver.cc:326] failed call to cuInit: UNKNOWN ERROR (303)
2022-08-19 15:09:58.731183: I tensorflow/stream_executor/cuda/cuda_diagnostics.cc:163] no NVIDIA GPU device is present: /dev/nvidia0 does not exist
2022-08-19 15:10:01.012720: W tensorflow/core/framework/cpu_allocator_impl.cc:80] Allocation of 963379200 exceeds 10% of free system memory.
2022-08-19 15:10:01.085338: W tensorflow/core/framework/cpu_allocator_impl.cc:80] Allocation of 963379200 exceeds 10% of free system memory.
2022-08-19 15:10:01.324702: W tensorflow/core/framework/cpu_allocator_impl.cc:80] Allocation of 963379200 exceeds 10% of free system memory.
2022-08-19 15:10:01.403301: W tensorflow/core/framework/cpu_allocator_impl.cc:80] Allocation of 963379200 exceeds 10% of free system memory.
WARNING:tensorflow:From /code/models/research/object_detection/utils/model_util.py:57: Tensor.experimental_ref (from tensorflow.python.framework.ops) is deprecated and will be removed in a future version.
Instructions for updating:
Use ref() instead.
WARNING:tensorflow:From /code/models/research/object_detection/utils/model_util.py:57: Tensor.experimental_ref (from tensorflow.python.framework.ops) is deprecated and will be removed in a future version.
Instructions for updating:
Use ref() instead.
2022-08-19 15:10:03.552825: W tensorflow/core/framework/cpu_allocator_impl.cc:80] Allocation of 963379200 exceeds 10% of free system memory.
2022-08-19 15:10:03.578651: W tensorflow/core/framework/cpu_allocator_impl.cc:80] Allocation of 963379200 exceeds 10% of free system memory.
2022-08-19 15:10:03.685984: W tensorflow/core/framework/cpu_allocator_impl.cc:80] Allocation of 963379200 exceeds 10% of free system memory.
2022-08-19 15:10:03.755453: W tensorflow/core/framework/cpu_allocator_impl.cc:80] Allocation of 963379200 exceeds 10% of free system memory.
2022-08-19 15:10:05.642019: W tensorflow/core/framework/cpu_allocator_impl.cc:80] Allocation of 963379200 exceeds 10% of free system memory.
/code/detectorPulmones.py:240: RuntimeWarning: More than 20 figures have been opened. Figures created through the pyplot interface (`matplotlib.pyplot.figure`) are retained until explicitly closed and may consume too much memory. (To control this warning, see the rcParam `figure.max_open_warning`).
  plt.figure(figsize=(15,10))
2022-08-19 15:10:06	DetectorPulmon: processed 4096 bytes in ST=0.000000 RT = 9685 miliseconds
2022-08-19 15:10:36	DetectorPulmon: processed 4096 bytes in ST=0.000000 RT = 39794 miliseconds
2022-08-19 15:10:36	DetectorPulmonpattern: pattern executed in ST = 40425 miliseconds
{ "catalogname": " OtroCat/ProcesamientoPulmon-1660921769538/stage_DetectorPulmon-1660921836453 ", "dispersemode": "IDA", "encryption":"true", "fathers_token":"a8df59c39e8ee4160a497daae9ba5754774f5a7896fa0483f91baade6cb12094", "processed": "true" }
192.168.100.212:20500//pub_sub/v1/catalogs/create?access_token=69a3dfaf1007f5a923149e389aa01288cc065a9e82cd86b381e652b1b6108e78
java -jar Upload.jar 276f6c4fd4bbb53e1e3a2b0a9078185206225d7e2381e70fbc59ae02daef445f 515bb9a6f4f8f858f7e1dd3469b93461201ad4a1 86633c24fe95ac5a3fa0b4138f93ad49b071839005fa232b24ee7c1bb75d7897 IDA bob 2 '/home/domizzi/Documents/PRONACES/puzzle/deployer/app//results/ProcesamientoPulmon/stage_DetectorPulmon' cinves true 69a3dfaf1007f5a923149e389aa01288cc065a9e82cd86b381e652b1b6108e78 true true 4
2022-08-19 15:10:46	stage_DetectorPulmon: data satage upload in ST = 10328 miliseconds
2022-08-19 15:10:46	stage_DetectorPulmon: stage executed in ST = 50754 miliseconds
