2022-08-19 13:34:23	PARSER: Configured single Deidentification
2022-08-19 13:34:23	PARSER: Configured single ToPNG
2022-08-19 13:34:23	PARSER: Configured single DetectorPulmon
2022-08-19 13:34:23	PARSER: Configured pattern Deidentificationpattern
2022-08-19 13:34:23	PARSER: Configured pattern ToPNGpattern
2022-08-19 13:34:23	PARSER: Configured pattern DetectorPulmonpattern
2022-08-19 13:34:23	PARSER: Configured stage stage_Deidentification
2022-08-19 13:34:23	PARSER: Configured stage stage_ToPNG
2022-08-19 13:34:23	PARSER: Configured stage stage_DetectorPulmon
2022-08-19 13:34:23	PARSER: Configured workflow ProcesamientoPulmon
2022-08-19 13:34:23	LAUCHER: Coupling stages and building blocks
2022-08-19 13:34:23	ProcesamientoPulmon: Workdir ProcesamientoPulmon
2022-08-19 13:34:23	ProcesamientoPulmon: Workdir exists
2022-08-19 13:34:23	ProcesamientoPulmon: Stage stage_Deidentification added
2022-08-19 13:34:23	stage_Deidentification: Workdir stage_Deidentification
2022-08-19 13:34:23	stage_Deidentification: Workdir exists
2022-08-19 13:34:23	stage_Deidentification: Added sink stage_ToPNG
2022-08-19 13:34:23	stage_Deidentification: Added building block Deidentificationpattern
2022-08-19 13:34:23	Deidentificationpattern: Workdir Deidentificationpattern
2022-08-19 13:34:23	Deidentificationpattern: Workdir exists
2022-08-19 13:34:23	Deidentification: Workdir Deidentification
2022-08-19 13:34:23	Deidentification: Workdir exists
2022-08-19 13:34:23	ProcesamientoPulmon: Stage stage_ToPNG added
2022-08-19 13:34:23	stage_ToPNG: Workdir stage_ToPNG
2022-08-19 13:34:23	stage_ToPNG: Workdir exists
2022-08-19 13:34:23	stage_ToPNG: Added source stage_Deidentification
2022-08-19 13:34:23	stage_ToPNG: Added sink stage_DetectorPulmon
2022-08-19 13:34:23	stage_ToPNG: Added building block ToPNGpattern
2022-08-19 13:34:23	ToPNGpattern: Workdir ToPNGpattern
2022-08-19 13:34:23	ToPNGpattern: Workdir exists
2022-08-19 13:34:23	ToPNG: Workdir ToPNG
2022-08-19 13:34:23	ToPNG: Workdir exists
2022-08-19 13:34:23	ProcesamientoPulmon: Stage stage_DetectorPulmon added
2022-08-19 13:34:23	stage_DetectorPulmon: Workdir stage_DetectorPulmon
2022-08-19 13:34:23	stage_DetectorPulmon: Workdir exists
2022-08-19 13:34:23	stage_DetectorPulmon: Added source stage_ToPNG
2022-08-19 13:34:23	stage_DetectorPulmon: Added building block DetectorPulmonpattern
2022-08-19 13:34:23	DetectorPulmonpattern: Workdir DetectorPulmonpattern
2022-08-19 13:34:23	DetectorPulmonpattern: Workdir exists
2022-08-19 13:34:23	DetectorPulmon: Workdir DetectorPulmon
2022-08-19 13:34:23	DetectorPulmon: Workdir exists
2022-08-19 13:34:23	LAUNCHER: Creating YML file at ProcesamientoPulmon/docker-compose.yml
DetectorPulmon
ToPNG
Deidentification
2022-08-19 13:34:23	LAUCHER: deploying virtual containers of workflow ProcesamientoPulmon
java -jar Download.jar 276f6c4fd4bbb53e1e3a2b0a9078185206225d7e2381e70fbc59ae02daef445f 515bb9a6f4f8f858f7e1dd3469b93461201ad4a1 1b0063418c5902e5a4eb850df0b62b1f9c575834bbcc2edfdd81573bdbca4d7f 2 1 cinves '/home/domizzi/Documents/PRONACES/puzzle/deployer/app//results/ProcesamientoPulmon/catalogs/OtroCat' 69a3dfaf1007f5a923149e389aa01288cc065a9e82cd86b381e652b1b6108e78 true false 1
2022-08-19 13:34:26	ProcesamientoPulmon: executing 
{ "catalogname": " OtroCat/ProcesamientoPulmon-1660916066777 ", "dispersemode": "IDA", "encryption":"true", "fathers_token":"1b0063418c5902e5a4eb850df0b62b1f9c575834bbcc2edfdd81573bdbca4d7f", "processed": "true" }
192.168.125.1:20500//pub_sub/v1/catalogs/create?access_token=69a3dfaf1007f5a923149e389aa01288cc065a9e82cd86b381e652b1b6108e78
2022-08-19 13:34:26	stage_Deidentification: waiting
2022-08-19 13:34:26	stage_ToPNG: waiting
2022-08-19 13:34:26	stage_Deidentification: WORKING
2022-08-19 13:34:26	stage_DetectorPulmon: waiting
2022-08-19 13:34:26	stage_Deidentification: has 1 sources
2022-08-19 13:34:26	Deidentificationpattern: waiting
2022-08-19 13:34:26	Deidentificationpattern: running
2022-08-19 13:34:26	Deidentificationpattern: executing load balancer
2022-08-19 13:34:27	Deidentificationpattern: load balancer executed in RT = 653 miliseconds
2022-08-19 13:34:27	Deidentification: waiting
2022-08-19 13:34:27	Deidentification: waiting
2022-08-19 13:34:27	Deidentification: running
2022-08-19 13:34:27	Deidentification: running
python3 /code/process_dir.py --input /home/domizzi/Documents/PRONACES/puzzle/deployer/app//results//ProcesamientoPulmon/catalogs/OtroCat/lala --outfolder '/home/domizzi/Documents/PRONACES/puzzle/deployer/app//results/ProcesamientoPulmon/stage_Deidentification/Deidentificationpattern/Deidentification/' --save dicom
python3 /code/process_dir.py --input /home/domizzi/Documents/PRONACES/puzzle/deployer/app//results//ProcesamientoPulmon/catalogs/OtroCat/CT1 --outfolder '/home/domizzi/Documents/PRONACES/puzzle/deployer/app//results/ProcesamientoPulmon/stage_Deidentification/Deidentificationpattern/Deidentification/' --save dicom
WARNING No specification, loading default base deid.dicom
WARNING use detect() --> clean() before saving is possible.
WARNING use detect() --> clean() before saving is possible.
WARNING No specification, loading default base deid.dicom
2022-08-19 13:34:28	Deidentification: processed 4096 bytes in ST=0.000000 RT = 1080 miliseconds
2022-08-19 13:34:28	Deidentification: processed 4096 bytes in ST=0.000000 RT = 1308 miliseconds
2022-08-19 13:34:28	Deidentificationpattern: pattern executed in ST = 1962 miliseconds
{ "catalogname": " OtroCat/ProcesamientoPulmon-1660916066777/stage_Deidentification-1660916068793 ", "dispersemode": "IDA", "encryption":"true", "fathers_token":"1cd0dc9fb0090aa5547c7387b6a036a0d4c4cfd5861580d3e74a395a8f40b40f", "processed": "true" }
192.168.125.1:20500//pub_sub/v1/catalogs/create?access_token=69a3dfaf1007f5a923149e389aa01288cc065a9e82cd86b381e652b1b6108e78
java -jar Upload.jar 276f6c4fd4bbb53e1e3a2b0a9078185206225d7e2381e70fbc59ae02daef445f 515bb9a6f4f8f858f7e1dd3469b93461201ad4a1 d514eee22a8c6980bcf8729ed09ca6561c5dfe41e1c82d6638de6bddba1f489b IDA bob 2 '/home/domizzi/Documents/PRONACES/puzzle/deployer/app//results/ProcesamientoPulmon/stage_Deidentification' cinves true 69a3dfaf1007f5a923149e389aa01288cc065a9e82cd86b381e652b1b6108e78 true true 4
2022-08-19 13:34:38	stage_Deidentification: data satage upload in ST = 9319 miliseconds
2022-08-19 13:34:38	stage_Deidentification: stage executed in ST = 11282 miliseconds
2022-08-19 13:34:38	stage_ToPNG: WORKING
2022-08-19 13:34:38	stage_ToPNG: has 1 sources
2022-08-19 13:34:38	ToPNGpattern: waiting
2022-08-19 13:34:38	ToPNGpattern: running
2022-08-19 13:34:38	ToPNGpattern: executing load balancer
2022-08-19 13:34:38	ToPNGpattern: load balancer executed in RT = 625 miliseconds
2022-08-19 13:34:38	ToPNG: waiting
2022-08-19 13:34:38	ToPNG: waiting
2022-08-19 13:34:38	ToPNG: running
2022-08-19 13:34:38	ToPNG: running
python3 /code/dicom2rgb.py /home/domizzi/Documents/PRONACES/puzzle/deployer/app//results/ProcesamientoPulmon//stage_Deidentification/Deidentificationpattern/Deidentification/lala /home/domizzi/Documents/PRONACES/puzzle/deployer/app//results/ProcesamientoPulmon/stage_ToPNG/ToPNGpattern/ToPNG//lala
python3 /code/dicom2rgb.py /home/domizzi/Documents/PRONACES/puzzle/deployer/app//results/ProcesamientoPulmon//stage_Deidentification/Deidentificationpattern/Deidentification/CT1 /home/domizzi/Documents/PRONACES/puzzle/deployer/app//results/ProcesamientoPulmon/stage_ToPNG/ToPNGpattern/ToPNG//CT1
/usr/local/lib/python3.7/site-packages/pydicom/filereader.py:353: UserWarning: Expected explicit VR, but found implicit VR - using implicit VR for reading
  warnings.warn(msg + f" - using {found_vr} VR for reading", UserWarning)
2022-08-19 13:34:40	ToPNG: processed 4096 bytes in ST=0.000000 RT = 1862 miliseconds
2022-08-19 13:34:42	ToPNG: processed 4096 bytes in ST=0.000000 RT = 3406 miliseconds
2022-08-19 13:34:42	ToPNGpattern: pattern executed in ST = 4032 miliseconds
{ "catalogname": " OtroCat/ProcesamientoPulmon-1660916066777/stage_ToPNG-1660916082145 ", "dispersemode": "IDA", "encryption":"true", "fathers_token":"1cd0dc9fb0090aa5547c7387b6a036a0d4c4cfd5861580d3e74a395a8f40b40f", "processed": "true" }
192.168.125.1:20500//pub_sub/v1/catalogs/create?access_token=69a3dfaf1007f5a923149e389aa01288cc065a9e82cd86b381e652b1b6108e78
java -jar Upload.jar 276f6c4fd4bbb53e1e3a2b0a9078185206225d7e2381e70fbc59ae02daef445f 515bb9a6f4f8f858f7e1dd3469b93461201ad4a1 4fe250d1570cea809f0c9f72af43b9be8619e0be3c86abc6b38f7d38c6c78c71 IDA bob 2 '/home/domizzi/Documents/PRONACES/puzzle/deployer/app//results/ProcesamientoPulmon/stage_ToPNG' cinves true 69a3dfaf1007f5a923149e389aa01288cc065a9e82cd86b381e652b1b6108e78 true true 4
2022-08-19 13:34:52	stage_ToPNG: data satage upload in ST = 10034 miliseconds
2022-08-19 13:34:52	stage_ToPNG: stage executed in ST = 14066 miliseconds
2022-08-19 13:34:52	stage_DetectorPulmon: WORKING
2022-08-19 13:34:52	stage_DetectorPulmon: has 1 sources
2022-08-19 13:34:52	DetectorPulmonpattern: waiting
2022-08-19 13:34:52	DetectorPulmonpattern: running
2022-08-19 13:34:52	DetectorPulmonpattern: executing load balancer
2022-08-19 13:34:52	DetectorPulmonpattern: load balancer executed in RT = 643 miliseconds
2022-08-19 13:34:52	DetectorPulmon: waiting
2022-08-19 13:34:52	DetectorPulmon: waiting
2022-08-19 13:34:52	DetectorPulmon: running
2022-08-19 13:34:52	DetectorPulmon: running
python3 /code/detectorPulmones.py /home/domizzi/Documents/PRONACES/puzzle/deployer/app//results/ProcesamientoPulmon//stage_ToPNG/ToPNGpattern/ToPNG/lala /home/domizzi/Documents/PRONACES/puzzle/deployer/app//results/ProcesamientoPulmon/stage_DetectorPulmon/DetectorPulmonpattern/DetectorPulmon//lala
python3 /code/detectorPulmones.py /home/domizzi/Documents/PRONACES/puzzle/deployer/app//results/ProcesamientoPulmon//stage_ToPNG/ToPNGpattern/ToPNG/CT1 /home/domizzi/Documents/PRONACES/puzzle/deployer/app//results/ProcesamientoPulmon/stage_DetectorPulmon/DetectorPulmonpattern/DetectorPulmon//CT1
2022-08-19 13:34:53.672368: W tensorflow/stream_executor/platform/default/dso_loader.cc:64] Could not load dynamic library 'libcudart.so.11.0'; dlerror: libcudart.so.11.0: cannot open shared object file: No such file or directory
2022-08-19 13:34:53.672396: I tensorflow/stream_executor/cuda/cudart_stub.cc:29] Ignore above cudart dlerror if you do not have a GPU set up on your machine.
2022-08-19 13:34:53.690379: W tensorflow/stream_executor/platform/default/dso_loader.cc:64] Could not load dynamic library 'libcudart.so.11.0'; dlerror: libcudart.so.11.0: cannot open shared object file: No such file or directory
2022-08-19 13:34:53.690410: I tensorflow/stream_executor/cuda/cudart_stub.cc:29] Ignore above cudart dlerror if you do not have a GPU set up on your machine.
2022-08-19 13:34:54.879332: I tensorflow/core/platform/cpu_feature_guard.cc:142] This TensorFlow binary is optimized with oneAPI Deep Neural Network Library (oneDNN) to use the following CPU instructions in performance-critical operations:  AVX2 FMA
To enable them in other operations, rebuild TensorFlow with the appropriate compiler flags.
2022-08-19 13:34:54.880391: W tensorflow/stream_executor/platform/default/dso_loader.cc:64] Could not load dynamic library 'libcuda.so.1'; dlerror: libcuda.so.1: cannot open shared object file: No such file or directory
2022-08-19 13:34:54.880419: W tensorflow/stream_executor/cuda/cuda_driver.cc:326] failed call to cuInit: UNKNOWN ERROR (303)
2022-08-19 13:34:54.880436: I tensorflow/stream_executor/cuda/cuda_diagnostics.cc:163] no NVIDIA GPU device is present: /dev/nvidia0 does not exist
2022-08-19 13:34:54.912505: I tensorflow/core/platform/cpu_feature_guard.cc:142] This TensorFlow binary is optimized with oneAPI Deep Neural Network Library (oneDNN) to use the following CPU instructions in performance-critical operations:  AVX2 FMA
To enable them in other operations, rebuild TensorFlow with the appropriate compiler flags.
2022-08-19 13:34:54.913645: W tensorflow/stream_executor/platform/default/dso_loader.cc:64] Could not load dynamic library 'libcuda.so.1'; dlerror: libcuda.so.1: cannot open shared object file: No such file or directory
2022-08-19 13:34:54.913689: W tensorflow/stream_executor/cuda/cuda_driver.cc:326] failed call to cuInit: UNKNOWN ERROR (303)
2022-08-19 13:34:54.913719: I tensorflow/stream_executor/cuda/cuda_diagnostics.cc:163] no NVIDIA GPU device is present: /dev/nvidia0 does not exist
2022-08-19 13:34:57.228858: W tensorflow/core/framework/cpu_allocator_impl.cc:80] Allocation of 963379200 exceeds 10% of free system memory.
2022-08-19 13:34:57.259859: W tensorflow/core/framework/cpu_allocator_impl.cc:80] Allocation of 963379200 exceeds 10% of free system memory.
2022-08-19 13:34:57.363157: W tensorflow/core/framework/cpu_allocator_impl.cc:80] Allocation of 963379200 exceeds 10% of free system memory.
2022-08-19 13:34:57.405840: W tensorflow/core/framework/cpu_allocator_impl.cc:80] Allocation of 963379200 exceeds 10% of free system memory.
WARNING:tensorflow:From /code/models/research/object_detection/utils/model_util.py:57: Tensor.experimental_ref (from tensorflow.python.framework.ops) is deprecated and will be removed in a future version.
Instructions for updating:
Use ref() instead.
WARNING:tensorflow:From /code/models/research/object_detection/utils/model_util.py:57: Tensor.experimental_ref (from tensorflow.python.framework.ops) is deprecated and will be removed in a future version.
Instructions for updating:
Use ref() instead.
2022-08-19 13:34:59.565554: W tensorflow/core/framework/cpu_allocator_impl.cc:80] Allocation of 963379200 exceeds 10% of free system memory.
2022-08-19 13:34:59.653868: W tensorflow/core/framework/cpu_allocator_impl.cc:80] Allocation of 963379200 exceeds 10% of free system memory.
2022-08-19 13:34:59.921876: W tensorflow/core/framework/cpu_allocator_impl.cc:80] Allocation of 963379200 exceeds 10% of free system memory.
2022-08-19 13:35:00.002484: W tensorflow/core/framework/cpu_allocator_impl.cc:80] Allocation of 963379200 exceeds 10% of free system memory.
2022-08-19 13:35:01.548704: W tensorflow/core/framework/cpu_allocator_impl.cc:80] Allocation of 963379200 exceeds 10% of free system memory.
/code/detectorPulmones.py:240: RuntimeWarning: More than 20 figures have been opened. Figures created through the pyplot interface (`matplotlib.pyplot.figure`) are retained until explicitly closed and may consume too much memory. (To control this warning, see the rcParam `figure.max_open_warning`).
  plt.figure(figsize=(15,10))
2022-08-19 13:35:02	DetectorPulmon: processed 4096 bytes in ST=0.000000 RT = 9520 miliseconds
2022-08-19 13:35:31	DetectorPulmon: processed 4096 bytes in ST=0.000000 RT = 38766 miliseconds
2022-08-19 13:35:31	DetectorPulmonpattern: pattern executed in ST = 39410 miliseconds
{ "catalogname": " OtroCat/ProcesamientoPulmon-1660916066777/stage_DetectorPulmon-1660916131590 ", "dispersemode": "IDA", "encryption":"true", "fathers_token":"1cd0dc9fb0090aa5547c7387b6a036a0d4c4cfd5861580d3e74a395a8f40b40f", "processed": "true" }
192.168.125.1:20500//pub_sub/v1/catalogs/create?access_token=69a3dfaf1007f5a923149e389aa01288cc065a9e82cd86b381e652b1b6108e78
java -jar Upload.jar 276f6c4fd4bbb53e1e3a2b0a9078185206225d7e2381e70fbc59ae02daef445f 515bb9a6f4f8f858f7e1dd3469b93461201ad4a1 33e7501b4e97511a6aa3057cc7f8fd3f53bc2bd580e9ef759883491194fd10d8 IDA bob 2 '/home/domizzi/Documents/PRONACES/puzzle/deployer/app//results/ProcesamientoPulmon/stage_DetectorPulmon' cinves true 69a3dfaf1007f5a923149e389aa01288cc065a9e82cd86b381e652b1b6108e78 true true 4
2022-08-19 13:35:40	stage_DetectorPulmon: data satage upload in ST = 9248 miliseconds
2022-08-19 13:35:40	stage_DetectorPulmon: stage executed in ST = 48659 miliseconds
