2022-08-19 13:22:21	PARSER: Configured single Deidentification
2022-08-19 13:22:21	PARSER: Configured single ToPNG
2022-08-19 13:22:21	PARSER: Configured single DetectorPulmon
2022-08-19 13:22:21	PARSER: Configured pattern Deidentificationpattern
2022-08-19 13:22:21	PARSER: Configured pattern ToPNGpattern
2022-08-19 13:22:21	PARSER: Configured pattern DetectorPulmonpattern
2022-08-19 13:22:21	PARSER: Configured stage stage_Deidentification
2022-08-19 13:22:21	PARSER: Configured stage stage_ToPNG
2022-08-19 13:22:21	PARSER: Configured stage stage_DetectorPulmon
2022-08-19 13:22:21	PARSER: Configured workflow ProcesamientoPulmon
2022-08-19 13:22:21	LAUCHER: Coupling stages and building blocks
2022-08-19 13:22:21	ProcesamientoPulmon: Workdir ProcesamientoPulmon
2022-08-19 13:22:21	ProcesamientoPulmon: Workdir exists
2022-08-19 13:22:21	ProcesamientoPulmon: Stage stage_Deidentification added
2022-08-19 13:22:21	stage_Deidentification: Workdir stage_Deidentification
2022-08-19 13:22:21	stage_Deidentification: Workdir exists
2022-08-19 13:22:21	stage_Deidentification: Added sink stage_ToPNG
2022-08-19 13:22:21	stage_Deidentification: Added building block Deidentificationpattern
2022-08-19 13:22:21	Deidentificationpattern: Workdir Deidentificationpattern
2022-08-19 13:22:21	Deidentificationpattern: Workdir exists
2022-08-19 13:22:21	Deidentification: Workdir Deidentification
2022-08-19 13:22:21	Deidentification: Workdir exists
2022-08-19 13:22:21	ProcesamientoPulmon: Stage stage_ToPNG added
2022-08-19 13:22:21	stage_ToPNG: Workdir stage_ToPNG
2022-08-19 13:22:21	stage_ToPNG: Workdir exists
2022-08-19 13:22:21	stage_ToPNG: Added source stage_Deidentification
2022-08-19 13:22:21	stage_ToPNG: Added sink stage_DetectorPulmon
2022-08-19 13:22:21	stage_ToPNG: Added building block ToPNGpattern
2022-08-19 13:22:21	ToPNGpattern: Workdir ToPNGpattern
2022-08-19 13:22:21	ToPNGpattern: Workdir exists
2022-08-19 13:22:21	ToPNG: Workdir ToPNG
2022-08-19 13:22:21	ToPNG: Workdir exists
2022-08-19 13:22:21	ProcesamientoPulmon: Stage stage_DetectorPulmon added
2022-08-19 13:22:21	stage_DetectorPulmon: Workdir stage_DetectorPulmon
2022-08-19 13:22:21	stage_DetectorPulmon: Workdir exists
2022-08-19 13:22:21	stage_DetectorPulmon: Added source stage_ToPNG
2022-08-19 13:22:21	stage_DetectorPulmon: Added building block DetectorPulmonpattern
2022-08-19 13:22:21	DetectorPulmonpattern: Workdir DetectorPulmonpattern
2022-08-19 13:22:21	DetectorPulmonpattern: Workdir exists
2022-08-19 13:22:21	DetectorPulmon: Workdir DetectorPulmon
2022-08-19 13:22:21	DetectorPulmon: Workdir exists
2022-08-19 13:22:21	LAUNCHER: Creating YML file at ProcesamientoPulmon/docker-compose.yml
DetectorPulmon
ToPNG
Deidentification
2022-08-19 13:22:21	LAUCHER: deploying virtual containers of workflow ProcesamientoPulmon
java -jar Download.jar 276f6c4fd4bbb53e1e3a2b0a9078185206225d7e2381e70fbc59ae02daef445f 515bb9a6f4f8f858f7e1dd3469b93461201ad4a1 1b0063418c5902e5a4eb850df0b62b1f9c575834bbcc2edfdd81573bdbca4d7f 2 1 cinves '/home/domizzi/Documents/PRONACES/puzzle/deployer/app//results/ProcesamientoPulmon/catalogs/OtroCat' 69a3dfaf1007f5a923149e389aa01288cc065a9e82cd86b381e652b1b6108e78 true false 1
2022-08-19 13:22:22	ProcesamientoPulmon: executing 
{ "catalogname": " OtroCat/ProcesamientoPulmon-1660915342172 ", "dispersemode": "IDA", "encryption":"true", "fathers_token":"1b0063418c5902e5a4eb850df0b62b1f9c575834bbcc2edfdd81573bdbca4d7f", "processed": "true" }
192.168.125.1:20500//pub_sub/v1/catalogs/create?access_token=69a3dfaf1007f5a923149e389aa01288cc065a9e82cd86b381e652b1b6108e78
2022-08-19 13:22:22	stage_Deidentification: waiting
2022-08-19 13:22:22	stage_ToPNG: waiting
2022-08-19 13:22:22	stage_Deidentification: WORKING
2022-08-19 13:22:22	stage_DetectorPulmon: waiting
2022-08-19 13:22:22	stage_Deidentification: has 1 sources
2022-08-19 13:22:22	Deidentificationpattern: waiting
2022-08-19 13:22:22	Deidentificationpattern: running
2022-08-19 13:22:22	Deidentificationpattern: executing load balancer
2022-08-19 13:22:22	Deidentificationpattern: load balancer executed in RT = 629 miliseconds
2022-08-19 13:22:22	Deidentification: waiting
2022-08-19 13:22:22	Deidentification: waiting
2022-08-19 13:22:22	Deidentification: running
2022-08-19 13:22:22	Deidentification: running
python3 /code/process_dir.py --input /home/domizzi/Documents/PRONACES/puzzle/deployer/app//results//ProcesamientoPulmon/catalogs/OtroCat/CT1 --outfolder '/home/domizzi/Documents/PRONACES/puzzle/deployer/app//results/ProcesamientoPulmon/stage_Deidentification/Deidentificationpattern/Deidentification/' --save dicom
python3 /code/process_dir.py --input /home/domizzi/Documents/PRONACES/puzzle/deployer/app//results//ProcesamientoPulmon/catalogs/OtroCat/lala --outfolder '/home/domizzi/Documents/PRONACES/puzzle/deployer/app//results/ProcesamientoPulmon/stage_Deidentification/Deidentificationpattern/Deidentification/' --save dicom
WARNING No specification, loading default base deid.dicom
WARNING use detect() --> clean() before saving is possible.
WARNING use detect() --> clean() before saving is possible.
WARNING No specification, loading default base deid.dicom
2022-08-19 13:22:23	Deidentification: processed 4096 bytes in ST=0.000000 RT = 986 miliseconds
2022-08-19 13:22:24	Deidentification: processed 4096 bytes in ST=0.000000 RT = 1435 miliseconds
2022-08-19 13:22:24	Deidentificationpattern: pattern executed in ST = 2065 miliseconds
{ "catalogname": " OtroCat/ProcesamientoPulmon-1660915342172/stage_Deidentification-1660915344280 ", "dispersemode": "IDA", "encryption":"true", "fathers_token":"9050e1adb5e55e127867f527d2e8088070d51adef955d5a1eabb2a95bbe3ed44", "processed": "true" }
192.168.125.1:20500//pub_sub/v1/catalogs/create?access_token=69a3dfaf1007f5a923149e389aa01288cc065a9e82cd86b381e652b1b6108e78
java -jar Upload.jar 276f6c4fd4bbb53e1e3a2b0a9078185206225d7e2381e70fbc59ae02daef445f 515bb9a6f4f8f858f7e1dd3469b93461201ad4a1 becd4fc4146213ef9979589f9151fded36649734a18376eb16f9fc0b7c5b92cf IDA bob 2 '/home/domizzi/Documents/PRONACES/puzzle/deployer/app//results/ProcesamientoPulmon/stage_Deidentification' cinves true 69a3dfaf1007f5a923149e389aa01288cc065a9e82cd86b381e652b1b6108e78 true true 4
2022-08-19 13:22:33	stage_Deidentification: data satage upload in ST = 9327 miliseconds
2022-08-19 13:22:33	stage_Deidentification: stage executed in ST = 11393 miliseconds
2022-08-19 13:22:33	stage_ToPNG: WORKING
2022-08-19 13:22:33	stage_ToPNG: has 1 sources
2022-08-19 13:22:33	ToPNGpattern: waiting
2022-08-19 13:22:33	ToPNGpattern: running
2022-08-19 13:22:33	ToPNGpattern: executing load balancer
2022-08-19 13:22:34	ToPNGpattern: load balancer executed in RT = 630 miliseconds
2022-08-19 13:22:34	ToPNG: waiting
2022-08-19 13:22:34	ToPNG: waiting
2022-08-19 13:22:34	ToPNG: running
2022-08-19 13:22:34	ToPNG: running
python3 /code/dicom2rgb.py /home/domizzi/Documents/PRONACES/puzzle/deployer/app//results/ProcesamientoPulmon//stage_Deidentification/Deidentificationpattern/Deidentification/lala /home/domizzi/Documents/PRONACES/puzzle/deployer/app//results/ProcesamientoPulmon/stage_ToPNG/ToPNGpattern/ToPNG//lala
python3 /code/dicom2rgb.py /home/domizzi/Documents/PRONACES/puzzle/deployer/app//results/ProcesamientoPulmon//stage_Deidentification/Deidentificationpattern/Deidentification/CT1 /home/domizzi/Documents/PRONACES/puzzle/deployer/app//results/ProcesamientoPulmon/stage_ToPNG/ToPNGpattern/ToPNG//CT1
/usr/local/lib/python3.7/site-packages/pydicom/filereader.py:353: UserWarning: Expected explicit VR, but found implicit VR - using implicit VR for reading
  warnings.warn(msg + f" - using {found_vr} VR for reading", UserWarning)
2022-08-19 13:22:36	ToPNG: processed 4096 bytes in ST=0.000000 RT = 1864 miliseconds
2022-08-19 13:22:37	ToPNG: processed 4096 bytes in ST=0.000000 RT = 3498 miliseconds
2022-08-19 13:22:37	ToPNGpattern: pattern executed in ST = 4130 miliseconds
{ "catalogname": " OtroCat/ProcesamientoPulmon-1660915342172/stage_ToPNG-1660915357739 ", "dispersemode": "IDA", "encryption":"true", "fathers_token":"9050e1adb5e55e127867f527d2e8088070d51adef955d5a1eabb2a95bbe3ed44", "processed": "true" }
192.168.125.1:20500//pub_sub/v1/catalogs/create?access_token=69a3dfaf1007f5a923149e389aa01288cc065a9e82cd86b381e652b1b6108e78
java -jar Upload.jar 276f6c4fd4bbb53e1e3a2b0a9078185206225d7e2381e70fbc59ae02daef445f 515bb9a6f4f8f858f7e1dd3469b93461201ad4a1 7c9791a0bb5e657b3c83bc288fbad11765f8466551de310aaa7b82d246a6510e IDA bob 2 '/home/domizzi/Documents/PRONACES/puzzle/deployer/app//results/ProcesamientoPulmon/stage_ToPNG' cinves true 69a3dfaf1007f5a923149e389aa01288cc065a9e82cd86b381e652b1b6108e78 true true 4
2022-08-19 13:22:47	stage_ToPNG: data satage upload in ST = 9373 miliseconds
2022-08-19 13:22:47	stage_ToPNG: stage executed in ST = 13503 miliseconds
2022-08-19 13:22:47	stage_DetectorPulmon: WORKING
2022-08-19 13:22:47	stage_DetectorPulmon: has 1 sources
2022-08-19 13:22:47	DetectorPulmonpattern: waiting
2022-08-19 13:22:47	DetectorPulmonpattern: running
2022-08-19 13:22:47	DetectorPulmonpattern: executing load balancer
2022-08-19 13:22:47	DetectorPulmonpattern: load balancer executed in RT = 653 miliseconds
2022-08-19 13:22:47	DetectorPulmon: waiting
2022-08-19 13:22:47	DetectorPulmon: running
2022-08-19 13:22:47	DetectorPulmon: waiting
2022-08-19 13:22:47	DetectorPulmon: running
python3 /code/detectorPulmones.py /home/domizzi/Documents/PRONACES/puzzle/deployer/app//results/ProcesamientoPulmon//stage_ToPNG/ToPNGpattern/ToPNG/lala /home/domizzi/Documents/PRONACES/puzzle/deployer/app//results/ProcesamientoPulmon/stage_DetectorPulmon/DetectorPulmonpattern/DetectorPulmon//lala
python3 /code/detectorPulmones.py /home/domizzi/Documents/PRONACES/puzzle/deployer/app//results/ProcesamientoPulmon//stage_ToPNG/ToPNGpattern/ToPNG/CT1 /home/domizzi/Documents/PRONACES/puzzle/deployer/app//results/ProcesamientoPulmon/stage_DetectorPulmon/DetectorPulmonpattern/DetectorPulmon//CT1
2022-08-19 13:22:48.648720: W tensorflow/stream_executor/platform/default/dso_loader.cc:64] Could not load dynamic library 'libcudart.so.11.0'; dlerror: libcudart.so.11.0: cannot open shared object file: No such file or directory
2022-08-19 13:22:48.648754: I tensorflow/stream_executor/cuda/cudart_stub.cc:29] Ignore above cudart dlerror if you do not have a GPU set up on your machine.
2022-08-19 13:22:48.727981: W tensorflow/stream_executor/platform/default/dso_loader.cc:64] Could not load dynamic library 'libcudart.so.11.0'; dlerror: libcudart.so.11.0: cannot open shared object file: No such file or directory
2022-08-19 13:22:48.728010: I tensorflow/stream_executor/cuda/cudart_stub.cc:29] Ignore above cudart dlerror if you do not have a GPU set up on your machine.
2022-08-19 13:22:49.810489: I tensorflow/core/platform/cpu_feature_guard.cc:142] This TensorFlow binary is optimized with oneAPI Deep Neural Network Library (oneDNN) to use the following CPU instructions in performance-critical operations:  AVX2 FMA
To enable them in other operations, rebuild TensorFlow with the appropriate compiler flags.
2022-08-19 13:22:49.811497: W tensorflow/stream_executor/platform/default/dso_loader.cc:64] Could not load dynamic library 'libcuda.so.1'; dlerror: libcuda.so.1: cannot open shared object file: No such file or directory
2022-08-19 13:22:49.811717: W tensorflow/stream_executor/cuda/cuda_driver.cc:326] failed call to cuInit: UNKNOWN ERROR (303)
2022-08-19 13:22:49.811882: I tensorflow/stream_executor/cuda/cuda_diagnostics.cc:163] no NVIDIA GPU device is present: /dev/nvidia0 does not exist
2022-08-19 13:22:49.885052: I tensorflow/core/platform/cpu_feature_guard.cc:142] This TensorFlow binary is optimized with oneAPI Deep Neural Network Library (oneDNN) to use the following CPU instructions in performance-critical operations:  AVX2 FMA
To enable them in other operations, rebuild TensorFlow with the appropriate compiler flags.
2022-08-19 13:22:49.886163: W tensorflow/stream_executor/platform/default/dso_loader.cc:64] Could not load dynamic library 'libcuda.so.1'; dlerror: libcuda.so.1: cannot open shared object file: No such file or directory
2022-08-19 13:22:49.886186: W tensorflow/stream_executor/cuda/cuda_driver.cc:326] failed call to cuInit: UNKNOWN ERROR (303)
2022-08-19 13:22:49.886203: I tensorflow/stream_executor/cuda/cuda_diagnostics.cc:163] no NVIDIA GPU device is present: /dev/nvidia0 does not exist
2022-08-19 13:22:52.357784: W tensorflow/core/framework/cpu_allocator_impl.cc:80] Allocation of 963379200 exceeds 10% of free system memory.
2022-08-19 13:22:52.445658: W tensorflow/core/framework/cpu_allocator_impl.cc:80] Allocation of 963379200 exceeds 10% of free system memory.
2022-08-19 13:22:52.573645: W tensorflow/core/framework/cpu_allocator_impl.cc:80] Allocation of 963379200 exceeds 10% of free system memory.
2022-08-19 13:22:52.698481: W tensorflow/core/framework/cpu_allocator_impl.cc:80] Allocation of 963379200 exceeds 10% of free system memory.
WARNING:tensorflow:From /code/models/research/object_detection/utils/model_util.py:57: Tensor.experimental_ref (from tensorflow.python.framework.ops) is deprecated and will be removed in a future version.
Instructions for updating:
Use ref() instead.
WARNING:tensorflow:From /code/models/research/object_detection/utils/model_util.py:57: Tensor.experimental_ref (from tensorflow.python.framework.ops) is deprecated and will be removed in a future version.
Instructions for updating:
Use ref() instead.
2022-08-19 13:22:54.548702: W tensorflow/core/framework/cpu_allocator_impl.cc:80] Allocation of 963379200 exceeds 10% of free system memory.
2022-08-19 13:22:54.659196: W tensorflow/core/framework/cpu_allocator_impl.cc:80] Allocation of 963379200 exceeds 10% of free system memory.
2022-08-19 13:22:55.151349: W tensorflow/core/framework/cpu_allocator_impl.cc:80] Allocation of 963379200 exceeds 10% of free system memory.
2022-08-19 13:22:55.246747: W tensorflow/core/framework/cpu_allocator_impl.cc:80] Allocation of 963379200 exceeds 10% of free system memory.
2022-08-19 13:22:56.560546: W tensorflow/core/framework/cpu_allocator_impl.cc:80] Allocation of 963379200 exceeds 10% of free system memory.
/code/detectorPulmones.py:240: RuntimeWarning: More than 20 figures have been opened. Figures created through the pyplot interface (`matplotlib.pyplot.figure`) are retained until explicitly closed and may consume too much memory. (To control this warning, see the rcParam `figure.max_open_warning`).
  plt.figure(figsize=(15,10))
2022-08-19 13:22:57	DetectorPulmon: processed 4096 bytes in ST=0.000000 RT = 9703 miliseconds
2022-08-19 13:23:27	DetectorPulmon: processed 4096 bytes in ST=0.000000 RT = 39332 miliseconds
2022-08-19 13:23:27	DetectorPulmonpattern: pattern executed in ST = 39986 miliseconds
{ "catalogname": " OtroCat/ProcesamientoPulmon-1660915342172/stage_DetectorPulmon-1660915407099 ", "dispersemode": "IDA", "encryption":"true", "fathers_token":"9050e1adb5e55e127867f527d2e8088070d51adef955d5a1eabb2a95bbe3ed44", "processed": "true" }
192.168.125.1:20500//pub_sub/v1/catalogs/create?access_token=69a3dfaf1007f5a923149e389aa01288cc065a9e82cd86b381e652b1b6108e78
java -jar Upload.jar 276f6c4fd4bbb53e1e3a2b0a9078185206225d7e2381e70fbc59ae02daef445f 515bb9a6f4f8f858f7e1dd3469b93461201ad4a1 88cdbb47689ae01d0c4c06ebe73fdbc57ac4d8398b7c933358e9e36515777ab2 IDA bob 2 '/home/domizzi/Documents/PRONACES/puzzle/deployer/app//results/ProcesamientoPulmon/stage_DetectorPulmon' cinves true 69a3dfaf1007f5a923149e389aa01288cc065a9e82cd86b381e652b1b6108e78 true true 4
2022-08-19 13:23:36	stage_DetectorPulmon: data satage upload in ST = 8978 miliseconds
2022-08-19 13:23:36	stage_DetectorPulmon: stage executed in ST = 48965 miliseconds
