2022-08-19 13:16:16	PARSER: Configured single Deidentification
2022-08-19 13:16:16	PARSER: Configured single ToPNG
2022-08-19 13:16:16	PARSER: Configured single DetectorPulmon
2022-08-19 13:16:16	PARSER: Configured pattern Deidentificationpattern
2022-08-19 13:16:16	PARSER: Configured pattern ToPNGpattern
2022-08-19 13:16:16	PARSER: Configured pattern DetectorPulmonpattern
2022-08-19 13:16:16	PARSER: Configured stage stage_Deidentification
2022-08-19 13:16:16	PARSER: Configured stage stage_ToPNG
2022-08-19 13:16:16	PARSER: Configured stage stage_DetectorPulmon
2022-08-19 13:16:16	PARSER: Configured workflow ProcesamientoPulmon
2022-08-19 13:16:16	LAUCHER: Coupling stages and building blocks
2022-08-19 13:16:16	ProcesamientoPulmon: Workdir ProcesamientoPulmon
2022-08-19 13:16:16	ProcesamientoPulmon: Workdir exists
2022-08-19 13:16:16	ProcesamientoPulmon: Stage stage_Deidentification added
2022-08-19 13:16:16	stage_Deidentification: Workdir stage_Deidentification
2022-08-19 13:16:16	stage_Deidentification: Workdir exists
2022-08-19 13:16:16	stage_Deidentification: Added sink stage_ToPNG
2022-08-19 13:16:16	stage_Deidentification: Added building block Deidentificationpattern
2022-08-19 13:16:16	Deidentificationpattern: Workdir Deidentificationpattern
2022-08-19 13:16:16	Deidentificationpattern: Workdir exists
2022-08-19 13:16:16	Deidentification: Workdir Deidentification
2022-08-19 13:16:16	Deidentification: Workdir exists
2022-08-19 13:16:16	ProcesamientoPulmon: Stage stage_ToPNG added
2022-08-19 13:16:16	stage_ToPNG: Workdir stage_ToPNG
2022-08-19 13:16:16	stage_ToPNG: Workdir exists
2022-08-19 13:16:16	stage_ToPNG: Added source stage_Deidentification
2022-08-19 13:16:16	stage_ToPNG: Added sink stage_DetectorPulmon
2022-08-19 13:16:16	stage_ToPNG: Added building block ToPNGpattern
2022-08-19 13:16:16	ToPNGpattern: Workdir ToPNGpattern
2022-08-19 13:16:16	ToPNGpattern: Workdir exists
2022-08-19 13:16:16	ToPNG: Workdir ToPNG
2022-08-19 13:16:16	ToPNG: Workdir exists
2022-08-19 13:16:16	ProcesamientoPulmon: Stage stage_DetectorPulmon added
2022-08-19 13:16:16	stage_DetectorPulmon: Workdir stage_DetectorPulmon
2022-08-19 13:16:16	stage_DetectorPulmon: Workdir exists
2022-08-19 13:16:16	stage_DetectorPulmon: Added source stage_ToPNG
2022-08-19 13:16:16	stage_DetectorPulmon: Added building block DetectorPulmonpattern
2022-08-19 13:16:16	DetectorPulmonpattern: Workdir DetectorPulmonpattern
2022-08-19 13:16:16	DetectorPulmonpattern: Workdir exists
2022-08-19 13:16:16	DetectorPulmon: Workdir DetectorPulmon
2022-08-19 13:16:16	DetectorPulmon: Workdir exists
2022-08-19 13:16:16	LAUNCHER: Creating YML file at ProcesamientoPulmon/docker-compose.yml
DetectorPulmon
ToPNG
Deidentification
2022-08-19 13:16:16	LAUCHER: deploying virtual containers of workflow ProcesamientoPulmon
java -jar Download.jar 276f6c4fd4bbb53e1e3a2b0a9078185206225d7e2381e70fbc59ae02daef445f 515bb9a6f4f8f858f7e1dd3469b93461201ad4a1 1b0063418c5902e5a4eb850df0b62b1f9c575834bbcc2edfdd81573bdbca4d7f 2 1 cinves '/home/domizzi/Documents/PRONACES/puzzle/deployer/app//results/ProcesamientoPulmon/catalogs/OtroCat' 69a3dfaf1007f5a923149e389aa01288cc065a9e82cd86b381e652b1b6108e78 true false 1
2022-08-19 13:16:19	ProcesamientoPulmon: executing 
{ "catalogname": " OtroCat/ProcesamientoPulmon-1660914979479 ", "dispersemode": "IDA", "encryption":"true", "fathers_token":"1b0063418c5902e5a4eb850df0b62b1f9c575834bbcc2edfdd81573bdbca4d7f", "processed": "true" }
192.168.125.1:20500//pub_sub/v1/catalogs/create?access_token=69a3dfaf1007f5a923149e389aa01288cc065a9e82cd86b381e652b1b6108e78
2022-08-19 13:16:19	stage_DetectorPulmon: waiting
2022-08-19 13:16:19	stage_Deidentification: waiting
2022-08-19 13:16:19	stage_Deidentification: WORKING
2022-08-19 13:16:19	stage_ToPNG: waiting
2022-08-19 13:16:19	stage_Deidentification: has 1 sources
2022-08-19 13:16:19	Deidentificationpattern: waiting
2022-08-19 13:16:19	Deidentificationpattern: running
2022-08-19 13:16:19	Deidentificationpattern: executing load balancer
2022-08-19 13:16:20	Deidentificationpattern: load balancer executed in RT = 653 miliseconds
2022-08-19 13:16:20	Deidentification: waiting
2022-08-19 13:16:20	Deidentification: waiting
2022-08-19 13:16:20	Deidentification: running
2022-08-19 13:16:20	Deidentification: running
python3 /code/process_dir.py --input /home/domizzi/Documents/PRONACES/puzzle/deployer/app//results//ProcesamientoPulmon/catalogs/OtroCat/lala --outfolder '/home/domizzi/Documents/PRONACES/puzzle/deployer/app//results/ProcesamientoPulmon/stage_Deidentification/Deidentificationpattern/Deidentification/' --save dicompython3 /code/process_dir.py --input /home/domizzi/Documents/PRONACES/puzzle/deployer/app//results//ProcesamientoPulmon/catalogs/OtroCat/CT1 --outfolder '/home/domizzi/Documents/PRONACES/puzzle/deployer/app//results/ProcesamientoPulmon/stage_Deidentification/Deidentificationpattern/Deidentification/' --save dicom

WARNING No specification, loading default base deid.dicom
WARNING use detect() --> clean() before saving is possible.
WARNING use detect() --> clean() before saving is possible.
WARNING No specification, loading default base deid.dicom
2022-08-19 13:16:21	Deidentification: processed 4096 bytes in ST=0.000000 RT = 1049 miliseconds
2022-08-19 13:16:21	Deidentification: processed 4096 bytes in ST=0.000000 RT = 1314 miliseconds
2022-08-19 13:16:21	Deidentificationpattern: pattern executed in ST = 1968 miliseconds
{ "catalogname": " OtroCat/ProcesamientoPulmon-1660914979479/stage_Deidentification-1660914981502 ", "dispersemode": "IDA", "encryption":"true", "fathers_token":"d81d1bc69afa775e0d5f0dd8373c0b5c11654810b0705ac401a1e63f349a7dff", "processed": "true" }
192.168.125.1:20500//pub_sub/v1/catalogs/create?access_token=69a3dfaf1007f5a923149e389aa01288cc065a9e82cd86b381e652b1b6108e78
java -jar Upload.jar 276f6c4fd4bbb53e1e3a2b0a9078185206225d7e2381e70fbc59ae02daef445f 515bb9a6f4f8f858f7e1dd3469b93461201ad4a1 eaeeaf0e2d7713748b10b1462f799d5ddbe14ee861a66222d1ad9513df226d22 IDA bob 2 '/home/domizzi/Documents/PRONACES/puzzle/deployer/app//results/ProcesamientoPulmon/stage_Deidentification' cinves true 69a3dfaf1007f5a923149e389aa01288cc065a9e82cd86b381e652b1b6108e78 true true 4
2022-08-19 13:16:28	stage_Deidentification: data satage upload in ST = 7464 miliseconds
2022-08-19 13:16:28	stage_Deidentification: stage executed in ST = 9433 miliseconds
2022-08-19 13:16:28	stage_ToPNG: WORKING
2022-08-19 13:16:28	stage_ToPNG: has 1 sources
2022-08-19 13:16:28	ToPNGpattern: waiting
2022-08-19 13:16:28	ToPNGpattern: running
2022-08-19 13:16:28	ToPNGpattern: executing load balancer
2022-08-19 13:16:29	ToPNGpattern: load balancer executed in RT = 639 miliseconds
2022-08-19 13:16:29	ToPNG: waiting
2022-08-19 13:16:29	ToPNG: running
2022-08-19 13:16:29	ToPNG: waiting
2022-08-19 13:16:29	ToPNG: running
python3 /code/dicom2rgb.py /home/domizzi/Documents/PRONACES/puzzle/deployer/app//results/ProcesamientoPulmon//stage_Deidentification/Deidentificationpattern/Deidentification/CT1 /home/domizzi/Documents/PRONACES/puzzle/deployer/app//results/ProcesamientoPulmon/stage_ToPNG/ToPNGpattern/ToPNG//CT1
python3 /code/dicom2rgb.py /home/domizzi/Documents/PRONACES/puzzle/deployer/app//results/ProcesamientoPulmon//stage_Deidentification/Deidentificationpattern/Deidentification/lala /home/domizzi/Documents/PRONACES/puzzle/deployer/app//results/ProcesamientoPulmon/stage_ToPNG/ToPNGpattern/ToPNG//lala
/usr/local/lib/python3.7/site-packages/pydicom/filereader.py:353: UserWarning: Expected explicit VR, but found implicit VR - using implicit VR for reading
  warnings.warn(msg + f" - using {found_vr} VR for reading", UserWarning)
2022-08-19 13:16:31	ToPNG: processed 4096 bytes in ST=0.000000 RT = 2179 miliseconds
2022-08-19 13:16:32	ToPNG: processed 4096 bytes in ST=0.000000 RT = 2913 miliseconds
2022-08-19 13:16:32	ToPNGpattern: pattern executed in ST = 3553 miliseconds
{ "catalogname": " OtroCat/ProcesamientoPulmon-1660914979479/stage_ToPNG-1660914992521 ", "dispersemode": "IDA", "encryption":"true", "fathers_token":"d81d1bc69afa775e0d5f0dd8373c0b5c11654810b0705ac401a1e63f349a7dff", "processed": "true" }
192.168.125.1:20500//pub_sub/v1/catalogs/create?access_token=69a3dfaf1007f5a923149e389aa01288cc065a9e82cd86b381e652b1b6108e78
java -jar Upload.jar 276f6c4fd4bbb53e1e3a2b0a9078185206225d7e2381e70fbc59ae02daef445f 515bb9a6f4f8f858f7e1dd3469b93461201ad4a1 66b368398f0888c0b9d9bbd43aaceb11dd22888b033d3823666ccccd7dbba576 IDA bob 2 '/home/domizzi/Documents/PRONACES/puzzle/deployer/app//results/ProcesamientoPulmon/stage_ToPNG' cinves true 69a3dfaf1007f5a923149e389aa01288cc065a9e82cd86b381e652b1b6108e78 true true 4
2022-08-19 13:16:39	stage_ToPNG: data satage upload in ST = 6709 miliseconds
2022-08-19 13:16:39	stage_ToPNG: stage executed in ST = 10263 miliseconds
2022-08-19 13:16:39	stage_DetectorPulmon: WORKING
2022-08-19 13:16:39	stage_DetectorPulmon: has 1 sources
2022-08-19 13:16:39	DetectorPulmonpattern: waiting
2022-08-19 13:16:39	DetectorPulmonpattern: running
2022-08-19 13:16:39	DetectorPulmonpattern: executing load balancer
2022-08-19 13:16:39	DetectorPulmonpattern: load balancer executed in RT = 632 miliseconds
2022-08-19 13:16:39	DetectorPulmon: waiting
2022-08-19 13:16:39	DetectorPulmon: waiting
2022-08-19 13:16:39	DetectorPulmon: running
2022-08-19 13:16:39	DetectorPulmon: running
python3 /code/detectorPulmones.py /home/domizzi/Documents/PRONACES/puzzle/deployer/app//results/ProcesamientoPulmon//stage_ToPNG/ToPNGpattern/ToPNG/CT1 /home/domizzi/Documents/PRONACES/puzzle/deployer/app//results/ProcesamientoPulmon/stage_DetectorPulmon/DetectorPulmonpattern/DetectorPulmon//CT1
python3 /code/detectorPulmones.py /home/domizzi/Documents/PRONACES/puzzle/deployer/app//results/ProcesamientoPulmon//stage_ToPNG/ToPNGpattern/ToPNG/lala /home/domizzi/Documents/PRONACES/puzzle/deployer/app//results/ProcesamientoPulmon/stage_DetectorPulmon/DetectorPulmonpattern/DetectorPulmon//lala
2022-08-19 13:16:40.728566: W tensorflow/stream_executor/platform/default/dso_loader.cc:64] Could not load dynamic library 'libcudart.so.11.0'; dlerror: libcudart.so.11.0: cannot open shared object file: No such file or directory
2022-08-19 13:16:40.728593: I tensorflow/stream_executor/cuda/cudart_stub.cc:29] Ignore above cudart dlerror if you do not have a GPU set up on your machine.
2022-08-19 13:16:40.854140: W tensorflow/stream_executor/platform/default/dso_loader.cc:64] Could not load dynamic library 'libcudart.so.11.0'; dlerror: libcudart.so.11.0: cannot open shared object file: No such file or directory
2022-08-19 13:16:40.854170: I tensorflow/stream_executor/cuda/cudart_stub.cc:29] Ignore above cudart dlerror if you do not have a GPU set up on your machine.
2022-08-19 13:16:41.974276: I tensorflow/core/platform/cpu_feature_guard.cc:142] This TensorFlow binary is optimized with oneAPI Deep Neural Network Library (oneDNN) to use the following CPU instructions in performance-critical operations:  AVX2 FMA
To enable them in other operations, rebuild TensorFlow with the appropriate compiler flags.
2022-08-19 13:16:41.975392: W tensorflow/stream_executor/platform/default/dso_loader.cc:64] Could not load dynamic library 'libcuda.so.1'; dlerror: libcuda.so.1: cannot open shared object file: No such file or directory
2022-08-19 13:16:41.975414: W tensorflow/stream_executor/cuda/cuda_driver.cc:326] failed call to cuInit: UNKNOWN ERROR (303)
2022-08-19 13:16:41.975434: I tensorflow/stream_executor/cuda/cuda_diagnostics.cc:163] no NVIDIA GPU device is present: /dev/nvidia0 does not exist
2022-08-19 13:16:42.008368: I tensorflow/core/platform/cpu_feature_guard.cc:142] This TensorFlow binary is optimized with oneAPI Deep Neural Network Library (oneDNN) to use the following CPU instructions in performance-critical operations:  AVX2 FMA
To enable them in other operations, rebuild TensorFlow with the appropriate compiler flags.
2022-08-19 13:16:42.009357: W tensorflow/stream_executor/platform/default/dso_loader.cc:64] Could not load dynamic library 'libcuda.so.1'; dlerror: libcuda.so.1: cannot open shared object file: No such file or directory
2022-08-19 13:16:42.009379: W tensorflow/stream_executor/cuda/cuda_driver.cc:326] failed call to cuInit: UNKNOWN ERROR (303)
2022-08-19 13:16:42.009396: I tensorflow/stream_executor/cuda/cuda_diagnostics.cc:163] no NVIDIA GPU device is present: /dev/nvidia0 does not exist
2022-08-19 13:16:44.896178: W tensorflow/core/framework/cpu_allocator_impl.cc:80] Allocation of 963379200 exceeds 10% of free system memory.
2022-08-19 13:16:44.975176: W tensorflow/core/framework/cpu_allocator_impl.cc:80] Allocation of 963379200 exceeds 10% of free system memory.
2022-08-19 13:16:44.985213: W tensorflow/core/framework/cpu_allocator_impl.cc:80] Allocation of 963379200 exceeds 10% of free system memory.
2022-08-19 13:16:45.133288: W tensorflow/core/framework/cpu_allocator_impl.cc:80] Allocation of 963379200 exceeds 10% of free system memory.
WARNING:tensorflow:From /code/models/research/object_detection/utils/model_util.py:57: Tensor.experimental_ref (from tensorflow.python.framework.ops) is deprecated and will be removed in a future version.
Instructions for updating:
Use ref() instead.
WARNING:tensorflow:From /code/models/research/object_detection/utils/model_util.py:57: Tensor.experimental_ref (from tensorflow.python.framework.ops) is deprecated and will be removed in a future version.
Instructions for updating:
Use ref() instead.
2022-08-19 13:16:47.278562: W tensorflow/core/framework/cpu_allocator_impl.cc:80] Allocation of 963379200 exceeds 10% of free system memory.
2022-08-19 13:16:47.368980: W tensorflow/core/framework/cpu_allocator_impl.cc:80] Allocation of 963379200 exceeds 10% of free system memory.
2022-08-19 13:16:47.714483: W tensorflow/core/framework/cpu_allocator_impl.cc:80] Allocation of 963379200 exceeds 10% of free system memory.
2022-08-19 13:16:47.801230: W tensorflow/core/framework/cpu_allocator_impl.cc:80] Allocation of 963379200 exceeds 10% of free system memory.
2022-08-19 13:16:49.214121: W tensorflow/core/framework/cpu_allocator_impl.cc:80] Allocation of 963379200 exceeds 10% of free system memory.
2022-08-19 13:16:50	DetectorPulmon: processed 4096 bytes in ST=0.000000 RT = 10213 miliseconds
2022-08-19 13:17:07	DetectorPulmon: processed 4096 bytes in ST=0.000000 RT = 28016 miliseconds
2022-08-19 13:17:07	DetectorPulmonpattern: pattern executed in ST = 28650 miliseconds
{ "catalogname": " OtroCat/ProcesamientoPulmon-1660914979479/stage_DetectorPulmon-1660915027881 ", "dispersemode": "IDA", "encryption":"true", "fathers_token":"d81d1bc69afa775e0d5f0dd8373c0b5c11654810b0705ac401a1e63f349a7dff", "processed": "true" }
192.168.125.1:20500//pub_sub/v1/catalogs/create?access_token=69a3dfaf1007f5a923149e389aa01288cc065a9e82cd86b381e652b1b6108e78
java -jar Upload.jar 276f6c4fd4bbb53e1e3a2b0a9078185206225d7e2381e70fbc59ae02daef445f 515bb9a6f4f8f858f7e1dd3469b93461201ad4a1 3f706479408d942b69b0c52a5ea22e1ada7feab0407ce5b57e8eaaed1290522d IDA bob 2 '/home/domizzi/Documents/PRONACES/puzzle/deployer/app//results/ProcesamientoPulmon/stage_DetectorPulmon' cinves true 69a3dfaf1007f5a923149e389aa01288cc065a9e82cd86b381e652b1b6108e78 true true 4
2022-08-19 13:17:15	stage_DetectorPulmon: data satage upload in ST = 7421 miliseconds
2022-08-19 13:17:15	stage_DetectorPulmon: stage executed in ST = 36072 miliseconds
