2023-08-21 15:50:10	PARSER: Configured single Anonimizacion
2023-08-21 15:50:10	PARSER: Configured single ToRGB
2023-08-21 15:50:10	PARSER: Configured single DetectorPulmon
2023-08-21 15:50:10	PARSER: Configured pattern Anonimizacionpattern
2023-08-21 15:50:10	PARSER: Configured pattern ToRGBpattern
2023-08-21 15:50:10	PARSER: Configured pattern DetectorPulmonpattern
2023-08-21 15:50:10	PARSER: Configured stage stage_Anonimizacion
2023-08-21 15:50:10	PARSER: Configured stage stage_ToRGB
2023-08-21 15:50:10	PARSER: Configured stage stage_DetectorPulmon
2023-08-21 15:50:10	PARSER: Configured workflow pruba
2023-08-21 15:50:10	LAUCHER: Coupling stages and building blocks
2023-08-21 15:50:10	pruba: Workdir pruba
2023-08-21 15:50:10	pruba: Workdir exists
2023-08-21 15:50:10	pruba: Stage stage_Anonimizacion added
2023-08-21 15:50:10	stage_Anonimizacion: Workdir stage_Anonimizacion
2023-08-21 15:50:10	stage_Anonimizacion: Workdir exists
2023-08-21 15:50:10	stage_Anonimizacion: Added sink stage_ToRGB
2023-08-21 15:50:10	stage_Anonimizacion: Added building block Anonimizacionpattern
2023-08-21 15:50:10	Anonimizacionpattern: Workdir Anonimizacionpattern
2023-08-21 15:50:10	Anonimizacionpattern: Workdir exists
2023-08-21 15:50:10	Anonimizacion: Workdir Anonimizacion
2023-08-21 15:50:10	Anonimizacion: Workdir exists
2023-08-21 15:50:10	pruba: Stage stage_ToRGB added
2023-08-21 15:50:10	stage_ToRGB: Workdir stage_ToRGB
2023-08-21 15:50:10	stage_ToRGB: Workdir exists
2023-08-21 15:50:10	stage_ToRGB: Added source stage_Anonimizacion
2023-08-21 15:50:10	stage_ToRGB: Added sink stage_DetectorPulmon
2023-08-21 15:50:10	stage_ToRGB: Added building block ToRGBpattern
2023-08-21 15:50:10	ToRGBpattern: Workdir ToRGBpattern
2023-08-21 15:50:10	ToRGBpattern: Workdir exists
2023-08-21 15:50:10	ToRGB: Workdir ToRGB
2023-08-21 15:50:10	ToRGB: Workdir exists
2023-08-21 15:50:10	pruba: Stage stage_DetectorPulmon added
2023-08-21 15:50:10	stage_DetectorPulmon: Workdir stage_DetectorPulmon
2023-08-21 15:50:10	stage_DetectorPulmon: Workdir exists
2023-08-21 15:50:10	stage_DetectorPulmon: Added source stage_ToRGB
2023-08-21 15:50:10	stage_DetectorPulmon: Added building block DetectorPulmonpattern
2023-08-21 15:50:10	DetectorPulmonpattern: Workdir DetectorPulmonpattern
2023-08-21 15:50:10	DetectorPulmonpattern: Workdir exists
2023-08-21 15:50:10	DetectorPulmon: Workdir DetectorPulmon
2023-08-21 15:50:10	DetectorPulmon: Workdir exists
2023-08-21 15:50:10	LAUNCHER: Creating YML file at pruba/docker-compose.yml
ToRGB
DetectorPulmon
Anonimizacion
2023-08-21 15:50:10	LAUCHER: deploying virtual containers of workflow pruba
/home/domizzi/Documents/MuyalNezEntregable/CodigoFuente/deployer/app//results/pruba
java -jar Download.jar 187687f60a315f9a7a75086a5d57264d25ceb0a82fcec7a73a1f68a80b5873d1 2870aeb0a153c2985275c64ee1a5030c12692eff 5e3c005f8aa4e0a65274b925483afdab261aaf8d76956815f3857b6a793a4d8a 2 1 cinves '/home/domizzi/Documents/MuyalNezEntregable/CodigoFuente/deployer/app//results/pruba/catalogs/TESTCATALOG' e0ca8d9aa56319fd68a2853f2ddc0153dd36211b11c16e76b261d3c6cd6a2477 true false 1
java -jar Download.jar 187687f60a315f9a7a75086a5d57264d25ceb0a82fcec7a73a1f68a80b5873d1 2870aeb0a153c2985275c64ee1a5030c12692eff 5e3c005f8aa4e0a65274b925483afdab261aaf8d76956815f3857b6a793a4d8a 2 1 cinves '/home/domizzi/Documents/MuyalNezEntregable/CodigoFuente/deployer/app//results/pruba/catalogs/TESTCATALOG' e0ca8d9aa56319fd68a2853f2ddc0153dd36211b11c16e76b261d3c6cd6a2477 true false 1
2023-08-21 15:50:10	pruba: executing 
{ "catalogname": " TESTCATALOG/pruba-1692633010945 ", "dispersemode": "IDA", "encryption":"true", "fathers_token":"5e3c005f8aa4e0a65274b925483afdab261aaf8d76956815f3857b6a793a4d8a", "processed": "true" }
192.168.1.227:20500//pub_sub/v1/catalogs/create?access_token=e0ca8d9aa56319fd68a2853f2ddc0153dd36211b11c16e76b261d3c6cd6a2477
2023-08-21 15:50:10	stage_ToRGB: waiting
2023-08-21 15:50:10	stage_Anonimizacion: waiting
2023-08-21 15:50:10	stage_Anonimizacion: WORKING
2023-08-21 15:50:10	stage_DetectorPulmon: waiting
2023-08-21 15:50:10	stage_Anonimizacion: has 1 sources
2023-08-21 15:50:10	Anonimizacionpattern: waiting
2023-08-21 15:50:10	Anonimizacionpattern: running
2023-08-21 15:50:10	Anonimizacionpattern: executing load balancer
docker-compose --log-level ERROR -p /home/domizzi/Documents/MuyalNezEntregable/CodigoFuente/deployer/app//results/pruba -f /home/domizzi/Documents/MuyalNezEntregable/CodigoFuente/deployer/app//results/pruba/docker-compose.yml  exec -T lbAnonimizacionpattern  sh -c "./main 2 DL /home/domizzi/Documents/MuyalNezEntregable/CodigoFuente/deployer/app//results//pruba/catalogs/TESTCATALOG "
docker-compose --log-level ERROR -p /home/domizzi/Documents/MuyalNezEntregable/CodigoFuente/deployer/app//results/pruba -f /home/domizzi/Documents/MuyalNezEntregable/CodigoFuente/deployer/app//results/pruba/docker-compose.yml  exec -T lbAnonimizacionpattern  sh -c "./main 2 DL /home/domizzi/Documents/MuyalNezEntregable/CodigoFuente/deployer/app//results//pruba/catalogs/TESTCATALOG "
{"result": [["/home/domizzi/Documents/MuyalNezEntregable/CodigoFuente/deployer/app//results//pruba/catalogs/TESTCATALOG/P1"],["/home/domizzi/Documents/MuyalNezEntregable/CodigoFuente/deployer/app//results//pruba/catalogs/TESTCATALOG/P2"]]}
2023-08-21 15:50:11	Anonimizacionpattern: load balancer executed in RT = 635 miliseconds
2023-08-21 15:50:11	Anonimizacion: waiting
2023-08-21 15:50:11	Anonimizacion: running
2023-08-21 15:50:11	Anonimizacion: waiting
python3 /code/process_dir.py --input /home/domizzi/Documents/MuyalNezEntregable/CodigoFuente/deployer/app//results//pruba/catalogs/TESTCATALOG/P1 --outfolder "/home/domizzi/Documents/MuyalNezEntregable/CodigoFuente/deployer/app//results/pruba/stage_Anonimizacion/Anonimizacionpattern/Anonimizacion/" --save dicom
2023-08-21 15:50:11	Anonimizacion: running
docker-compose --log-level ERROR -p /home/domizzi/Documents/MuyalNezEntregable/CodigoFuente/deployer/app//results/pruba -f /home/domizzi/Documents/MuyalNezEntregable/CodigoFuente/deployer/app//results/pruba/docker-compose.yml  exec -T Anonimizacion sh -c "python3 /code/process_dir.py --input /home/domizzi/Documents/MuyalNezEntregable/CodigoFuente/deployer/app//results//pruba/catalogs/TESTCATALOG/P1 --outfolder "/home/domizzi/Documents/MuyalNezEntregable/CodigoFuente/deployer/app//results/pruba/stage_Anonimizacion/Anonimizacionpattern/Anonimizacion/" --save dicom"
python3 /code/process_dir.py --input /home/domizzi/Documents/MuyalNezEntregable/CodigoFuente/deployer/app//results//pruba/catalogs/TESTCATALOG/P2 --outfolder "/home/domizzi/Documents/MuyalNezEntregable/CodigoFuente/deployer/app//results/pruba/stage_Anonimizacion/Anonimizacionpattern/Anonimizacion/" --save dicom
docker-compose --log-level ERROR -p /home/domizzi/Documents/MuyalNezEntregable/CodigoFuente/deployer/app//results/pruba -f /home/domizzi/Documents/MuyalNezEntregable/CodigoFuente/deployer/app//results/pruba/docker-compose.yml  exec -T Anonimizacion sh -c "python3 /code/process_dir.py --input /home/domizzi/Documents/MuyalNezEntregable/CodigoFuente/deployer/app//results//pruba/catalogs/TESTCATALOG/P2 --outfolder "/home/domizzi/Documents/MuyalNezEntregable/CodigoFuente/deployer/app//results/pruba/stage_Anonimizacion/Anonimizacionpattern/Anonimizacion/" --save dicom"
WARNING No specification, loading default base deid.dicom
WARNING No specification, loading default base deid.dicom
2023-08-21 15:50:12	Anonimizacion: processed 4096 bytes in ST=0.000000 RT = 1238 miliseconds
2023-08-21 15:50:12	Anonimizacion: processed 4096 bytes in ST=0.000000 RT = 1294 miliseconds
2023-08-21 15:50:12	Anonimizacionpattern: pattern executed in ST = 1930 miliseconds
{ "catalogname": " TESTCATALOG/pruba-1692633010945/stage_Anonimizacion-1692633012911 ", "dispersemode": "IDA", "encryption":"true", "fathers_token":"3b4cef653883d956119afe96c4d410f40650a0f9587989392b18af5ef409a0a2", "processed": "true" }
192.168.1.227:20500//pub_sub/v1/catalogs/create?access_token=e0ca8d9aa56319fd68a2853f2ddc0153dd36211b11c16e76b261d3c6cd6a2477
java -jar Upload.jar 187687f60a315f9a7a75086a5d57264d25ceb0a82fcec7a73a1f68a80b5873d1 2870aeb0a153c2985275c64ee1a5030c12692eff 5ea516ce8335ff0490c3a88465ad85f3a7fc33e942c6c050a7dbe27f79fb707d SINGLE bob 2 '/home/domizzi/Documents/MuyalNezEntregable/CodigoFuente/deployer/app//results/pruba/stage_Anonimizacion' cinves true e0ca8d9aa56319fd68a2853f2ddc0153dd36211b11c16e76b261d3c6cd6a2477 true true 4
java -jar Upload.jar 187687f60a315f9a7a75086a5d57264d25ceb0a82fcec7a73a1f68a80b5873d1 2870aeb0a153c2985275c64ee1a5030c12692eff 5ea516ce8335ff0490c3a88465ad85f3a7fc33e942c6c050a7dbe27f79fb707d SINGLE bob 2 '/home/domizzi/Documents/MuyalNezEntregable/CodigoFuente/deployer/app//results/pruba/stage_Anonimizacion' cinves true e0ca8d9aa56319fd68a2853f2ddc0153dd36211b11c16e76b261d3c6cd6a2477 true true 4
2023-08-21 15:50:17	stage_Anonimizacion: data satage upload in ST = 4250 miliseconds
2023-08-21 15:50:17	stage_Anonimizacion: stage executed in ST = 6180 miliseconds
2023-08-21 15:50:17	stage_ToRGB: WORKING
2023-08-21 15:50:17	stage_ToRGB: has 1 sources
2023-08-21 15:50:17	ToRGBpattern: waiting
2023-08-21 15:50:17	ToRGBpattern: running
2023-08-21 15:50:17	ToRGBpattern: executing load balancer
docker-compose --log-level ERROR -p /home/domizzi/Documents/MuyalNezEntregable/CodigoFuente/deployer/app//results/pruba -f /home/domizzi/Documents/MuyalNezEntregable/CodigoFuente/deployer/app//results/pruba/docker-compose.yml  exec -T lbToRGBpattern  sh -c "./main 2 DL /home/domizzi/Documents/MuyalNezEntregable/CodigoFuente/deployer/app//results/pruba//stage_Anonimizacion/Anonimizacionpattern/Anonimizacion "
docker-compose --log-level ERROR -p /home/domizzi/Documents/MuyalNezEntregable/CodigoFuente/deployer/app//results/pruba -f /home/domizzi/Documents/MuyalNezEntregable/CodigoFuente/deployer/app//results/pruba/docker-compose.yml  exec -T lbToRGBpattern  sh -c "./main 2 DL /home/domizzi/Documents/MuyalNezEntregable/CodigoFuente/deployer/app//results/pruba//stage_Anonimizacion/Anonimizacionpattern/Anonimizacion "
{"result": [["/home/domizzi/Documents/MuyalNezEntregable/CodigoFuente/deployer/app//results/pruba//stage_Anonimizacion/Anonimizacionpattern/Anonimizacion/P1"],["/home/domizzi/Documents/MuyalNezEntregable/CodigoFuente/deployer/app//results/pruba//stage_Anonimizacion/Anonimizacionpattern/Anonimizacion/P2"]]}
2023-08-21 15:50:17	ToRGBpattern: load balancer executed in RT = 627 miliseconds
2023-08-21 15:50:17	ToRGB: waiting
2023-08-21 15:50:17	ToRGB: waiting
2023-08-21 15:50:17	ToRGB: running
2023-08-21 15:50:17	ToRGB: running
python3 /code/dicom2rgb.py /home/domizzi/Documents/MuyalNezEntregable/CodigoFuente/deployer/app//results/pruba//stage_Anonimizacion/Anonimizacionpattern/Anonimizacion/P1 /home/domizzi/Documents/MuyalNezEntregable/CodigoFuente/deployer/app//results/pruba/stage_ToRGB/ToRGBpattern/ToRGB//P1
python3 /code/dicom2rgb.py /home/domizzi/Documents/MuyalNezEntregable/CodigoFuente/deployer/app//results/pruba//stage_Anonimizacion/Anonimizacionpattern/Anonimizacion/P2 /home/domizzi/Documents/MuyalNezEntregable/CodigoFuente/deployer/app//results/pruba/stage_ToRGB/ToRGBpattern/ToRGB//P2
docker-compose --log-level ERROR -p /home/domizzi/Documents/MuyalNezEntregable/CodigoFuente/deployer/app//results/pruba -f /home/domizzi/Documents/MuyalNezEntregable/CodigoFuente/deployer/app//results/pruba/docker-compose.yml  exec -T ToRGB sh -c "python3 /code/dicom2rgb.py /home/domizzi/Documents/MuyalNezEntregable/CodigoFuente/deployer/app//results/pruba//stage_Anonimizacion/Anonimizacionpattern/Anonimizacion/P1 /home/domizzi/Documents/MuyalNezEntregable/CodigoFuente/deployer/app//results/pruba/stage_ToRGB/ToRGBpattern/ToRGB//P1"
docker-compose --log-level ERROR -p /home/domizzi/Documents/MuyalNezEntregable/CodigoFuente/deployer/app//results/pruba -f /home/domizzi/Documents/MuyalNezEntregable/CodigoFuente/deployer/app//results/pruba/docker-compose.yml  exec -T ToRGB sh -c "python3 /code/dicom2rgb.py /home/domizzi/Documents/MuyalNezEntregable/CodigoFuente/deployer/app//results/pruba//stage_Anonimizacion/Anonimizacionpattern/Anonimizacion/P2 /home/domizzi/Documents/MuyalNezEntregable/CodigoFuente/deployer/app//results/pruba/stage_ToRGB/ToRGBpattern/ToRGB//P2"
2023-08-21 15:50:21	ToRGB: processed 4096 bytes in ST=0.000000 RT = 3347 miliseconds
2023-08-21 15:50:21	ToRGB: processed 4096 bytes in ST=0.000000 RT = 3419 miliseconds
2023-08-21 15:50:21	ToRGBpattern: pattern executed in ST = 4046 miliseconds
{ "catalogname": " TESTCATALOG/pruba-1692633010945/stage_ToRGB-1692633021209 ", "dispersemode": "IDA", "encryption":"true", "fathers_token":"3b4cef653883d956119afe96c4d410f40650a0f9587989392b18af5ef409a0a2", "processed": "true" }
192.168.1.227:20500//pub_sub/v1/catalogs/create?access_token=e0ca8d9aa56319fd68a2853f2ddc0153dd36211b11c16e76b261d3c6cd6a2477
java -jar Upload.jar 187687f60a315f9a7a75086a5d57264d25ceb0a82fcec7a73a1f68a80b5873d1 2870aeb0a153c2985275c64ee1a5030c12692eff cbc1dccfcd5ad3ff8baa2b92aa7c829edc233f92df6957a5a2efdd54d01b2bde SINGLE bob 2 '/home/domizzi/Documents/MuyalNezEntregable/CodigoFuente/deployer/app//results/pruba/stage_ToRGB' cinves true e0ca8d9aa56319fd68a2853f2ddc0153dd36211b11c16e76b261d3c6cd6a2477 true true 4
java -jar Upload.jar 187687f60a315f9a7a75086a5d57264d25ceb0a82fcec7a73a1f68a80b5873d1 2870aeb0a153c2985275c64ee1a5030c12692eff cbc1dccfcd5ad3ff8baa2b92aa7c829edc233f92df6957a5a2efdd54d01b2bde SINGLE bob 2 '/home/domizzi/Documents/MuyalNezEntregable/CodigoFuente/deployer/app//results/pruba/stage_ToRGB' cinves true e0ca8d9aa56319fd68a2853f2ddc0153dd36211b11c16e76b261d3c6cd6a2477 true true 4
2023-08-21 15:50:25	stage_ToRGB: data satage upload in ST = 4428 miliseconds
2023-08-21 15:50:25	stage_ToRGB: stage executed in ST = 8475 miliseconds
2023-08-21 15:50:25	stage_DetectorPulmon: WORKING
2023-08-21 15:50:25	stage_DetectorPulmon: has 1 sources
2023-08-21 15:50:25	DetectorPulmonpattern: waiting
2023-08-21 15:50:25	DetectorPulmonpattern: running
2023-08-21 15:50:25	DetectorPulmonpattern: executing load balancer
docker-compose --log-level ERROR -p /home/domizzi/Documents/MuyalNezEntregable/CodigoFuente/deployer/app//results/pruba -f /home/domizzi/Documents/MuyalNezEntregable/CodigoFuente/deployer/app//results/pruba/docker-compose.yml  exec -T lbDetectorPulmonpattern  sh -c "./main 2 DL /home/domizzi/Documents/MuyalNezEntregable/CodigoFuente/deployer/app//results/pruba//stage_ToRGB/ToRGBpattern/ToRGB "
docker-compose --log-level ERROR -p /home/domizzi/Documents/MuyalNezEntregable/CodigoFuente/deployer/app//results/pruba -f /home/domizzi/Documents/MuyalNezEntregable/CodigoFuente/deployer/app//results/pruba/docker-compose.yml  exec -T lbDetectorPulmonpattern  sh -c "./main 2 DL /home/domizzi/Documents/MuyalNezEntregable/CodigoFuente/deployer/app//results/pruba//stage_ToRGB/ToRGBpattern/ToRGB "
{"result": [["/home/domizzi/Documents/MuyalNezEntregable/CodigoFuente/deployer/app//results/pruba//stage_ToRGB/ToRGBpattern/ToRGB/P1"],["/home/domizzi/Documents/MuyalNezEntregable/CodigoFuente/deployer/app//results/pruba//stage_ToRGB/ToRGBpattern/ToRGB/P2"]]}
2023-08-21 15:50:26	DetectorPulmonpattern: load balancer executed in RT = 616 miliseconds
2023-08-21 15:50:26	DetectorPulmon: waiting
2023-08-21 15:50:26	DetectorPulmon: running
python3 /code/detectorPulmones.py /home/domizzi/Documents/MuyalNezEntregable/CodigoFuente/deployer/app//results/pruba//stage_ToRGB/ToRGBpattern/ToRGB/P2 /home/domizzi/Documents/MuyalNezEntregable/CodigoFuente/deployer/app//results/pruba/stage_DetectorPulmon/DetectorPulmonpattern/DetectorPulmon//P2
2023-08-21 15:50:26	DetectorPulmon: waiting
2023-08-21 15:50:26	DetectorPulmon: running
docker-compose --log-level ERROR -p /home/domizzi/Documents/MuyalNezEntregable/CodigoFuente/deployer/app//results/pruba -f /home/domizzi/Documents/MuyalNezEntregable/CodigoFuente/deployer/app//results/pruba/docker-compose.yml  exec -T DetectorPulmon sh -c "python3 /code/detectorPulmones.py /home/domizzi/Documents/MuyalNezEntregable/CodigoFuente/deployer/app//results/pruba//stage_ToRGB/ToRGBpattern/ToRGB/P2 /home/domizzi/Documents/MuyalNezEntregable/CodigoFuente/deployer/app//results/pruba/stage_DetectorPulmon/DetectorPulmonpattern/DetectorPulmon//P2"
python3 /code/detectorPulmones.py /home/domizzi/Documents/MuyalNezEntregable/CodigoFuente/deployer/app//results/pruba//stage_ToRGB/ToRGBpattern/ToRGB/P1 /home/domizzi/Documents/MuyalNezEntregable/CodigoFuente/deployer/app//results/pruba/stage_DetectorPulmon/DetectorPulmonpattern/DetectorPulmon//P1
docker-compose --log-level ERROR -p /home/domizzi/Documents/MuyalNezEntregable/CodigoFuente/deployer/app//results/pruba -f /home/domizzi/Documents/MuyalNezEntregable/CodigoFuente/deployer/app//results/pruba/docker-compose.yml  exec -T DetectorPulmon sh -c "python3 /code/detectorPulmones.py /home/domizzi/Documents/MuyalNezEntregable/CodigoFuente/deployer/app//results/pruba//stage_ToRGB/ToRGBpattern/ToRGB/P1 /home/domizzi/Documents/MuyalNezEntregable/CodigoFuente/deployer/app//results/pruba/stage_DetectorPulmon/DetectorPulmonpattern/DetectorPulmon//P1"
2023-08-21 15:50:27.163060: W tensorflow/stream_executor/platform/default/dso_loader.cc:64] Could not load dynamic library 'libcudart.so.11.0'; dlerror: libcudart.so.11.0: cannot open shared object file: No such file or directory
2023-08-21 15:50:27.163089: I tensorflow/stream_executor/cuda/cudart_stub.cc:29] Ignore above cudart dlerror if you do not have a GPU set up on your machine.
2023-08-21 15:50:27.163058: W tensorflow/stream_executor/platform/default/dso_loader.cc:64] Could not load dynamic library 'libcudart.so.11.0'; dlerror: libcudart.so.11.0: cannot open shared object file: No such file or directory
2023-08-21 15:50:27.163089: I tensorflow/stream_executor/cuda/cudart_stub.cc:29] Ignore above cudart dlerror if you do not have a GPU set up on your machine.
2023-08-21 15:50:28.357326: I tensorflow/core/platform/cpu_feature_guard.cc:142] This TensorFlow binary is optimized with oneAPI Deep Neural Network Library (oneDNN) to use the following CPU instructions in performance-critical operations:  AVX2 FMA
To enable them in other operations, rebuild TensorFlow with the appropriate compiler flags.
2023-08-21 15:50:28.358632: W tensorflow/stream_executor/platform/default/dso_loader.cc:64] Could not load dynamic library 'libcuda.so.1'; dlerror: libcuda.so.1: cannot open shared object file: No such file or directory
2023-08-21 15:50:28.358665: W tensorflow/stream_executor/cuda/cuda_driver.cc:326] failed call to cuInit: UNKNOWN ERROR (303)
2023-08-21 15:50:28.358698: I tensorflow/stream_executor/cuda/cuda_diagnostics.cc:163] no NVIDIA GPU device is present: /dev/nvidia0 does not exist
2023-08-21 15:50:28.379126: I tensorflow/core/platform/cpu_feature_guard.cc:142] This TensorFlow binary is optimized with oneAPI Deep Neural Network Library (oneDNN) to use the following CPU instructions in performance-critical operations:  AVX2 FMA
To enable them in other operations, rebuild TensorFlow with the appropriate compiler flags.
2023-08-21 15:50:28.380518: W tensorflow/stream_executor/platform/default/dso_loader.cc:64] Could not load dynamic library 'libcuda.so.1'; dlerror: libcuda.so.1: cannot open shared object file: No such file or directory
2023-08-21 15:50:28.380545: W tensorflow/stream_executor/cuda/cuda_driver.cc:326] failed call to cuInit: UNKNOWN ERROR (303)
2023-08-21 15:50:28.380564: I tensorflow/stream_executor/cuda/cuda_diagnostics.cc:163] no NVIDIA GPU device is present: /dev/nvidia0 does not exist
2023-08-21 15:50:31.143805: W tensorflow/core/framework/cpu_allocator_impl.cc:80] Allocation of 963379200 exceeds 10% of free system memory.
2023-08-21 15:50:31.145576: W tensorflow/core/framework/cpu_allocator_impl.cc:80] Allocation of 963379200 exceeds 10% of free system memory.
2023-08-21 15:50:31.295763: W tensorflow/core/framework/cpu_allocator_impl.cc:80] Allocation of 963379200 exceeds 10% of free system memory.
2023-08-21 15:50:31.314266: W tensorflow/core/framework/cpu_allocator_impl.cc:80] Allocation of 963379200 exceeds 10% of free system memory.
WARNING:tensorflow:From /code/models/research/object_detection/utils/model_util.py:57: Tensor.experimental_ref (from tensorflow.python.framework.ops) is deprecated and will be removed in a future version.
Instructions for updating:
Use ref() instead.
WARNING:tensorflow:From /code/models/research/object_detection/utils/model_util.py:57: Tensor.experimental_ref (from tensorflow.python.framework.ops) is deprecated and will be removed in a future version.
Instructions for updating:
Use ref() instead.
2023-08-21 15:50:33.538340: W tensorflow/core/framework/cpu_allocator_impl.cc:80] Allocation of 963379200 exceeds 10% of free system memory.
2023-08-21 15:50:33.607672: W tensorflow/core/framework/cpu_allocator_impl.cc:80] Allocation of 963379200 exceeds 10% of free system memory.
2023-08-21 15:50:33.632901: W tensorflow/core/framework/cpu_allocator_impl.cc:80] Allocation of 963379200 exceeds 10% of free system memory.
2023-08-21 15:50:33.763648: W tensorflow/core/framework/cpu_allocator_impl.cc:80] Allocation of 963379200 exceeds 10% of free system memory.
2023-08-21 15:50:35.610336: W tensorflow/core/framework/cpu_allocator_impl.cc:80] Allocation of 963379200 exceeds 10% of free system memory.
2023-08-21 15:50:35.689222: W tensorflow/core/framework/cpu_allocator_impl.cc:80] Allocation of 963379200 exceeds 10% of free system memory.
/code/detectorPulmones.py:240: RuntimeWarning: More than 20 figures have been opened. Figures created through the pyplot interface (`matplotlib.pyplot.figure`) are retained until explicitly closed and may consume too much memory. (To control this warning, see the rcParam `figure.max_open_warning`).
  plt.figure(figsize=(15,10))
/code/detectorPulmones.py:240: RuntimeWarning: More than 20 figures have been opened. Figures created through the pyplot interface (`matplotlib.pyplot.figure`) are retained until explicitly closed and may consume too much memory. (To control this warning, see the rcParam `figure.max_open_warning`).
  plt.figure(figsize=(15,10))
2023-08-21 15:51:16	DetectorPulmon: processed 4096 bytes in ST=0.000000 RT = 50497 miliseconds
2023-08-21 15:51:17	DetectorPulmon: processed 4096 bytes in ST=0.000000 RT = 51315 miliseconds
2023-08-21 15:51:17	DetectorPulmonpattern: pattern executed in ST = 51932 miliseconds
{ "catalogname": " TESTCATALOG/pruba-1692633010945/stage_DetectorPulmon-1692633077569 ", "dispersemode": "IDA", "encryption":"true", "fathers_token":"3b4cef653883d956119afe96c4d410f40650a0f9587989392b18af5ef409a0a2", "processed": "true" }
192.168.1.227:20500//pub_sub/v1/catalogs/create?access_token=e0ca8d9aa56319fd68a2853f2ddc0153dd36211b11c16e76b261d3c6cd6a2477
java -jar Upload.jar 187687f60a315f9a7a75086a5d57264d25ceb0a82fcec7a73a1f68a80b5873d1 2870aeb0a153c2985275c64ee1a5030c12692eff 027caf03a1182c462e39e38dd00b942e114e3dafa752b7b56213696eec60ac39 SINGLE bob 2 '/home/domizzi/Documents/MuyalNezEntregable/CodigoFuente/deployer/app//results/pruba/stage_DetectorPulmon' cinves true e0ca8d9aa56319fd68a2853f2ddc0153dd36211b11c16e76b261d3c6cd6a2477 true true 4
java -jar Upload.jar 187687f60a315f9a7a75086a5d57264d25ceb0a82fcec7a73a1f68a80b5873d1 2870aeb0a153c2985275c64ee1a5030c12692eff 027caf03a1182c462e39e38dd00b942e114e3dafa752b7b56213696eec60ac39 SINGLE bob 2 '/home/domizzi/Documents/MuyalNezEntregable/CodigoFuente/deployer/app//results/pruba/stage_DetectorPulmon' cinves true e0ca8d9aa56319fd68a2853f2ddc0153dd36211b11c16e76b261d3c6cd6a2477 true true 4
2023-08-21 15:51:21	stage_DetectorPulmon: data satage upload in ST = 4419 miliseconds
2023-08-21 15:51:21	stage_DetectorPulmon: stage executed in ST = 56351 miliseconds
