2022-10-13 21:05:45	PARSER: Configured single Deidentification
2022-10-13 21:05:45	PARSER: Configured single ToPNG
2022-10-13 21:05:45	PARSER: Configured single DetectorPulmon
2022-10-13 21:05:45	PARSER: Configured stage stage_Deidentification
2022-10-13 21:05:45	PARSER: Configured stage stage_ToPNG
2022-10-13 21:05:45	PARSER: Configured stage stage_DetectorPulmon
2022-10-13 21:05:45	PARSER: Configured workflow PruebaMerida1
2022-10-13 21:05:45	LAUCHER: Coupling stages and building blocks
2022-10-13 21:05:45	PruebaMerida1: Workdir PruebaMerida1
2022-10-13 21:05:45	PruebaMerida1: Workdir exists
2022-10-13 21:05:45	PruebaMerida1: Stage stage_Deidentification added
2022-10-13 21:05:45	stage_Deidentification: Workdir stage_Deidentification
2022-10-13 21:05:45	stage_Deidentification: Workdir exists
2022-10-13 21:05:45	stage_Deidentification: Added sink stage_ToPNG
2022-10-13 21:05:45	stage_Deidentification: Added building block Deidentification
2022-10-13 21:05:45	Deidentification: Workdir Deidentification
2022-10-13 21:05:45	Deidentification: Workdir exists
2022-10-13 21:05:45	PruebaMerida1: Stage stage_ToPNG added
2022-10-13 21:05:45	stage_ToPNG: Workdir stage_ToPNG
2022-10-13 21:05:45	stage_ToPNG: Workdir exists
2022-10-13 21:05:45	stage_ToPNG: Added source stage_Deidentification
2022-10-13 21:05:45	stage_ToPNG: Added sink stage_DetectorPulmon
2022-10-13 21:05:45	stage_ToPNG: Added building block ToPNG
2022-10-13 21:05:45	ToPNG: Workdir ToPNG
2022-10-13 21:05:45	ToPNG: Workdir exists
2022-10-13 21:05:45	PruebaMerida1: Stage stage_DetectorPulmon added
2022-10-13 21:05:45	stage_DetectorPulmon: Workdir stage_DetectorPulmon
2022-10-13 21:05:45	stage_DetectorPulmon: Workdir exists
2022-10-13 21:05:45	stage_DetectorPulmon: Added source stage_ToPNG
2022-10-13 21:05:45	stage_DetectorPulmon: Added building block DetectorPulmon
2022-10-13 21:05:45	DetectorPulmon: Workdir DetectorPulmon
2022-10-13 21:05:45	DetectorPulmon: Workdir exists
2022-10-13 21:05:45	LAUNCHER: Creating YML file at PruebaMerida1/docker-compose.yml
DetectorPulmon
ToPNG
Deidentification
2022-10-13 21:05:45	LAUCHER: deploying virtual containers of workflow PruebaMerida1
/home/domizzi/Documents/PRONACES/puzzle/deployer/app//results/PruebaMerida1
java -jar Download.jar 6a9ac2be1e48146a675229bec3f2b1a409a1643bcb714a801d00ff7faebf00d4 fbf9acf7898c61c27ca88169a056fecf6f89ae94 fe7b036814068d7f0f7960c859143f2505953418e0e3cd04fda6b8a8b4fde3ac 2 1 cinves '/home/domizzi/Documents/PRONACES/puzzle/deployer/app//results/PruebaMerida1/catalogs/MyCat' f1177aa780511b8a417ceeb59fd886431d2cc4dc6526a29761cc93e697885188 true false 1
2022-10-13 21:05:48	PruebaMerida1: executing 
{ "catalogname": " MyCat/PruebaMerida1-1665695148273 ", "dispersemode": "IDA", "encryption":"true", "fathers_token":"fe7b036814068d7f0f7960c859143f2505953418e0e3cd04fda6b8a8b4fde3ac", "processed": "true" }
192.168.1.200:20500//pub_sub/v1/catalogs/create?access_token=f1177aa780511b8a417ceeb59fd886431d2cc4dc6526a29761cc93e697885188
2022-10-13 21:05:48	stage_Deidentification: waiting
2022-10-13 21:05:48	stage_Deidentification: WORKING
2022-10-13 21:05:482022-10-13 21:05:48	stage_ToPNG: waiting
	stage_Deidentification: has 1 sources
2022-10-13 21:05:48	Deidentification: waiting
2022-10-13 21:05:48	Deidentification: running
2022-10-13 21:05:48	stage_DetectorPulmon: waiting
python3 /code/process_dir.py --input /home/domizzi/Documents/PRONACES/puzzle/deployer/app//results//PruebaMerida1/catalogs/MyCat --outfolder '/home/domizzi/Documents/PRONACES/puzzle/deployer/app//results/PruebaMerida1/stage_Deidentification/Deidentification/' --save dicom
WARNING No specification, loading default base deid.dicom
WARNING Cannot read input file /home/domizzi/Documents/PRONACES/puzzle/deployer/app//results//PruebaMerida1/catalogs/MyCat/P1w_2katya.abe.priv.ciph, skipping.
WARNING Cannot read input file /home/domizzi/Documents/PRONACES/puzzle/deployer/app//results//PruebaMerida1/catalogs/MyCat/lalaw_2katya.abe.priv.ciph, skipping.
WARNING Cannot read input file /home/domizzi/Documents/PRONACES/puzzle/deployer/app//results//PruebaMerida1/catalogs/MyCat/P1w_0katya.abe.priv.ciph, skipping.
WARNING Cannot read input file /home/domizzi/Documents/PRONACES/puzzle/deployer/app//results//PruebaMerida1/catalogs/MyCat/lalaw_1katya.abe.priv.ciph, skipping.
WARNING Cannot read input file /home/domizzi/Documents/PRONACES/puzzle/deployer/app//results//PruebaMerida1/catalogs/MyCat/lalaw_0katya.abe.priv.ciph, skipping.
WARNING Cannot read input file /home/domizzi/Documents/PRONACES/puzzle/deployer/app//results//PruebaMerida1/catalogs/MyCat/P1w_1katya.abe.priv.ciph, skipping.
2022-10-13 21:05:52	Deidentification: processed 4096 bytes in ST=0.000000 RT = 4532 miliseconds
{ "catalogname": " MyCat/PruebaMerida1-1665695148273/stage_Deidentification-1665695152860 ", "dispersemode": "IDA", "encryption":"true", "fathers_token":"39110f34a05380baff72479d81c53efcdd03e4005de040a1ba3f447a9983a654", "processed": "true" }
192.168.1.200:20500//pub_sub/v1/catalogs/create?access_token=f1177aa780511b8a417ceeb59fd886431d2cc4dc6526a29761cc93e697885188
java -jar Upload.jar 6a9ac2be1e48146a675229bec3f2b1a409a1643bcb714a801d00ff7faebf00d4 fbf9acf7898c61c27ca88169a056fecf6f89ae94 7a4991d39ffb8541f2e085666cb3582fbd45dc57ee13f896ba3634e9a18767b2 IDA bob 2 '/home/domizzi/Documents/PRONACES/puzzle/deployer/app//results/PruebaMerida1/stage_Deidentification' cinves true f1177aa780511b8a417ceeb59fd886431d2cc4dc6526a29761cc93e697885188 true true 4
2022-10-13 21:06:38	stage_Deidentification: data satage upload in ST = 46095 miliseconds
2022-10-13 21:06:38	stage_Deidentification: stage executed in ST = 50629 miliseconds
2022-10-13 21:06:38	stage_ToPNG: WORKING
2022-10-13 21:06:38	stage_ToPNG: has 1 sources
2022-10-13 21:06:38	ToPNG: waiting
2022-10-13 21:06:38	ToPNG: running
python3 /code/dicom2rgb.py /home/domizzi/Documents/PRONACES/puzzle/deployer/app//results/PruebaMerida1//stage_Deidentification/Deidentification /home/domizzi/Documents/PRONACES/puzzle/deployer/app//results/PruebaMerida1/stage_ToPNG/ToPNG//Deidentification
2022-10-13 21:06:40	ToPNG: processed 4096 bytes in ST=0.000000 RT = 1424 miliseconds
{ "catalogname": " MyCat/PruebaMerida1-1665695148273/stage_ToPNG-1665695200381 ", "dispersemode": "IDA", "encryption":"true", "fathers_token":"39110f34a05380baff72479d81c53efcdd03e4005de040a1ba3f447a9983a654", "processed": "true" }
192.168.1.200:20500//pub_sub/v1/catalogs/create?access_token=f1177aa780511b8a417ceeb59fd886431d2cc4dc6526a29761cc93e697885188
java -jar Upload.jar 6a9ac2be1e48146a675229bec3f2b1a409a1643bcb714a801d00ff7faebf00d4 fbf9acf7898c61c27ca88169a056fecf6f89ae94 92fce5959dfdde9cd88e16714c081784c2eb75c29ca5a7992268fdf261ed9ce5 IDA bob 2 '/home/domizzi/Documents/PRONACES/puzzle/deployer/app//results/PruebaMerida1/stage_ToPNG' cinves true f1177aa780511b8a417ceeb59fd886431d2cc4dc6526a29761cc93e697885188 true true 4
2022-10-13 21:06:40	stage_ToPNG: data satage upload in ST = 450 miliseconds
2022-10-13 21:06:40	stage_ToPNG: stage executed in ST = 1875 miliseconds
2022-10-13 21:06:40	stage_DetectorPulmon: WORKING
2022-10-13 21:06:40	stage_DetectorPulmon: has 1 sources
2022-10-13 21:06:40	DetectorPulmon: waiting
2022-10-13 21:06:40	DetectorPulmon: running
python3 /code/detectorPulmones.py /home/domizzi/Documents/PRONACES/puzzle/deployer/app//results/PruebaMerida1//stage_ToPNG/ToPNG /home/domizzi/Documents/PRONACES/puzzle/deployer/app//results/PruebaMerida1/stage_DetectorPulmon/DetectorPulmon//ToPNG
2022-10-13 21:06:41.661429: W tensorflow/stream_executor/platform/default/dso_loader.cc:64] Could not load dynamic library 'libcudart.so.11.0'; dlerror: libcudart.so.11.0: cannot open shared object file: No such file or directory
2022-10-13 21:06:41.661468: I tensorflow/stream_executor/cuda/cudart_stub.cc:29] Ignore above cudart dlerror if you do not have a GPU set up on your machine.
2022-10-13 21:06:42.724677: I tensorflow/core/platform/cpu_feature_guard.cc:142] This TensorFlow binary is optimized with oneAPI Deep Neural Network Library (oneDNN) to use the following CPU instructions in performance-critical operations:  AVX2 FMA
To enable them in other operations, rebuild TensorFlow with the appropriate compiler flags.
2022-10-13 21:06:42.725977: W tensorflow/stream_executor/platform/default/dso_loader.cc:64] Could not load dynamic library 'libcuda.so.1'; dlerror: libcuda.so.1: cannot open shared object file: No such file or directory
2022-10-13 21:06:42.726021: W tensorflow/stream_executor/cuda/cuda_driver.cc:326] failed call to cuInit: UNKNOWN ERROR (303)
2022-10-13 21:06:42.726052: I tensorflow/stream_executor/cuda/cuda_diagnostics.cc:163] no NVIDIA GPU device is present: /dev/nvidia0 does not exist
2022-10-13 21:06:43	DetectorPulmon: processed 4096 bytes in ST=0.000000 RT = 2718 miliseconds
{ "catalogname": " MyCat/PruebaMerida1-1665695148273/stage_DetectorPulmon-1665695203550 ", "dispersemode": "IDA", "encryption":"true", "fathers_token":"39110f34a05380baff72479d81c53efcdd03e4005de040a1ba3f447a9983a654", "processed": "true" }
192.168.1.200:20500//pub_sub/v1/catalogs/create?access_token=f1177aa780511b8a417ceeb59fd886431d2cc4dc6526a29761cc93e697885188
java -jar Upload.jar 6a9ac2be1e48146a675229bec3f2b1a409a1643bcb714a801d00ff7faebf00d4 fbf9acf7898c61c27ca88169a056fecf6f89ae94 bf17fae8d6b7785dc9f585f6620fe1fbcc0283f5b8d6d44ea8ca7f3f0d6dc4ed IDA bob 2 '/home/domizzi/Documents/PRONACES/puzzle/deployer/app//results/PruebaMerida1/stage_DetectorPulmon' cinves true f1177aa780511b8a417ceeb59fd886431d2cc4dc6526a29761cc93e697885188 true true 4
2022-10-13 21:06:44	stage_DetectorPulmon: data satage upload in ST = 571 miliseconds
2022-10-13 21:06:44	stage_DetectorPulmon: stage executed in ST = 3290 miliseconds
