2022-08-19 12:01:33	PARSER: Configured single Deidentification
2022-08-19 12:01:33	PARSER: Configured single ToPNG
2022-08-19 12:01:33	PARSER: Configured single DetectorPulmon
2022-08-19 12:01:33	PARSER: Configured pattern Deidentificationpattern
2022-08-19 12:01:33	PARSER: Configured pattern ToPNGpattern
2022-08-19 12:01:33	PARSER: Configured pattern DetectorPulmonpattern
2022-08-19 12:01:33	PARSER: Configured stage stage_Deidentification
2022-08-19 12:01:33	PARSER: Configured stage stage_ToPNG
2022-08-19 12:01:33	PARSER: Configured stage stage_DetectorPulmon
2022-08-19 12:01:33	PARSER: Configured workflow pruebapulmon
2022-08-19 12:01:33	LAUCHER: Coupling stages and building blocks
2022-08-19 12:01:33	pruebapulmon: Workdir pruebapulmon
2022-08-19 12:01:33	pruebapulmon: Workdir exists
2022-08-19 12:01:33	pruebapulmon: Stage stage_Deidentification added
2022-08-19 12:01:33	stage_Deidentification: Workdir stage_Deidentification
2022-08-19 12:01:33	stage_Deidentification: Workdir exists
2022-08-19 12:01:33	stage_Deidentification: Added sink stage_ToPNG
2022-08-19 12:01:33	stage_Deidentification: Added building block Deidentificationpattern
2022-08-19 12:01:33	Deidentificationpattern: Workdir Deidentificationpattern
2022-08-19 12:01:33	Deidentificationpattern: Workdir exists
2022-08-19 12:01:33	Deidentification: Workdir Deidentification
2022-08-19 12:01:33	Deidentification: Workdir exists
2022-08-19 12:01:33	pruebapulmon: Stage stage_ToPNG added
2022-08-19 12:01:33	stage_ToPNG: Workdir stage_ToPNG
2022-08-19 12:01:33	stage_ToPNG: Workdir exists
2022-08-19 12:01:33	stage_ToPNG: Added source stage_Deidentification
2022-08-19 12:01:33	stage_ToPNG: Added sink stage_DetectorPulmon
2022-08-19 12:01:33	stage_ToPNG: Added building block ToPNGpattern
2022-08-19 12:01:33	ToPNGpattern: Workdir ToPNGpattern
2022-08-19 12:01:33	ToPNGpattern: Workdir exists
2022-08-19 12:01:33	ToPNG: Workdir ToPNG
2022-08-19 12:01:33	ToPNG: Workdir exists
2022-08-19 12:01:33	pruebapulmon: Stage stage_DetectorPulmon added
2022-08-19 12:01:33	stage_DetectorPulmon: Workdir stage_DetectorPulmon
2022-08-19 12:01:33	stage_DetectorPulmon: Workdir exists
2022-08-19 12:01:33	stage_DetectorPulmon: Added source stage_ToPNG
2022-08-19 12:01:33	stage_DetectorPulmon: Added building block DetectorPulmonpattern
2022-08-19 12:01:33	DetectorPulmonpattern: Workdir DetectorPulmonpattern
2022-08-19 12:01:33	DetectorPulmonpattern: Workdir exists
2022-08-19 12:01:33	DetectorPulmon: Workdir DetectorPulmon
2022-08-19 12:01:33	DetectorPulmon: Workdir exists
2022-08-19 12:01:33	LAUNCHER: Creating YML file at pruebapulmon/docker-compose.yml
DetectorPulmon
ToPNG
Deidentification
2022-08-19 12:01:33	LAUCHER: deploying virtual containers of workflow pruebapulmon
java -jar Download.jar 276f6c4fd4bbb53e1e3a2b0a9078185206225d7e2381e70fbc59ae02daef445f 515bb9a6f4f8f858f7e1dd3469b93461201ad4a1 1b0063418c5902e5a4eb850df0b62b1f9c575834bbcc2edfdd81573bdbca4d7f 2 1 cinves '/home/domizzi/Documents/PRONACES/puzzle/deployer/app//results/pruebapulmon/catalogs/OtroCat' 69a3dfaf1007f5a923149e389aa01288cc065a9e82cd86b381e652b1b6108e78 true false 1
java.net.ConnectException: Connection timed out (Connection timed out)
	at java.base/java.net.PlainSocketImpl.socketConnect(Native Method)
	at java.base/java.net.AbstractPlainSocketImpl.doConnect(AbstractPlainSocketImpl.java:412)
	at java.base/java.net.AbstractPlainSocketImpl.connectToAddress(AbstractPlainSocketImpl.java:255)
	at java.base/java.net.AbstractPlainSocketImpl.connect(AbstractPlainSocketImpl.java:237)
	at java.base/java.net.Socket.connect(Socket.java:609)
	at java.base/java.net.Socket.connect(Socket.java:558)
	at java.base/sun.net.NetworkClient.doConnect(NetworkClient.java:182)
	at java.base/sun.net.www.http.HttpClient.openServer(HttpClient.java:508)
	at java.base/sun.net.www.http.HttpClient.openServer(HttpClient.java:603)
	at java.base/sun.net.www.http.HttpClient.<init>(HttpClient.java:276)
	at java.base/sun.net.www.http.HttpClient.New(HttpClient.java:375)
	at java.base/sun.net.www.http.HttpClient.New(HttpClient.java:396)
	at java.base/sun.net.www.protocol.http.HttpURLConnection.getNewHttpClient(HttpURLConnection.java:1253)
	at java.base/sun.net.www.protocol.http.HttpURLConnection.plainConnect0(HttpURLConnection.java:1187)
	at java.base/sun.net.www.protocol.http.HttpURLConnection.plainConnect(HttpURLConnection.java:1081)
	at java.base/sun.net.www.protocol.http.HttpURLConnection.connect(HttpURLConnection.java:1015)
	at java.base/sun.net.www.protocol.http.HttpURLConnection.getInputStream0(HttpURLConnection.java:1592)
	at java.base/sun.net.www.protocol.http.HttpURLConnection.getInputStream(HttpURLConnection.java:1520)
	at java.base/java.net.URL.openStream(URL.java:1165)
	at Communication.Communication.downloadFile(Communication.java:1102)
	at Communication.Communication.decrypFile(Communication.java:472)
	at Communication.Communication.retrieve(Communication.java:590)
	at mx.cinvestav.tamps.integracion.gui.RobotWorker.run(RobotWorker.java:79)
	at mx.cinvestav.tamps.integracion.gui.Work.run(RobotHelper.java:99)
	at java.base/java.lang.Thread.run(Thread.java:829)
java.net.ConnectException: Connection timed out (Connection timed out)
	at java.base/java.net.PlainSocketImpl.socketConnect(Native Method)
	at java.base/java.net.AbstractPlainSocketImpl.doConnect(AbstractPlainSocketImpl.java:412)
	at java.base/java.net.AbstractPlainSocketImpl.connectToAddress(AbstractPlainSocketImpl.java:255)
	at java.base/java.net.AbstractPlainSocketImpl.connect(AbstractPlainSocketImpl.java:237)
	at java.base/java.net.Socket.connect(Socket.java:609)
	at java.base/java.net.Socket.connect(Socket.java:558)
	at java.base/sun.net.NetworkClient.doConnect(NetworkClient.java:182)
	at java.base/sun.net.www.http.HttpClient.openServer(HttpClient.java:508)
	at java.base/sun.net.www.http.HttpClient.openServer(HttpClient.java:603)
	at java.base/sun.net.www.http.HttpClient.<init>(HttpClient.java:276)
	at java.base/sun.net.www.http.HttpClient.New(HttpClient.java:375)
	at java.base/sun.net.www.http.HttpClient.New(HttpClient.java:396)
	at java.base/sun.net.www.protocol.http.HttpURLConnection.getNewHttpClient(HttpURLConnection.java:1253)
	at java.base/sun.net.www.protocol.http.HttpURLConnection.plainConnect0(HttpURLConnection.java:1187)
	at java.base/sun.net.www.protocol.http.HttpURLConnection.plainConnect(HttpURLConnection.java:1081)
	at java.base/sun.net.www.protocol.http.HttpURLConnection.connect(HttpURLConnection.java:1015)
	at java.base/sun.net.www.protocol.http.HttpURLConnection.getInputStream0(HttpURLConnection.java:1592)
	at java.base/sun.net.www.protocol.http.HttpURLConnection.getInputStream(HttpURLConnection.java:1520)
	at java.base/java.net.URL.openStream(URL.java:1165)
	at Communication.Communication.downloadFile(Communication.java:1102)
	at Communication.Communication.decrypFile(Communication.java:472)
	at Communication.Communication.retrieve(Communication.java:590)
	at mx.cinvestav.tamps.integracion.gui.RobotWorker.run(RobotWorker.java:79)
	at mx.cinvestav.tamps.integracion.gui.Work.run(RobotHelper.java:99)
	at java.base/java.lang.Thread.run(Thread.java:829)
java.net.ConnectException: Connection timed out (Connection timed out)
	at java.base/java.net.PlainSocketImpl.socketConnect(Native Method)
	at java.base/java.net.AbstractPlainSocketImpl.doConnect(AbstractPlainSocketImpl.java:412)
	at java.base/java.net.AbstractPlainSocketImpl.connectToAddress(AbstractPlainSocketImpl.java:255)
	at java.base/java.net.AbstractPlainSocketImpl.connect(AbstractPlainSocketImpl.java:237)
	at java.base/java.net.Socket.connect(Socket.java:609)
	at java.base/java.net.Socket.connect(Socket.java:558)
	at java.base/sun.net.NetworkClient.doConnect(NetworkClient.java:182)
	at java.base/sun.net.www.http.HttpClient.openServer(HttpClient.java:508)
	at java.base/sun.net.www.http.HttpClient.openServer(HttpClient.java:603)
	at java.base/sun.net.www.http.HttpClient.<init>(HttpClient.java:276)
	at java.base/sun.net.www.http.HttpClient.New(HttpClient.java:375)
	at java.base/sun.net.www.http.HttpClient.New(HttpClient.java:396)
	at java.base/sun.net.www.protocol.http.HttpURLConnection.getNewHttpClient(HttpURLConnection.java:1253)
	at java.base/sun.net.www.protocol.http.HttpURLConnection.plainConnect0(HttpURLConnection.java:1187)
	at java.base/sun.net.www.protocol.http.HttpURLConnection.plainConnect(HttpURLConnection.java:1081)
	at java.base/sun.net.www.protocol.http.HttpURLConnection.connect(HttpURLConnection.java:1015)
	at java.base/sun.net.www.protocol.http.HttpURLConnection.getInputStream0(HttpURLConnection.java:1592)
	at java.base/sun.net.www.protocol.http.HttpURLConnection.getInputStream(HttpURLConnection.java:1520)
	at java.base/java.net.URL.openStream(URL.java:1165)
	at Communication.Communication.downloadFile(Communication.java:1102)
	at Communication.Communication.decrypFile(Communication.java:472)
	at Communication.Communication.retrieve(Communication.java:590)
	at mx.cinvestav.tamps.integracion.gui.RobotWorker.run(RobotWorker.java:79)
	at mx.cinvestav.tamps.integracion.gui.Work.run(RobotHelper.java:99)
	at java.base/java.lang.Thread.run(Thread.java:829)
java.lang.NullPointerException
	at mx.cinvestav.tamps.integracion.gui.RobotWorker.run(RobotWorker.java:49)
	at mx.cinvestav.tamps.integracion.gui.Work.run(RobotHelper.java:99)
	at java.base/java.lang.Thread.run(Thread.java:829)
java.lang.NullPointerException
	at mx.cinvestav.tamps.integracion.gui.RobotWorker.run(RobotWorker.java:49)
	at mx.cinvestav.tamps.integracion.gui.Work.run(RobotHelper.java:99)
	at java.base/java.lang.Thread.run(Thread.java:829)
java.lang.NullPointerException
	at mx.cinvestav.tamps.integracion.gui.RobotWorker.run(RobotWorker.java:49)
	at mx.cinvestav.tamps.integracion.gui.Work.run(RobotHelper.java:99)
	at java.base/java.lang.Thread.run(Thread.java:829)
java.lang.NullPointerException
	at mx.cinvestav.tamps.integracion.gui.RobotWorker.run(RobotWorker.java:49)
	at mx.cinvestav.tamps.integracion.gui.Work.run(RobotHelper.java:99)
	at java.base/java.lang.Thread.run(Thread.java:829)
java.lang.NullPointerException
	at mx.cinvestav.tamps.integracion.gui.RobotWorker.run(RobotWorker.java:49)
	at mx.cinvestav.tamps.integracion.gui.Work.run(RobotHelper.java:99)
	at java.base/java.lang.Thread.run(Thread.java:829)
java.lang.NullPointerException
	at mx.cinvestav.tamps.integracion.gui.RobotWorker.run(RobotWorker.java:49)
	at mx.cinvestav.tamps.integracion.gui.Work.run(RobotHelper.java:99)
	at java.base/java.lang.Thread.run(Thread.java:829)
java.lang.NullPointerException
	at mx.cinvestav.tamps.integracion.gui.RobotWorker.run(RobotWorker.java:49)
	at mx.cinvestav.tamps.integracion.gui.Work.run(RobotHelper.java:99)
	at java.base/java.lang.Thread.run(Thread.java:829)
java.lang.NullPointerException
	at mx.cinvestav.tamps.integracion.gui.RobotWorker.run(RobotWorker.java:49)
	at mx.cinvestav.tamps.integracion.gui.Work.run(RobotHelper.java:99)
	at java.base/java.lang.Thread.run(Thread.java:829)
java.lang.NullPointerException
	at mx.cinvestav.tamps.integracion.gui.RobotWorker.run(RobotWorker.java:49)
	at mx.cinvestav.tamps.integracion.gui.Work.run(RobotHelper.java:99)
	at java.base/java.lang.Thread.run(Thread.java:829)
java.lang.NullPointerException
	at mx.cinvestav.tamps.integracion.gui.RobotWorker.run(RobotWorker.java:49)
	at mx.cinvestav.tamps.integracion.gui.Work.run(RobotHelper.java:99)
	at java.base/java.lang.Thread.run(Thread.java:829)
java.lang.NullPointerException
	at mx.cinvestav.tamps.integracion.gui.RobotWorker.run(RobotWorker.java:49)
	at mx.cinvestav.tamps.integracion.gui.Work.run(RobotHelper.java:99)
	at java.base/java.lang.Thread.run(Thread.java:829)
java.lang.NullPointerException
	at mx.cinvestav.tamps.integracion.gui.RobotWorker.run(RobotWorker.java:49)
	at mx.cinvestav.tamps.integracion.gui.Work.run(RobotHelper.java:99)
	at java.base/java.lang.Thread.run(Thread.java:829)
java.lang.NullPointerException
	at mx.cinvestav.tamps.integracion.gui.RobotWorker.run(RobotWorker.java:49)
	at mx.cinvestav.tamps.integracion.gui.Work.run(RobotHelper.java:99)
	at java.base/java.lang.Thread.run(Thread.java:829)
java.lang.NullPointerException
	at mx.cinvestav.tamps.integracion.gui.RobotWorker.run(RobotWorker.java:49)
	at mx.cinvestav.tamps.integracion.gui.Work.run(RobotHelper.java:99)
	at java.base/java.lang.Thread.run(Thread.java:829)
java.lang.NullPointerException
	at mx.cinvestav.tamps.integracion.gui.RobotWorker.run(RobotWorker.java:49)
	at mx.cinvestav.tamps.integracion.gui.Work.run(RobotHelper.java:99)
	at java.base/java.lang.Thread.run(Thread.java:829)
java.lang.NullPointerException
	at mx.cinvestav.tamps.integracion.gui.RobotWorker.run(RobotWorker.java:49)
	at mx.cinvestav.tamps.integracion.gui.Work.run(RobotHelper.java:99)
	at java.base/java.lang.Thread.run(Thread.java:829)
java.lang.NullPointerException
	at mx.cinvestav.tamps.integracion.gui.RobotWorker.run(RobotWorker.java:49)
	at mx.cinvestav.tamps.integracion.gui.Work.run(RobotHelper.java:99)
	at java.base/java.lang.Thread.run(Thread.java:829)
java.lang.NullPointerException
	at mx.cinvestav.tamps.integracion.gui.RobotWorker.run(RobotWorker.java:49)
	at mx.cinvestav.tamps.integracion.gui.Work.run(RobotHelper.java:99)
	at java.base/java.lang.Thread.run(Thread.java:829)
java.lang.NullPointerException
	at mx.cinvestav.tamps.integracion.gui.RobotWorker.run(RobotWorker.java:49)
	at mx.cinvestav.tamps.integracion.gui.Work.run(RobotHelper.java:99)
	at java.base/java.lang.Thread.run(Thread.java:829)
java.lang.NullPointerException
	at mx.cinvestav.tamps.integracion.gui.RobotWorker.run(RobotWorker.java:49)
	at mx.cinvestav.tamps.integracion.gui.Work.run(RobotHelper.java:99)
	at java.base/java.lang.Thread.run(Thread.java:829)
java.lang.NullPointerException
	at mx.cinvestav.tamps.integracion.gui.RobotWorker.run(RobotWorker.java:49)
	at mx.cinvestav.tamps.integracion.gui.Work.run(RobotHelper.java:99)
	at java.base/java.lang.Thread.run(Thread.java:829)
java.lang.NullPointerException
	at mx.cinvestav.tamps.integracion.gui.RobotWorker.run(RobotWorker.java:49)
	at mx.cinvestav.tamps.integracion.gui.Work.run(RobotHelper.java:99)
	at java.base/java.lang.Thread.run(Thread.java:829)
java.lang.NullPointerException
	at mx.cinvestav.tamps.integracion.gui.RobotWorker.run(RobotWorker.java:49)
	at mx.cinvestav.tamps.integracion.gui.Work.run(RobotHelper.java:99)
	at java.base/java.lang.Thread.run(Thread.java:829)
java.lang.NullPointerException
	at mx.cinvestav.tamps.integracion.gui.RobotWorker.run(RobotWorker.java:49)
	at mx.cinvestav.tamps.integracion.gui.Work.run(RobotHelper.java:99)
	at java.base/java.lang.Thread.run(Thread.java:829)
java.lang.NullPointerException
	at mx.cinvestav.tamps.integracion.gui.RobotWorker.run(RobotWorker.java:49)
	at mx.cinvestav.tamps.integracion.gui.Work.run(RobotHelper.java:99)
	at java.base/java.lang.Thread.run(Thread.java:829)
java.lang.NullPointerException
	at mx.cinvestav.tamps.integracion.gui.RobotWorker.run(RobotWorker.java:49)
	at mx.cinvestav.tamps.integracion.gui.Work.run(RobotHelper.java:99)
	at java.base/java.lang.Thread.run(Thread.java:829)
java.lang.NullPointerException
	at mx.cinvestav.tamps.integracion.gui.RobotWorker.run(RobotWorker.java:49)
	at mx.cinvestav.tamps.integracion.gui.Work.run(RobotHelper.java:99)
	at java.base/java.lang.Thread.run(Thread.java:829)
java.lang.NullPointerException
	at mx.cinvestav.tamps.integracion.gui.RobotWorker.run(RobotWorker.java:49)
	at mx.cinvestav.tamps.integracion.gui.Work.run(RobotHelper.java:99)
	at java.base/java.lang.Thread.run(Thread.java:829)
java.lang.NullPointerException
	at mx.cinvestav.tamps.integracion.gui.RobotWorker.run(RobotWorker.java:49)
	at mx.cinvestav.tamps.integracion.gui.Work.run(RobotHelper.java:99)
	at java.base/java.lang.Thread.run(Thread.java:829)
2022-08-19 12:08:06	pruebapulmon: executing 
{ "catalogname": " OtroCat/pruebapulmon-1660910886591 ", "dispersemode": "IDA", "encryption":"true", "fathers_token":"1b0063418c5902e5a4eb850df0b62b1f9c575834bbcc2edfdd81573bdbca4d7f", "processed": "true" }
192.168.125.1:20500//pub_sub/v1/catalogs/create?access_token=69a3dfaf1007f5a923149e389aa01288cc065a9e82cd86b381e652b1b6108e78
2022-08-19 12:08:06	stage_Deidentification: waiting
2022-08-19 12:08:06	stage_DetectorPulmon: waiting
2022-08-19 12:08:06	stage_Deidentification: WORKING
2022-08-19 12:08:06	stage_Deidentification: has 1 sources
2022-08-19 12:08:06	stage_ToPNG: waiting
2022-08-19 12:08:06	Deidentificationpattern: waiting
2022-08-19 12:08:06	Deidentificationpattern: running
2022-08-19 12:08:06	Deidentificationpattern: executing load balancer
2022-08-19 12:08:07	Deidentificationpattern: load balancer executed in RT = 704 miliseconds
2022-08-19 12:08:07	Deidentification: waiting
2022-08-19 12:08:07	Deidentification: waiting
2022-08-19 12:08:07	Deidentification: running
2022-08-19 12:08:07	Deidentification: running
python3 /code/process_dir.py --input /home/domizzi/Documents/PRONACES/puzzle/deployer/app//results//pruebapulmon/catalogs/OtroCat/otrocat --outfolder '/home/domizzi/Documents/PRONACES/puzzle/deployer/app//results/pruebapulmon/stage_Deidentification/Deidentificationpattern/Deidentification/' --save dicom
python3 /code/process_dir.py --input /home/domizzi/Documents/PRONACES/puzzle/deployer/app//results//pruebapulmon/catalogs/OtroCat/CT1 --outfolder '/home/domizzi/Documents/PRONACES/puzzle/deployer/app//results/pruebapulmon/stage_Deidentification/Deidentificationpattern/Deidentification/' --save dicom
WARNING No specification, loading default base deid.dicom
WARNING Cannot read input file /home/domizzi/Documents/PRONACES/puzzle/deployer/app//results//pruebapulmon/catalogs/OtroCat/CT1/1anonima, skipping.
WARNING Cannot read input file /home/domizzi/Documents/PRONACES/puzzle/deployer/app//results//pruebapulmon/catalogs/OtroCat/CT1/2anonima, skipping.
WARNING No specification, loading default base deid.dicom
WARNING Cannot read input file /home/domizzi/Documents/PRONACES/puzzle/deployer/app//results//pruebapulmon/catalogs/OtroCat/otrocat/1-027.dcm, skipping.
2022-08-19 12:08:08	Deidentification: processed 4096 bytes in ST=0.000000 RT = 1175 miliseconds
2022-08-19 12:08:08	Deidentification: processed 4096 bytes in ST=0.000000 RT = 1249 miliseconds
2022-08-19 12:08:08	Deidentificationpattern: pattern executed in ST = 1955 miliseconds
{ "catalogname": " OtroCat/pruebapulmon-1660910886591/stage_Deidentification-1660910888599 ", "dispersemode": "IDA", "encryption":"true", "fathers_token":"faaf1a9c30cc887e67fa28d46a9d59d2a641d52686e7d55f0996164504f58f24", "processed": "true" }
192.168.125.1:20500//pub_sub/v1/catalogs/create?access_token=69a3dfaf1007f5a923149e389aa01288cc065a9e82cd86b381e652b1b6108e78
java -jar Upload.jar 276f6c4fd4bbb53e1e3a2b0a9078185206225d7e2381e70fbc59ae02daef445f 515bb9a6f4f8f858f7e1dd3469b93461201ad4a1 f2a7ec2e8b8cb6b6a890bd61de7de2e993564d97f87df0b4c140b6dacf9898de IDA bob 2 '/home/domizzi/Documents/PRONACES/puzzle/deployer/app//results/pruebapulmon/stage_Deidentification' cinves true 69a3dfaf1007f5a923149e389aa01288cc065a9e82cd86b381e652b1b6108e78 true true 4
2022-08-19 12:08:39	stage_Deidentification: data satage upload in ST = 31077 miliseconds
2022-08-19 12:08:39	stage_Deidentification: stage executed in ST = 33032 miliseconds
2022-08-19 12:08:39	stage_ToPNG: WORKING
2022-08-19 12:08:39	stage_ToPNG: has 1 sources
2022-08-19 12:08:39	ToPNGpattern: waiting
2022-08-19 12:08:39	ToPNGpattern: running
2022-08-19 12:08:39	ToPNGpattern: executing load balancer
2022-08-19 12:08:40	ToPNGpattern: load balancer executed in RT = 694 miliseconds
2022-08-19 12:08:40	ToPNG: waiting
2022-08-19 12:08:40	ToPNG: waiting
2022-08-19 12:08:40	ToPNG: running
2022-08-19 12:08:40	ToPNG: running
python3 /code/dicom2rgb.py /home/domizzi/Documents/PRONACES/puzzle/deployer/app//results/pruebapulmon//stage_Deidentification/Deidentificationpattern/Deidentification/lala /home/domizzi/Documents/PRONACES/puzzle/deployer/app//results/pruebapulmon/stage_ToPNG/ToPNGpattern/ToPNG//lala
python3 /code/dicom2rgb.py /home/domizzi/Documents/PRONACES/puzzle/deployer/app//results/pruebapulmon//stage_Deidentification/Deidentificationpattern/Deidentification/CT1 /home/domizzi/Documents/PRONACES/puzzle/deployer/app//results/pruebapulmon/stage_ToPNG/ToPNGpattern/ToPNG//CT1
/usr/local/lib/python3.7/site-packages/pydicom/filereader.py:353: UserWarning: Expected explicit VR, but found implicit VR - using implicit VR for reading
  warnings.warn(msg + f" - using {found_vr} VR for reading", UserWarning)
2022-08-19 12:08:42	ToPNG: processed 4096 bytes in ST=0.000000 RT = 2263 miliseconds
python3 /code/dicom2rgb.py /home/domizzi/Documents/PRONACES/puzzle/deployer/app//results/pruebapulmon//stage_Deidentification/Deidentificationpattern/Deidentification/otrocat /home/domizzi/Documents/PRONACES/puzzle/deployer/app//results/pruebapulmon/stage_ToPNG/ToPNGpattern/ToPNG//otrocat
2022-08-19 12:08:53	ToPNG: processed 8192 bytes in ST=0.000000 RT = 13076 miliseconds
2022-08-19 12:08:53	ToPNGpattern: pattern executed in ST = 13771 miliseconds
{ "catalogname": " OtroCat/pruebapulmon-1660910886591/stage_ToPNG-1660910933448 ", "dispersemode": "IDA", "encryption":"true", "fathers_token":"faaf1a9c30cc887e67fa28d46a9d59d2a641d52686e7d55f0996164504f58f24", "processed": "true" }
192.168.125.1:20500//pub_sub/v1/catalogs/create?access_token=69a3dfaf1007f5a923149e389aa01288cc065a9e82cd86b381e652b1b6108e78
java -jar Upload.jar 276f6c4fd4bbb53e1e3a2b0a9078185206225d7e2381e70fbc59ae02daef445f 515bb9a6f4f8f858f7e1dd3469b93461201ad4a1 8f5026a7cb189c9c91f791626c68c67221d23b07ec5520fd03dec38650e04201 IDA bob 2 '/home/domizzi/Documents/PRONACES/puzzle/deployer/app//results/pruebapulmon/stage_ToPNG' cinves true 69a3dfaf1007f5a923149e389aa01288cc065a9e82cd86b381e652b1b6108e78 true true 4
2022-08-19 12:09:26	stage_ToPNG: data satage upload in ST = 33024 miliseconds
2022-08-19 12:09:26	stage_DetectorPulmon: WORKING
2022-08-19 12:09:26	stage_ToPNG: stage executed in ST = 46795 miliseconds
2022-08-19 12:09:26	stage_DetectorPulmon: has 1 sources
2022-08-19 12:09:26	DetectorPulmonpattern: waiting
2022-08-19 12:09:26	DetectorPulmonpattern: running
2022-08-19 12:09:26	DetectorPulmonpattern: executing load balancer
2022-08-19 12:09:27	DetectorPulmonpattern: load balancer executed in RT = 919 miliseconds
2022-08-19 12:09:27	DetectorPulmon: waiting
2022-08-19 12:09:27	DetectorPulmon: waiting
2022-08-19 12:09:27	DetectorPulmon: running
2022-08-19 12:09:27	DetectorPulmon: running
python3 /code/detectorPulmones.py /home/domizzi/Documents/PRONACES/puzzle/deployer/app//results/pruebapulmon//stage_ToPNG/ToPNGpattern/ToPNG/lala /home/domizzi/Documents/PRONACES/puzzle/deployer/app//results/pruebapulmon/stage_DetectorPulmon/DetectorPulmonpattern/DetectorPulmon//lala
python3 /code/detectorPulmones.py /home/domizzi/Documents/PRONACES/puzzle/deployer/app//results/pruebapulmon//stage_ToPNG/ToPNGpattern/ToPNG/CT1 /home/domizzi/Documents/PRONACES/puzzle/deployer/app//results/pruebapulmon/stage_DetectorPulmon/DetectorPulmonpattern/DetectorPulmon//CT1
2022-08-19 12:09:28.835403: W tensorflow/stream_executor/platform/default/dso_loader.cc:64] Could not load dynamic library 'libcudart.so.11.0'; dlerror: libcudart.so.11.0: cannot open shared object file: No such file or directory
2022-08-19 12:09:28.835432: I tensorflow/stream_executor/cuda/cudart_stub.cc:29] Ignore above cudart dlerror if you do not have a GPU set up on your machine.
2022-08-19 12:09:28.939967: W tensorflow/stream_executor/platform/default/dso_loader.cc:64] Could not load dynamic library 'libcudart.so.11.0'; dlerror: libcudart.so.11.0: cannot open shared object file: No such file or directory
2022-08-19 12:09:28.940002: I tensorflow/stream_executor/cuda/cudart_stub.cc:29] Ignore above cudart dlerror if you do not have a GPU set up on your machine.
2022-08-19 12:09:30.272754: I tensorflow/core/platform/cpu_feature_guard.cc:142] This TensorFlow binary is optimized with oneAPI Deep Neural Network Library (oneDNN) to use the following CPU instructions in performance-critical operations:  AVX2 FMA
To enable them in other operations, rebuild TensorFlow with the appropriate compiler flags.
2022-08-19 12:09:30.273748: W tensorflow/stream_executor/platform/default/dso_loader.cc:64] Could not load dynamic library 'libcuda.so.1'; dlerror: libcuda.so.1: cannot open shared object file: No such file or directory
2022-08-19 12:09:30.273782: W tensorflow/stream_executor/cuda/cuda_driver.cc:326] failed call to cuInit: UNKNOWN ERROR (303)
2022-08-19 12:09:30.273801: I tensorflow/stream_executor/cuda/cuda_diagnostics.cc:163] no NVIDIA GPU device is present: /dev/nvidia0 does not exist
2022-08-19 12:09:30.448170: I tensorflow/core/platform/cpu_feature_guard.cc:142] This TensorFlow binary is optimized with oneAPI Deep Neural Network Library (oneDNN) to use the following CPU instructions in performance-critical operations:  AVX2 FMA
To enable them in other operations, rebuild TensorFlow with the appropriate compiler flags.
2022-08-19 12:09:30.449731: W tensorflow/stream_executor/platform/default/dso_loader.cc:64] Could not load dynamic library 'libcuda.so.1'; dlerror: libcuda.so.1: cannot open shared object file: No such file or directory
2022-08-19 12:09:30.449773: W tensorflow/stream_executor/cuda/cuda_driver.cc:326] failed call to cuInit: UNKNOWN ERROR (303)
2022-08-19 12:09:30.449798: I tensorflow/stream_executor/cuda/cuda_diagnostics.cc:163] no NVIDIA GPU device is present: /dev/nvidia0 does not exist
2022-08-19 12:09:33.895453: W tensorflow/core/framework/cpu_allocator_impl.cc:80] Allocation of 963379200 exceeds 10% of free system memory.
2022-08-19 12:09:34.017196: W tensorflow/core/framework/cpu_allocator_impl.cc:80] Allocation of 963379200 exceeds 10% of free system memory.
WARNING:tensorflow:From /code/models/research/object_detection/utils/model_util.py:57: Tensor.experimental_ref (from tensorflow.python.framework.ops) is deprecated and will be removed in a future version.
Instructions for updating:
Use ref() instead.
2022-08-19 12:09:34.705211: W tensorflow/core/framework/cpu_allocator_impl.cc:80] Allocation of 963379200 exceeds 10% of free system memory.
2022-08-19 12:09:34.796386: W tensorflow/core/framework/cpu_allocator_impl.cc:80] Allocation of 963379200 exceeds 10% of free system memory.
WARNING:tensorflow:From /code/models/research/object_detection/utils/model_util.py:57: Tensor.experimental_ref (from tensorflow.python.framework.ops) is deprecated and will be removed in a future version.
Instructions for updating:
Use ref() instead.
2022-08-19 12:09:37.222163: W tensorflow/core/framework/cpu_allocator_impl.cc:80] Allocation of 963379200 exceeds 10% of free system memory.
2022-08-19 12:09:37.312123: W tensorflow/core/framework/cpu_allocator_impl.cc:80] Allocation of 963379200 exceeds 10% of free system memory.
2022-08-19 12:09:38.747630: W tensorflow/core/framework/cpu_allocator_impl.cc:80] Allocation of 963379200 exceeds 10% of free system memory.
2022-08-19 12:09:38.858593: W tensorflow/core/framework/cpu_allocator_impl.cc:80] Allocation of 963379200 exceeds 10% of free system memory.
2022-08-19 12:09:40.581835: W tensorflow/core/framework/cpu_allocator_impl.cc:80] Allocation of 963379200 exceeds 10% of free system memory.
python3 /code/detectorPulmones.py /home/domizzi/Documents/PRONACES/puzzle/deployer/app//results/pruebapulmon//stage_ToPNG/ToPNGpattern/ToPNG/otrocat /home/domizzi/Documents/PRONACES/puzzle/deployer/app//results/pruebapulmon/stage_DetectorPulmon/DetectorPulmonpattern/DetectorPulmon//otrocat
2022-08-19 12:09:44.178093: W tensorflow/stream_executor/platform/default/dso_loader.cc:64] Could not load dynamic library 'libcudart.so.11.0'; dlerror: libcudart.so.11.0: cannot open shared object file: No such file or directory
2022-08-19 12:09:44.178122: I tensorflow/stream_executor/cuda/cudart_stub.cc:29] Ignore above cudart dlerror if you do not have a GPU set up on your machine.
2022-08-19 12:09:46.640525: I tensorflow/core/platform/cpu_feature_guard.cc:142] This TensorFlow binary is optimized with oneAPI Deep Neural Network Library (oneDNN) to use the following CPU instructions in performance-critical operations:  AVX2 FMA
To enable them in other operations, rebuild TensorFlow with the appropriate compiler flags.
2022-08-19 12:09:46.641417: W tensorflow/stream_executor/platform/default/dso_loader.cc:64] Could not load dynamic library 'libcuda.so.1'; dlerror: libcuda.so.1: cannot open shared object file: No such file or directory
2022-08-19 12:09:46.641518: W tensorflow/stream_executor/cuda/cuda_driver.cc:326] failed call to cuInit: UNKNOWN ERROR (303)
2022-08-19 12:09:46.641547: I tensorflow/stream_executor/cuda/cuda_diagnostics.cc:163] no NVIDIA GPU device is present: /dev/nvidia0 does not exist
2022-08-19 12:09:51.796370: W tensorflow/core/framework/cpu_allocator_impl.cc:80] Allocation of 963379200 exceeds 10% of free system memory.
2022-08-19 12:09:51.891658: W tensorflow/core/framework/cpu_allocator_impl.cc:80] Allocation of 963379200 exceeds 10% of free system memory.
WARNING:tensorflow:From /code/models/research/object_detection/utils/model_util.py:57: Tensor.experimental_ref (from tensorflow.python.framework.ops) is deprecated and will be removed in a future version.
Instructions for updating:
Use ref() instead.
2022-08-19 12:09:56.755410: W tensorflow/core/framework/cpu_allocator_impl.cc:80] Allocation of 963379200 exceeds 10% of free system memory.
2022-08-19 12:09:56.881952: W tensorflow/core/framework/cpu_allocator_impl.cc:80] Allocation of 963379200 exceeds 10% of free system memory.
2022-08-19 12:10:00.760677: W tensorflow/core/framework/cpu_allocator_impl.cc:80] Allocation of 963379200 exceeds 10% of free system memory.
/code/detectorPulmones.py:240: RuntimeWarning: More than 20 figures have been opened. Figures created through the pyplot interface (`matplotlib.pyplot.figure`) are retained until explicitly closed and may consume too much memory. (To control this warning, see the rcParam `figure.max_open_warning`).
  plt.figure(figsize=(15,10))
/code/detectorPulmones.py:240: RuntimeWarning: More than 20 figures have been opened. Figures created through the pyplot interface (`matplotlib.pyplot.figure`) are retained until explicitly closed and may consume too much memory. (To control this warning, see the rcParam `figure.max_open_warning`).
  plt.figure(figsize=(15,10))
2022-08-19 12:11:35	DetectorPulmon: processed 8192 bytes in ST=0.000000 RT = 128425 miliseconds
2022-08-19 12:11:53	DetectorPulmon: processed 4096 bytes in ST=0.000000 RT = 146177 miliseconds
2022-08-19 12:11:53	DetectorPulmonpattern: pattern executed in ST = 147097 miliseconds
{ "catalogname": " OtroCat/pruebapulmon-1660910886591/stage_DetectorPulmon-1660911113570 ", "dispersemode": "IDA", "encryption":"true", "fathers_token":"faaf1a9c30cc887e67fa28d46a9d59d2a641d52686e7d55f0996164504f58f24", "processed": "true" }
192.168.125.1:20500//pub_sub/v1/catalogs/create?access_token=69a3dfaf1007f5a923149e389aa01288cc065a9e82cd86b381e652b1b6108e78
java -jar Upload.jar 276f6c4fd4bbb53e1e3a2b0a9078185206225d7e2381e70fbc59ae02daef445f 515bb9a6f4f8f858f7e1dd3469b93461201ad4a1 5b085d5ea0e8ee179eee9b0824cc656819efbb4c462dbf8ed14ab256f704b6e8 IDA bob 2 '/home/domizzi/Documents/PRONACES/puzzle/deployer/app//results/pruebapulmon/stage_DetectorPulmon' cinves true 69a3dfaf1007f5a923149e389aa01288cc065a9e82cd86b381e652b1b6108e78 true true 4
2022-08-19 12:12:24	stage_DetectorPulmon: data satage upload in ST = 30722 miliseconds
2022-08-19 12:12:24	stage_DetectorPulmon: stage executed in ST = 177820 miliseconds
