2022-10-13 15:39:11	PARSER: Configured single Deidentification
2022-10-13 15:39:11	PARSER: Configured single ToPNG
2022-10-13 15:39:11	PARSER: Configured single DetectorPulmon
2022-10-13 15:39:11	PARSER: Configured stage stage_Deidentification
2022-10-13 15:39:11	PARSER: Configured stage stage_ToPNG
2022-10-13 15:39:11	PARSER: Configured stage stage_DetectorPulmon
2022-10-13 15:39:11	PARSER: Configured workflow PruebaMerida1
2022-10-13 15:39:11	LAUCHER: Coupling stages and building blocks
2022-10-13 15:39:11	PruebaMerida1: Workdir PruebaMerida1
2022-10-13 15:39:11	PruebaMerida1: Workdir exists
2022-10-13 15:39:11	PruebaMerida1: Stage stage_Deidentification added
2022-10-13 15:39:11	stage_Deidentification: Workdir stage_Deidentification
2022-10-13 15:39:11	stage_Deidentification: Workdir exists
2022-10-13 15:39:11	stage_Deidentification: Added sink stage_ToPNG
2022-10-13 15:39:11	stage_Deidentification: Added building block Deidentification
2022-10-13 15:39:11	Deidentification: Workdir Deidentification
2022-10-13 15:39:11	Deidentification: Workdir exists
2022-10-13 15:39:11	PruebaMerida1: Stage stage_ToPNG added
2022-10-13 15:39:11	stage_ToPNG: Workdir stage_ToPNG
2022-10-13 15:39:11	stage_ToPNG: Workdir exists
2022-10-13 15:39:11	stage_ToPNG: Added source stage_Deidentification
2022-10-13 15:39:11	stage_ToPNG: Added sink stage_DetectorPulmon
2022-10-13 15:39:11	stage_ToPNG: Added building block ToPNG
2022-10-13 15:39:11	ToPNG: Workdir ToPNG
2022-10-13 15:39:11	ToPNG: Workdir exists
2022-10-13 15:39:11	PruebaMerida1: Stage stage_DetectorPulmon added
2022-10-13 15:39:11	stage_DetectorPulmon: Workdir stage_DetectorPulmon
2022-10-13 15:39:11	stage_DetectorPulmon: Workdir exists
2022-10-13 15:39:11	stage_DetectorPulmon: Added source stage_ToPNG
2022-10-13 15:39:11	stage_DetectorPulmon: Added building block DetectorPulmon
2022-10-13 15:39:11	DetectorPulmon: Workdir DetectorPulmon
2022-10-13 15:39:11	DetectorPulmon: Workdir exists
2022-10-13 15:39:11	LAUNCHER: Creating YML file at PruebaMerida1/docker-compose.yml
DetectorPulmon
ToPNG
Deidentification
2022-10-13 15:39:11	LAUCHER: deploying virtual containers of workflow PruebaMerida1
/home/domizzi/Documents/PRONACES/puzzle/deployer/app//results/PruebaMerida1
java -jar Download.jar 6a9ac2be1e48146a675229bec3f2b1a409a1643bcb714a801d00ff7faebf00d4 fbf9acf7898c61c27ca88169a056fecf6f89ae94 fe7b036814068d7f0f7960c859143f2505953418e0e3cd04fda6b8a8b4fde3ac 2 1 cinves '/home/domizzi/Documents/PRONACES/puzzle/deployer/app//results/PruebaMerida1/catalogs/MyCat' f1177aa780511b8a417ceeb59fd886431d2cc4dc6526a29761cc93e697885188 true false 1
2022-10-13 15:39:34	PruebaMerida1: executing 
{ "catalogname": " MyCat/PruebaMerida1-1665675574165 ", "dispersemode": "IDA", "encryption":"true", "fathers_token":"fe7b036814068d7f0f7960c859143f2505953418e0e3cd04fda6b8a8b4fde3ac", "processed": "true" }
192.168.252.1:20500//pub_sub/v1/catalogs/create?access_token=f1177aa780511b8a417ceeb59fd886431d2cc4dc6526a29761cc93e697885188
2022-10-13 15:39:34	stage_Deidentification: waiting
2022-10-13 15:39:34	stage_Deidentification: WORKING
2022-10-13 15:39:34	stage_ToPNG: waiting
2022-10-13 15:39:34	stage_DetectorPulmon: waiting
2022-10-13 15:39:34	stage_Deidentification: has 1 sources
2022-10-13 15:39:34	Deidentification: waiting
2022-10-13 15:39:34	Deidentification: running
python3 /code/process_dir.py --input /home/domizzi/Documents/PRONACES/puzzle/deployer/app//results//PruebaMerida1/catalogs/MyCat --outfolder '/home/domizzi/Documents/PRONACES/puzzle/deployer/app//results/PruebaMerida1/stage_Deidentification/Deidentification/' --save dicom
WARNING No specification, loading default base deid.dicom
WARNING Cannot read input file /home/domizzi/Documents/PRONACES/puzzle/deployer/app//results//PruebaMerida1/catalogs/MyCat/P1w_2katya.abe.priv.ciph, skipping.
WARNING Cannot read input file /home/domizzi/Documents/PRONACES/puzzle/deployer/app//results//PruebaMerida1/catalogs/MyCat/lalaw_2katya.abe.priv.ciph, skipping.
WARNING Cannot read input file /home/domizzi/Documents/PRONACES/puzzle/deployer/app//results//PruebaMerida1/catalogs/MyCat/P1w_0katya.abe.priv.ciph, skipping.
WARNING Cannot read input file /home/domizzi/Documents/PRONACES/puzzle/deployer/app//results//PruebaMerida1/catalogs/MyCat/lalaw_1katya.abe.priv.ciph, skipping.
WARNING Cannot read input file /home/domizzi/Documents/PRONACES/puzzle/deployer/app//results//PruebaMerida1/catalogs/MyCat/lalaw_0katya.abe.priv.ciph, skipping.
WARNING Cannot read input file /home/domizzi/Documents/PRONACES/puzzle/deployer/app//results//PruebaMerida1/catalogs/MyCat/P1w_1katya.abe.priv.ciph, skipping.
2022-10-13 15:39:37	Deidentification: processed 4096 bytes in ST=0.000000 RT = 2831 miliseconds
{ "catalogname": " MyCat/PruebaMerida1-1665675574165/stage_Deidentification-1665675577031 ", "dispersemode": "IDA", "encryption":"true", "fathers_token":"ed9a4891d68da737c2967328ea63cd79645958f441c2e8c45034053fcf80b4f9", "processed": "true" }
192.168.252.1:20500//pub_sub/v1/catalogs/create?access_token=f1177aa780511b8a417ceeb59fd886431d2cc4dc6526a29761cc93e697885188
java -jar Upload.jar 6a9ac2be1e48146a675229bec3f2b1a409a1643bcb714a801d00ff7faebf00d4 fbf9acf7898c61c27ca88169a056fecf6f89ae94 85a7cf918e17189a1fbdcd6a5103c22e32f1d11e983d49033b44b828a167e47b IDA bob 2 '/home/domizzi/Documents/PRONACES/puzzle/deployer/app//results/PruebaMerida1/stage_Deidentification' cinves true f1177aa780511b8a417ceeb59fd886431d2cc4dc6526a29761cc93e697885188 true true 4
2022-10-13 15:40:10	stage_Deidentification: data satage upload in ST = 33213 miliseconds
2022-10-13 15:40:10	stage_Deidentification: stage executed in ST = 36045 miliseconds
2022-10-13 15:40:10	stage_ToPNG: WORKING
2022-10-13 15:40:10	stage_ToPNG: has 1 sources
2022-10-13 15:40:10	ToPNG: waiting
2022-10-13 15:40:10	ToPNG: running
python3 /code/dicom2rgb.py /home/domizzi/Documents/PRONACES/puzzle/deployer/app//results/PruebaMerida1//stage_Deidentification/Deidentification /home/domizzi/Documents/PRONACES/puzzle/deployer/app//results/PruebaMerida1/stage_ToPNG/ToPNG//Deidentification
2022-10-13 15:40:11	ToPNG: processed 4096 bytes in ST=0.000000 RT = 1655 miliseconds
{ "catalogname": " MyCat/PruebaMerida1-1665675574165/stage_ToPNG-1665675611901 ", "dispersemode": "IDA", "encryption":"true", "fathers_token":"ed9a4891d68da737c2967328ea63cd79645958f441c2e8c45034053fcf80b4f9", "processed": "true" }
192.168.252.1:20500//pub_sub/v1/catalogs/create?access_token=f1177aa780511b8a417ceeb59fd886431d2cc4dc6526a29761cc93e697885188
java -jar Upload.jar 6a9ac2be1e48146a675229bec3f2b1a409a1643bcb714a801d00ff7faebf00d4 fbf9acf7898c61c27ca88169a056fecf6f89ae94 ecfd2cf2043a56e694545c895d74754c24fa6da817b065c120c4adb916c53533 IDA bob 2 '/home/domizzi/Documents/PRONACES/puzzle/deployer/app//results/PruebaMerida1/stage_ToPNG' cinves true f1177aa780511b8a417ceeb59fd886431d2cc4dc6526a29761cc93e697885188 true true 4
2022-10-13 15:40:12	stage_ToPNG: data satage upload in ST = 461 miliseconds
2022-10-13 15:40:12	stage_ToPNG: stage executed in ST = 2117 miliseconds
2022-10-13 15:40:12	stage_DetectorPulmon: WORKING
2022-10-13 15:40:12	stage_DetectorPulmon: has 1 sources
2022-10-13 15:40:12	DetectorPulmon: waiting
2022-10-13 15:40:12	DetectorPulmon: running
python3 /code/detectorPulmones.py /home/domizzi/Documents/PRONACES/puzzle/deployer/app//results/PruebaMerida1//stage_ToPNG/ToPNG /home/domizzi/Documents/PRONACES/puzzle/deployer/app//results/PruebaMerida1/stage_DetectorPulmon/DetectorPulmon//ToPNG
2022-10-13 15:40:13.167875: W tensorflow/stream_executor/platform/default/dso_loader.cc:64] Could not load dynamic library 'libcudart.so.11.0'; dlerror: libcudart.so.11.0: cannot open shared object file: No such file or directory
2022-10-13 15:40:13.167904: I tensorflow/stream_executor/cuda/cudart_stub.cc:29] Ignore above cudart dlerror if you do not have a GPU set up on your machine.
2022-10-13 15:40:14.335797: I tensorflow/core/platform/cpu_feature_guard.cc:142] This TensorFlow binary is optimized with oneAPI Deep Neural Network Library (oneDNN) to use the following CPU instructions in performance-critical operations:  AVX2 FMA
To enable them in other operations, rebuild TensorFlow with the appropriate compiler flags.
2022-10-13 15:40:14.337094: W tensorflow/stream_executor/platform/default/dso_loader.cc:64] Could not load dynamic library 'libcuda.so.1'; dlerror: libcuda.so.1: cannot open shared object file: No such file or directory
2022-10-13 15:40:14.337123: W tensorflow/stream_executor/cuda/cuda_driver.cc:326] failed call to cuInit: UNKNOWN ERROR (303)
2022-10-13 15:40:14.337145: I tensorflow/stream_executor/cuda/cuda_diagnostics.cc:163] no NVIDIA GPU device is present: /dev/nvidia0 does not exist
2022-10-13 15:40:15	DetectorPulmon: processed 4096 bytes in ST=0.000000 RT = 3319 miliseconds
{ "catalogname": " MyCat/PruebaMerida1-1665675574165/stage_DetectorPulmon-1665675615682 ", "dispersemode": "IDA", "encryption":"true", "fathers_token":"ed9a4891d68da737c2967328ea63cd79645958f441c2e8c45034053fcf80b4f9", "processed": "true" }
192.168.252.1:20500//pub_sub/v1/catalogs/create?access_token=f1177aa780511b8a417ceeb59fd886431d2cc4dc6526a29761cc93e697885188
java -jar Upload.jar 6a9ac2be1e48146a675229bec3f2b1a409a1643bcb714a801d00ff7faebf00d4 fbf9acf7898c61c27ca88169a056fecf6f89ae94 0095ca4d68aa510e1c24d20f61403ffc1f0b19c212c4bcd18e1790a4d7017877 IDA bob 2 '/home/domizzi/Documents/PRONACES/puzzle/deployer/app//results/PruebaMerida1/stage_DetectorPulmon' cinves true f1177aa780511b8a417ceeb59fd886431d2cc4dc6526a29761cc93e697885188 true true 4
2022-10-13 15:40:16	stage_DetectorPulmon: data satage upload in ST = 440 miliseconds
2022-10-13 15:40:16	stage_DetectorPulmon: stage executed in ST = 3760 miliseconds
