2022-08-19 11:54:34	PARSER: Configured single Deidentification
2022-08-19 11:54:34	PARSER: Configured single ToPNG
2022-08-19 11:54:34	PARSER: Configured single DetectorPulmon
2022-08-19 11:54:34	PARSER: Configured pattern Deidentificationpattern
2022-08-19 11:54:34	PARSER: Configured pattern ToPNGpattern
2022-08-19 11:54:34	PARSER: Configured pattern DetectorPulmonpattern
2022-08-19 11:54:34	PARSER: Configured stage stage_Deidentification
2022-08-19 11:54:34	PARSER: Configured stage stage_ToPNG
2022-08-19 11:54:34	PARSER: Configured stage stage_DetectorPulmon
2022-08-19 11:54:34	PARSER: Configured workflow pruebapulmon
2022-08-19 11:54:34	LAUCHER: Coupling stages and building blocks
2022-08-19 11:54:34	pruebapulmon: Workdir pruebapulmon
2022-08-19 11:54:34	pruebapulmon: Workdir exists
2022-08-19 11:54:34	pruebapulmon: Stage stage_Deidentification added
2022-08-19 11:54:34	stage_Deidentification: Workdir stage_Deidentification
2022-08-19 11:54:34	stage_Deidentification: Workdir exists
2022-08-19 11:54:34	stage_Deidentification: Added sink stage_ToPNG
2022-08-19 11:54:34	stage_Deidentification: Added building block Deidentificationpattern
2022-08-19 11:54:34	Deidentificationpattern: Workdir Deidentificationpattern
2022-08-19 11:54:34	Deidentificationpattern: Workdir exists
2022-08-19 11:54:34	Deidentification: Workdir Deidentification
2022-08-19 11:54:34	Deidentification: Workdir exists
2022-08-19 11:54:34	pruebapulmon: Stage stage_ToPNG added
2022-08-19 11:54:34	stage_ToPNG: Workdir stage_ToPNG
2022-08-19 11:54:34	stage_ToPNG: Workdir exists
2022-08-19 11:54:34	stage_ToPNG: Added source stage_Deidentification
2022-08-19 11:54:34	stage_ToPNG: Added sink stage_DetectorPulmon
2022-08-19 11:54:34	stage_ToPNG: Added building block ToPNGpattern
2022-08-19 11:54:34	ToPNGpattern: Workdir ToPNGpattern
2022-08-19 11:54:34	ToPNGpattern: Workdir exists
2022-08-19 11:54:34	ToPNG: Workdir ToPNG
2022-08-19 11:54:34	ToPNG: Workdir exists
2022-08-19 11:54:34	pruebapulmon: Stage stage_DetectorPulmon added
2022-08-19 11:54:34	stage_DetectorPulmon: Workdir stage_DetectorPulmon
2022-08-19 11:54:34	stage_DetectorPulmon: Workdir exists
2022-08-19 11:54:34	stage_DetectorPulmon: Added source stage_ToPNG
2022-08-19 11:54:34	stage_DetectorPulmon: Added building block DetectorPulmonpattern
2022-08-19 11:54:34	DetectorPulmonpattern: Workdir DetectorPulmonpattern
2022-08-19 11:54:34	DetectorPulmonpattern: Workdir exists
2022-08-19 11:54:34	DetectorPulmon: Workdir DetectorPulmon
2022-08-19 11:54:34	DetectorPulmon: Workdir exists
2022-08-19 11:54:34	LAUNCHER: Creating YML file at pruebapulmon/docker-compose.yml
DetectorPulmon
ToPNG
Deidentification
2022-08-19 11:54:34	LAUCHER: deploying virtual containers of workflow pruebapulmon
java -jar Download.jar 276f6c4fd4bbb53e1e3a2b0a9078185206225d7e2381e70fbc59ae02daef445f 515bb9a6f4f8f858f7e1dd3469b93461201ad4a1 1b0063418c5902e5a4eb850df0b62b1f9c575834bbcc2edfdd81573bdbca4d7f 2 1 cinves '/home/domizzi/Documents/PRONACES/puzzle/deployer/app//results/pruebapulmon/catalogs/OtroCat' 69a3dfaf1007f5a923149e389aa01288cc065a9e82cd86b381e652b1b6108e78 true false 1
Exception in thread "main" java.lang.NullPointerException
	at logic.Api.sendGet(Api.java:149)
	at logic.Api._getCatalogInfo(Api.java:106)
	at logic.APIServices.getCatalogInfo(APIServices.java:59)
	at mx.cinvestav.tamps.integracion.gui.RobotHelper.prepare(RobotHelper.java:183)
	at mx.cinvestav.tamps.integracion.gui.RobotHelper.download(RobotHelper.java:147)
	at mx.cinvestav.tamps.integracion.gui.RobotHelper.run(RobotHelper.java:143)
	at mx.cinvestav.tamps.integracion.gui.RobotDownloader.<init>(RobotDownloader.java:46)
	at mx.cinvestav.tamps.integracion.gui.RobotDownloader.main(RobotDownloader.java:39)
2022-08-19 11:54:35	pruebapulmon: executing 
{ "catalogname": " OtroCat/pruebapulmon-1660910075255 ", "dispersemode": "IDA", "encryption":"true", "fathers_token":"1b0063418c5902e5a4eb850df0b62b1f9c575834bbcc2edfdd81573bdbca4d7f", "processed": "true" }
127.0.0.1:20500//pub_sub/v1/catalogs/create?access_token=69a3dfaf1007f5a923149e389aa01288cc065a9e82cd86b381e652b1b6108e78
curl_easy_perform() failed: Couldn't connect to server
Segmentation fault (core dumped)
