2022-08-23 14:17:02	PARSER: Configured single Deidentification
2022-08-23 14:17:02	PARSER: Configured single ToPNG
2022-08-23 14:17:02	PARSER: Configured single DetectorPulmon
2022-08-23 14:17:02	PARSER: Configured pattern Deidentificationpattern
2022-08-23 14:17:02	PARSER: Configured pattern ToPNGpattern
2022-08-23 14:17:02	PARSER: Configured pattern DetectorPulmonpattern
2022-08-23 14:17:02	PARSER: Configured stage stage_Deidentification
2022-08-23 14:17:02	PARSER: Configured stage stage_ToPNG
2022-08-23 14:17:02	PARSER: Configured stage stage_DetectorPulmon
2022-08-23 14:17:02	PARSER: Configured workflow PruebaPuebla
2022-08-23 14:17:02	LAUCHER: Coupling stages and building blocks
2022-08-23 14:17:02	PruebaPuebla: Workdir PruebaPuebla
2022-08-23 14:17:02	PruebaPuebla: Workdir exists
2022-08-23 14:17:02	PruebaPuebla: Stage stage_Deidentification added
2022-08-23 14:17:02	stage_Deidentification: Workdir stage_Deidentification
2022-08-23 14:17:02	stage_Deidentification: Workdir exists
2022-08-23 14:17:02	stage_Deidentification: Added sink stage_ToPNG
2022-08-23 14:17:02	stage_Deidentification: Added building block Deidentificationpattern
2022-08-23 14:17:02	Deidentificationpattern: Workdir Deidentificationpattern
2022-08-23 14:17:02	Deidentificationpattern: Workdir exists
2022-08-23 14:17:02	Deidentification: Workdir Deidentification
2022-08-23 14:17:02	Deidentification: Workdir exists
2022-08-23 14:17:02	PruebaPuebla: Stage stage_ToPNG added
2022-08-23 14:17:02	stage_ToPNG: Workdir stage_ToPNG
2022-08-23 14:17:02	stage_ToPNG: Workdir exists
2022-08-23 14:17:02	stage_ToPNG: Added source stage_Deidentification
2022-08-23 14:17:02	stage_ToPNG: Added sink stage_DetectorPulmon
2022-08-23 14:17:02	stage_ToPNG: Added building block ToPNGpattern
2022-08-23 14:17:02	ToPNGpattern: Workdir ToPNGpattern
2022-08-23 14:17:02	ToPNGpattern: Workdir exists
2022-08-23 14:17:02	ToPNG: Workdir ToPNG
2022-08-23 14:17:02	ToPNG: Workdir exists
2022-08-23 14:17:02	PruebaPuebla: Stage stage_DetectorPulmon added
2022-08-23 14:17:02	stage_DetectorPulmon: Workdir stage_DetectorPulmon
2022-08-23 14:17:02	stage_DetectorPulmon: Workdir exists
2022-08-23 14:17:02	stage_DetectorPulmon: Added source stage_ToPNG
2022-08-23 14:17:02	stage_DetectorPulmon: Added building block DetectorPulmonpattern
2022-08-23 14:17:02	DetectorPulmonpattern: Workdir DetectorPulmonpattern
2022-08-23 14:17:02	DetectorPulmonpattern: Workdir exists
2022-08-23 14:17:02	DetectorPulmon: Workdir DetectorPulmon
2022-08-23 14:17:02	DetectorPulmon: Workdir exists
2022-08-23 14:17:02	LAUNCHER: Creating YML file at PruebaPuebla/docker-compose.yml
DetectorPulmon
ToPNG
Deidentification
2022-08-23 14:17:02	LAUCHER: deploying virtual containers of workflow PruebaPuebla
java -jar Download.jar 34eeb2703e3701662fa639068f08f032906ba4625663d41244f8608726143071 e3ef70e68d07024115430db2534a7735c68eb4f9 1a395247df2ee8fe074807f0c5db431fa6f36fc57688067efb85f7b377a77d40 2 1 cinves '/home/domizzi/Documents/PRONACES/puzzle/deployer/app//results/PruebaPuebla/catalogs/OtroCat' 1da0574d2df35dd4e64392cdd9378c30b082c8c404d73af47798fb9cac544d80 true false 1
2022-08-23 14:17:06	PruebaPuebla: executing 
{ "catalogname": " OtroCat/PruebaPuebla-1661264226884 ", "dispersemode": "IDA", "encryption":"true", "fathers_token":"1a395247df2ee8fe074807f0c5db431fa6f36fc57688067efb85f7b377a77d40", "processed": "true" }
192.168.28.1:20500//pub_sub/v1/catalogs/create?access_token=1da0574d2df35dd4e64392cdd9378c30b082c8c404d73af47798fb9cac544d80
2022-08-23 14:17:06	stage_Deidentification: waiting
2022-08-23 14:17:06	stage_DetectorPulmon: waiting
2022-08-23 14:17:06	stage_Deidentification: WORKING
2022-08-23 14:17:06	stage_ToPNG: waiting
2022-08-23 14:17:06	stage_Deidentification: has 1 sources
2022-08-23 14:17:06	Deidentificationpattern: waiting
2022-08-23 14:17:06	Deidentificationpattern: running
2022-08-23 14:17:06	Deidentificationpattern: executing load balancer
2022-08-23 14:17:07	Deidentificationpattern: load balancer executed in RT = 712 miliseconds
2022-08-23 14:17:07	Deidentification: waiting
2022-08-23 14:17:07	Deidentification: waiting
2022-08-23 14:17:07	Deidentification: running
2022-08-23 14:17:07	Deidentification: running
python3 /code/process_dir.py --input /home/domizzi/Documents/PRONACES/puzzle/deployer/app//results//PruebaPuebla/catalogs/OtroCat/lala --outfolder '/home/domizzi/Documents/PRONACES/puzzle/deployer/app//results/PruebaPuebla/stage_Deidentification/Deidentificationpattern/Deidentification/' --save dicom
python3 /code/process_dir.py --input /home/domizzi/Documents/PRONACES/puzzle/deployer/app//results//PruebaPuebla/catalogs/OtroCat/CT1 --outfolder '/home/domizzi/Documents/PRONACES/puzzle/deployer/app//results/PruebaPuebla/stage_Deidentification/Deidentificationpattern/Deidentification/' --save dicom
WARNING No specification, loading default base deid.dicom
WARNING use detect() --> clean() before saving is possible.
WARNING use detect() --> clean() before saving is possible.
WARNING No specification, loading default base deid.dicom
2022-08-23 14:17:08	Deidentification: processed 4096 bytes in ST=0.000000 RT = 1217 miliseconds
2022-08-23 14:17:09	Deidentification: processed 4096 bytes in ST=0.000000 RT = 1603 miliseconds
2022-08-23 14:17:09	Deidentificationpattern: pattern executed in ST = 2316 miliseconds
{ "catalogname": " OtroCat/PruebaPuebla-1661264226884/stage_Deidentification-1661264229253 ", "dispersemode": "IDA", "encryption":"true", "fathers_token":"66bbdf9bd2abf0ef1d3b7ba4c5522898995824c9c51342784c7623eb499648a0", "processed": "true" }
192.168.28.1:20500//pub_sub/v1/catalogs/create?access_token=1da0574d2df35dd4e64392cdd9378c30b082c8c404d73af47798fb9cac544d80
java -jar Upload.jar 34eeb2703e3701662fa639068f08f032906ba4625663d41244f8608726143071 e3ef70e68d07024115430db2534a7735c68eb4f9 37cdc3258b1e782daaa60bb33d57aa0c0182851ee87f90db1549dd3b2c07a582 IDA bob 2 '/home/domizzi/Documents/PRONACES/puzzle/deployer/app//results/PruebaPuebla/stage_Deidentification' cinves true 1da0574d2df35dd4e64392cdd9378c30b082c8c404d73af47798fb9cac544d80 true true 4
2022-08-23 14:17:09	stage_Deidentification: data satage upload in ST = 511 miliseconds
2022-08-23 14:17:09	stage_Deidentification: stage executed in ST = 2828 miliseconds
2022-08-23 14:17:09	stage_ToPNG: WORKING
2022-08-23 14:17:09	stage_ToPNG: has 1 sources
2022-08-23 14:17:09	ToPNGpattern: waiting
2022-08-23 14:17:09	ToPNGpattern: running
2022-08-23 14:17:09	ToPNGpattern: executing load balancer
2022-08-23 14:17:10	ToPNGpattern: load balancer executed in RT = 711 miliseconds
2022-08-23 14:17:10	ToPNG: waiting
2022-08-23 14:17:10	ToPNG: waiting
2022-08-23 14:17:10	ToPNG: running
2022-08-23 14:17:10	ToPNG: running
python3 /code/dicom2rgb.py /home/domizzi/Documents/PRONACES/puzzle/deployer/app//results/PruebaPuebla//stage_Deidentification/Deidentificationpattern/Deidentification/CT1 /home/domizzi/Documents/PRONACES/puzzle/deployer/app//results/PruebaPuebla/stage_ToPNG/ToPNGpattern/ToPNG//CT1
python3 /code/dicom2rgb.py /home/domizzi/Documents/PRONACES/puzzle/deployer/app//results/PruebaPuebla//stage_Deidentification/Deidentificationpattern/Deidentification/lala /home/domizzi/Documents/PRONACES/puzzle/deployer/app//results/PruebaPuebla/stage_ToPNG/ToPNGpattern/ToPNG//lala
/usr/local/lib/python3.7/site-packages/pydicom/filereader.py:353: UserWarning: Expected explicit VR, but found implicit VR - using implicit VR for reading
  warnings.warn(msg + f" - using {found_vr} VR for reading", UserWarning)
2022-08-23 14:17:12	ToPNG: processed 4096 bytes in ST=0.000000 RT = 2455 miliseconds
2022-08-23 14:17:14	ToPNG: processed 4096 bytes in ST=0.000000 RT = 4022 miliseconds
2022-08-23 14:17:14	ToPNGpattern: pattern executed in ST = 4733 miliseconds
{ "catalogname": " OtroCat/PruebaPuebla-1661264226884/stage_ToPNG-1661264234498 ", "dispersemode": "IDA", "encryption":"true", "fathers_token":"66bbdf9bd2abf0ef1d3b7ba4c5522898995824c9c51342784c7623eb499648a0", "processed": "true" }
192.168.28.1:20500//pub_sub/v1/catalogs/create?access_token=1da0574d2df35dd4e64392cdd9378c30b082c8c404d73af47798fb9cac544d80
java -jar Upload.jar 34eeb2703e3701662fa639068f08f032906ba4625663d41244f8608726143071 e3ef70e68d07024115430db2534a7735c68eb4f9 0b8e3cb13e9b333e6e742d048af062681ecf79cb827634b73cd5cd1150642396 IDA bob 2 '/home/domizzi/Documents/PRONACES/puzzle/deployer/app//results/PruebaPuebla/stage_ToPNG' cinves true 1da0574d2df35dd4e64392cdd9378c30b082c8c404d73af47798fb9cac544d80 true true 4
2022-08-23 14:17:24	stage_ToPNG: data satage upload in ST = 9594 miliseconds
2022-08-23 14:17:24	stage_DetectorPulmon: WORKING
2022-08-23 14:17:24	stage_ToPNG: stage executed in ST = 14328 miliseconds
2022-08-23 14:17:24	stage_DetectorPulmon: has 1 sources
2022-08-23 14:17:24	DetectorPulmonpattern: waiting
2022-08-23 14:17:24	DetectorPulmonpattern: running
2022-08-23 14:17:24	DetectorPulmonpattern: executing load balancer
2022-08-23 14:17:24	DetectorPulmonpattern: load balancer executed in RT = 745 miliseconds
2022-08-23 14:17:24	DetectorPulmon: waiting
2022-08-23 14:17:24	DetectorPulmon: waiting
2022-08-23 14:17:24	DetectorPulmon: running
2022-08-23 14:17:24	DetectorPulmon: running
python3 /code/detectorPulmones.py /home/domizzi/Documents/PRONACES/puzzle/deployer/app//results/PruebaPuebla//stage_ToPNG/ToPNGpattern/ToPNG/CT1 /home/domizzi/Documents/PRONACES/puzzle/deployer/app//results/PruebaPuebla/stage_DetectorPulmon/DetectorPulmonpattern/DetectorPulmon//CT1
python3 /code/detectorPulmones.py /home/domizzi/Documents/PRONACES/puzzle/deployer/app//results/PruebaPuebla//stage_ToPNG/ToPNGpattern/ToPNG/lala /home/domizzi/Documents/PRONACES/puzzle/deployer/app//results/PruebaPuebla/stage_DetectorPulmon/DetectorPulmonpattern/DetectorPulmon//lala
2022-08-23 14:17:25.947864: W tensorflow/stream_executor/platform/default/dso_loader.cc:64] Could not load dynamic library 'libcudart.so.11.0'; dlerror: libcudart.so.11.0: cannot open shared object file: No such file or directory
2022-08-23 14:17:25.947900: I tensorflow/stream_executor/cuda/cudart_stub.cc:29] Ignore above cudart dlerror if you do not have a GPU set up on your machine.
2022-08-23 14:17:25.947864: W tensorflow/stream_executor/platform/default/dso_loader.cc:64] Could not load dynamic library 'libcudart.so.11.0'; dlerror: libcudart.so.11.0: cannot open shared object file: No such file or directory
2022-08-23 14:17:25.947900: I tensorflow/stream_executor/cuda/cudart_stub.cc:29] Ignore above cudart dlerror if you do not have a GPU set up on your machine.
2022-08-23 14:17:27.448366: I tensorflow/core/platform/cpu_feature_guard.cc:142] This TensorFlow binary is optimized with oneAPI Deep Neural Network Library (oneDNN) to use the following CPU instructions in performance-critical operations:  AVX2 FMA
To enable them in other operations, rebuild TensorFlow with the appropriate compiler flags.
2022-08-23 14:17:27.449638: W tensorflow/stream_executor/platform/default/dso_loader.cc:64] Could not load dynamic library 'libcuda.so.1'; dlerror: libcuda.so.1: cannot open shared object file: No such file or directory
2022-08-23 14:17:27.449680: W tensorflow/stream_executor/cuda/cuda_driver.cc:326] failed call to cuInit: UNKNOWN ERROR (303)
2022-08-23 14:17:27.449716: I tensorflow/stream_executor/cuda/cuda_diagnostics.cc:163] no NVIDIA GPU device is present: /dev/nvidia0 does not exist
2022-08-23 14:17:27.483404: I tensorflow/core/platform/cpu_feature_guard.cc:142] This TensorFlow binary is optimized with oneAPI Deep Neural Network Library (oneDNN) to use the following CPU instructions in performance-critical operations:  AVX2 FMA
To enable them in other operations, rebuild TensorFlow with the appropriate compiler flags.
2022-08-23 14:17:27.484395: W tensorflow/stream_executor/platform/default/dso_loader.cc:64] Could not load dynamic library 'libcuda.so.1'; dlerror: libcuda.so.1: cannot open shared object file: No such file or directory
2022-08-23 14:17:27.484426: W tensorflow/stream_executor/cuda/cuda_driver.cc:326] failed call to cuInit: UNKNOWN ERROR (303)
2022-08-23 14:17:27.484446: I tensorflow/stream_executor/cuda/cuda_diagnostics.cc:163] no NVIDIA GPU device is present: /dev/nvidia0 does not exist
2022-08-23 14:17:30.941671: W tensorflow/core/framework/cpu_allocator_impl.cc:80] Allocation of 963379200 exceeds 10% of free system memory.
2022-08-23 14:17:31.044087: W tensorflow/core/framework/cpu_allocator_impl.cc:80] Allocation of 963379200 exceeds 10% of free system memory.
2022-08-23 14:17:31.407128: W tensorflow/core/framework/cpu_allocator_impl.cc:80] Allocation of 963379200 exceeds 10% of free system memory.
2022-08-23 14:17:31.519823: W tensorflow/core/framework/cpu_allocator_impl.cc:80] Allocation of 963379200 exceeds 10% of free system memory.
WARNING:tensorflow:From /code/models/research/object_detection/utils/model_util.py:57: Tensor.experimental_ref (from tensorflow.python.framework.ops) is deprecated and will be removed in a future version.
Instructions for updating:
Use ref() instead.
WARNING:tensorflow:From /code/models/research/object_detection/utils/model_util.py:57: Tensor.experimental_ref (from tensorflow.python.framework.ops) is deprecated and will be removed in a future version.
Instructions for updating:
Use ref() instead.
2022-08-23 14:17:33.561067: W tensorflow/core/framework/cpu_allocator_impl.cc:80] Allocation of 963379200 exceeds 10% of free system memory.
2022-08-23 14:17:33.660956: W tensorflow/core/framework/cpu_allocator_impl.cc:80] Allocation of 963379200 exceeds 10% of free system memory.
2022-08-23 14:17:34.448596: W tensorflow/core/framework/cpu_allocator_impl.cc:80] Allocation of 963379200 exceeds 10% of free system memory.
2022-08-23 14:17:34.573323: W tensorflow/core/framework/cpu_allocator_impl.cc:80] Allocation of 963379200 exceeds 10% of free system memory.
2022-08-23 14:17:35.955858: W tensorflow/core/framework/cpu_allocator_impl.cc:80] Allocation of 963379200 exceeds 10% of free system memory.
/code/detectorPulmones.py:240: RuntimeWarning: More than 20 figures have been opened. Figures created through the pyplot interface (`matplotlib.pyplot.figure`) are retained until explicitly closed and may consume too much memory. (To control this warning, see the rcParam `figure.max_open_warning`).
  plt.figure(figsize=(15,10))
2022-08-23 14:17:37	DetectorPulmon: processed 4096 bytes in ST=0.000000 RT = 12186 miliseconds
2022-08-23 14:18:10	DetectorPulmon: processed 4096 bytes in ST=0.000000 RT = 46059 miliseconds
2022-08-23 14:18:10	DetectorPulmonpattern: pattern executed in ST = 46805 miliseconds
{ "catalogname": " OtroCat/PruebaPuebla-1661264226884/stage_DetectorPulmon-1661264290899 ", "dispersemode": "IDA", "encryption":"true", "fathers_token":"66bbdf9bd2abf0ef1d3b7ba4c5522898995824c9c51342784c7623eb499648a0", "processed": "true" }
192.168.28.1:20500//pub_sub/v1/catalogs/create?access_token=1da0574d2df35dd4e64392cdd9378c30b082c8c404d73af47798fb9cac544d80
java -jar Upload.jar 34eeb2703e3701662fa639068f08f032906ba4625663d41244f8608726143071 e3ef70e68d07024115430db2534a7735c68eb4f9 ec43a570c7b1a0edbb4b458bdcc121d6d88e3eee117c8ca816355f8537d45c9b IDA bob 2 '/home/domizzi/Documents/PRONACES/puzzle/deployer/app//results/PruebaPuebla/stage_DetectorPulmon' cinves true 1da0574d2df35dd4e64392cdd9378c30b082c8c404d73af47798fb9cac544d80 true true 4
2022-08-23 14:18:11	stage_DetectorPulmon: data satage upload in ST = 592 miliseconds
2022-08-23 14:18:11	stage_DetectorPulmon: stage executed in ST = 47398 miliseconds
