2022-08-19 12:12:24	PARSER: Configured single Deidentification
2022-08-19 12:12:24	PARSER: Configured single ToPNG
2022-08-19 12:12:24	PARSER: Configured single DetectorPulmon
2022-08-19 12:12:24	PARSER: Configured pattern Deidentificationpattern
2022-08-19 12:12:24	PARSER: Configured pattern ToPNGpattern
2022-08-19 12:12:24	PARSER: Configured pattern DetectorPulmonpattern
2022-08-19 12:12:24	PARSER: Configured stage stage_Deidentification
2022-08-19 12:12:24	PARSER: Configured stage stage_ToPNG
2022-08-19 12:12:24	PARSER: Configured stage stage_DetectorPulmon
2022-08-19 12:12:24	PARSER: Configured workflow pruebapulmon
2022-08-19 12:12:24	LAUCHER: Coupling stages and building blocks
2022-08-19 12:12:24	pruebapulmon: Workdir pruebapulmon
2022-08-19 12:12:24	pruebapulmon: Workdir exists
2022-08-19 12:12:24	pruebapulmon: Stage stage_Deidentification added
2022-08-19 12:12:24	stage_Deidentification: Workdir stage_Deidentification
2022-08-19 12:12:24	stage_Deidentification: Workdir exists
2022-08-19 12:12:24	stage_Deidentification: Added sink stage_ToPNG
2022-08-19 12:12:24	stage_Deidentification: Added building block Deidentificationpattern
2022-08-19 12:12:24	Deidentificationpattern: Workdir Deidentificationpattern
2022-08-19 12:12:24	Deidentificationpattern: Workdir exists
2022-08-19 12:12:24	Deidentification: Workdir Deidentification
2022-08-19 12:12:24	Deidentification: Workdir exists
2022-08-19 12:12:24	pruebapulmon: Stage stage_ToPNG added
2022-08-19 12:12:24	stage_ToPNG: Workdir stage_ToPNG
2022-08-19 12:12:24	stage_ToPNG: Workdir exists
2022-08-19 12:12:24	stage_ToPNG: Added source stage_Deidentification
2022-08-19 12:12:24	stage_ToPNG: Added sink stage_DetectorPulmon
2022-08-19 12:12:24	stage_ToPNG: Added building block ToPNGpattern
2022-08-19 12:12:24	ToPNGpattern: Workdir ToPNGpattern
2022-08-19 12:12:24	ToPNGpattern: Workdir exists
2022-08-19 12:12:24	ToPNG: Workdir ToPNG
2022-08-19 12:12:24	ToPNG: Workdir exists
2022-08-19 12:12:24	pruebapulmon: Stage stage_DetectorPulmon added
2022-08-19 12:12:24	stage_DetectorPulmon: Workdir stage_DetectorPulmon
2022-08-19 12:12:24	stage_DetectorPulmon: Workdir exists
2022-08-19 12:12:24	stage_DetectorPulmon: Added source stage_ToPNG
2022-08-19 12:12:24	stage_DetectorPulmon: Added building block DetectorPulmonpattern
2022-08-19 12:12:24	DetectorPulmonpattern: Workdir DetectorPulmonpattern
2022-08-19 12:12:24	DetectorPulmonpattern: Workdir exists
2022-08-19 12:12:24	DetectorPulmon: Workdir DetectorPulmon
2022-08-19 12:12:24	DetectorPulmon: Workdir exists
2022-08-19 12:12:24	LAUNCHER: Creating YML file at pruebapulmon/docker-compose.yml
DetectorPulmon
ToPNG
Deidentification
2022-08-19 12:12:24	LAUCHER: deploying virtual containers of workflow pruebapulmon
java -jar Download.jar 276f6c4fd4bbb53e1e3a2b0a9078185206225d7e2381e70fbc59ae02daef445f 515bb9a6f4f8f858f7e1dd3469b93461201ad4a1 1b0063418c5902e5a4eb850df0b62b1f9c575834bbcc2edfdd81573bdbca4d7f 2 1 cinves '/home/domizzi/Documents/PRONACES/puzzle/deployer/app//results/pruebapulmon/catalogs/OtroCat' 69a3dfaf1007f5a923149e389aa01288cc065a9e82cd86b381e652b1b6108e78 true false 1
2022-08-19 12:12:32	pruebapulmon: executing 
{ "catalogname": " OtroCat/pruebapulmon-1660911152605 ", "dispersemode": "IDA", "encryption":"true", "fathers_token":"1b0063418c5902e5a4eb850df0b62b1f9c575834bbcc2edfdd81573bdbca4d7f", "processed": "true" }
192.168.125.1:20500//pub_sub/v1/catalogs/create?access_token=69a3dfaf1007f5a923149e389aa01288cc065a9e82cd86b381e652b1b6108e78
2022-08-19 12:12:32	stage_Deidentification: waiting
2022-08-19 12:12:32	stage_DetectorPulmon: waiting
2022-08-19 12:12:32	stage_ToPNG: waiting
2022-08-19 12:12:32	stage_Deidentification: WORKING
2022-08-19 12:12:32	stage_Deidentification: has 1 sources
2022-08-19 12:12:32	Deidentificationpattern: waiting
2022-08-19 12:12:32	Deidentificationpattern: running
2022-08-19 12:12:32	Deidentificationpattern: executing load balancer
2022-08-19 12:12:33	Deidentificationpattern: load balancer executed in RT = 653 miliseconds
2022-08-19 12:12:33	Deidentification: waiting
2022-08-19 12:12:33	Deidentification: running
2022-08-19 12:12:33	Deidentification: waiting
2022-08-19 12:12:33	Deidentification: running
python3 /code/process_dir.py --input /home/domizzi/Documents/PRONACES/puzzle/deployer/app//results//pruebapulmon/catalogs/OtroCat/lala --outfolder '/home/domizzi/Documents/PRONACES/puzzle/deployer/app//results/pruebapulmon/stage_Deidentification/Deidentificationpattern/Deidentification/' --save dicom
python3 /code/process_dir.py --input /home/domizzi/Documents/PRONACES/puzzle/deployer/app//results//pruebapulmon/catalogs/OtroCat/CT1 --outfolder '/home/domizzi/Documents/PRONACES/puzzle/deployer/app//results/pruebapulmon/stage_Deidentification/Deidentificationpattern/Deidentification/' --save dicom
WARNING No specification, loading default base deid.dicom
WARNING use detect() --> clean() before saving is possible.
WARNING use detect() --> clean() before saving is possible.
python3 /code/process_dir.py --input /home/domizzi/Documents/PRONACES/puzzle/deployer/app//results//pruebapulmon/catalogs/OtroCat/otrocat --outfolder '/home/domizzi/Documents/PRONACES/puzzle/deployer/app//results/pruebapulmon/stage_Deidentification/Deidentificationpattern/Deidentification/' --save dicom
WARNING No specification, loading default base deid.dicom
WARNING Cannot read input file /home/domizzi/Documents/PRONACES/puzzle/deployer/app//results//pruebapulmon/catalogs/OtroCat/lala/1-080.dcm.part, skipping.
WARNING No specification, loading default base deid.dicom
WARNING Cannot read input file /home/domizzi/Documents/PRONACES/puzzle/deployer/app//results//pruebapulmon/catalogs/OtroCat/otrocat/1-027.dcm, skipping.
2022-08-19 12:12:35	Deidentification: processed 4096 bytes in ST=0.000000 RT = 2089 miliseconds
2022-08-19 12:12:35	Deidentification: processed 8192 bytes in ST=0.000000 RT = 2179 miliseconds
2022-08-19 12:12:35	Deidentificationpattern: pattern executed in ST = 2833 miliseconds
{ "catalogname": " OtroCat/pruebapulmon-1660911152605/stage_Deidentification-1660911155479 ", "dispersemode": "IDA", "encryption":"true", "fathers_token":"1baa978062ae92707db3da910992299148ebc6cfeb666c00e0ead2ed53ab7e84", "processed": "true" }
192.168.125.1:20500//pub_sub/v1/catalogs/create?access_token=69a3dfaf1007f5a923149e389aa01288cc065a9e82cd86b381e652b1b6108e78
java -jar Upload.jar 276f6c4fd4bbb53e1e3a2b0a9078185206225d7e2381e70fbc59ae02daef445f 515bb9a6f4f8f858f7e1dd3469b93461201ad4a1 795515ed18773d28afe95f9f37a3acb6c8c4b1410b9917c4663ee6b1acc306c8 IDA bob 2 '/home/domizzi/Documents/PRONACES/puzzle/deployer/app//results/pruebapulmon/stage_Deidentification' cinves true 69a3dfaf1007f5a923149e389aa01288cc065a9e82cd86b381e652b1b6108e78 true true 4
2022-08-19 12:13:07	stage_Deidentification: data satage upload in ST = 32371 miliseconds
2022-08-19 12:13:07	stage_Deidentification: stage executed in ST = 35205 miliseconds
2022-08-19 12:13:07	stage_ToPNG: WORKING
2022-08-19 12:13:07	stage_ToPNG: has 1 sources
2022-08-19 12:13:07	ToPNGpattern: waiting
2022-08-19 12:13:07	ToPNGpattern: running
2022-08-19 12:13:07	ToPNGpattern: executing load balancer
2022-08-19 12:13:08	ToPNGpattern: load balancer executed in RT = 662 miliseconds
2022-08-19 12:13:08	ToPNG: waiting
2022-08-19 12:13:08	ToPNG: waiting
2022-08-19 12:13:08	ToPNG: running
2022-08-19 12:13:08	ToPNG: running
python3 /code/dicom2rgb.py /home/domizzi/Documents/PRONACES/puzzle/deployer/app//results/pruebapulmon//stage_Deidentification/Deidentificationpattern/Deidentification/CT1 /home/domizzi/Documents/PRONACES/puzzle/deployer/app//results/pruebapulmon/stage_ToPNG/ToPNGpattern/ToPNG//CT1
python3 /code/dicom2rgb.py /home/domizzi/Documents/PRONACES/puzzle/deployer/app//results/pruebapulmon//stage_Deidentification/Deidentificationpattern/Deidentification/lala /home/domizzi/Documents/PRONACES/puzzle/deployer/app//results/pruebapulmon/stage_ToPNG/ToPNGpattern/ToPNG//lala
/usr/local/lib/python3.7/site-packages/pydicom/filereader.py:353: UserWarning: Expected explicit VR, but found implicit VR - using implicit VR for reading
  warnings.warn(msg + f" - using {found_vr} VR for reading", UserWarning)
2022-08-19 12:13:10	ToPNG: processed 4096 bytes in ST=0.000000 RT = 2200 miliseconds
python3 /code/dicom2rgb.py /home/domizzi/Documents/PRONACES/puzzle/deployer/app//results/pruebapulmon//stage_Deidentification/Deidentificationpattern/Deidentification/otrocat /home/domizzi/Documents/PRONACES/puzzle/deployer/app//results/pruebapulmon/stage_ToPNG/ToPNGpattern/ToPNG//otrocat
2022-08-19 12:13:20	ToPNG: processed 8192 bytes in ST=0.000000 RT = 11586 miliseconds
2022-08-19 12:13:20	ToPNGpattern: pattern executed in ST = 12250 miliseconds
{ "catalogname": " OtroCat/pruebapulmon-1660911152605/stage_ToPNG-1660911200101 ", "dispersemode": "IDA", "encryption":"true", "fathers_token":"1baa978062ae92707db3da910992299148ebc6cfeb666c00e0ead2ed53ab7e84", "processed": "true" }
192.168.125.1:20500//pub_sub/v1/catalogs/create?access_token=69a3dfaf1007f5a923149e389aa01288cc065a9e82cd86b381e652b1b6108e78
java -jar Upload.jar 276f6c4fd4bbb53e1e3a2b0a9078185206225d7e2381e70fbc59ae02daef445f 515bb9a6f4f8f858f7e1dd3469b93461201ad4a1 3b36c766b4e1ff470767534b0b86091c49d3f21423c9ac7cbd8a7b8d4964b34c IDA bob 2 '/home/domizzi/Documents/PRONACES/puzzle/deployer/app//results/pruebapulmon/stage_ToPNG' cinves true 69a3dfaf1007f5a923149e389aa01288cc065a9e82cd86b381e652b1b6108e78 true true 4
2022-08-19 12:13:52	stage_ToPNG: data satage upload in ST = 32820 miliseconds
2022-08-19 12:13:52	stage_ToPNG: stage executed in ST = 45070 miliseconds
2022-08-19 12:13:52	stage_DetectorPulmon: WORKING
2022-08-19 12:13:52	stage_DetectorPulmon: has 1 sources
2022-08-19 12:13:52	DetectorPulmonpattern: waiting
2022-08-19 12:13:52	DetectorPulmonpattern: running
2022-08-19 12:13:52	DetectorPulmonpattern: executing load balancer
2022-08-19 12:13:53	DetectorPulmonpattern: load balancer executed in RT = 679 miliseconds
2022-08-19 12:13:53	DetectorPulmon: waiting
2022-08-19 12:13:53	DetectorPulmon: running
python3 /code/detectorPulmones.py /home/domizzi/Documents/PRONACES/puzzle/deployer/app//results/pruebapulmon//stage_ToPNG/ToPNGpattern/ToPNG/CT1 /home/domizzi/Documents/PRONACES/puzzle/deployer/app//results/pruebapulmon/stage_DetectorPulmon/DetectorPulmonpattern/DetectorPulmon//CT1
2022-08-19 12:13:53	DetectorPulmon: waiting
2022-08-19 12:13:53	DetectorPulmon: running
python3 /code/detectorPulmones.py /home/domizzi/Documents/PRONACES/puzzle/deployer/app//results/pruebapulmon//stage_ToPNG/ToPNGpattern/ToPNG/lala /home/domizzi/Documents/PRONACES/puzzle/deployer/app//results/pruebapulmon/stage_DetectorPulmon/DetectorPulmonpattern/DetectorPulmon//lala
2022-08-19 12:13:54.508700: W tensorflow/stream_executor/platform/default/dso_loader.cc:64] Could not load dynamic library 'libcudart.so.11.0'; dlerror: libcudart.so.11.0: cannot open shared object file: No such file or directory
2022-08-19 12:13:54.508735: I tensorflow/stream_executor/cuda/cudart_stub.cc:29] Ignore above cudart dlerror if you do not have a GPU set up on your machine.
2022-08-19 12:13:54.614597: W tensorflow/stream_executor/platform/default/dso_loader.cc:64] Could not load dynamic library 'libcudart.so.11.0'; dlerror: libcudart.so.11.0: cannot open shared object file: No such file or directory
2022-08-19 12:13:54.614626: I tensorflow/stream_executor/cuda/cudart_stub.cc:29] Ignore above cudart dlerror if you do not have a GPU set up on your machine.
2022-08-19 12:13:55.709838: I tensorflow/core/platform/cpu_feature_guard.cc:142] This TensorFlow binary is optimized with oneAPI Deep Neural Network Library (oneDNN) to use the following CPU instructions in performance-critical operations:  AVX2 FMA
To enable them in other operations, rebuild TensorFlow with the appropriate compiler flags.
2022-08-19 12:13:55.710843: W tensorflow/stream_executor/platform/default/dso_loader.cc:64] Could not load dynamic library 'libcuda.so.1'; dlerror: libcuda.so.1: cannot open shared object file: No such file or directory
2022-08-19 12:13:55.710868: W tensorflow/stream_executor/cuda/cuda_driver.cc:326] failed call to cuInit: UNKNOWN ERROR (303)
2022-08-19 12:13:55.710887: I tensorflow/stream_executor/cuda/cuda_diagnostics.cc:163] no NVIDIA GPU device is present: /dev/nvidia0 does not exist
2022-08-19 12:13:55.810172: I tensorflow/core/platform/cpu_feature_guard.cc:142] This TensorFlow binary is optimized with oneAPI Deep Neural Network Library (oneDNN) to use the following CPU instructions in performance-critical operations:  AVX2 FMA
To enable them in other operations, rebuild TensorFlow with the appropriate compiler flags.
2022-08-19 12:13:55.811380: W tensorflow/stream_executor/platform/default/dso_loader.cc:64] Could not load dynamic library 'libcuda.so.1'; dlerror: libcuda.so.1: cannot open shared object file: No such file or directory
2022-08-19 12:13:55.811406: W tensorflow/stream_executor/cuda/cuda_driver.cc:326] failed call to cuInit: UNKNOWN ERROR (303)
2022-08-19 12:13:55.811424: I tensorflow/stream_executor/cuda/cuda_diagnostics.cc:163] no NVIDIA GPU device is present: /dev/nvidia0 does not exist
2022-08-19 12:13:58.578918: W tensorflow/core/framework/cpu_allocator_impl.cc:80] Allocation of 963379200 exceeds 10% of free system memory.
2022-08-19 12:13:58.658852: W tensorflow/core/framework/cpu_allocator_impl.cc:80] Allocation of 963379200 exceeds 10% of free system memory.
2022-08-19 12:13:58.920069: W tensorflow/core/framework/cpu_allocator_impl.cc:80] Allocation of 963379200 exceeds 10% of free system memory.
2022-08-19 12:13:59.004523: W tensorflow/core/framework/cpu_allocator_impl.cc:80] Allocation of 963379200 exceeds 10% of free system memory.
WARNING:tensorflow:From /code/models/research/object_detection/utils/model_util.py:57: Tensor.experimental_ref (from tensorflow.python.framework.ops) is deprecated and will be removed in a future version.
Instructions for updating:
Use ref() instead.
WARNING:tensorflow:From /code/models/research/object_detection/utils/model_util.py:57: Tensor.experimental_ref (from tensorflow.python.framework.ops) is deprecated and will be removed in a future version.
Instructions for updating:
Use ref() instead.
2022-08-19 12:14:00.553956: W tensorflow/core/framework/cpu_allocator_impl.cc:80] Allocation of 963379200 exceeds 10% of free system memory.
2022-08-19 12:14:00.622231: W tensorflow/core/framework/cpu_allocator_impl.cc:80] Allocation of 963379200 exceeds 10% of free system memory.
2022-08-19 12:14:01.269242: W tensorflow/core/framework/cpu_allocator_impl.cc:80] Allocation of 963379200 exceeds 10% of free system memory.
2022-08-19 12:14:01.351152: W tensorflow/core/framework/cpu_allocator_impl.cc:80] Allocation of 963379200 exceeds 10% of free system memory.
2022-08-19 12:14:02.402235: W tensorflow/core/framework/cpu_allocator_impl.cc:80] Allocation of 963379200 exceeds 10% of free system memory.
python3 /code/detectorPulmones.py /home/domizzi/Documents/PRONACES/puzzle/deployer/app//results/pruebapulmon//stage_ToPNG/ToPNGpattern/ToPNG/otrocat /home/domizzi/Documents/PRONACES/puzzle/deployer/app//results/pruebapulmon/stage_DetectorPulmon/DetectorPulmonpattern/DetectorPulmon//otrocat
2022-08-19 12:14:04.627749: W tensorflow/stream_executor/platform/default/dso_loader.cc:64] Could not load dynamic library 'libcudart.so.11.0'; dlerror: libcudart.so.11.0: cannot open shared object file: No such file or directory
2022-08-19 12:14:04.628228: I tensorflow/stream_executor/cuda/cudart_stub.cc:29] Ignore above cudart dlerror if you do not have a GPU set up on your machine.
2022-08-19 12:14:06.385432: I tensorflow/core/platform/cpu_feature_guard.cc:142] This TensorFlow binary is optimized with oneAPI Deep Neural Network Library (oneDNN) to use the following CPU instructions in performance-critical operations:  AVX2 FMA
To enable them in other operations, rebuild TensorFlow with the appropriate compiler flags.
2022-08-19 12:14:06.386845: W tensorflow/stream_executor/platform/default/dso_loader.cc:64] Could not load dynamic library 'libcuda.so.1'; dlerror: libcuda.so.1: cannot open shared object file: No such file or directory
2022-08-19 12:14:06.386868: W tensorflow/stream_executor/cuda/cuda_driver.cc:326] failed call to cuInit: UNKNOWN ERROR (303)
2022-08-19 12:14:06.386886: I tensorflow/stream_executor/cuda/cuda_diagnostics.cc:163] no NVIDIA GPU device is present: /dev/nvidia0 does not exist
2022-08-19 12:14:09.740467: W tensorflow/core/framework/cpu_allocator_impl.cc:80] Allocation of 963379200 exceeds 10% of free system memory.
2022-08-19 12:14:09.821025: W tensorflow/core/framework/cpu_allocator_impl.cc:80] Allocation of 963379200 exceeds 10% of free system memory.
WARNING:tensorflow:From /code/models/research/object_detection/utils/model_util.py:57: Tensor.experimental_ref (from tensorflow.python.framework.ops) is deprecated and will be removed in a future version.
Instructions for updating:
Use ref() instead.
2022-08-19 12:14:12.078500: W tensorflow/core/framework/cpu_allocator_impl.cc:80] Allocation of 963379200 exceeds 10% of free system memory.
2022-08-19 12:14:12.147863: W tensorflow/core/framework/cpu_allocator_impl.cc:80] Allocation of 963379200 exceeds 10% of free system memory.
2022-08-19 12:14:14.091940: W tensorflow/core/framework/cpu_allocator_impl.cc:80] Allocation of 963379200 exceeds 10% of free system memory.
/code/detectorPulmones.py:240: RuntimeWarning: More than 20 figures have been opened. Figures created through the pyplot interface (`matplotlib.pyplot.figure`) are retained until explicitly closed and may consume too much memory. (To control this warning, see the rcParam `figure.max_open_warning`).
  plt.figure(figsize=(15,10))
/code/detectorPulmones.py:240: RuntimeWarning: More than 20 figures have been opened. Figures created through the pyplot interface (`matplotlib.pyplot.figure`) are retained until explicitly closed and may consume too much memory. (To control this warning, see the rcParam `figure.max_open_warning`).
  plt.figure(figsize=(15,10))
2022-08-19 12:15:10	DetectorPulmon: processed 8192 bytes in ST=0.000000 RT = 77352 miliseconds
2022-08-19 12:15:24	DetectorPulmon: processed 4096 bytes in ST=0.000000 RT = 91010 miliseconds
2022-08-19 12:15:24	DetectorPulmonpattern: pattern executed in ST = 91690 miliseconds
{ "catalogname": " OtroCat/pruebapulmon-1660911152605/stage_DetectorPulmon-1660911324612 ", "dispersemode": "IDA", "encryption":"true", "fathers_token":"1baa978062ae92707db3da910992299148ebc6cfeb666c00e0ead2ed53ab7e84", "processed": "true" }
192.168.125.1:20500//pub_sub/v1/catalogs/create?access_token=69a3dfaf1007f5a923149e389aa01288cc065a9e82cd86b381e652b1b6108e78
java -jar Upload.jar 276f6c4fd4bbb53e1e3a2b0a9078185206225d7e2381e70fbc59ae02daef445f 515bb9a6f4f8f858f7e1dd3469b93461201ad4a1 122cd2991f00eda8664388c2e1357ede62d2842e68d0d4fa6ace40dd21a99247 IDA bob 2 '/home/domizzi/Documents/PRONACES/puzzle/deployer/app//results/pruebapulmon/stage_DetectorPulmon' cinves true 69a3dfaf1007f5a923149e389aa01288cc065a9e82cd86b381e652b1b6108e78 true true 4
2022-08-19 12:15:51	stage_DetectorPulmon: data satage upload in ST = 26722 miliseconds
2022-08-19 12:15:51	stage_DetectorPulmon: stage executed in ST = 118413 miliseconds
