2022-08-23 20:49:49	PARSER: Configured single Deidentification
2022-08-23 20:49:49	PARSER: Configured single ToPNG
2022-08-23 20:49:49	PARSER: Configured single DetectorPulmon
2022-08-23 20:49:49	PARSER: Configured pattern Deidentificationpattern
2022-08-23 20:49:49	PARSER: Configured pattern ToPNGpattern
2022-08-23 20:49:49	PARSER: Configured pattern DetectorPulmonpattern
2022-08-23 20:49:49	PARSER: Configured stage stage_Deidentification
2022-08-23 20:49:49	PARSER: Configured stage stage_ToPNG
2022-08-23 20:49:49	PARSER: Configured stage stage_DetectorPulmon
2022-08-23 20:49:49	PARSER: Configured workflow PruebaPuebla
2022-08-23 20:49:49	LAUCHER: Coupling stages and building blocks
2022-08-23 20:49:49	PruebaPuebla: Workdir PruebaPuebla
2022-08-23 20:49:49	PruebaPuebla: Workdir exists
2022-08-23 20:49:49	PruebaPuebla: Stage stage_Deidentification added
2022-08-23 20:49:49	stage_Deidentification: Workdir stage_Deidentification
2022-08-23 20:49:49	stage_Deidentification: Workdir exists
2022-08-23 20:49:49	stage_Deidentification: Added sink stage_ToPNG
2022-08-23 20:49:49	stage_Deidentification: Added building block Deidentificationpattern
2022-08-23 20:49:49	Deidentificationpattern: Workdir Deidentificationpattern
2022-08-23 20:49:49	Deidentificationpattern: Workdir exists
2022-08-23 20:49:49	Deidentification: Workdir Deidentification
2022-08-23 20:49:49	Deidentification: Workdir exists
2022-08-23 20:49:49	PruebaPuebla: Stage stage_ToPNG added
2022-08-23 20:49:49	stage_ToPNG: Workdir stage_ToPNG
2022-08-23 20:49:49	stage_ToPNG: Workdir exists
2022-08-23 20:49:49	stage_ToPNG: Added source stage_Deidentification
2022-08-23 20:49:49	stage_ToPNG: Added sink stage_DetectorPulmon
2022-08-23 20:49:49	stage_ToPNG: Added building block ToPNGpattern
2022-08-23 20:49:49	ToPNGpattern: Workdir ToPNGpattern
2022-08-23 20:49:49	ToPNGpattern: Workdir exists
2022-08-23 20:49:49	ToPNG: Workdir ToPNG
2022-08-23 20:49:49	ToPNG: Workdir exists
2022-08-23 20:49:49	PruebaPuebla: Stage stage_DetectorPulmon added
2022-08-23 20:49:49	stage_DetectorPulmon: Workdir stage_DetectorPulmon
2022-08-23 20:49:49	stage_DetectorPulmon: Workdir exists
2022-08-23 20:49:49	stage_DetectorPulmon: Added source stage_ToPNG
2022-08-23 20:49:49	stage_DetectorPulmon: Added building block DetectorPulmonpattern
2022-08-23 20:49:49	DetectorPulmonpattern: Workdir DetectorPulmonpattern
2022-08-23 20:49:49	DetectorPulmonpattern: Workdir exists
2022-08-23 20:49:49	DetectorPulmon: Workdir DetectorPulmon
2022-08-23 20:49:49	DetectorPulmon: Workdir exists
2022-08-23 20:49:49	LAUNCHER: Creating YML file at PruebaPuebla/docker-compose.yml
DetectorPulmon
ToPNG
Deidentification
2022-08-23 20:49:49	LAUCHER: deploying virtual containers of workflow PruebaPuebla
java -jar Download.jar 34eeb2703e3701662fa639068f08f032906ba4625663d41244f8608726143071 e3ef70e68d07024115430db2534a7735c68eb4f9 1a395247df2ee8fe074807f0c5db431fa6f36fc57688067efb85f7b377a77d40 2 1 cinves '/home/domizzi/Documents/PRONACES/puzzle/deployer/app//results/PruebaPuebla/catalogs/OtroCat' 1da0574d2df35dd4e64392cdd9378c30b082c8c404d73af47798fb9cac544d80 true false 1
2022-08-23 20:49:53	PruebaPuebla: executing 
{ "catalogname": " OtroCat/PruebaPuebla-1661287793078 ", "dispersemode": "IDA", "encryption":"true", "fathers_token":"1a395247df2ee8fe074807f0c5db431fa6f36fc57688067efb85f7b377a77d40", "processed": "true" }
192.168.28.1:20500//pub_sub/v1/catalogs/create?access_token=1da0574d2df35dd4e64392cdd9378c30b082c8c404d73af47798fb9cac544d80
2022-08-23 20:49:53	stage_Deidentification: waiting
2022-08-23 20:49:53	stage_Deidentification: WORKING
2022-08-23 20:49:53	stage_ToPNG: waiting
2022-08-23 20:49:53	stage_DetectorPulmon: waiting
2022-08-23 20:49:53	stage_Deidentification: has 1 sources
2022-08-23 20:49:53	Deidentificationpattern: waiting
2022-08-23 20:49:53	Deidentificationpattern: running
2022-08-23 20:49:53	Deidentificationpattern: executing load balancer
2022-08-23 20:49:53	Deidentificationpattern: load balancer executed in RT = 665 miliseconds
2022-08-23 20:49:53	Deidentification: waiting
2022-08-23 20:49:53	Deidentification: running
2022-08-23 20:49:53	Deidentification: waiting
2022-08-23 20:49:53	Deidentification: running
python3 /code/process_dir.py --input /home/domizzi/Documents/PRONACES/puzzle/deployer/app//results//PruebaPuebla/catalogs/OtroCat/CT1 --outfolder '/home/domizzi/Documents/PRONACES/puzzle/deployer/app//results/PruebaPuebla/stage_Deidentification/Deidentificationpattern/Deidentification/' --save dicom
python3 /code/process_dir.py --input /home/domizzi/Documents/PRONACES/puzzle/deployer/app//results//PruebaPuebla/catalogs/OtroCat/lala --outfolder '/home/domizzi/Documents/PRONACES/puzzle/deployer/app//results/PruebaPuebla/stage_Deidentification/Deidentificationpattern/Deidentification/' --save dicom
WARNING No specification, loading default base deid.dicom
WARNING use detect() --> clean() before saving is possible.
WARNING use detect() --> clean() before saving is possible.
WARNING No specification, loading default base deid.dicom
2022-08-23 20:49:54	Deidentification: processed 4096 bytes in ST=0.000000 RT = 1151 miliseconds
2022-08-23 20:49:55	Deidentification: processed 4096 bytes in ST=0.000000 RT = 1501 miliseconds
2022-08-23 20:49:55	Deidentificationpattern: pattern executed in ST = 2167 miliseconds
{ "catalogname": " OtroCat/PruebaPuebla-1661287793078/stage_Deidentification-1661287795291 ", "dispersemode": "IDA", "encryption":"true", "fathers_token":"adafb57f349e00633daf9c10853e46bab7651e53684c72628b1aa27ef83941a6", "processed": "true" }
192.168.28.1:20500//pub_sub/v1/catalogs/create?access_token=1da0574d2df35dd4e64392cdd9378c30b082c8c404d73af47798fb9cac544d80
java -jar Upload.jar 34eeb2703e3701662fa639068f08f032906ba4625663d41244f8608726143071 e3ef70e68d07024115430db2534a7735c68eb4f9 e2452a2afb32681fe143da1f1a88b8d951d94c049c7d25bcfc6cc651d160aead IDA bob 2 '/home/domizzi/Documents/PRONACES/puzzle/deployer/app//results/PruebaPuebla/stage_Deidentification' cinves true 1da0574d2df35dd4e64392cdd9378c30b082c8c404d73af47798fb9cac544d80 true true 4
2022-08-23 20:49:55	stage_Deidentification: data satage upload in ST = 461 miliseconds
2022-08-23 20:49:55	stage_Deidentification: stage executed in ST = 2629 miliseconds
2022-08-23 20:49:55	stage_ToPNG: WORKING
2022-08-23 20:49:55	stage_ToPNG: has 1 sources
2022-08-23 20:49:55	ToPNGpattern: waiting
2022-08-23 20:49:55	ToPNGpattern: running
2022-08-23 20:49:55	ToPNGpattern: executing load balancer
2022-08-23 20:49:56	ToPNGpattern: load balancer executed in RT = 670 miliseconds
2022-08-23 20:49:56	ToPNG: waiting
2022-08-23 20:49:56	ToPNG: waiting
2022-08-23 20:49:56	ToPNG: running
2022-08-23 20:49:56	ToPNG: running
python3 /code/dicom2rgb.py /home/domizzi/Documents/PRONACES/puzzle/deployer/app//results/PruebaPuebla//stage_Deidentification/Deidentificationpattern/Deidentification/CT1 /home/domizzi/Documents/PRONACES/puzzle/deployer/app//results/PruebaPuebla/stage_ToPNG/ToPNGpattern/ToPNG//CT1
python3 /code/dicom2rgb.py /home/domizzi/Documents/PRONACES/puzzle/deployer/app//results/PruebaPuebla//stage_Deidentification/Deidentificationpattern/Deidentification/lala /home/domizzi/Documents/PRONACES/puzzle/deployer/app//results/PruebaPuebla/stage_ToPNG/ToPNGpattern/ToPNG//lala
/usr/local/lib/python3.7/site-packages/pydicom/filereader.py:353: UserWarning: Expected explicit VR, but found implicit VR - using implicit VR for reading
  warnings.warn(msg + f" - using {found_vr} VR for reading", UserWarning)
2022-08-23 20:49:58	ToPNG: processed 4096 bytes in ST=0.000000 RT = 2024 miliseconds
2022-08-23 20:49:59	ToPNG: processed 4096 bytes in ST=0.000000 RT = 3578 miliseconds
2022-08-23 20:49:59	ToPNGpattern: pattern executed in ST = 4249 miliseconds
{ "catalogname": " OtroCat/PruebaPuebla-1661287793078/stage_ToPNG-1661287800003 ", "dispersemode": "IDA", "encryption":"true", "fathers_token":"adafb57f349e00633daf9c10853e46bab7651e53684c72628b1aa27ef83941a6", "processed": "true" }
192.168.28.1:20500//pub_sub/v1/catalogs/create?access_token=1da0574d2df35dd4e64392cdd9378c30b082c8c404d73af47798fb9cac544d80
java -jar Upload.jar 34eeb2703e3701662fa639068f08f032906ba4625663d41244f8608726143071 e3ef70e68d07024115430db2534a7735c68eb4f9 ba937b5a461f56d3465a14b12adf1c5e4ce74d97cab85cf18b6e29ef807392a7 IDA bob 2 '/home/domizzi/Documents/PRONACES/puzzle/deployer/app//results/PruebaPuebla/stage_ToPNG' cinves true 1da0574d2df35dd4e64392cdd9378c30b082c8c404d73af47798fb9cac544d80 true true 4
2022-08-23 20:50:09	stage_ToPNG: data satage upload in ST = 9196 miliseconds
2022-08-23 20:50:09	stage_ToPNG: stage executed in ST = 13446 miliseconds
2022-08-23 20:50:09	stage_DetectorPulmon: WORKING
2022-08-23 20:50:09	stage_DetectorPulmon: has 1 sources
2022-08-23 20:50:09	DetectorPulmonpattern: waiting
2022-08-23 20:50:09	DetectorPulmonpattern: running
2022-08-23 20:50:09	DetectorPulmonpattern: executing load balancer
2022-08-23 20:50:09	DetectorPulmonpattern: load balancer executed in RT = 667 miliseconds
2022-08-23 20:50:09	DetectorPulmon: waiting
2022-08-23 20:50:09	DetectorPulmon: waiting
2022-08-23 20:50:09	DetectorPulmon: running
2022-08-23 20:50:09	DetectorPulmon: running
python3 /code/detectorPulmones.py /home/domizzi/Documents/PRONACES/puzzle/deployer/app//results/PruebaPuebla//stage_ToPNG/ToPNGpattern/ToPNG/lala /home/domizzi/Documents/PRONACES/puzzle/deployer/app//results/PruebaPuebla/stage_DetectorPulmon/DetectorPulmonpattern/DetectorPulmon//lala
python3 /code/detectorPulmones.py /home/domizzi/Documents/PRONACES/puzzle/deployer/app//results/PruebaPuebla//stage_ToPNG/ToPNGpattern/ToPNG/CT1 /home/domizzi/Documents/PRONACES/puzzle/deployer/app//results/PruebaPuebla/stage_DetectorPulmon/DetectorPulmonpattern/DetectorPulmon//CT1
2022-08-23 20:50:10.759588: W tensorflow/stream_executor/platform/default/dso_loader.cc:64] Could not load dynamic library 'libcudart.so.11.0'; dlerror: libcudart.so.11.0: cannot open shared object file: No such file or directory
2022-08-23 20:50:10.759618: I tensorflow/stream_executor/cuda/cudart_stub.cc:29] Ignore above cudart dlerror if you do not have a GPU set up on your machine.
2022-08-23 20:50:10.833826: W tensorflow/stream_executor/platform/default/dso_loader.cc:64] Could not load dynamic library 'libcudart.so.11.0'; dlerror: libcudart.so.11.0: cannot open shared object file: No such file or directory
2022-08-23 20:50:10.833861: I tensorflow/stream_executor/cuda/cudart_stub.cc:29] Ignore above cudart dlerror if you do not have a GPU set up on your machine.
2022-08-23 20:50:12.020887: I tensorflow/core/platform/cpu_feature_guard.cc:142] This TensorFlow binary is optimized with oneAPI Deep Neural Network Library (oneDNN) to use the following CPU instructions in performance-critical operations:  AVX2 FMA
To enable them in other operations, rebuild TensorFlow with the appropriate compiler flags.
2022-08-23 20:50:12.021920: W tensorflow/stream_executor/platform/default/dso_loader.cc:64] Could not load dynamic library 'libcuda.so.1'; dlerror: libcuda.so.1: cannot open shared object file: No such file or directory
2022-08-23 20:50:12.021952: W tensorflow/stream_executor/cuda/cuda_driver.cc:326] failed call to cuInit: UNKNOWN ERROR (303)
2022-08-23 20:50:12.021972: I tensorflow/stream_executor/cuda/cuda_diagnostics.cc:163] no NVIDIA GPU device is present: /dev/nvidia0 does not exist
2022-08-23 20:50:12.064236: I tensorflow/core/platform/cpu_feature_guard.cc:142] This TensorFlow binary is optimized with oneAPI Deep Neural Network Library (oneDNN) to use the following CPU instructions in performance-critical operations:  AVX2 FMA
To enable them in other operations, rebuild TensorFlow with the appropriate compiler flags.
2022-08-23 20:50:12.065236: W tensorflow/stream_executor/platform/default/dso_loader.cc:64] Could not load dynamic library 'libcuda.so.1'; dlerror: libcuda.so.1: cannot open shared object file: No such file or directory
2022-08-23 20:50:12.065267: W tensorflow/stream_executor/cuda/cuda_driver.cc:326] failed call to cuInit: UNKNOWN ERROR (303)
2022-08-23 20:50:12.065288: I tensorflow/stream_executor/cuda/cuda_diagnostics.cc:163] no NVIDIA GPU device is present: /dev/nvidia0 does not exist
2022-08-23 20:50:14.480227: W tensorflow/core/framework/cpu_allocator_impl.cc:80] Allocation of 963379200 exceeds 10% of free system memory.
2022-08-23 20:50:14.555909: W tensorflow/core/framework/cpu_allocator_impl.cc:80] Allocation of 963379200 exceeds 10% of free system memory.
2022-08-23 20:50:14.732901: W tensorflow/core/framework/cpu_allocator_impl.cc:80] Allocation of 963379200 exceeds 10% of free system memory.
2022-08-23 20:50:14.806775: W tensorflow/core/framework/cpu_allocator_impl.cc:80] Allocation of 963379200 exceeds 10% of free system memory.
WARNING:tensorflow:From /code/models/research/object_detection/utils/model_util.py:57: Tensor.experimental_ref (from tensorflow.python.framework.ops) is deprecated and will be removed in a future version.
Instructions for updating:
Use ref() instead.
WARNING:tensorflow:From /code/models/research/object_detection/utils/model_util.py:57: Tensor.experimental_ref (from tensorflow.python.framework.ops) is deprecated and will be removed in a future version.
Instructions for updating:
Use ref() instead.
2022-08-23 20:50:17.018711: W tensorflow/core/framework/cpu_allocator_impl.cc:80] Allocation of 963379200 exceeds 10% of free system memory.
2022-08-23 20:50:17.093644: W tensorflow/core/framework/cpu_allocator_impl.cc:80] Allocation of 963379200 exceeds 10% of free system memory.
2022-08-23 20:50:17.153741: W tensorflow/core/framework/cpu_allocator_impl.cc:80] Allocation of 963379200 exceeds 10% of free system memory.
2022-08-23 20:50:17.324229: W tensorflow/core/framework/cpu_allocator_impl.cc:80] Allocation of 963379200 exceeds 10% of free system memory.
2022-08-23 20:50:19.054632: W tensorflow/core/framework/cpu_allocator_impl.cc:80] Allocation of 963379200 exceeds 10% of free system memory.
/code/detectorPulmones.py:240: RuntimeWarning: More than 20 figures have been opened. Figures created through the pyplot interface (`matplotlib.pyplot.figure`) are retained until explicitly closed and may consume too much memory. (To control this warning, see the rcParam `figure.max_open_warning`).
  plt.figure(figsize=(15,10))
2022-08-23 20:50:19	DetectorPulmon: processed 4096 bytes in ST=0.000000 RT = 9914 miliseconds
2022-08-23 20:50:50	DetectorPulmon: processed 4096 bytes in ST=0.000000 RT = 40947 miliseconds
2022-08-23 20:50:50	DetectorPulmonpattern: pattern executed in ST = 41615 miliseconds
{ "catalogname": " OtroCat/PruebaPuebla-1661287793078/stage_DetectorPulmon-1661287850814 ", "dispersemode": "IDA", "encryption":"true", "fathers_token":"adafb57f349e00633daf9c10853e46bab7651e53684c72628b1aa27ef83941a6", "processed": "true" }
192.168.28.1:20500//pub_sub/v1/catalogs/create?access_token=1da0574d2df35dd4e64392cdd9378c30b082c8c404d73af47798fb9cac544d80
java -jar Upload.jar 34eeb2703e3701662fa639068f08f032906ba4625663d41244f8608726143071 e3ef70e68d07024115430db2534a7735c68eb4f9 84dcfd988f7497aa02cbe81046b688dcfc00a83a0f9bcea9795aef9449dd907f IDA bob 2 '/home/domizzi/Documents/PRONACES/puzzle/deployer/app//results/PruebaPuebla/stage_DetectorPulmon' cinves true 1da0574d2df35dd4e64392cdd9378c30b082c8c404d73af47798fb9cac544d80 true true 4
2022-08-23 20:50:51	stage_DetectorPulmon: data satage upload in ST = 480 miliseconds
2022-08-23 20:50:51	stage_DetectorPulmon: stage executed in ST = 42095 miliseconds
