2023-02-23 22:37:17	PARSER: Configured single Anonimizacion
2023-02-23 22:37:17	PARSER: Configured single ToRGB
2023-02-23 22:37:17	PARSER: Configured single DetectorPulmon
2023-02-23 22:37:17	PARSER: Configured pattern Anonimizacionpattern
2023-02-23 22:37:17	PARSER: Configured pattern ToRGBpattern
2023-02-23 22:37:17	PARSER: Configured pattern DetectorPulmonpattern
2023-02-23 22:37:17	PARSER: Configured stage stage_Anonimizacion
2023-02-23 22:37:17	PARSER: Configured stage stage_ToRGB
2023-02-23 22:37:17	PARSER: Configured stage stage_DetectorPulmon
2023-02-23 22:37:17	PARSER: Configured workflow ServicioDeteccionPulmones
2023-02-23 22:37:17	LAUCHER: Coupling stages and building blocks
2023-02-23 22:37:17	ServicioDeteccionPulmones: Workdir ServicioDeteccionPulmones
2023-02-23 22:37:17	ServicioDeteccionPulmones: Workdir exists
2023-02-23 22:37:17	ServicioDeteccionPulmones: Stage stage_Anonimizacion added
2023-02-23 22:37:17	stage_Anonimizacion: Workdir stage_Anonimizacion
2023-02-23 22:37:17	stage_Anonimizacion: Workdir exists
2023-02-23 22:37:17	stage_Anonimizacion: Added sink stage_ToRGB
2023-02-23 22:37:17	stage_Anonimizacion: Added building block Anonimizacionpattern
2023-02-23 22:37:17	Anonimizacionpattern: Workdir Anonimizacionpattern
2023-02-23 22:37:17	Anonimizacionpattern: Workdir exists
2023-02-23 22:37:17	Anonimizacion: Workdir Anonimizacion
2023-02-23 22:37:17	Anonimizacion: Workdir exists
2023-02-23 22:37:17	ServicioDeteccionPulmones: Stage stage_ToRGB added
2023-02-23 22:37:17	stage_ToRGB: Workdir stage_ToRGB
2023-02-23 22:37:17	stage_ToRGB: Workdir exists
2023-02-23 22:37:17	stage_ToRGB: Added source stage_Anonimizacion
2023-02-23 22:37:17	stage_ToRGB: Added sink stage_DetectorPulmon
2023-02-23 22:37:17	stage_ToRGB: Added building block ToRGBpattern
2023-02-23 22:37:17	ToRGBpattern: Workdir ToRGBpattern
2023-02-23 22:37:17	ToRGBpattern: Workdir exists
2023-02-23 22:37:17	ToRGB: Workdir ToRGB
2023-02-23 22:37:17	ToRGB: Workdir exists
2023-02-23 22:37:17	ServicioDeteccionPulmones: Stage stage_DetectorPulmon added
2023-02-23 22:37:17	stage_DetectorPulmon: Workdir stage_DetectorPulmon
2023-02-23 22:37:17	stage_DetectorPulmon: Workdir exists
2023-02-23 22:37:17	stage_DetectorPulmon: Added source stage_ToRGB
2023-02-23 22:37:17	stage_DetectorPulmon: Added building block DetectorPulmonpattern
2023-02-23 22:37:17	DetectorPulmonpattern: Workdir DetectorPulmonpattern
2023-02-23 22:37:17	DetectorPulmonpattern: Workdir exists
2023-02-23 22:37:17	DetectorPulmon: Workdir DetectorPulmon
2023-02-23 22:37:17	DetectorPulmon: Workdir exists
2023-02-23 22:37:17	LAUNCHER: Creating YML file at ServicioDeteccionPulmones/docker-compose.yml
ToRGB
DetectorPulmon
Anonimizacion
2023-02-23 22:37:17	LAUCHER: deploying virtual containers of workflow ServicioDeteccionPulmones
/home/domizzi/Documents/Muyal-Ilal-ligero/deployer/app//results/ServicioDeteccionPulmones
java -jar Download.jar c9382545498d5beca46aaf1e47aef5fd00d10caef5950fa453742bbbd58704cf d8b727a616ca6d2f995be8b6fecd7f45abb6d73e 948b65da0ac362032ef900cdfdc000c1bafad532375a0ee5af8ff39ca130d817 2 1 cinves '/home/domizzi/Documents/Muyal-Ilal-ligero/deployer/app//results/ServicioDeteccionPulmones/catalogs/TESTCATALOG' ce7b77f0b14e88cdc2449bffbc7b15966280f36d762659b92fc112c72bdc037f true false 1
java -jar Download.jar c9382545498d5beca46aaf1e47aef5fd00d10caef5950fa453742bbbd58704cf d8b727a616ca6d2f995be8b6fecd7f45abb6d73e 948b65da0ac362032ef900cdfdc000c1bafad532375a0ee5af8ff39ca130d817 2 1 cinves '/home/domizzi/Documents/Muyal-Ilal-ligero/deployer/app//results/ServicioDeteccionPulmones/catalogs/TESTCATALOG' ce7b77f0b14e88cdc2449bffbc7b15966280f36d762659b92fc112c72bdc037f true false 1
2023-02-23 22:37:21	ServicioDeteccionPulmones: executing 
{ "catalogname": " TESTCATALOG/ServicioDeteccionPulmones-1677191841260 ", "dispersemode": "IDA", "encryption":"true", "fathers_token":"948b65da0ac362032ef900cdfdc000c1bafad532375a0ee5af8ff39ca130d817", "processed": "true" }
148.247.204.198:20500//pub_sub/v1/catalogs/create?access_token=ce7b77f0b14e88cdc2449bffbc7b15966280f36d762659b92fc112c72bdc037f
2023-02-23 22:37:21	stage_Anonimizacion: waiting
2023-02-23 22:37:21	stage_ToRGB: waiting
2023-02-23 22:37:21	stage_Anonimizacion: WORKING
2023-02-23 22:37:21	stage_Anonimizacion: has 1 sources
2023-02-23 22:37:21	stage_DetectorPulmon: waiting
2023-02-23 22:37:21	Anonimizacionpattern: waiting
2023-02-23 22:37:21	Anonimizacionpattern: running
2023-02-23 22:37:21	Anonimizacionpattern: executing load balancer
docker-compose --log-level ERROR -p /home/domizzi/Documents/Muyal-Ilal-ligero/deployer/app//results/ServicioDeteccionPulmones -f /home/domizzi/Documents/Muyal-Ilal-ligero/deployer/app//results/ServicioDeteccionPulmones/docker-compose.yml  exec -T lbAnonimizacionpattern  sh -c "./main 2 DL /home/domizzi/Documents/Muyal-Ilal-ligero/deployer/app//results//ServicioDeteccionPulmones/catalogs/TESTCATALOG "
docker-compose --log-level ERROR -p /home/domizzi/Documents/Muyal-Ilal-ligero/deployer/app//results/ServicioDeteccionPulmones -f /home/domizzi/Documents/Muyal-Ilal-ligero/deployer/app//results/ServicioDeteccionPulmones/docker-compose.yml  exec -T lbAnonimizacionpattern  sh -c "./main 2 DL /home/domizzi/Documents/Muyal-Ilal-ligero/deployer/app//results//ServicioDeteccionPulmones/catalogs/TESTCATALOG "
{"result": [["/home/domizzi/Documents/Muyal-Ilal-ligero/deployer/app//results//ServicioDeteccionPulmones/catalogs/TESTCATALOG/P1"],[]]}
2023-02-23 22:37:21	Anonimizacionpattern: load balancer executed in RT = 634 miliseconds
2023-02-23 22:37:21	Anonimizacion: waiting
2023-02-23 22:37:21	Anonimizacion: running
2023-02-23 22:37:21	Anonimizacion: waiting
2023-02-23 22:37:21	Anonimizacion: running
2023-02-23 22:37:21	Anonimizacion: processed 0 bytes in ST=0.000000 RT = 0 miliseconds
python3 /code/process_dir.py --input /home/domizzi/Documents/Muyal-Ilal-ligero/deployer/app//results//ServicioDeteccionPulmones/catalogs/TESTCATALOG/P1 --outfolder "/home/domizzi/Documents/Muyal-Ilal-ligero/deployer/app//results/ServicioDeteccionPulmones/stage_Anonimizacion/Anonimizacionpattern/Anonimizacion/" --save dicom
docker-compose --log-level ERROR -p /home/domizzi/Documents/Muyal-Ilal-ligero/deployer/app//results/ServicioDeteccionPulmones -f /home/domizzi/Documents/Muyal-Ilal-ligero/deployer/app//results/ServicioDeteccionPulmones/docker-compose.yml  exec -T Anonimizacion sh -c "python3 /code/process_dir.py --input /home/domizzi/Documents/Muyal-Ilal-ligero/deployer/app//results//ServicioDeteccionPulmones/catalogs/TESTCATALOG/P1 --outfolder "/home/domizzi/Documents/Muyal-Ilal-ligero/deployer/app//results/ServicioDeteccionPulmones/stage_Anonimizacion/Anonimizacionpattern/Anonimizacion/" --save dicom"
WARNING No specification, loading default base deid.dicom
2023-02-23 22:37:23	Anonimizacion: processed 4096 bytes in ST=0.000000 RT = 1156 miliseconds
2023-02-23 22:37:23	Anonimizacionpattern: pattern executed in ST = 1791 miliseconds
{ "catalogname": " TESTCATALOG/ServicioDeteccionPulmones-1677191841260/stage_Anonimizacion-1677191843106 ", "dispersemode": "IDA", "encryption":"true", "fathers_token":"a00245ed3cb283d2fda30d8ac75c760b1be8cd5382978ca2fd76c8ac188d15b4", "processed": "true" }
148.247.204.198:20500//pub_sub/v1/catalogs/create?access_token=ce7b77f0b14e88cdc2449bffbc7b15966280f36d762659b92fc112c72bdc037f
java -jar Upload.jar c9382545498d5beca46aaf1e47aef5fd00d10caef5950fa453742bbbd58704cf d8b727a616ca6d2f995be8b6fecd7f45abb6d73e 659f1a473c50a8daef23d9418e509dd179c5e2493061816dcdd3eba164fcc4be IDA bob 2 '/home/domizzi/Documents/Muyal-Ilal-ligero/deployer/app//results/ServicioDeteccionPulmones/stage_Anonimizacion' cinves true ce7b77f0b14e88cdc2449bffbc7b15966280f36d762659b92fc112c72bdc037f true true 4
java -jar Upload.jar c9382545498d5beca46aaf1e47aef5fd00d10caef5950fa453742bbbd58704cf d8b727a616ca6d2f995be8b6fecd7f45abb6d73e 659f1a473c50a8daef23d9418e509dd179c5e2493061816dcdd3eba164fcc4be IDA bob 2 '/home/domizzi/Documents/Muyal-Ilal-ligero/deployer/app//results/ServicioDeteccionPulmones/stage_Anonimizacion' cinves true ce7b77f0b14e88cdc2449bffbc7b15966280f36d762659b92fc112c72bdc037f true true 4
2023-02-23 22:37:23	stage_Anonimizacion: data satage upload in ST = 276 miliseconds
2023-02-23 22:37:23	stage_Anonimizacion: stage executed in ST = 2068 miliseconds
2023-02-23 22:37:23	stage_ToRGB: WORKING
2023-02-23 22:37:23	stage_ToRGB: has 1 sources
2023-02-23 22:37:23	ToRGBpattern: waiting
2023-02-23 22:37:23	ToRGBpattern: running
2023-02-23 22:37:23	ToRGBpattern: executing load balancer
docker-compose --log-level ERROR -p /home/domizzi/Documents/Muyal-Ilal-ligero/deployer/app//results/ServicioDeteccionPulmones -f /home/domizzi/Documents/Muyal-Ilal-ligero/deployer/app//results/ServicioDeteccionPulmones/docker-compose.yml  exec -T lbToRGBpattern  sh -c "./main 2 DL /home/domizzi/Documents/Muyal-Ilal-ligero/deployer/app//results/ServicioDeteccionPulmones//stage_Anonimizacion/Anonimizacionpattern/Anonimizacion "
docker-compose --log-level ERROR -p /home/domizzi/Documents/Muyal-Ilal-ligero/deployer/app//results/ServicioDeteccionPulmones -f /home/domizzi/Documents/Muyal-Ilal-ligero/deployer/app//results/ServicioDeteccionPulmones/docker-compose.yml  exec -T lbToRGBpattern  sh -c "./main 2 DL /home/domizzi/Documents/Muyal-Ilal-ligero/deployer/app//results/ServicioDeteccionPulmones//stage_Anonimizacion/Anonimizacionpattern/Anonimizacion "
{"result": [[],["/home/domizzi/Documents/Muyal-Ilal-ligero/deployer/app//results/ServicioDeteccionPulmones//stage_Anonimizacion/Anonimizacionpattern/Anonimizacion/P1"]]}
2023-02-23 22:37:23	ToRGBpattern: load balancer executed in RT = 590 miliseconds
2023-02-23 22:37:23	ToRGB: waiting
2023-02-23 22:37:23	ToRGB: running
2023-02-23 22:37:23	ToRGB: waiting
2023-02-23 22:37:23	ToRGB: processed 0 bytes in ST=0.000000 RT = 0 miliseconds
2023-02-23 22:37:23	ToRGB: running
python3 /code/dicom2rgb.py /home/domizzi/Documents/Muyal-Ilal-ligero/deployer/app//results/ServicioDeteccionPulmones//stage_Anonimizacion/Anonimizacionpattern/Anonimizacion/P1 /home/domizzi/Documents/Muyal-Ilal-ligero/deployer/app//results/ServicioDeteccionPulmones/stage_ToRGB/ToRGBpattern/ToRGB//P1
docker-compose --log-level ERROR -p /home/domizzi/Documents/Muyal-Ilal-ligero/deployer/app//results/ServicioDeteccionPulmones -f /home/domizzi/Documents/Muyal-Ilal-ligero/deployer/app//results/ServicioDeteccionPulmones/docker-compose.yml  exec -T ToRGB sh -c "python3 /code/dicom2rgb.py /home/domizzi/Documents/Muyal-Ilal-ligero/deployer/app//results/ServicioDeteccionPulmones//stage_Anonimizacion/Anonimizacionpattern/Anonimizacion/P1 /home/domizzi/Documents/Muyal-Ilal-ligero/deployer/app//results/ServicioDeteccionPulmones/stage_ToRGB/ToRGBpattern/ToRGB//P1"
2023-02-23 22:37:27	ToRGB: processed 4096 bytes in ST=0.000000 RT = 3141 miliseconds
2023-02-23 22:37:27	ToRGBpattern: pattern executed in ST = 3732 miliseconds
{ "catalogname": " TESTCATALOG/ServicioDeteccionPulmones-1677191841260/stage_ToRGB-1677191847115 ", "dispersemode": "IDA", "encryption":"true", "fathers_token":"a00245ed3cb283d2fda30d8ac75c760b1be8cd5382978ca2fd76c8ac188d15b4", "processed": "true" }
148.247.204.198:20500//pub_sub/v1/catalogs/create?access_token=ce7b77f0b14e88cdc2449bffbc7b15966280f36d762659b92fc112c72bdc037f
java -jar Upload.jar c9382545498d5beca46aaf1e47aef5fd00d10caef5950fa453742bbbd58704cf d8b727a616ca6d2f995be8b6fecd7f45abb6d73e f2ea5a1b0c2eeba304b154d09774bf71994f2f2c6980d31c99e9991b095e37dc IDA bob 2 '/home/domizzi/Documents/Muyal-Ilal-ligero/deployer/app//results/ServicioDeteccionPulmones/stage_ToRGB' cinves true ce7b77f0b14e88cdc2449bffbc7b15966280f36d762659b92fc112c72bdc037f true true 4
java -jar Upload.jar c9382545498d5beca46aaf1e47aef5fd00d10caef5950fa453742bbbd58704cf d8b727a616ca6d2f995be8b6fecd7f45abb6d73e f2ea5a1b0c2eeba304b154d09774bf71994f2f2c6980d31c99e9991b095e37dc IDA bob 2 '/home/domizzi/Documents/Muyal-Ilal-ligero/deployer/app//results/ServicioDeteccionPulmones/stage_ToRGB' cinves true ce7b77f0b14e88cdc2449bffbc7b15966280f36d762659b92fc112c72bdc037f true true 4
2023-02-23 22:37:32	stage_ToRGB: data satage upload in ST = 5817 miliseconds
2023-02-23 22:37:32	stage_ToRGB: stage executed in ST = 9550 miliseconds
2023-02-23 22:37:32	stage_DetectorPulmon: WORKING
2023-02-23 22:37:32	stage_DetectorPulmon: has 1 sources
2023-02-23 22:37:32	DetectorPulmonpattern: waiting
2023-02-23 22:37:32	DetectorPulmonpattern: running
2023-02-23 22:37:32	DetectorPulmonpattern: executing load balancer
docker-compose --log-level ERROR -p /home/domizzi/Documents/Muyal-Ilal-ligero/deployer/app//results/ServicioDeteccionPulmones -f /home/domizzi/Documents/Muyal-Ilal-ligero/deployer/app//results/ServicioDeteccionPulmones/docker-compose.yml  exec -T lbDetectorPulmonpattern  sh -c "./main 2 DL /home/domizzi/Documents/Muyal-Ilal-ligero/deployer/app//results/ServicioDeteccionPulmones//stage_ToRGB/ToRGBpattern/ToRGB "
docker-compose --log-level ERROR -p /home/domizzi/Documents/Muyal-Ilal-ligero/deployer/app//results/ServicioDeteccionPulmones -f /home/domizzi/Documents/Muyal-Ilal-ligero/deployer/app//results/ServicioDeteccionPulmones/docker-compose.yml  exec -T lbDetectorPulmonpattern  sh -c "./main 2 DL /home/domizzi/Documents/Muyal-Ilal-ligero/deployer/app//results/ServicioDeteccionPulmones//stage_ToRGB/ToRGBpattern/ToRGB "
{"result": [["/home/domizzi/Documents/Muyal-Ilal-ligero/deployer/app//results/ServicioDeteccionPulmones//stage_ToRGB/ToRGBpattern/ToRGB/P1"],[]]}
2023-02-23 22:37:33	DetectorPulmonpattern: load balancer executed in RT = 581 miliseconds
2023-02-23 22:37:33	DetectorPulmon: waiting
2023-02-23 22:37:33	DetectorPulmon: running
2023-02-23 22:37:33	DetectorPulmon: waiting
2023-02-23 22:37:33	DetectorPulmon: running
python3 /code/detectorPulmones.py /home/domizzi/Documents/Muyal-Ilal-ligero/deployer/app//results/ServicioDeteccionPulmones//stage_ToRGB/ToRGBpattern/ToRGB/P1 /home/domizzi/Documents/Muyal-Ilal-ligero/deployer/app//results/ServicioDeteccionPulmones/stage_DetectorPulmon/DetectorPulmonpattern/DetectorPulmon//P1
docker-compose --log-level ERROR -p /home/domizzi/Documents/Muyal-Ilal-ligero/deployer/app//results/ServicioDeteccionPulmones -f /home/domizzi/Documents/Muyal-Ilal-ligero/deployer/app//results/ServicioDeteccionPulmones/docker-compose.yml  exec -T DetectorPulmon sh -c "python3 /code/detectorPulmones.py /home/domizzi/Documents/Muyal-Ilal-ligero/deployer/app//results/ServicioDeteccionPulmones//stage_ToRGB/ToRGBpattern/ToRGB/P1 /home/domizzi/Documents/Muyal-Ilal-ligero/deployer/app//results/ServicioDeteccionPulmones/stage_DetectorPulmon/DetectorPulmonpattern/DetectorPulmon//P1"
2023-02-23 22:37:34.291485: W tensorflow/stream_executor/platform/default/dso_loader.cc:64] Could not load dynamic library 'libcudart.so.11.0'; dlerror: libcudart.so.11.0: cannot open shared object file: No such file or directory
2023-02-23 22:37:34.291513: I tensorflow/stream_executor/cuda/cudart_stub.cc:29] Ignore above cudart dlerror if you do not have a GPU set up on your machine.
2023-02-23 22:37:35.437794: I tensorflow/core/platform/cpu_feature_guard.cc:142] This TensorFlow binary is optimized with oneAPI Deep Neural Network Library (oneDNN) to use the following CPU instructions in performance-critical operations:  AVX2 FMA
To enable them in other operations, rebuild TensorFlow with the appropriate compiler flags.
2023-02-23 22:37:35.439353: W tensorflow/stream_executor/platform/default/dso_loader.cc:64] Could not load dynamic library 'libcuda.so.1'; dlerror: libcuda.so.1: cannot open shared object file: No such file or directory
2023-02-23 22:37:35.439378: W tensorflow/stream_executor/cuda/cuda_driver.cc:326] failed call to cuInit: UNKNOWN ERROR (303)
2023-02-23 22:37:35.439397: I tensorflow/stream_executor/cuda/cuda_diagnostics.cc:156] kernel driver does not appear to be running on this host (f8033e1ddbb5): /proc/driver/nvidia/version does not exist
2023-02-23 22:37:37.867134: W tensorflow/core/framework/cpu_allocator_impl.cc:80] Allocation of 963379200 exceeds 10% of free system memory.
2023-02-23 22:37:37.940728: W tensorflow/core/framework/cpu_allocator_impl.cc:80] Allocation of 963379200 exceeds 10% of free system memory.
WARNING:tensorflow:From /code/models/research/object_detection/utils/model_util.py:57: Tensor.experimental_ref (from tensorflow.python.framework.ops) is deprecated and will be removed in a future version.
Instructions for updating:
Use ref() instead.
2023-02-23 22:37:39.400132: W tensorflow/core/framework/cpu_allocator_impl.cc:80] Allocation of 963379200 exceeds 10% of free system memory.
2023-02-23 22:37:39.471482: W tensorflow/core/framework/cpu_allocator_impl.cc:80] Allocation of 963379200 exceeds 10% of free system memory.
2023-02-23 22:37:40.809676: W tensorflow/core/framework/cpu_allocator_impl.cc:80] Allocation of 963379200 exceeds 10% of free system memory.
/code/detectorPulmones.py:240: RuntimeWarning: More than 20 figures have been opened. Figures created through the pyplot interface (`matplotlib.pyplot.figure`) are retained until explicitly closed and may consume too much memory. (To control this warning, see the rcParam `figure.max_open_warning`).
  plt.figure(figsize=(15,10))
2023-02-23 22:37:33	DetectorPulmon: processed 0 bytes in ST=0.000000 RT = 0 miliseconds
2023-02-23 22:38:08	DetectorPulmon: processed 4096 bytes in ST=0.000000 RT = 35411 miliseconds
2023-02-23 22:38:08	DetectorPulmonpattern: pattern executed in ST = 35993 miliseconds
{ "catalogname": " TESTCATALOG/ServicioDeteccionPulmones-1677191841260/stage_DetectorPulmon-1677191888927 ", "dispersemode": "IDA", "encryption":"true", "fathers_token":"a00245ed3cb283d2fda30d8ac75c760b1be8cd5382978ca2fd76c8ac188d15b4", "processed": "true" }
148.247.204.198:20500//pub_sub/v1/catalogs/create?access_token=ce7b77f0b14e88cdc2449bffbc7b15966280f36d762659b92fc112c72bdc037f
java -jar Upload.jar c9382545498d5beca46aaf1e47aef5fd00d10caef5950fa453742bbbd58704cf d8b727a616ca6d2f995be8b6fecd7f45abb6d73e 084097c7353a04091f87ca7831c8e42bc22ccd46172486c8baa09291144f7d14 IDA bob 2 '/home/domizzi/Documents/Muyal-Ilal-ligero/deployer/app//results/ServicioDeteccionPulmones/stage_DetectorPulmon' cinves true ce7b77f0b14e88cdc2449bffbc7b15966280f36d762659b92fc112c72bdc037f true true 4
java -jar Upload.jar c9382545498d5beca46aaf1e47aef5fd00d10caef5950fa453742bbbd58704cf d8b727a616ca6d2f995be8b6fecd7f45abb6d73e 084097c7353a04091f87ca7831c8e42bc22ccd46172486c8baa09291144f7d14 IDA bob 2 '/home/domizzi/Documents/Muyal-Ilal-ligero/deployer/app//results/ServicioDeteccionPulmones/stage_DetectorPulmon' cinves true ce7b77f0b14e88cdc2449bffbc7b15966280f36d762659b92fc112c72bdc037f true true 4
2023-02-23 22:38:09	stage_DetectorPulmon: data satage upload in ST = 296 miliseconds
2023-02-23 22:38:09	stage_DetectorPulmon: stage executed in ST = 36289 miliseconds
