[18/Aug/2022:20:21:02] (api) SQLSTATE[22001]: String data, right truncated: 7 ERROR:  value too long for type character varying(100)
[18/Aug/2022:20:21:22] (api) SQLSTATE[22001]: String data, right truncated: 7 ERROR:  value too long for type character varying(100)
[18/Aug/2022:20:25:38] (api) SQLSTATE[22001]: String data, right truncated: 7 ERROR:  value too long for type character varying(100)
[18/Aug/2022:20:25:52] (api) SQLSTATE[22001]: String data, right truncated: 7 ERROR:  value too long for type character varying(100)
[18/Aug/2022:20:31:07] (api) SQLSTATE[22001]: String data, right truncated: 7 ERROR:  value too long for type character varying(100)
[18/Aug/2022:20:33:54] (api) SQLSTATE[22001]: String data, right truncated: 7 ERROR:  value too long for type character varying(100)
[18/Aug/2022:20:35:03] (api) SQLSTATE[22001]: String data, right truncated: 7 ERROR:  value too long for type character varying(100)
[22/Aug/2022:10:41:32] (api) SQLSTATE[22001]: String data, right truncated: 7 ERROR:  value too long for type character varying(100)
[22/Aug/2022:10:42:38] (api) SQLSTATE[22001]: String data, right truncated: 7 ERROR:  value too long for type character varying(100)
[23/Aug/2022:09:17:09] (api) SQLSTATE[22001]: String data, right truncated: 7 ERROR:  value too long for type character varying(100)
[23/Aug/2022:09:18:11] (api) SQLSTATE[22001]: String data, right truncated: 7 ERROR:  value too long for type character varying(100)
[23/Aug/2022:09:18:54] (api) SQLSTATE[22001]: String data, right truncated: 7 ERROR:  value too long for type character varying(100)
[23/Aug/2022:09:19:57] (api) SQLSTATE[22001]: String data, right truncated: 7 ERROR:  value too long for type character varying(100)
[23/Aug/2022:13:25:07] (api) SQLSTATE[22001]: String data, right truncated: 7 ERROR:  value too long for type character varying(100)
[23/Aug/2022:13:26:14] (api) SQLSTATE[22001]: String data, right truncated: 7 ERROR:  value too long for type character varying(100)
[23/Aug/2022:15:49:55] (api) SQLSTATE[22001]: String data, right truncated: 7 ERROR:  value too long for type character varying(100)
[23/Aug/2022:15:50:51] (api) SQLSTATE[22001]: String data, right truncated: 7 ERROR:  value too long for type character varying(100)
[23/Aug/2022:16:15:37] (api) SQLSTATE[22001]: String data, right truncated: 7 ERROR:  value too long for type character varying(100)
[23/Aug/2022:16:16:33] (api) SQLSTATE[22001]: String data, right truncated: 7 ERROR:  value too long for type character varying(100)
[23/Aug/2022:16:25:32] (api) SQLSTATE[22001]: String data, right truncated: 7 ERROR:  value too long for type character varying(100)
[23/Aug/2022:16:52:26] (api) SQLSTATE[22001]: String data, right truncated: 7 ERROR:  value too long for type character varying(100)
[23/Aug/2022:16:52:32] (api) SQLSTATE[22001]: String data, right truncated: 7 ERROR:  value too long for type character varying(100)
[23/Aug/2022:16:54:23] (api) SQLSTATE[22001]: String data, right truncated: 7 ERROR:  value too long for type character varying(100)
[23/Aug/2022:16:55:20] (api) SQLSTATE[22001]: String data, right truncated: 7 ERROR:  value too long for type character varying(100)
[23/Aug/2022:16:56:00] (api) SQLSTATE[23505]: Unique violation: 7 ERROR:  duplicate key value violates unique constraint "users_catalogs_pkey"
DETAIL:  Key (token_user, tokencatalog)=(0f777ea209d28a63546853171788a82f4ac86692def2aebb1c86220532b7ba58, 1b6e84eb02069ddacf37a2b52281fa2d2d2d508d7e782774a046b352d6dd2f05) already exists.
[01/Sep/2022:16:55:17] (api) SQLSTATE[22P02]: Invalid text representation: 7 ERROR:  invalid input syntax for type boolean: ""
[01/Sep/2022:16:56:02] (api) SQLSTATE[22P02]: Invalid text representation: 7 ERROR:  invalid input syntax for type boolean: ""
[01/Sep/2022:16:56:29] (api) SQLSTATE[22P02]: Invalid text representation: 7 ERROR:  invalid input syntax for type boolean: ""
[01/Sep/2022:16:56:48] (api) SQLSTATE[22P02]: Invalid text representation: 7 ERROR:  invalid input syntax for type boolean: ""
[01/Sep/2022:16:57:15] (api) SQLSTATE[22P02]: Invalid text representation: 7 ERROR:  invalid input syntax for type boolean: ""
[01/Sep/2022:16:57:32] (api) SQLSTATE[22P02]: Invalid text representation: 7 ERROR:  invalid input syntax for type boolean: ""
[01/Sep/2022:17:03:26] (api) SQLSTATE[22P02]: Invalid text representation: 7 ERROR:  invalid input syntax for type boolean: ""
[01/Sep/2022:17:05:27] (api) SQLSTATE[22P02]: Invalid text representation: 7 ERROR:  invalid input syntax for type boolean: ""
[01/Sep/2022:17:05:35] (api) SQLSTATE[22P02]: Invalid text representation: 7 ERROR:  invalid input syntax for type boolean: ""
[01/Sep/2022:17:06:21] (api) SQLSTATE[22P02]: Invalid text representation: 7 ERROR:  invalid input syntax for type boolean: ""
[01/Sep/2022:17:08:11] (api) SQLSTATE[22P02]: Invalid text representation: 7 ERROR:  invalid input syntax for type boolean: ""
[01/Sep/2022:17:08:32] (api) SQLSTATE[22P02]: Invalid text representation: 7 ERROR:  invalid input syntax for type boolean: ""
[01/Sep/2022:17:08:56] (api) SQLSTATE[22P02]: Invalid text representation: 7 ERROR:  invalid input syntax for type boolean: ""
[01/Sep/2022:17:09:29] (api) SQLSTATE[22P02]: Invalid text representation: 7 ERROR:  invalid input syntax for type boolean: ""
[21/Sep/2022:18:49:08] (api) SQLSTATE[22001]: String data, right truncated: 7 ERROR:  value too long for type character varying(100)
[26/Sep/2022:19:17:32] (api) SQLSTATE[22001]: String data, right truncated: 7 ERROR:  value too long for type character varying(100)
[26/Sep/2022:19:19:07] (api) SQLSTATE[22001]: String data, right truncated: 7 ERROR:  value too long for type character varying(100)
[26/Sep/2022:19:19:49] (api) SQLSTATE[22001]: String data, right truncated: 7 ERROR:  value too long for type character varying(100)
[27/Sep/2022:08:32:07] (api) SQLSTATE[22001]: String data, right truncated: 7 ERROR:  value too long for type character varying(100)
[27/Sep/2022:08:32:59] (api) SQLSTATE[22001]: String data, right truncated: 7 ERROR:  value too long for type character varying(100)
[27/Sep/2022:09:17:17] (api) SQLSTATE[22001]: String data, right truncated: 7 ERROR:  value too long for type character varying(100)
[27/Sep/2022:09:26:55] (api) SQLSTATE[22001]: String data, right truncated: 7 ERROR:  value too long for type character varying(100)
[27/Sep/2022:09:58:48] (api) SQLSTATE[22001]: String data, right truncated: 7 ERROR:  value too long for type character varying(100)
[27/Sep/2022:10:05:12] (api) SQLSTATE[22001]: String data, right truncated: 7 ERROR:  value too long for type character varying(100)
[29/Sep/2022:12:20:44] (api) SQLSTATE[22001]: String data, right truncated: 7 ERROR:  value too long for type character varying(100)
[29/Sep/2022:12:20:47] (api) SQLSTATE[22001]: String data, right truncated: 7 ERROR:  value too long for type character varying(100)
[29/Sep/2022:12:21:00] (api) SQLSTATE[22001]: String data, right truncated: 7 ERROR:  value too long for type character varying(100)
[29/Sep/2022:12:21:03] (api) SQLSTATE[22001]: String data, right truncated: 7 ERROR:  value too long for type character varying(100)
[29/Sep/2022:12:29:55] (api) SQLSTATE[22001]: String data, right truncated: 7 ERROR:  value too long for type character varying(100)
[29/Sep/2022:13:32:45] (api) SQLSTATE[22001]: String data, right truncated: 7 ERROR:  value too long for type character varying(100)
[30/Sep/2022:09:10:25] (api) SQLSTATE[22001]: String data, right truncated: 7 ERROR:  value too long for type character varying(100)
[30/Sep/2022:09:25:50] (api) SQLSTATE[22001]: String data, right truncated: 7 ERROR:  value too long for type character varying(100)
[30/Sep/2022:13:30:29] (api) SQLSTATE[22001]: String data, right truncated: 7 ERROR:  value too long for type character varying(100)
[30/Sep/2022:13:34:43] (api) SQLSTATE[22001]: String data, right truncated: 7 ERROR:  value too long for type character varying(100)
[30/Sep/2022:13:34:43] (api) SQLSTATE[22001]: String data, right truncated: 7 ERROR:  value too long for type character varying(100)
[12/Oct/2022:23:38:10] (api) SQLSTATE[22001]: String data, right truncated: 7 ERROR:  value too long for type character varying(100)
[12/Oct/2022:23:44:50] (api) SQLSTATE[22001]: String data, right truncated: 7 ERROR:  value too long for type character varying(100)
[12/Oct/2022:23:49:31] (api) SQLSTATE[22001]: String data, right truncated: 7 ERROR:  value too long for type character varying(100)
[12/Oct/2022:23:49:32] (api) SQLSTATE[22001]: String data, right truncated: 7 ERROR:  value too long for type character varying(100)
[13/Oct/2022:17:00:29] (api) SQLSTATE[22001]: String data, right truncated: 7 ERROR:  value too long for type character varying(100)
[13/Oct/2022:17:05:52] (api) SQLSTATE[22001]: String data, right truncated: 7 ERROR:  value too long for type character varying(100)
[13/Dec/2022:11:51:54] (api) SQLSTATE[22001]: String data, right truncated: 7 ERROR:  value too long for type character varying(100)
[30/Jan/2023:19:01:50] (api) SQLSTATE[22001]: String data, right truncated: 7 ERROR:  value too long for type character varying(100)
[30/Jan/2023:19:02:38] (api) SQLSTATE[22001]: String data, right truncated: 7 ERROR:  value too long for type character varying(100)
[13/Feb/2023:18:34:30] (api) SQLSTATE[22001]: String data, right truncated: 7 ERROR:  value too long for type character varying(100)
[13/Feb/2023:18:35:18] (api) SQLSTATE[22001]: String data, right truncated: 7 ERROR:  value too long for type character varying(100)
[13/Feb/2023:18:36:37] (api) SQLSTATE[22001]: String data, right truncated: 7 ERROR:  value too long for type character varying(100)
[13/Feb/2023:18:37:24] (api) SQLSTATE[22001]: String data, right truncated: 7 ERROR:  value too long for type character varying(100)
[13/Feb/2023:18:44:54] (api) SQLSTATE[22001]: String data, right truncated: 7 ERROR:  value too long for type character varying(100)
[13/Feb/2023:18:45:44] (api) SQLSTATE[22001]: String data, right truncated: 7 ERROR:  value too long for type character varying(100)
[13/Feb/2023:20:09:23] (api) SQLSTATE[22001]: String data, right truncated: 7 ERROR:  value too long for type character varying(100)
[13/Feb/2023:20:10:10] (api) SQLSTATE[22001]: String data, right truncated: 7 ERROR:  value too long for type character varying(100)
[23/Feb/2023:16:14:34] (api) SQLSTATE[22001]: String data, right truncated: 7 ERROR:  value too long for type character varying(100)
[23/Feb/2023:16:15:17] (api) SQLSTATE[22001]: String data, right truncated: 7 ERROR:  value too long for type character varying(100)
[23/Feb/2023:16:37:23] (api) SQLSTATE[22001]: String data, right truncated: 7 ERROR:  value too long for type character varying(100)
[23/Feb/2023:16:38:09] (api) SQLSTATE[22001]: String data, right truncated: 7 ERROR:  value too long for type character varying(100)
[02/Mar/2023:09:35:33] (api) SQLSTATE[22001]: String data, right truncated: 7 ERROR:  value too long for type character varying(100)
[02/Mar/2023:09:36:21] (api) SQLSTATE[22001]: String data, right truncated: 7 ERROR:  value too long for type character varying(100)
[02/Mar/2023:09:36:23] (api) SQLSTATE[22001]: String data, right truncated: 7 ERROR:  value too long for type character varying(100)
[02/Mar/2023:09:37:08] (api) SQLSTATE[22001]: String data, right truncated: 7 ERROR:  value too long for type character varying(100)
[03/Apr/2023:13:23:49] (api) SQLSTATE[22001]: String data, right truncated: 7 ERROR:  value too long for type character varying(100)
[03/Apr/2023:13:23:50] (api) SQLSTATE[22001]: String data, right truncated: 7 ERROR:  value too long for type character varying(100)
[03/Apr/2023:14:42:24] (api) SQLSTATE[22001]: String data, right truncated: 7 ERROR:  value too long for type character varying(100)
[03/Apr/2023:14:42:26] (api) SQLSTATE[22001]: String data, right truncated: 7 ERROR:  value too long for type character varying(100)
[03/Apr/2023:14:49:54] (api) SQLSTATE[22001]: String data, right truncated: 7 ERROR:  value too long for type character varying(100)
[03/Apr/2023:14:58:32] (api) SQLSTATE[22001]: String data, right truncated: 7 ERROR:  value too long for type character varying(100)
[03/Apr/2023:15:09:00] (api) SQLSTATE[22001]: String data, right truncated: 7 ERROR:  value too long for type character varying(100)
[03/Apr/2023:15:20:15] (api) SQLSTATE[22001]: String data, right truncated: 7 ERROR:  value too long for type character varying(100)
[17/Jul/2023:14:26:09] (api) SQLSTATE[22001]: String data, right truncated: 7 ERROR:  value too long for type character varying(100)
[17/Jul/2023:14:43:07] (api) SQLSTATE[22001]: String data, right truncated: 7 ERROR:  value too long for type character varying(100)
[17/Jul/2023:14:44:17] (api) SQLSTATE[22001]: String data, right truncated: 7 ERROR:  value too long for type character varying(100)
[21/Aug/2023:09:44:51] (api) SQLSTATE[42P01]: Undefined table: 7 ERROR:  relation "users_catalogs" does not exist
LINE 1: INSERT INTO users_catalogs(token_user,tokencatalog,status) V...
                    ^
[21/Aug/2023:09:44:51] (api) SQLSTATE[42P01]: Undefined table: 7 ERROR:  relation "catalogs_files" does not exist
LINE 1: SELECT * FROM catalogs_files WHERE tokencatalog=$1;
                      ^
[21/Aug/2023:09:44:51] (api) SQLSTATE[42P01]: Undefined table: 7 ERROR:  relation "users_catalogs" does not exist
LINE 1: INSERT INTO users_catalogs(token_user,tokencatalog,status) V...
                    ^
[21/Aug/2023:09:44:51] (api) SQLSTATE[42P01]: Undefined table: 7 ERROR:  relation "users_catalogs" does not exist
LINE 1: INSERT INTO users_catalogs(token_user,tokencatalog,status) V...
                    ^
[21/Aug/2023:09:44:51] (api) SQLSTATE[42P01]: Undefined table: 7 ERROR:  relation "catalogs_files" does not exist
LINE 1: SELECT * FROM catalogs_files WHERE tokencatalog=$1;
                      ^
[21/Aug/2023:09:44:52] (api) SQLSTATE[42P01]: Undefined table: 7 ERROR:  relation "catalogs_files" does not exist
LINE 1: SELECT * FROM catalogs_files WHERE tokencatalog=$1;
                      ^
[21/Aug/2023:09:44:53] (api) SQLSTATE[42P01]: Undefined table: 7 ERROR:  relation "catalogs_files" does not exist
LINE 1: SELECT * FROM catalogs_files WHERE tokencatalog=$1;
                      ^
